<?xml version="1.0" encoding="UTF-8"?>
<testsuite name="pbxcore"
           tests="16"
           failures="6"
           errors="0"
           skipped="0"
           time="760.067">
  <properties />
            <testcase name="A_callfrom5_fxo" time="30.197" classname="com.yeastar.swebtest.testcase.RegressionCase.pbxcore.Inbound">
                <failure type="java.lang.AssertionError"
                  message="CDR目的中继检测 【预期：  实际：FXO2-3】"
              >
<![CDATA[java.lang.AssertionError: CDR目的中继检测 【预期：  实际：FXO2-3】
  com.yeastar.swebtest.tools.ysassert.YsAssert.fail(YsAssert.java:1086)
  com.yeastar.swebtest.tools.ysassert.YsAssert.failNotEquals(YsAssert.java:579)
  com.yeastar.swebtest.tools.ysassert.YsAssert.assertEqualsImpl(YsAssert.java:142)
  com.yeastar.swebtest.tools.ysassert.YsAssert.assertEquals(YsAssert.java:116)
  com.yeastar.swebtest.tools.ysassert.YsAssert.assertEquals(YsAssert.java:199)
  com.yeastar.swebtest.driver.YSMethod.YS_Extension.checkCDR(YS_Extension.java:257)
  com.yeastar.swebtest.driver.YSMethod.YS_Extension.checkCDR(YS_Extension.java:242)
  com.yeastar.swebtest.testcase.RegressionCase.pbxcore.Inbound.A_callfrom5_fxo(Inbound.java:88)
  sun.reflect.NativeMethodAccessorImpl.invoke0(Native Method)
  sun.reflect.NativeMethodAccessorImpl.invoke(NativeMethodAccessorImpl.java:62)
  sun.reflect.DelegatingMethodAccessorImpl.invoke(DelegatingMethodAccessorImpl.java:43)
  java.lang.reflect.Method.invoke(Method.java:498)
  org.testng.internal.MethodInvocationHelper.invokeMethod(MethodInvocationHelper.java:85)
  org.testng.internal.Invoker.invokeMethod(Invoker.java:639)
  org.testng.internal.Invoker.invokeTestMethod(Invoker.java:816)
  org.testng.internal.Invoker.invokeTestMethods(Invoker.java:1124)
  org.testng.internal.TestMethodWorker.invokeTestMethods(TestMethodWorker.java:125)
  org.testng.internal.TestMethodWorker.run(TestMethodWorker.java:108)
  org.testng.TestRunner.privateRun(TestRunner.java:774)
  org.testng.TestRunner.run(TestRunner.java:624)
  org.testng.SuiteRunner.runTest(SuiteRunner.java:359)
  org.testng.SuiteRunner.runSequentially(SuiteRunner.java:354)
  org.testng.SuiteRunner.privateRun(SuiteRunner.java:312)
  org.testng.SuiteRunner.run(SuiteRunner.java:261)
  org.testng.SuiteRunnerWorker.runSuite(SuiteRunnerWorker.java:52)
  org.testng.SuiteRunnerWorker.run(SuiteRunnerWorker.java:86)
  org.testng.TestNG.runSuitesSequentially(TestNG.java:1215)
  org.testng.TestNG.runSuitesLocally(TestNG.java:1140)
  org.testng.TestNG.run(TestNG.java:1048)
  org.apache.maven.surefire.testng.TestNGExecutor.run(TestNGExecutor.java:293)
  org.apache.maven.surefire.testng.TestNGXmlTestSuite.execute(TestNGXmlTestSuite.java:84)
  org.apache.maven.surefire.testng.TestNGProvider.invoke(TestNGProvider.java:91)
  org.apache.maven.surefire.booter.ForkedBooter.invokeProviderInSameClassLoader(ForkedBooter.java:200)
  org.apache.maven.surefire.booter.ForkedBooter.runSuitesInProcess(ForkedBooter.java:153)
  org.apache.maven.surefire.booter.ForkedBooter.main(ForkedBooter.java:103)
]]>
      </failure>

          </testcase>
            <testcase name="F_timecondition3" time="61.560" classname="com.yeastar.swebtest.testcase.RegressionCase.pbxcore.Inbound">
                <failure type="java.lang.AssertionError"
                  message="CDR呼叫方检测 【预期：3001 [3001] 实际：Unknown】"
              >
<![CDATA[java.lang.AssertionError: CDR呼叫方检测 【预期：3001 [3001] 实际：Unknown】
  com.yeastar.swebtest.tools.ysassert.YsAssert.fail(YsAssert.java:1086)
  com.yeastar.swebtest.tools.ysassert.YsAssert.failNotEquals(YsAssert.java:579)
  com.yeastar.swebtest.tools.ysassert.YsAssert.assertEqualsImpl(YsAssert.java:142)
  com.yeastar.swebtest.tools.ysassert.YsAssert.assertEquals(YsAssert.java:116)
  com.yeastar.swebtest.tools.ysassert.YsAssert.assertEquals(YsAssert.java:199)
  com.yeastar.swebtest.driver.YSMethod.YS_Extension.checkCDR(YS_Extension.java:250)
  com.yeastar.swebtest.driver.YSMethod.YS_Extension.checkCDR(YS_Extension.java:242)
  com.yeastar.swebtest.testcase.RegressionCase.pbxcore.Inbound.F_timecondition3(Inbound.java:249)
  sun.reflect.NativeMethodAccessorImpl.invoke0(Native Method)
  sun.reflect.NativeMethodAccessorImpl.invoke(NativeMethodAccessorImpl.java:62)
  sun.reflect.DelegatingMethodAccessorImpl.invoke(DelegatingMethodAccessorImpl.java:43)
  java.lang.reflect.Method.invoke(Method.java:498)
  org.testng.internal.MethodInvocationHelper.invokeMethod(MethodInvocationHelper.java:85)
  org.testng.internal.Invoker.invokeMethod(Invoker.java:639)
  org.testng.internal.Invoker.invokeTestMethod(Invoker.java:816)
  org.testng.internal.Invoker.invokeTestMethods(Invoker.java:1124)
  org.testng.internal.TestMethodWorker.invokeTestMethods(TestMethodWorker.java:125)
  org.testng.internal.TestMethodWorker.run(TestMethodWorker.java:108)
  org.testng.TestRunner.privateRun(TestRunner.java:774)
  org.testng.TestRunner.run(TestRunner.java:624)
  org.testng.SuiteRunner.runTest(SuiteRunner.java:359)
  org.testng.SuiteRunner.runSequentially(SuiteRunner.java:354)
  org.testng.SuiteRunner.privateRun(SuiteRunner.java:312)
  org.testng.SuiteRunner.run(SuiteRunner.java:261)
  org.testng.SuiteRunnerWorker.runSuite(SuiteRunnerWorker.java:52)
  org.testng.SuiteRunnerWorker.run(SuiteRunnerWorker.java:86)
  org.testng.TestNG.runSuitesSequentially(TestNG.java:1215)
  org.testng.TestNG.runSuitesLocally(TestNG.java:1140)
  org.testng.TestNG.run(TestNG.java:1048)
  org.apache.maven.surefire.testng.TestNGExecutor.run(TestNGExecutor.java:293)
  org.apache.maven.surefire.testng.TestNGXmlTestSuite.execute(TestNGXmlTestSuite.java:84)
  org.apache.maven.surefire.testng.TestNGProvider.invoke(TestNGProvider.java:91)
  org.apache.maven.surefire.booter.ForkedBooter.invokeProviderInSameClassLoader(ForkedBooter.java:200)
  org.apache.maven.surefire.booter.ForkedBooter.runSuitesInProcess(ForkedBooter.java:153)
  org.apache.maven.surefire.booter.ForkedBooter.main(ForkedBooter.java:103)
]]>
      </failure>

          </testcase>
            <testcase name="A_callfrom8_gsm" time="29.113" classname="com.yeastar.swebtest.testcase.RegressionCase.pbxcore.Inbound">
                <failure type="java.lang.AssertionError"
                  message="CDR呼叫方检测 【预期：18506938857 实际：18506938857 [18506938857]】"
              >
<![CDATA[java.lang.AssertionError: CDR呼叫方检测 【预期：18506938857 实际：18506938857 [18506938857]】
  com.yeastar.swebtest.tools.ysassert.YsAssert.fail(YsAssert.java:1086)
  com.yeastar.swebtest.tools.ysassert.YsAssert.failNotEquals(YsAssert.java:579)
  com.yeastar.swebtest.tools.ysassert.YsAssert.assertEqualsImpl(YsAssert.java:142)
  com.yeastar.swebtest.tools.ysassert.YsAssert.assertEquals(YsAssert.java:116)
  com.yeastar.swebtest.tools.ysassert.YsAssert.assertEquals(YsAssert.java:199)
  com.yeastar.swebtest.driver.YSMethod.YS_Extension.checkCDR(YS_Extension.java:250)
  com.yeastar.swebtest.driver.YSMethod.YS_Extension.checkCDR(YS_Extension.java:242)
  com.yeastar.swebtest.testcase.RegressionCase.pbxcore.Inbound.A_callfrom8_gsm(Inbound.java:122)
  sun.reflect.NativeMethodAccessorImpl.invoke0(Native Method)
  sun.reflect.NativeMethodAccessorImpl.invoke(NativeMethodAccessorImpl.java:62)
  sun.reflect.DelegatingMethodAccessorImpl.invoke(DelegatingMethodAccessorImpl.java:43)
  java.lang.reflect.Method.invoke(Method.java:498)
  org.testng.internal.MethodInvocationHelper.invokeMethod(MethodInvocationHelper.java:85)
  org.testng.internal.Invoker.invokeMethod(Invoker.java:639)
  org.testng.internal.Invoker.invokeTestMethod(Invoker.java:816)
  org.testng.internal.Invoker.invokeTestMethods(Invoker.java:1124)
  org.testng.internal.TestMethodWorker.invokeTestMethods(TestMethodWorker.java:125)
  org.testng.internal.TestMethodWorker.run(TestMethodWorker.java:108)
  org.testng.TestRunner.privateRun(TestRunner.java:774)
  org.testng.TestRunner.run(TestRunner.java:624)
  org.testng.SuiteRunner.runTest(SuiteRunner.java:359)
  org.testng.SuiteRunner.runSequentially(SuiteRunner.java:354)
  org.testng.SuiteRunner.privateRun(SuiteRunner.java:312)
  org.testng.SuiteRunner.run(SuiteRunner.java:261)
  org.testng.SuiteRunnerWorker.runSuite(SuiteRunnerWorker.java:52)
  org.testng.SuiteRunnerWorker.run(SuiteRunnerWorker.java:86)
  org.testng.TestNG.runSuitesSequentially(TestNG.java:1215)
  org.testng.TestNG.runSuitesLocally(TestNG.java:1140)
  org.testng.TestNG.run(TestNG.java:1048)
  org.apache.maven.surefire.testng.TestNGExecutor.run(TestNGExecutor.java:293)
  org.apache.maven.surefire.testng.TestNGXmlTestSuite.execute(TestNGXmlTestSuite.java:84)
  org.apache.maven.surefire.testng.TestNGProvider.invoke(TestNGProvider.java:91)
  org.apache.maven.surefire.booter.ForkedBooter.invokeProviderInSameClassLoader(ForkedBooter.java:200)
  org.apache.maven.surefire.booter.ForkedBooter.runSuitesInProcess(ForkedBooter.java:153)
  org.apache.maven.surefire.booter.ForkedBooter.main(ForkedBooter.java:103)
]]>
      </failure>

          </testcase>
            <testcase name="C_callerid" time="64.193" classname="com.yeastar.swebtest.testcase.RegressionCase.pbxcore.Inbound">
                <failure type="java.lang.AssertionError"
                  message="CDR呼叫方检测 【预期：2002 [2002] 实际：2001 [2001]】"
              >
<![CDATA[java.lang.AssertionError: CDR呼叫方检测 【预期：2002 [2002] 实际：2001 [2001]】
  com.yeastar.swebtest.tools.ysassert.YsAssert.fail(YsAssert.java:1086)
  com.yeastar.swebtest.tools.ysassert.YsAssert.failNotEquals(YsAssert.java:579)
  com.yeastar.swebtest.tools.ysassert.YsAssert.assertEqualsImpl(YsAssert.java:142)
  com.yeastar.swebtest.tools.ysassert.YsAssert.assertEquals(YsAssert.java:116)
  com.yeastar.swebtest.tools.ysassert.YsAssert.assertEquals(YsAssert.java:199)
  com.yeastar.swebtest.driver.YSMethod.YS_Extension.checkCDR(YS_Extension.java:250)
  com.yeastar.swebtest.driver.YSMethod.YS_Extension.checkCDR(YS_Extension.java:242)
  com.yeastar.swebtest.testcase.RegressionCase.pbxcore.Inbound.C_callerid(Inbound.java:178)
  sun.reflect.NativeMethodAccessorImpl.invoke0(Native Method)
  sun.reflect.NativeMethodAccessorImpl.invoke(NativeMethodAccessorImpl.java:62)
  sun.reflect.DelegatingMethodAccessorImpl.invoke(DelegatingMethodAccessorImpl.java:43)
  java.lang.reflect.Method.invoke(Method.java:498)
  org.testng.internal.MethodInvocationHelper.invokeMethod(MethodInvocationHelper.java:85)
  org.testng.internal.Invoker.invokeMethod(Invoker.java:639)
  org.testng.internal.Invoker.invokeTestMethod(Invoker.java:816)
  org.testng.internal.Invoker.invokeTestMethods(Invoker.java:1124)
  org.testng.internal.TestMethodWorker.invokeTestMethods(TestMethodWorker.java:125)
  org.testng.internal.TestMethodWorker.run(TestMethodWorker.java:108)
  org.testng.TestRunner.privateRun(TestRunner.java:774)
  org.testng.TestRunner.run(TestRunner.java:624)
  org.testng.SuiteRunner.runTest(SuiteRunner.java:359)
  org.testng.SuiteRunner.runSequentially(SuiteRunner.java:354)
  org.testng.SuiteRunner.privateRun(SuiteRunner.java:312)
  org.testng.SuiteRunner.run(SuiteRunner.java:261)
  org.testng.SuiteRunnerWorker.runSuite(SuiteRunnerWorker.java:52)
  org.testng.SuiteRunnerWorker.run(SuiteRunnerWorker.java:86)
  org.testng.TestNG.runSuitesSequentially(TestNG.java:1215)
  org.testng.TestNG.runSuitesLocally(TestNG.java:1140)
  org.testng.TestNG.run(TestNG.java:1048)
  org.apache.maven.surefire.testng.TestNGExecutor.run(TestNGExecutor.java:293)
  org.apache.maven.surefire.testng.TestNGXmlTestSuite.execute(TestNGXmlTestSuite.java:84)
  org.apache.maven.surefire.testng.TestNGProvider.invoke(TestNGProvider.java:91)
  org.apache.maven.surefire.booter.ForkedBooter.invokeProviderInSameClassLoader(ForkedBooter.java:200)
  org.apache.maven.surefire.booter.ForkedBooter.runSuitesInProcess(ForkedBooter.java:153)
  org.apache.maven.surefire.booter.ForkedBooter.main(ForkedBooter.java:103)
]]>
      </failure>

          </testcase>
            <testcase name="A_callfrom7_e1" time="30.164" classname="com.yeastar.swebtest.testcase.RegressionCase.pbxcore.Inbound">
                <failure type="java.lang.AssertionError"
                  message="CDR目的中继检测 【预期：  实际：DIGIT1】"
              >
<![CDATA[java.lang.AssertionError: CDR目的中继检测 【预期：  实际：DIGIT1】
  com.yeastar.swebtest.tools.ysassert.YsAssert.fail(YsAssert.java:1086)
  com.yeastar.swebtest.tools.ysassert.YsAssert.failNotEquals(YsAssert.java:579)
  com.yeastar.swebtest.tools.ysassert.YsAssert.assertEqualsImpl(YsAssert.java:142)
  com.yeastar.swebtest.tools.ysassert.YsAssert.assertEquals(YsAssert.java:116)
  com.yeastar.swebtest.tools.ysassert.YsAssert.assertEquals(YsAssert.java:199)
  com.yeastar.swebtest.driver.YSMethod.YS_Extension.checkCDR(YS_Extension.java:257)
  com.yeastar.swebtest.driver.YSMethod.YS_Extension.checkCDR(YS_Extension.java:242)
  com.yeastar.swebtest.testcase.RegressionCase.pbxcore.Inbound.A_callfrom7_e1(Inbound.java:111)
  sun.reflect.NativeMethodAccessorImpl.invoke0(Native Method)
  sun.reflect.NativeMethodAccessorImpl.invoke(NativeMethodAccessorImpl.java:62)
  sun.reflect.DelegatingMethodAccessorImpl.invoke(DelegatingMethodAccessorImpl.java:43)
  java.lang.reflect.Method.invoke(Method.java:498)
  org.testng.internal.MethodInvocationHelper.invokeMethod(MethodInvocationHelper.java:85)
  org.testng.internal.Invoker.invokeMethod(Invoker.java:639)
  org.testng.internal.Invoker.invokeTestMethod(Invoker.java:816)
  org.testng.internal.Invoker.invokeTestMethods(Invoker.java:1124)
  org.testng.internal.TestMethodWorker.invokeTestMethods(TestMethodWorker.java:125)
  org.testng.internal.TestMethodWorker.run(TestMethodWorker.java:108)
  org.testng.TestRunner.privateRun(TestRunner.java:774)
  org.testng.TestRunner.run(TestRunner.java:624)
  org.testng.SuiteRunner.runTest(SuiteRunner.java:359)
  org.testng.SuiteRunner.runSequentially(SuiteRunner.java:354)
  org.testng.SuiteRunner.privateRun(SuiteRunner.java:312)
  org.testng.SuiteRunner.run(SuiteRunner.java:261)
  org.testng.SuiteRunnerWorker.runSuite(SuiteRunnerWorker.java:52)
  org.testng.SuiteRunnerWorker.run(SuiteRunnerWorker.java:86)
  org.testng.TestNG.runSuitesSequentially(TestNG.java:1215)
  org.testng.TestNG.runSuitesLocally(TestNG.java:1140)
  org.testng.TestNG.run(TestNG.java:1048)
  org.apache.maven.surefire.testng.TestNGExecutor.run(TestNGExecutor.java:293)
  org.apache.maven.surefire.testng.TestNGXmlTestSuite.execute(TestNGXmlTestSuite.java:84)
  org.apache.maven.surefire.testng.TestNGProvider.invoke(TestNGProvider.java:91)
  org.apache.maven.surefire.booter.ForkedBooter.invokeProviderInSameClassLoader(ForkedBooter.java:200)
  org.apache.maven.surefire.booter.ForkedBooter.runSuitesInProcess(ForkedBooter.java:153)
  org.apache.maven.surefire.booter.ForkedBooter.main(ForkedBooter.java:103)
]]>
      </failure>

          </testcase>
            <testcase name="A_callfrom6_bri" time="30.114" classname="com.yeastar.swebtest.testcase.RegressionCase.pbxcore.Inbound">
                <failure type="java.lang.AssertionError"
                  message="CDR目的中继检测 【预期：  实际：BRI2-1】"
              >
<![CDATA[java.lang.AssertionError: CDR目的中继检测 【预期：  实际：BRI2-1】
  com.yeastar.swebtest.tools.ysassert.YsAssert.fail(YsAssert.java:1086)
  com.yeastar.swebtest.tools.ysassert.YsAssert.failNotEquals(YsAssert.java:579)
  com.yeastar.swebtest.tools.ysassert.YsAssert.assertEqualsImpl(YsAssert.java:142)
  com.yeastar.swebtest.tools.ysassert.YsAssert.assertEquals(YsAssert.java:116)
  com.yeastar.swebtest.tools.ysassert.YsAssert.assertEquals(YsAssert.java:199)
  com.yeastar.swebtest.driver.YSMethod.YS_Extension.checkCDR(YS_Extension.java:257)
  com.yeastar.swebtest.driver.YSMethod.YS_Extension.checkCDR(YS_Extension.java:242)
  com.yeastar.swebtest.testcase.RegressionCase.pbxcore.Inbound.A_callfrom6_bri(Inbound.java:99)
  sun.reflect.NativeMethodAccessorImpl.invoke0(Native Method)
  sun.reflect.NativeMethodAccessorImpl.invoke(NativeMethodAccessorImpl.java:62)
  sun.reflect.DelegatingMethodAccessorImpl.invoke(DelegatingMethodAccessorImpl.java:43)
  java.lang.reflect.Method.invoke(Method.java:498)
  org.testng.internal.MethodInvocationHelper.invokeMethod(MethodInvocationHelper.java:85)
  org.testng.internal.Invoker.invokeMethod(Invoker.java:639)
  org.testng.internal.Invoker.invokeTestMethod(Invoker.java:816)
  org.testng.internal.Invoker.invokeTestMethods(Invoker.java:1124)
  org.testng.internal.TestMethodWorker.invokeTestMethods(TestMethodWorker.java:125)
  org.testng.internal.TestMethodWorker.run(TestMethodWorker.java:108)
  org.testng.TestRunner.privateRun(TestRunner.java:774)
  org.testng.TestRunner.run(TestRunner.java:624)
  org.testng.SuiteRunner.runTest(SuiteRunner.java:359)
  org.testng.SuiteRunner.runSequentially(SuiteRunner.java:354)
  org.testng.SuiteRunner.privateRun(SuiteRunner.java:312)
  org.testng.SuiteRunner.run(SuiteRunner.java:261)
  org.testng.SuiteRunnerWorker.runSuite(SuiteRunnerWorker.java:52)
  org.testng.SuiteRunnerWorker.run(SuiteRunnerWorker.java:86)
  org.testng.TestNG.runSuitesSequentially(TestNG.java:1215)
  org.testng.TestNG.runSuitesLocally(TestNG.java:1140)
  org.testng.TestNG.run(TestNG.java:1048)
  org.apache.maven.surefire.testng.TestNGExecutor.run(TestNGExecutor.java:293)
  org.apache.maven.surefire.testng.TestNGXmlTestSuite.execute(TestNGXmlTestSuite.java:84)
  org.apache.maven.surefire.testng.TestNGProvider.invoke(TestNGProvider.java:91)
  org.apache.maven.surefire.booter.ForkedBooter.invokeProviderInSameClassLoader(ForkedBooter.java:200)
  org.apache.maven.surefire.booter.ForkedBooter.runSuitesInProcess(ForkedBooter.java:153)
  org.apache.maven.surefire.booter.ForkedBooter.main(ForkedBooter.java:103)
]]>
      </failure>

          </testcase>
  
  
            <testcase name="F_timecondition5" time="58.545" classname="com.yeastar.swebtest.testcase.RegressionCase.pbxcore.Inbound" />
                <testcase name="A_callfrom2_iax" time="33.382" classname="com.yeastar.swebtest.testcase.RegressionCase.pbxcore.Inbound" />
                <testcase name="F_timecondition1" time="9.975" classname="com.yeastar.swebtest.testcase.RegressionCase.pbxcore.Inbound" />
                <testcase name="A_callfrom4_spx" time="33.494" classname="com.yeastar.swebtest.testcase.RegressionCase.pbxcore.Inbound" />
                <testcase name="G_delete1" time="81.295" classname="com.yeastar.swebtest.testcase.RegressionCase.pbxcore.Inbound" />
                <testcase name="F_timecondition2" time="73.826" classname="com.yeastar.swebtest.testcase.RegressionCase.pbxcore.Inbound" />
                <testcase name="B_did1_sps" time="98.170" classname="com.yeastar.swebtest.testcase.RegressionCase.pbxcore.Inbound" />
                <testcase name="F_timecondition4" time="56.437" classname="com.yeastar.swebtest.testcase.RegressionCase.pbxcore.Inbound" />
                <testcase name="A_callfrom3_sps" time="33.224" classname="com.yeastar.swebtest.testcase.RegressionCase.pbxcore.Inbound" />
                <testcase name="A_callfrom1_sip" time="36.378" classname="com.yeastar.swebtest.testcase.RegressionCase.pbxcore.Inbound" />
      
</testsuite>
