<?xml version="1.0" encoding="UTF-8"?>
<!-- Generated by org.testng.reporters.JUnitReportReporter -->
<testsuite hostname="Yeastar-PC" name="com.yeastar.swebtest.testcase.RegressionCase.pbxcase.PagingIntercom" tests="5" failures="1" timestamp="26 Oct 2018 03:30:25 GMT" time="262.382" errors="0">
  <testcase name="C_delete" time="62.748" classname="com.yeastar.swebtest.testcase.RegressionCase.pbxcase.PagingIntercom"/>
  <testcase name="B_intercom" time="35.547" classname="com.yeastar.swebtest.testcase.RegressionCase.pbxcase.PagingIntercom"/>
  <testcase name="A_add_paging1" time="78.461" classname="com.yeastar.swebtest.testcase.RegressionCase.pbxcase.PagingIntercom"/>
  <testcase name="A_add_paging2" time="58.364" classname="com.yeastar.swebtest.testcase.RegressionCase.pbxcase.PagingIntercom">
    <failure type="java.lang.AssertionError" message="预计产生多条CDR，但没有找到匹配">
      <![CDATA[java.lang.AssertionError: 预计产生多条CDR，但没有找到匹配
	at com.yeastar.swebtest.tools.ysassert.YsAssert.fail(YsAssert.java:1092)
	at com.yeastar.swebtest.driver.YSMethod.YS_Extension.checkCDR(YS_Extension.java:346)
	at com.yeastar.swebtest.testcase.RegressionCase.pbxcase.PagingIntercom.A_add_paging2(PagingIntercom.java:145)
	at sun.reflect.NativeMethodAccessorImpl.invoke0(Native Method)
	at sun.reflect.NativeMethodAccessorImpl.invoke(NativeMethodAccessorImpl.java:62)
	at sun.reflect.DelegatingMethodAccessorImpl.invoke(DelegatingMethodAccessorImpl.java:43)
	at java.lang.reflect.Method.invoke(Method.java:498)
	at org.testng.internal.MethodInvocationHelper.invokeMethod(MethodInvocationHelper.java:85)
	at org.testng.internal.Invoker.invokeMethod(Invoker.java:639)
	at org.testng.internal.Invoker.invokeTestMethod(Invoker.java:816)
	at org.testng.internal.Invoker.invokeTestMethods(Invoker.java:1124)
	at org.testng.internal.TestMethodWorker.invokeTestMethods(TestMethodWorker.java:125)
	at org.testng.internal.TestMethodWorker.run(TestMethodWorker.java:108)
	at org.testng.TestRunner.privateRun(TestRunner.java:774)
	at org.testng.TestRunner.run(TestRunner.java:624)
	at org.testng.SuiteRunner.runTest(SuiteRunner.java:359)
	at org.testng.SuiteRunner.runSequentially(SuiteRunner.java:354)
	at org.testng.SuiteRunner.privateRun(SuiteRunner.java:312)
	at org.testng.SuiteRunner.run(SuiteRunner.java:261)
	at org.testng.SuiteRunnerWorker.runSuite(SuiteRunnerWorker.java:52)
	at org.testng.SuiteRunnerWorker.run(SuiteRunnerWorker.java:86)
	at org.testng.TestNG.runSuitesSequentially(TestNG.java:1215)
	at org.testng.TestNG.runSuitesLocally(TestNG.java:1140)
	at org.testng.TestNG.run(TestNG.java:1048)
	at org.apache.maven.surefire.testng.TestNGExecutor.run(TestNGExecutor.java:293)
	at org.apache.maven.surefire.testng.TestNGXmlTestSuite.execute(TestNGXmlTestSuite.java:84)
	at org.apache.maven.surefire.testng.TestNGProvider.invoke(TestNGProvider.java:91)
	at org.apache.maven.surefire.booter.ForkedBooter.invokeProviderInSameClassLoader(ForkedBooter.java:200)
	at org.apache.maven.surefire.booter.ForkedBooter.runSuitesInProcess(ForkedBooter.java:153)
	at org.apache.maven.surefire.booter.ForkedBooter.main(ForkedBooter.java:103)
]]>
    </failure>
  </testcase> <!-- A_add_paging2 -->
  <testcase name="A0_Regist" time="27.262" classname="com.yeastar.swebtest.testcase.RegressionCase.pbxcase.PagingIntercom"/>
</testsuite> <!-- com.yeastar.swebtest.testcase.RegressionCase.pbxcase.PagingIntercom -->
