<?xml version="1.0" encoding="UTF-8"?>
<!-- Generated by org.testng.reporters.JUnitReportReporter -->
<testsuite hostname="Yeastar-PC" name="com.yeastar.swebtest.testcase.RegressionCase.pbxcase.IVR" tests="15" failures="1" timestamp="26 Oct 2018 03:30:25 GMT" time="639.152" errors="0">
  <testcase name="A0_Register" time="25.172" classname="com.yeastar.swebtest.testcase.RegressionCase.pbxcase.IVR"/>
  <testcase name="H_keytoHangup" time="29.869" classname="com.yeastar.swebtest.testcase.RegressionCase.pbxcase.IVR"/>
  <testcase name="M_delete" time="59.005" classname="com.yeastar.swebtest.testcase.RegressionCase.pbxcase.IVR"/>
  <testcase name="I_keytoSelectOption" time="41.725" classname="com.yeastar.swebtest.testcase.RegressionCase.pbxcase.IVR"/>
  <testcase name="F_key1toVoicemail" time="44.413" classname="com.yeastar.swebtest.testcase.RegressionCase.pbxcase.IVR"/>
  <testcase name="D_dialoutbound" time="22.717" classname="com.yeastar.swebtest.testcase.RegressionCase.pbxcase.IVR">
    <failure type="java.lang.AssertionError" message="预期2000会Ring 【预期：2 实际：0】">
      <![CDATA[java.lang.AssertionError: 预期2000会Ring 【预期：2 实际：0】
	at com.yeastar.swebtest.tools.ysassert.YsAssert.fail(YsAssert.java:1092)
	at com.yeastar.swebtest.tools.ysassert.YsAssert.failNotEquals(YsAssert.java:583)
	at com.yeastar.swebtest.tools.ysassert.YsAssert.assertEqualsImpl(YsAssert.java:146)
	at com.yeastar.swebtest.tools.ysassert.YsAssert.assertEquals(YsAssert.java:120)
	at com.yeastar.swebtest.tools.ysassert.YsAssert.assertEquals(YsAssert.java:429)
	at com.yeastar.swebtest.driver.SwebDriver.ysAssertWithHangup(SwebDriver.java:912)
	at com.yeastar.swebtest.testcase.RegressionCase.pbxcase.IVR.D_dialoutbound(IVR.java:154)
	at sun.reflect.NativeMethodAccessorImpl.invoke0(Native Method)
	at sun.reflect.NativeMethodAccessorImpl.invoke(NativeMethodAccessorImpl.java:62)
	at sun.reflect.DelegatingMethodAccessorImpl.invoke(DelegatingMethodAccessorImpl.java:43)
	at java.lang.reflect.Method.invoke(Method.java:498)
	at org.testng.internal.MethodInvocationHelper.invokeMethod(MethodInvocationHelper.java:85)
	at org.testng.internal.Invoker.invokeMethod(Invoker.java:639)
	at org.testng.internal.Invoker.invokeTestMethod(Invoker.java:816)
	at org.testng.internal.Invoker.invokeTestMethods(Invoker.java:1124)
	at org.testng.internal.TestMethodWorker.invokeTestMethods(TestMethodWorker.java:125)
	at org.testng.internal.TestMethodWorker.run(TestMethodWorker.java:108)
	at org.testng.TestRunner.privateRun(TestRunner.java:774)
	at org.testng.TestRunner.run(TestRunner.java:624)
	at org.testng.SuiteRunner.runTest(SuiteRunner.java:359)
	at org.testng.SuiteRunner.runSequentially(SuiteRunner.java:354)
	at org.testng.SuiteRunner.privateRun(SuiteRunner.java:312)
	at org.testng.SuiteRunner.run(SuiteRunner.java:261)
	at org.testng.SuiteRunnerWorker.runSuite(SuiteRunnerWorker.java:52)
	at org.testng.SuiteRunnerWorker.run(SuiteRunnerWorker.java:86)
	at org.testng.TestNG.runSuitesSequentially(TestNG.java:1215)
	at org.testng.TestNG.runSuitesLocally(TestNG.java:1140)
	at org.testng.TestNG.run(TestNG.java:1048)
	at org.apache.maven.surefire.testng.TestNGExecutor.run(TestNGExecutor.java:293)
	at org.apache.maven.surefire.testng.TestNGXmlTestSuite.execute(TestNGXmlTestSuite.java:84)
	at org.apache.maven.surefire.testng.TestNGProvider.invoke(TestNGProvider.java:91)
	at org.apache.maven.surefire.booter.ForkedBooter.invokeProviderInSameClassLoader(ForkedBooter.java:200)
	at org.apache.maven.surefire.booter.ForkedBooter.runSuitesInProcess(ForkedBooter.java:153)
	at org.apache.maven.surefire.booter.ForkedBooter.main(ForkedBooter.java:103)
]]>
    </failure>
  </testcase> <!-- D_dialoutbound -->
  <testcase name="G_key5toDialName" time="47.335" classname="com.yeastar.swebtest.testcase.RegressionCase.pbxcase.IVR"/>
  <testcase name="K_keytoInvalid" time="31.843" classname="com.yeastar.swebtest.testcase.RegressionCase.pbxcase.IVR"/>
  <testcase name="N_editInbound2" time="28.792" classname="com.yeastar.swebtest.testcase.RegressionCase.pbxcase.IVR"/>
  <testcase name="C_dialextensions" time="45.355" classname="com.yeastar.swebtest.testcase.RegressionCase.pbxcase.IVR"/>
  <testcase name="L_checkvoicemail" time="47.388" classname="com.yeastar.swebtest.testcase.RegressionCase.pbxcase.IVR"/>
  <testcase name="E_key0toExtension" time="48.101" classname="com.yeastar.swebtest.testcase.RegressionCase.pbxcase.IVR"/>
  <testcase name="J_keytoTimeout" time="80.461" classname="com.yeastar.swebtest.testcase.RegressionCase.pbxcase.IVR"/>
  <testcase name="A1_add" time="56.569" classname="com.yeastar.swebtest.testcase.RegressionCase.pbxcase.IVR"/>
  <testcase name="B_editInbound1" time="30.407" classname="com.yeastar.swebtest.testcase.RegressionCase.pbxcase.IVR"/>
</testsuite> <!-- com.yeastar.swebtest.testcase.RegressionCase.pbxcase.IVR -->
