<?xml version="1.0" encoding="UTF-8"?>
<!-- Generated by org.testng.reporters.JUnitReportReporter -->
<testsuite hostname="Yeastar-PC" name="com.yeastar.swebtest.testcase.RegressionCase.pbxcase.PickupGroup" tests="6" failures="1" timestamp="26 Oct 2018 03:30:25 GMT" time="272.467" errors="0">
  <testcase name="A_add_pickupgroup3" time="32.294" classname="com.yeastar.swebtest.testcase.RegressionCase.pbxcase.PickupGroup"/>
  <testcase name="C_delete" time="54.509" classname="com.yeastar.swebtest.testcase.RegressionCase.pbxcase.PickupGroup"/>
  <testcase name="A0_init" time="18.828" classname="com.yeastar.swebtest.testcase.RegressionCase.pbxcase.PickupGroup"/>
  <testcase name="B_add_pickupgroup2" time="55.314" classname="com.yeastar.swebtest.testcase.RegressionCase.pbxcase.PickupGroup"/>
  <testcase name="A_add_pickupgroup2" time="18.685" classname="com.yeastar.swebtest.testcase.RegressionCase.pbxcase.PickupGroup">
    <failure type="java.lang.AssertionError" message="CDR_Status检测 【预期：No Answer 实际：Voicemail】">
      <![CDATA[java.lang.AssertionError: CDR_Status检测 【预期：No Answer 实际：Voicemail】
	at com.yeastar.swebtest.tools.ysassert.YsAssert.fail(YsAssert.java:1092)
	at com.yeastar.swebtest.tools.ysassert.YsAssert.failNotEquals(YsAssert.java:583)
	at com.yeastar.swebtest.tools.ysassert.YsAssert.assertEqualsImpl(YsAssert.java:146)
	at com.yeastar.swebtest.tools.ysassert.YsAssert.assertEquals(YsAssert.java:120)
	at com.yeastar.swebtest.tools.ysassert.YsAssert.assertEquals(YsAssert.java:203)
	at com.yeastar.swebtest.driver.YSMethod.YS_Extension.checkCDR(YS_Extension.java:290)
	at com.yeastar.swebtest.driver.YSMethod.YS_Extension.checkCDR(YS_Extension.java:278)
	at com.yeastar.swebtest.testcase.RegressionCase.pbxcase.PickupGroup.A_add_pickupgroup2(PickupGroup.java:93)
	at sun.reflect.NativeMethodAccessorImpl.invoke0(Native Method)
	at sun.reflect.NativeMethodAccessorImpl.invoke(NativeMethodAccessorImpl.java:62)
	at sun.reflect.DelegatingMethodAccessorImpl.invoke(DelegatingMethodAccessorImpl.java:43)
	at java.lang.reflect.Method.invoke(Method.java:498)
	at org.testng.internal.MethodInvocationHelper.invokeMethod(MethodInvocationHelper.java:85)
	at org.testng.internal.Invoker.invokeMethod(Invoker.java:639)
	at org.testng.internal.Invoker.invokeTestMethod(Invoker.java:816)
	at org.testng.internal.Invoker.invokeTestMethods(Invoker.java:1124)
	at org.testng.internal.TestMethodWorker.invokeTestMethods(TestMethodWorker.java:125)
	at org.testng.internal.TestMethodWorker.run(TestMethodWorker.java:108)
	at org.testng.TestRunner.privateRun(TestRunner.java:774)
	at org.testng.TestRunner.run(TestRunner.java:624)
	at org.testng.SuiteRunner.runTest(SuiteRunner.java:359)
	at org.testng.SuiteRunner.runSequentially(SuiteRunner.java:354)
	at org.testng.SuiteRunner.privateRun(SuiteRunner.java:312)
	at org.testng.SuiteRunner.run(SuiteRunner.java:261)
	at org.testng.SuiteRunnerWorker.runSuite(SuiteRunnerWorker.java:52)
	at org.testng.SuiteRunnerWorker.run(SuiteRunnerWorker.java:86)
	at org.testng.TestNG.runSuitesSequentially(TestNG.java:1215)
	at org.testng.TestNG.runSuitesLocally(TestNG.java:1140)
	at org.testng.TestNG.run(TestNG.java:1048)
	at org.apache.maven.surefire.testng.TestNGExecutor.run(TestNGExecutor.java:293)
	at org.apache.maven.surefire.testng.TestNGXmlTestSuite.execute(TestNGXmlTestSuite.java:84)
	at org.apache.maven.surefire.testng.TestNGProvider.invoke(TestNGProvider.java:91)
	at org.apache.maven.surefire.booter.ForkedBooter.invokeProviderInSameClassLoader(ForkedBooter.java:200)
	at org.apache.maven.surefire.booter.ForkedBooter.runSuitesInProcess(ForkedBooter.java:153)
	at org.apache.maven.surefire.booter.ForkedBooter.main(ForkedBooter.java:103)
]]>
    </failure>
  </testcase> <!-- A_add_pickupgroup2 -->
  <testcase name="A1_add_pickupgroup1" time="92.837" classname="com.yeastar.swebtest.testcase.RegressionCase.pbxcase.PickupGroup"/>
</testsuite> <!-- com.yeastar.swebtest.testcase.RegressionCase.pbxcase.PickupGroup -->
