<?xml version="1.0" encoding="UTF-8"?>
<!-- Generated by org.testng.reporters.JUnitXMLReporter -->
<testsuite hostname="Yeastar-PC" name="pbxcore" tests="197" failures="43" timestamp="9 Nov 2017 11:04:00 GMT" time="10088.406" errors="0">
  <testcase name="A1_addExtension" time="65.766" classname="com.yeastar.swebtest.testcase.RegressionCase.pbxcore.BeforeTest"/>
  <testcase name="A2_editExtenName1" time="25.385" classname="com.yeastar.swebtest.testcase.RegressionCase.pbxcore.BeforeTest"/>
  <testcase name="A3_editExtenName2" time="26.735" classname="com.yeastar.swebtest.testcase.RegressionCase.pbxcore.BeforeTest"/>
  <testcase name="A4_addExtensionGroup" time="24.812" classname="com.yeastar.swebtest.testcase.RegressionCase.pbxcore.BeforeTest"/>
  <testcase name="B_addtrunk" time="53.723" classname="com.yeastar.swebtest.testcase.RegressionCase.pbxcore.BeforeTest"/>
  <testcase name="C_addtrunk" time="39.444" classname="com.yeastar.swebtest.testcase.RegressionCase.pbxcore.BeforeTest">
    <failure type="java.lang.AssertionError" message="IAX1注册失败">
      <![CDATA[java.lang.AssertionError: IAX1注册失败
	at com.yeastar.swebtest.tools.ysassert.YsAssert.fail(YsAssert.java:1086)
	at com.yeastar.swebtest.tools.ysassert.YsAssert.assertNotEquals(YsAssert.java:912)
	at com.yeastar.swebtest.driver.YSMethod.YS_Trunk.assertTrunkStatus(YS_Trunk.java:233)
	at com.yeastar.swebtest.driver.YSMethod.YS_Trunk.addTrunk(YS_Trunk.java:191)
	at com.yeastar.swebtest.testcase.RegressionCase.pbxcore.BeforeTest.C_addtrunk(BeforeTest.java:104)
... Removed 27 stack frames]]>
    </failure>
  </testcase> <!-- C_addtrunk -->
  <testcase name="D_addtrunk" time="40.969" classname="com.yeastar.swebtest.testcase.RegressionCase.pbxcore.BeforeTest"/>
  <testcase name="E_addtrunk" time="44.459" classname="com.yeastar.swebtest.testcase.RegressionCase.pbxcore.BeforeTest"/>
  <testcase name="F_addInRoute" time="54.19" classname="com.yeastar.swebtest.testcase.RegressionCase.pbxcore.BeforeTest"/>
  <testcase name="G_addOutRoute1" time="31.882" classname="com.yeastar.swebtest.testcase.RegressionCase.pbxcore.BeforeTest"/>
  <testcase name="G_addOutRoute2" time="14.354" classname="com.yeastar.swebtest.testcase.RegressionCase.pbxcore.BeforeTest"/>
  <testcase name="G_addOutRoute3" time="12.563" classname="com.yeastar.swebtest.testcase.RegressionCase.pbxcore.BeforeTest"/>
  <testcase name="G_addOutRoute4" time="14.426" classname="com.yeastar.swebtest.testcase.RegressionCase.pbxcore.BeforeTest"/>
  <testcase name="G_addOutRoute5" time="14.663" classname="com.yeastar.swebtest.testcase.RegressionCase.pbxcore.BeforeTest"/>
  <testcase name="G_addOutRoute6" time="14.736" classname="com.yeastar.swebtest.testcase.RegressionCase.pbxcore.BeforeTest"/>
  <testcase name="G_addOutRoute7" time="0.0" classname="com.yeastar.swebtest.testcase.RegressionCase.pbxcore.BeforeTest"/>
  <testcase name="G_addOutRoute8" time="0.0" classname="com.yeastar.swebtest.testcase.RegressionCase.pbxcore.BeforeTest"/>
  <testcase name="H_addivr" time="49.903" classname="com.yeastar.swebtest.testcase.RegressionCase.pbxcore.BeforeTest"/>
  <testcase name="I_addringgroup" time="32.585" classname="com.yeastar.swebtest.testcase.RegressionCase.pbxcore.BeforeTest"/>
  <testcase name="J_addqueue" time="39.308" classname="com.yeastar.swebtest.testcase.RegressionCase.pbxcore.BeforeTest"/>
  <testcase name="K_addconference" time="35.72" classname="com.yeastar.swebtest.testcase.RegressionCase.pbxcore.BeforeTest"/>
  <testcase name="L_setRecord" time="63.756" classname="com.yeastar.swebtest.testcase.RegressionCase.pbxcore.BeforeTest"/>
  <testcase name="addTimeCondition1" time="41.198" classname="com.yeastar.swebtest.testcase.RegressionCase.pbxcore.TimeCondition"/>
  <testcase name="addTimeCondition2" time="24.344" classname="com.yeastar.swebtest.testcase.RegressionCase.pbxcore.TimeCondition"/>
  <testcase name="addTimeCondition3" time="25.295" classname="com.yeastar.swebtest.testcase.RegressionCase.pbxcore.TimeCondition"/>
  <testcase name="addTimeCondition4" time="58.187" classname="com.yeastar.swebtest.testcase.RegressionCase.pbxcore.TimeCondition"/>
  <testcase name="A_addHoliday1" time="30.901" classname="com.yeastar.swebtest.testcase.RegressionCase.pbxcore.Holiday"/>
  <testcase name="B_editHoliday" time="16.997" classname="com.yeastar.swebtest.testcase.RegressionCase.pbxcore.Holiday"/>
  <testcase name="C_deleteHoliday" time="45.671" classname="com.yeastar.swebtest.testcase.RegressionCase.pbxcore.Holiday"/>
  <testcase name="A_callfrom1_sip" time="38.305" classname="com.yeastar.swebtest.testcase.RegressionCase.pbxcore.Inbound">
    <failure type="java.lang.AssertionError" message=" 录音失败">
      <![CDATA[java.lang.AssertionError:  录音失败
	at com.yeastar.swebtest.tools.ysassert.YsAssert.fail(YsAssert.java:1086)
	at com.yeastar.swebtest.testcase.RegressionCase.pbxcore.Inbound.A_callfrom1_sip(Inbound.java:62)
... Removed 27 stack frames]]>
    </failure>
  </testcase> <!-- A_callfrom1_sip -->
  <testcase name="A_callfrom2_iax" time="31.299" classname="com.yeastar.swebtest.testcase.RegressionCase.pbxcore.Inbound"/>
  <testcase name="A_callfrom3_sps" time="31.513" classname="com.yeastar.swebtest.testcase.RegressionCase.pbxcore.Inbound"/>
  <testcase name="A_callfrom4_spx" time="28.02" classname="com.yeastar.swebtest.testcase.RegressionCase.pbxcore.Inbound">
    <failure type="java.lang.AssertionError" message="CDR源中继检测 【预期：SPX1 实际：SPS1】">
      <![CDATA[java.lang.AssertionError: CDR源中继检测 【预期：SPX1 实际：SPS1】
	at com.yeastar.swebtest.tools.ysassert.YsAssert.fail(YsAssert.java:1086)
	at com.yeastar.swebtest.tools.ysassert.YsAssert.failNotEquals(YsAssert.java:579)
	at com.yeastar.swebtest.tools.ysassert.YsAssert.assertEqualsImpl(YsAssert.java:142)
	at com.yeastar.swebtest.tools.ysassert.YsAssert.assertEquals(YsAssert.java:116)
	at com.yeastar.swebtest.tools.ysassert.YsAssert.assertEquals(YsAssert.java:199)
	at com.yeastar.swebtest.driver.YSMethod.YS_Extension.checkCDR(YS_Extension.java:261)
	at com.yeastar.swebtest.driver.YSMethod.YS_Extension.checkCDR(YS_Extension.java:250)
	at com.yeastar.swebtest.testcase.RegressionCase.pbxcore.Inbound.A_callfrom4_spx(Inbound.java:101)
... Removed 27 stack frames]]>
    </failure>
  </testcase> <!-- A_callfrom4_spx -->
  <testcase name="A_callfrom5_fxo" time="31.28" classname="com.yeastar.swebtest.testcase.RegressionCase.pbxcore.Inbound"/>
  <testcase name="A_callfrom6_bri" time="31.288" classname="com.yeastar.swebtest.testcase.RegressionCase.pbxcore.Inbound"/>
  <testcase name="A_callfrom7_e1" time="0.0" classname="com.yeastar.swebtest.testcase.RegressionCase.pbxcore.Inbound"/>
  <testcase name="A_callfrom8_gsm" time="0.0" classname="com.yeastar.swebtest.testcase.RegressionCase.pbxcore.Inbound"/>
  <testcase name="B1_callerid" time="46.345" classname="com.yeastar.swebtest.testcase.RegressionCase.pbxcore.Inbound"/>
  <testcase name="B2_callerid" time="71.095" classname="com.yeastar.swebtest.testcase.RegressionCase.pbxcore.Inbound"/>
  <testcase name="C1_did1_sps" time="26.576" classname="com.yeastar.swebtest.testcase.RegressionCase.pbxcore.Inbound"/>
  <testcase name="C2_did1_sps" time="63.52" classname="com.yeastar.swebtest.testcase.RegressionCase.pbxcore.Inbound"/>
  <testcase name="F_timecondition1" time="10.373" classname="com.yeastar.swebtest.testcase.RegressionCase.pbxcore.Inbound"/>
  <testcase name="F_timecondition2" time="76.079" classname="com.yeastar.swebtest.testcase.RegressionCase.pbxcore.Inbound"/>
  <testcase name="F_timecondition3" time="74.118" classname="com.yeastar.swebtest.testcase.RegressionCase.pbxcore.Inbound"/>
  <testcase name="F_timecondition4" time="55.965" classname="com.yeastar.swebtest.testcase.RegressionCase.pbxcore.Inbound"/>
  <testcase name="F_timecondition5" time="62.512" classname="com.yeastar.swebtest.testcase.RegressionCase.pbxcore.Inbound"/>
  <testcase name="G_delete1" time="81.089" classname="com.yeastar.swebtest.testcase.RegressionCase.pbxcore.Inbound"/>
  <testcase name="A_out1_sip" time="45.038" classname="com.yeastar.swebtest.testcase.RegressionCase.pbxcore.Outbound">
    <failure type="java.lang.AssertionError" message=" 录音失败">
      <![CDATA[java.lang.AssertionError:  录音失败
	at com.yeastar.swebtest.tools.ysassert.YsAssert.fail(YsAssert.java:1086)
	at com.yeastar.swebtest.testcase.RegressionCase.pbxcore.Outbound.A_out1_sip(Outbound.java:62)
... Removed 27 stack frames]]>
    </failure>
  </testcase> <!-- A_out1_sip -->
  <testcase name="A_out2_iax" time="41.443" classname="com.yeastar.swebtest.testcase.RegressionCase.pbxcore.Outbound"/>
  <testcase name="A_out3_sps" time="41.777" classname="com.yeastar.swebtest.testcase.RegressionCase.pbxcore.Outbound"/>
  <testcase name="A_out4_spx" time="36.827" classname="com.yeastar.swebtest.testcase.RegressionCase.pbxcore.Outbound">
    <failure type="java.lang.AssertionError" message="CDR被叫方检测 【预期：42000 实际：32000】">
      <![CDATA[java.lang.AssertionError: CDR被叫方检测 【预期：42000 实际：32000】
	at com.yeastar.swebtest.tools.ysassert.YsAssert.fail(YsAssert.java:1086)
	at com.yeastar.swebtest.tools.ysassert.YsAssert.failNotEquals(YsAssert.java:579)
	at com.yeastar.swebtest.tools.ysassert.YsAssert.assertEqualsImpl(YsAssert.java:142)
	at com.yeastar.swebtest.tools.ysassert.YsAssert.assertEquals(YsAssert.java:116)
	at com.yeastar.swebtest.tools.ysassert.YsAssert.assertEquals(YsAssert.java:199)
	at com.yeastar.swebtest.driver.YSMethod.YS_Extension.checkCDR(YS_Extension.java:258)
	at com.yeastar.swebtest.driver.YSMethod.YS_Extension.checkCDR(YS_Extension.java:250)
	at com.yeastar.swebtest.testcase.RegressionCase.pbxcore.Outbound.A_out4_spx(Outbound.java:102)
... Removed 27 stack frames]]>
    </failure>
  </testcase> <!-- A_out4_spx -->
  <testcase name="A_out5_fxo" time="41.46" classname="com.yeastar.swebtest.testcase.RegressionCase.pbxcore.Outbound"/>
  <testcase name="A_out6_bri" time="39.409" classname="com.yeastar.swebtest.testcase.RegressionCase.pbxcore.Outbound"/>
  <testcase name="A_out7_E1" time="0.0" classname="com.yeastar.swebtest.testcase.RegressionCase.pbxcore.Outbound"/>
  <testcase name="A_out8_gsm" time="0.0" classname="com.yeastar.swebtest.testcase.RegressionCase.pbxcore.Outbound"/>
  <testcase name="B1_Prepend" time="24.47" classname="com.yeastar.swebtest.testcase.RegressionCase.pbxcore.Outbound"/>
  <testcase name="B2_Prepend" time="40.455" classname="com.yeastar.swebtest.testcase.RegressionCase.pbxcore.Outbound"/>
  <testcase name="C1_password" time="54.72" classname="com.yeastar.swebtest.testcase.RegressionCase.pbxcore.Outbound"/>
  <testcase name="C2_password" time="33.73" classname="com.yeastar.swebtest.testcase.RegressionCase.pbxcore.Outbound">
    <failure type="java.lang.AssertionError" message="CDR_Status检测 【预期：Answered 实际：No Answer】">
      <![CDATA[java.lang.AssertionError: CDR_Status检测 【预期：Answered 实际：No Answer】
	at com.yeastar.swebtest.tools.ysassert.YsAssert.fail(YsAssert.java:1086)
	at com.yeastar.swebtest.tools.ysassert.YsAssert.failNotEquals(YsAssert.java:579)
	at com.yeastar.swebtest.tools.ysassert.YsAssert.assertEqualsImpl(YsAssert.java:142)
	at com.yeastar.swebtest.tools.ysassert.YsAssert.assertEquals(YsAssert.java:116)
	at com.yeastar.swebtest.tools.ysassert.YsAssert.assertEquals(YsAssert.java:199)
	at com.yeastar.swebtest.driver.YSMethod.YS_Extension.checkCDR(YS_Extension.java:259)
	at com.yeastar.swebtest.driver.YSMethod.YS_Extension.checkCDR(YS_Extension.java:250)
	at com.yeastar.swebtest.testcase.RegressionCase.pbxcore.Outbound.C2_password(Outbound.java:221)
... Removed 27 stack frames]]>
    </failure>
  </testcase> <!-- C2_password -->
  <testcase name="D1_rrmemory_hunt" time="61.415" classname="com.yeastar.swebtest.testcase.RegressionCase.pbxcore.Outbound"/>
  <testcase name="D2_rrmemory_hunt" time="23.638" classname="com.yeastar.swebtest.testcase.RegressionCase.pbxcore.Outbound">
    <failure type="java.lang.AssertionError" message="CDR被叫方检测 【预期：933001 实际：928888】">
      <![CDATA[java.lang.AssertionError: CDR被叫方检测 【预期：933001 实际：928888】
	at com.yeastar.swebtest.tools.ysassert.YsAssert.fail(YsAssert.java:1086)
	at com.yeastar.swebtest.tools.ysassert.YsAssert.failNotEquals(YsAssert.java:579)
	at com.yeastar.swebtest.tools.ysassert.YsAssert.assertEqualsImpl(YsAssert.java:142)
	at com.yeastar.swebtest.tools.ysassert.YsAssert.assertEquals(YsAssert.java:116)
	at com.yeastar.swebtest.tools.ysassert.YsAssert.assertEquals(YsAssert.java:199)
	at com.yeastar.swebtest.driver.YSMethod.YS_Extension.checkCDR(YS_Extension.java:258)
	at com.yeastar.swebtest.driver.YSMethod.YS_Extension.checkCDR(YS_Extension.java:250)
	at com.yeastar.swebtest.testcase.RegressionCase.pbxcore.Outbound.D2_rrmemory_hunt(Outbound.java:257)
... Removed 27 stack frames]]>
    </failure>
  </testcase> <!-- D2_rrmemory_hunt -->
  <testcase name="E_timecondition" time="111.403" classname="com.yeastar.swebtest.testcase.RegressionCase.pbxcore.Outbound">
    <failure type="java.lang.AssertionError" message="CDR被叫方检测 【预期：9299999 实际：928888】">
      <![CDATA[java.lang.AssertionError: CDR被叫方检测 【预期：9299999 实际：928888】
	at com.yeastar.swebtest.tools.ysassert.YsAssert.fail(YsAssert.java:1086)
	at com.yeastar.swebtest.tools.ysassert.YsAssert.failNotEquals(YsAssert.java:579)
	at com.yeastar.swebtest.tools.ysassert.YsAssert.assertEqualsImpl(YsAssert.java:142)
	at com.yeastar.swebtest.tools.ysassert.YsAssert.assertEquals(YsAssert.java:116)
	at com.yeastar.swebtest.tools.ysassert.YsAssert.assertEquals(YsAssert.java:199)
	at com.yeastar.swebtest.driver.YSMethod.YS_Extension.checkCDR(YS_Extension.java:258)
	at com.yeastar.swebtest.driver.YSMethod.YS_Extension.checkCDR(YS_Extension.java:250)
	at com.yeastar.swebtest.testcase.RegressionCase.pbxcore.Outbound.E_timecondition(Outbound.java:311)
... Removed 27 stack frames]]>
    </failure>
  </testcase> <!-- E_timecondition -->
  <testcase name="F_delete" time="81.34" classname="com.yeastar.swebtest.testcase.RegressionCase.pbxcore.Outbound"/>
  <testcase name="A_add_1" time="236.976" classname="com.yeastar.swebtest.testcase.RegressionCase.pbxcore.OutboundRestriction"/>
  <testcase name="A_add_2" time="23.683" classname="com.yeastar.swebtest.testcase.RegressionCase.pbxcore.OutboundRestriction"/>
  <testcase name="A_add_3" time="31.395" classname="com.yeastar.swebtest.testcase.RegressionCase.pbxcore.OutboundRestriction"/>
  <testcase name="B_add_1" time="175.747" classname="com.yeastar.swebtest.testcase.RegressionCase.pbxcore.OutboundRestriction"/>
  <testcase name="B_add_2" time="29.624" classname="com.yeastar.swebtest.testcase.RegressionCase.pbxcore.OutboundRestriction"/>
  <testcase name="B_add_3" time="31.258" classname="com.yeastar.swebtest.testcase.RegressionCase.pbxcore.OutboundRestriction"/>
  <testcase name="C_delete" time="60.432" classname="com.yeastar.swebtest.testcase.RegressionCase.pbxcore.OutboundRestriction"/>
  <testcase name="A1_clip_default" time="37.889" classname="com.yeastar.swebtest.testcase.RegressionCase.pbxcore.AutoCLIP"/>
  <testcase name="A2_makeCall" time="72.883" classname="com.yeastar.swebtest.testcase.RegressionCase.pbxcore.AutoCLIP"/>
  <testcase name="A3_makeCall" time="53.973" classname="com.yeastar.swebtest.testcase.RegressionCase.pbxcore.AutoCLIP"/>
  <testcase name="B_deleteUsedRecords" time="114.9" classname="com.yeastar.swebtest.testcase.RegressionCase.pbxcore.AutoCLIP"/>
  <testcase name="C_OnlyKeepMissedCallRecords" time="62.396" classname="com.yeastar.swebtest.testcase.RegressionCase.pbxcore.AutoCLIP"/>
  <testcase name="D_MatchOutgoingTrunk" time="114.675" classname="com.yeastar.swebtest.testcase.RegressionCase.pbxcore.AutoCLIP"/>
  <testcase name="E_Disable_AutoCLIP" time="84.97" classname="com.yeastar.swebtest.testcase.RegressionCase.pbxcore.AutoCLIP"/>
  <testcase name="A_add_pickupgroup1" time="77.172" classname="com.yeastar.swebtest.testcase.RegressionCase.pbxcore.PickupGroup"/>
  <testcase name="A_add_pickupgroup2" time="30.412" classname="com.yeastar.swebtest.testcase.RegressionCase.pbxcore.PickupGroup"/>
  <testcase name="A_add_pickupgroup3" time="30.513" classname="com.yeastar.swebtest.testcase.RegressionCase.pbxcore.PickupGroup"/>
  <testcase name="B_add_pickupgroup2" time="54.54" classname="com.yeastar.swebtest.testcase.RegressionCase.pbxcore.PickupGroup"/>
  <testcase name="C_delete" time="54.32" classname="com.yeastar.swebtest.testcase.RegressionCase.pbxcore.PickupGroup"/>
  <testcase name="A_add_paging1" time="71.912" classname="com.yeastar.swebtest.testcase.RegressionCase.pbxcore.PagingIntercom"/>
  <testcase name="A_add_paging2" time="66.521" classname="com.yeastar.swebtest.testcase.RegressionCase.pbxcore.PagingIntercom"/>
  <testcase name="B_intercom" time="33.803" classname="com.yeastar.swebtest.testcase.RegressionCase.pbxcore.PagingIntercom"/>
  <testcase name="C_delete" time="60.615" classname="com.yeastar.swebtest.testcase.RegressionCase.pbxcore.PagingIntercom"/>
  <testcase name="A_add_1" time="100.242" classname="com.yeastar.swebtest.testcase.RegressionCase.pbxcore.SpeedDial"/>
  <testcase name="A_add_2" time="23.897" classname="com.yeastar.swebtest.testcase.RegressionCase.pbxcore.SpeedDial">
    <failure type="java.lang.AssertionError" message="CDR被叫方检测 【预期：31234567 实际：13001】">
      <![CDATA[java.lang.AssertionError: CDR被叫方检测 【预期：31234567 实际：13001】
	at com.yeastar.swebtest.tools.ysassert.YsAssert.fail(YsAssert.java:1086)
	at com.yeastar.swebtest.tools.ysassert.YsAssert.failNotEquals(YsAssert.java:579)
	at com.yeastar.swebtest.tools.ysassert.YsAssert.assertEqualsImpl(YsAssert.java:142)
	at com.yeastar.swebtest.tools.ysassert.YsAssert.assertEquals(YsAssert.java:116)
	at com.yeastar.swebtest.tools.ysassert.YsAssert.assertEquals(YsAssert.java:199)
	at com.yeastar.swebtest.driver.YSMethod.YS_Extension.checkCDR(YS_Extension.java:258)
	at com.yeastar.swebtest.driver.YSMethod.YS_Extension.checkCDR(YS_Extension.java:250)
	at com.yeastar.swebtest.testcase.RegressionCase.pbxcore.SpeedDial.A_add_2(SpeedDial.java:71)
... Removed 27 stack frames]]>
    </failure>
  </testcase> <!-- A_add_2 -->
  <testcase name="B_export" time="1.117" classname="com.yeastar.swebtest.testcase.RegressionCase.pbxcore.SpeedDial"/>
  <testcase name="C_delete" time="54.261" classname="com.yeastar.swebtest.testcase.RegressionCase.pbxcore.SpeedDial"/>
  <testcase name="D_import" time="11.15" classname="com.yeastar.swebtest.testcase.RegressionCase.pbxcore.SpeedDial"/>
  <testcase name="A_add_RingGroup1" time="56.616" classname="com.yeastar.swebtest.testcase.RegressionCase.pbxcore.RingGroup"/>
  <testcase name="B_edit_RingGroup1" time="76.675" classname="com.yeastar.swebtest.testcase.RegressionCase.pbxcore.RingGroup"/>
  <testcase name="C_add_RingGroup2" time="144.167" classname="com.yeastar.swebtest.testcase.RegressionCase.pbxcore.RingGroup"/>
  <testcase name="D_delete" time="57.214" classname="com.yeastar.swebtest.testcase.RegressionCase.pbxcore.RingGroup"/>
  <testcase name="A_record" time="40.952" classname="com.yeastar.swebtest.testcase.RegressionCase.pbxcore.CustomPrompts"/>
  <testcase name="B_play" time="46.753" classname="com.yeastar.swebtest.testcase.RegressionCase.pbxcore.CustomPrompts"/>
  <testcase name="C_reRecord" time="46.596" classname="com.yeastar.swebtest.testcase.RegressionCase.pbxcore.CustomPrompts"/>
  <testcase name="D_upload" time="11.993" classname="com.yeastar.swebtest.testcase.RegressionCase.pbxcore.CustomPrompts"/>
  <testcase name="A_add" time="73.083" classname="com.yeastar.swebtest.testcase.RegressionCase.pbxcore.IVR">
    <failure type="com.codeborne.selenide.ex.ElementNotFound" message="Element not found {By.xpath: .//a[starts-with(@class,&amp;apos;css_apply&amp;apos;) and text()=&amp;apos;Apply&amp;apos;]}
Expected: exist">
      <![CDATA[Element not found {By.xpath: .//a[starts-with(@class,'css_apply') and text()='Apply']}
Expected: exist
Screenshot: file:/F:/MyProject/SwebTest/SwebTest/build/reports/tests/1510221064800.0.png
Timeout: 15 s.
Caused by: WebDriverException: unknown error: Element <a style="cursor: pointer;" class="css_apply">...</a> is not clickable at point (1604, 23). Other element would receive the click: <div role="presentation" class="x-mask x-border-box" style="height: 948px; width: 1904px; z-index: 28996; right: auto; left: 0px; top: 0px;" id="ext-element-90"></div>
	at com.codeborne.selenide.impl.WebElementSource.createElementNotFoundError(WebElementSource.java:31)
	at com.codeborne.selenide.impl.ElementFinder.createElementNotFoundError(ElementFinder.java:82)
	at com.codeborne.selenide.impl.SelenideElementProxy.dispatchAndRetry(SelenideElementProxy.java:115)
	at com.codeborne.selenide.impl.SelenideElementProxy.invoke(SelenideElementProxy.java:62)
	at com.sun.proxy.$Proxy4.click(Unknown Source)
	at com.yeastar.swebtest.driver.SwebDriver.ys_apply(SwebDriver.java:625)
	at com.yeastar.swebtest.testcase.RegressionCase.pbxcore.IVR.A_add(IVR.java:107)
Caused by: org.openqa.selenium.WebDriverException: unknown error: Element <a style="cursor: pointer;" class="css_apply">...</a> is not clickable at point (1604, 23). Other element would receive the click: <div role="presentation" class="x-mask x-border-box" style="height: 948px; width: 1904px; z-index: 28996; right: auto; left: 0px; top: 0px;" id="ext-element-90"></div>
  (Session info: chrome=57.0.2987.133)
  (Driver info: chromedriver=2.29.461591 (62ebf098771772160f391d75e589dc567915b233),platform=Windows NT 6.1.7601 SP1 x86_64) (WARNING: The server did not provide any stacktrace information)
Command duration or timeout: 19 milliseconds
Build info: version: '2.53.1', revision: 'a36b8b1cd5757287168e54b817830adce9b0158d', time: '2016-06-30 19:26:09'
System info: host: 'Yeastar-PC', ip: '192.168.11.194', os.name: 'Windows 7', os.arch: 'x86', os.version: '6.1', java.version: '1.8.0_121'
Driver info: org.openqa.selenium.chrome.ChromeDriver
Capabilities [{applicationCacheEnabled=false, rotatable=false, mobileEmulationEnabled=false, networkConnectionEnabled=false, chrome={chromedriverVersion=2.29.461591 (62ebf098771772160f391d75e589dc567915b233), userDataDir=C:\Users\Yeastar\AppData\Local\Temp\scoped_dir38236_30215}, takesHeapSnapshot=true, pageLoadStrategy=normal, databaseEnabled=false, handlesAlerts=true, hasTouchScreen=false, version=57.0.2987.133, platform=XP, browserConnectionEnabled=false, nativeEvents=true, acceptSslCerts=true, locationContextEnabled=true, webStorageEnabled=true, browserName=chrome, takesScreenshot=true, javascriptEnabled=true, cssSelectorsEnabled=true, unexpectedAlertBehaviour=}]
Session ID: 07aa02a957b74864a213201f75c062f4
	at org.openqa.selenium.remote.ErrorHandler.createThrowable(ErrorHandler.java:206)
	at org.openqa.selenium.remote.ErrorHandler.throwIfResponseFailed(ErrorHandler.java:158)
	at org.openqa.selenium.remote.RemoteWebDriver.execute(RemoteWebDriver.java:678)
	at org.openqa.selenium.remote.RemoteWebElement.execute(RemoteWebElement.java:327)
	at org.openqa.selenium.remote.RemoteWebElement.click(RemoteWebElement.java:85)
	at com.codeborne.selenide.commands.Click.click(Click.java:22)
	at com.codeborne.selenide.commands.Click.execute(Click.java:14)
	at com.codeborne.selenide.commands.Click.execute(Click.java:11)
	at com.codeborne.selenide.commands.Commands.execute(Commands.java:140)
	at com.codeborne.selenide.impl.SelenideElementProxy.dispatchAndRetry(SelenideElementProxy.java:86)
	... 31 more
... Removed 30 stack frames]]>
    </failure>
  </testcase> <!-- A_add -->
  <testcase name="B_editInbound1" time="15.55" classname="com.yeastar.swebtest.testcase.RegressionCase.pbxcore.IVR">
    <failure type="com.codeborne.selenide.ex.ElementNotFound" message="Element not found {By.xpath: .//div[starts-with(@id,&amp;quot;control-panel&amp;quot;)]//div[starts-with(@id,&amp;quot;set-lefttree&amp;quot;)]//span[text()=&amp;quot;Call Control&amp;quot;]}
Expected: exist">
      <![CDATA[Element not found {By.xpath: .//div[starts-with(@id,"control-panel")]//div[starts-with(@id,"set-lefttree")]//span[text()="Call Control"]}
Expected: exist
Screenshot: file:/F:/MyProject/SwebTest/SwebTest/build/reports/tests/1510221080364.1.png
Timeout: 15 s.
Caused by: WebDriverException: unknown error: Element <span class="x-tree-node-text ">...</span> is not clickable at point (554, 367). Other element would receive the click: <div role="presentation" class="x-mask x-border-box" style="height: 948px; width: 1904px; z-index: 28996; right: auto; left: 0px; top: 0px;" id="ext-element-90"></div>
	at com.codeborne.selenide.impl.WebElementSource.createElementNotFoundError(WebElementSource.java:31)
	at com.codeborne.selenide.impl.ElementFinder.createElementNotFoundError(ElementFinder.java:82)
	at com.codeborne.selenide.impl.SelenideElementProxy.dispatchAndRetry(SelenideElementProxy.java:115)
	at com.codeborne.selenide.impl.SelenideElementProxy.invoke(SelenideElementProxy.java:62)
	at com.sun.proxy.$Proxy4.click(Unknown Source)
	at com.yeastar.swebtest.testcase.RegressionCase.pbxcore.IVR.B_editInbound1(IVR.java:113)
Caused by: org.openqa.selenium.WebDriverException: unknown error: Element <span class="x-tree-node-text ">...</span> is not clickable at point (554, 367). Other element would receive the click: <div role="presentation" class="x-mask x-border-box" style="height: 948px; width: 1904px; z-index: 28996; right: auto; left: 0px; top: 0px;" id="ext-element-90"></div>
  (Session info: chrome=57.0.2987.133)
  (Driver info: chromedriver=2.29.461591 (62ebf098771772160f391d75e589dc567915b233),platform=Windows NT 6.1.7601 SP1 x86_64) (WARNING: The server did not provide any stacktrace information)
Command duration or timeout: 24 milliseconds
Build info: version: '2.53.1', revision: 'a36b8b1cd5757287168e54b817830adce9b0158d', time: '2016-06-30 19:26:09'
System info: host: 'Yeastar-PC', ip: '192.168.11.194', os.name: 'Windows 7', os.arch: 'x86', os.version: '6.1', java.version: '1.8.0_121'
Driver info: org.openqa.selenium.chrome.ChromeDriver
Capabilities [{applicationCacheEnabled=false, rotatable=false, mobileEmulationEnabled=false, networkConnectionEnabled=false, chrome={chromedriverVersion=2.29.461591 (62ebf098771772160f391d75e589dc567915b233), userDataDir=C:\Users\Yeastar\AppData\Local\Temp\scoped_dir38236_30215}, takesHeapSnapshot=true, pageLoadStrategy=normal, databaseEnabled=false, handlesAlerts=true, hasTouchScreen=false, version=57.0.2987.133, platform=XP, browserConnectionEnabled=false, nativeEvents=true, acceptSslCerts=true, locationContextEnabled=true, webStorageEnabled=true, browserName=chrome, takesScreenshot=true, javascriptEnabled=true, cssSelectorsEnabled=true, unexpectedAlertBehaviour=}]
Session ID: 07aa02a957b74864a213201f75c062f4
	at org.openqa.selenium.remote.ErrorHandler.createThrowable(ErrorHandler.java:206)
	at org.openqa.selenium.remote.ErrorHandler.throwIfResponseFailed(ErrorHandler.java:158)
	at org.openqa.selenium.remote.RemoteWebDriver.execute(RemoteWebDriver.java:678)
	at org.openqa.selenium.remote.RemoteWebElement.execute(RemoteWebElement.java:327)
	at org.openqa.selenium.remote.RemoteWebElement.click(RemoteWebElement.java:85)
	at com.codeborne.selenide.commands.Click.click(Click.java:22)
	at com.codeborne.selenide.commands.Click.execute(Click.java:14)
	at com.codeborne.selenide.commands.Click.execute(Click.java:11)
	at com.codeborne.selenide.commands.Commands.execute(Commands.java:140)
	at com.codeborne.selenide.impl.SelenideElementProxy.dispatchAndRetry(SelenideElementProxy.java:86)
	... 30 more
... Removed 30 stack frames]]>
    </failure>
  </testcase> <!-- B_editInbound1 -->
  <testcase name="C_dialextensions" time="35.091" classname="com.yeastar.swebtest.testcase.RegressionCase.pbxcore.IVR">
    <failure type="com.codeborne.selenide.ex.ElementNotFound" message="Element not found {By.xpath: .//*[@src=&amp;apos;images/taskbar-main.png&amp;apos;]}
Expected: exist">
      <![CDATA[Element not found {By.xpath: .//*[@src='images/taskbar-main.png']}
Expected: exist
Screenshot: file:/F:/MyProject/SwebTest/SwebTest/build/reports/tests/1510221115494.2.png
Timeout: 15 s.
Caused by: WebDriverException: unknown error: Element <img src="images/taskbar-main.png" width="100%" height="100%" id="ext-element-8"> is not clickable at point (55, 23). Other element would receive the click: <div role="presentation" class="x-mask x-border-box" style="height: 948px; width: 1904px; z-index: 28996; right: auto; left: 0px; top: 0px;" id="ext-element-90"></div>
	at com.codeborne.selenide.impl.WebElementSource.createElementNotFoundError(WebElementSource.java:31)
	at com.codeborne.selenide.impl.ElementFinder.createElementNotFoundError(ElementFinder.java:82)
	at com.codeborne.selenide.impl.SelenideElementProxy.dispatchAndRetry(SelenideElementProxy.java:115)
	at com.codeborne.selenide.impl.SelenideElementProxy.invoke(SelenideElementProxy.java:62)
	at com.sun.proxy.$Proxy4.click(Unknown Source)
	at com.yeastar.swebtest.tools.pjsip.PjsipApp.Pj_Answer_Call(PjsipApp.java:243)
	at com.yeastar.swebtest.tools.pjsip.PjsipApp.Pj_Answer_Call(PjsipApp.java:226)
	at com.yeastar.swebtest.testcase.RegressionCase.pbxcore.IVR.C_dialextensions(IVR.java:133)
Caused by: org.openqa.selenium.WebDriverException: unknown error: Element <img src="images/taskbar-main.png" width="100%" height="100%" id="ext-element-8"> is not clickable at point (55, 23). Other element would receive the click: <div role="presentation" class="x-mask x-border-box" style="height: 948px; width: 1904px; z-index: 28996; right: auto; left: 0px; top: 0px;" id="ext-element-90"></div>
  (Session info: chrome=57.0.2987.133)
  (Driver info: chromedriver=2.29.461591 (62ebf098771772160f391d75e589dc567915b233),platform=Windows NT 6.1.7601 SP1 x86_64) (WARNING: The server did not provide any stacktrace information)
Command duration or timeout: 22 milliseconds
Build info: version: '2.53.1', revision: 'a36b8b1cd5757287168e54b817830adce9b0158d', time: '2016-06-30 19:26:09'
System info: host: 'Yeastar-PC', ip: '192.168.11.194', os.name: 'Windows 7', os.arch: 'x86', os.version: '6.1', java.version: '1.8.0_121'
Driver info: org.openqa.selenium.chrome.ChromeDriver
Capabilities [{applicationCacheEnabled=false, rotatable=false, mobileEmulationEnabled=false, networkConnectionEnabled=false, chrome={chromedriverVersion=2.29.461591 (62ebf098771772160f391d75e589dc567915b233), userDataDir=C:\Users\Yeastar\AppData\Local\Temp\scoped_dir38236_30215}, takesHeapSnapshot=true, pageLoadStrategy=normal, databaseEnabled=false, handlesAlerts=true, hasTouchScreen=false, version=57.0.2987.133, platform=XP, browserConnectionEnabled=false, nativeEvents=true, acceptSslCerts=true, locationContextEnabled=true, webStorageEnabled=true, browserName=chrome, takesScreenshot=true, javascriptEnabled=true, cssSelectorsEnabled=true, unexpectedAlertBehaviour=}]
Session ID: 07aa02a957b74864a213201f75c062f4
	at org.openqa.selenium.remote.ErrorHandler.createThrowable(ErrorHandler.java:206)
	at org.openqa.selenium.remote.ErrorHandler.throwIfResponseFailed(ErrorHandler.java:158)
	at org.openqa.selenium.remote.RemoteWebDriver.execute(RemoteWebDriver.java:678)
	at org.openqa.selenium.remote.RemoteWebElement.execute(RemoteWebElement.java:327)
	at org.openqa.selenium.remote.RemoteWebElement.click(RemoteWebElement.java:85)
	at com.codeborne.selenide.commands.Click.click(Click.java:22)
	at com.codeborne.selenide.commands.Click.execute(Click.java:14)
	at com.codeborne.selenide.commands.Click.execute(Click.java:11)
	at com.codeborne.selenide.commands.Commands.execute(Commands.java:140)
	at com.codeborne.selenide.impl.SelenideElementProxy.dispatchAndRetry(SelenideElementProxy.java:86)
	... 32 more
... Removed 30 stack frames]]>
    </failure>
  </testcase> <!-- C_dialextensions -->
  <testcase name="D_dialoutbound" time="45.653" classname="com.yeastar.swebtest.testcase.RegressionCase.pbxcore.IVR">
    <failure type="com.codeborne.selenide.ex.ElementNotFound" message="Element not found {By.xpath: .//*[@src=&amp;apos;images/taskbar-main.png&amp;apos;]}
Expected: exist">
      <![CDATA[Element not found {By.xpath: .//*[@src='images/taskbar-main.png']}
Expected: exist
Screenshot: file:/F:/MyProject/SwebTest/SwebTest/build/reports/tests/1510221161134.3.png
Timeout: 15 s.
Caused by: WebDriverException: unknown error: Element <img src="images/taskbar-main.png" width="100%" height="100%" id="ext-element-8"> is not clickable at point (55, 23). Other element would receive the click: <div role="presentation" class="x-mask x-border-box" style="height: 948px; width: 1904px; z-index: 28996; right: auto; left: 0px; top: 0px;" id="ext-element-90"></div>
	at com.codeborne.selenide.impl.WebElementSource.createElementNotFoundError(WebElementSource.java:31)
	at com.codeborne.selenide.impl.ElementFinder.createElementNotFoundError(ElementFinder.java:82)
	at com.codeborne.selenide.impl.SelenideElementProxy.dispatchAndRetry(SelenideElementProxy.java:115)
	at com.codeborne.selenide.impl.SelenideElementProxy.invoke(SelenideElementProxy.java:62)
	at com.sun.proxy.$Proxy4.click(Unknown Source)
	at com.yeastar.swebtest.driver.YSMethod.YS_Extension.checkCDR(YS_Extension.java:253)
	at com.yeastar.swebtest.driver.YSMethod.YS_Extension.checkCDR(YS_Extension.java:250)
	at com.yeastar.swebtest.testcase.RegressionCase.pbxcore.IVR.D_dialoutbound(IVR.java:150)
Caused by: org.openqa.selenium.WebDriverException: unknown error: Element <img src="images/taskbar-main.png" width="100%" height="100%" id="ext-element-8"> is not clickable at point (55, 23). Other element would receive the click: <div role="presentation" class="x-mask x-border-box" style="height: 948px; width: 1904px; z-index: 28996; right: auto; left: 0px; top: 0px;" id="ext-element-90"></div>
  (Session info: chrome=57.0.2987.133)
  (Driver info: chromedriver=2.29.461591 (62ebf098771772160f391d75e589dc567915b233),platform=Windows NT 6.1.7601 SP1 x86_64) (WARNING: The server did not provide any stacktrace information)
Command duration or timeout: 17 milliseconds
Build info: version: '2.53.1', revision: 'a36b8b1cd5757287168e54b817830adce9b0158d', time: '2016-06-30 19:26:09'
System info: host: 'Yeastar-PC', ip: '192.168.11.194', os.name: 'Windows 7', os.arch: 'x86', os.version: '6.1', java.version: '1.8.0_121'
Driver info: org.openqa.selenium.chrome.ChromeDriver
Capabilities [{applicationCacheEnabled=false, rotatable=false, mobileEmulationEnabled=false, networkConnectionEnabled=false, chrome={chromedriverVersion=2.29.461591 (62ebf098771772160f391d75e589dc567915b233), userDataDir=C:\Users\Yeastar\AppData\Local\Temp\scoped_dir38236_30215}, takesHeapSnapshot=true, pageLoadStrategy=normal, databaseEnabled=false, handlesAlerts=true, hasTouchScreen=false, version=57.0.2987.133, platform=XP, browserConnectionEnabled=false, nativeEvents=true, acceptSslCerts=true, locationContextEnabled=true, webStorageEnabled=true, browserName=chrome, takesScreenshot=true, javascriptEnabled=true, cssSelectorsEnabled=true, unexpectedAlertBehaviour=}]
Session ID: 07aa02a957b74864a213201f75c062f4
	at org.openqa.selenium.remote.ErrorHandler.createThrowable(ErrorHandler.java:206)
	at org.openqa.selenium.remote.ErrorHandler.throwIfResponseFailed(ErrorHandler.java:158)
	at org.openqa.selenium.remote.RemoteWebDriver.execute(RemoteWebDriver.java:678)
	at org.openqa.selenium.remote.RemoteWebElement.execute(RemoteWebElement.java:327)
	at org.openqa.selenium.remote.RemoteWebElement.click(RemoteWebElement.java:85)
	at com.codeborne.selenide.commands.Click.click(Click.java:22)
	at com.codeborne.selenide.commands.Click.execute(Click.java:14)
	at com.codeborne.selenide.commands.Click.execute(Click.java:11)
	at com.codeborne.selenide.commands.Commands.execute(Commands.java:140)
	at com.codeborne.selenide.impl.SelenideElementProxy.dispatchAndRetry(SelenideElementProxy.java:86)
	... 32 more
... Removed 30 stack frames]]>
    </failure>
  </testcase> <!-- D_dialoutbound -->
  <testcase name="E_key0toExtension" time="34.259" classname="com.yeastar.swebtest.testcase.RegressionCase.pbxcore.IVR">
    <failure type="java.lang.AssertionError" message="CDR被叫方检测 【预期：1000 [6501(1000)] 实际：1000 [1000]】">
      <![CDATA[java.lang.AssertionError: CDR被叫方检测 【预期：1000 [6501(1000)] 实际：1000 [1000]】
	at com.yeastar.swebtest.tools.ysassert.YsAssert.fail(YsAssert.java:1086)
	at com.yeastar.swebtest.tools.ysassert.YsAssert.failNotEquals(YsAssert.java:579)
	at com.yeastar.swebtest.tools.ysassert.YsAssert.assertEqualsImpl(YsAssert.java:142)
	at com.yeastar.swebtest.tools.ysassert.YsAssert.assertEquals(YsAssert.java:116)
	at com.yeastar.swebtest.tools.ysassert.YsAssert.assertEquals(YsAssert.java:199)
	at com.yeastar.swebtest.driver.YSMethod.YS_Extension.checkCDR(YS_Extension.java:258)
	at com.yeastar.swebtest.driver.YSMethod.YS_Extension.checkCDR(YS_Extension.java:250)
	at com.yeastar.swebtest.testcase.RegressionCase.pbxcore.IVR.E_key0toExtension(IVR.java:163)
... Removed 27 stack frames]]>
    </failure>
  </testcase> <!-- E_key0toExtension -->
  <testcase name="F_key1toVoicemail" time="34.977" classname="com.yeastar.swebtest.testcase.RegressionCase.pbxcore.IVR">
    <failure type="java.lang.AssertionError" message="CDR被叫方检测 【预期：6501(1000) 实际：1000 [1000]】">
      <![CDATA[java.lang.AssertionError: CDR被叫方检测 【预期：6501(1000) 实际：1000 [1000]】
	at com.yeastar.swebtest.tools.ysassert.YsAssert.fail(YsAssert.java:1086)
	at com.yeastar.swebtest.tools.ysassert.YsAssert.failNotEquals(YsAssert.java:579)
	at com.yeastar.swebtest.tools.ysassert.YsAssert.assertEqualsImpl(YsAssert.java:142)
	at com.yeastar.swebtest.tools.ysassert.YsAssert.assertEquals(YsAssert.java:116)
	at com.yeastar.swebtest.tools.ysassert.YsAssert.assertEquals(YsAssert.java:199)
	at com.yeastar.swebtest.driver.YSMethod.YS_Extension.checkCDR(YS_Extension.java:258)
	at com.yeastar.swebtest.driver.YSMethod.YS_Extension.checkCDR(YS_Extension.java:250)
	at com.yeastar.swebtest.testcase.RegressionCase.pbxcore.IVR.F_key1toVoicemail(IVR.java:174)
... Removed 27 stack frames]]>
    </failure>
  </testcase> <!-- F_key1toVoicemail -->
  <testcase name="G_key5toDialName" time="30.15" classname="com.yeastar.swebtest.testcase.RegressionCase.pbxcore.IVR">
    <failure type="java.lang.AssertionError" message="预期1103为Ring状态 【预期：2 实际：0】">
      <![CDATA[java.lang.AssertionError: 预期1103为Ring状态 【预期：2 实际：0】
	at com.yeastar.swebtest.tools.ysassert.YsAssert.fail(YsAssert.java:1086)
	at com.yeastar.swebtest.tools.ysassert.YsAssert.failNotEquals(YsAssert.java:579)
	at com.yeastar.swebtest.tools.ysassert.YsAssert.assertEqualsImpl(YsAssert.java:142)
	at com.yeastar.swebtest.tools.ysassert.YsAssert.assertEquals(YsAssert.java:116)
	at com.yeastar.swebtest.tools.ysassert.YsAssert.assertEquals(YsAssert.java:425)
	at com.yeastar.swebtest.testcase.RegressionCase.pbxcore.IVR.G_key5toDialName(IVR.java:187)
... Removed 27 stack frames]]>
    </failure>
  </testcase> <!-- G_key5toDialName -->
  <testcase name="H_keytoHangup" time="26.604" classname="com.yeastar.swebtest.testcase.RegressionCase.pbxcore.IVR">
    <failure type="java.lang.AssertionError" message="CDR呼叫方检测 【预期：2001 [2001] 实际：1000 [1000]】">
      <![CDATA[java.lang.AssertionError: CDR呼叫方检测 【预期：2001 [2001] 实际：1000 [1000]】
	at com.yeastar.swebtest.tools.ysassert.YsAssert.fail(YsAssert.java:1086)
	at com.yeastar.swebtest.tools.ysassert.YsAssert.failNotEquals(YsAssert.java:579)
	at com.yeastar.swebtest.tools.ysassert.YsAssert.assertEqualsImpl(YsAssert.java:142)
	at com.yeastar.swebtest.tools.ysassert.YsAssert.assertEquals(YsAssert.java:116)
	at com.yeastar.swebtest.tools.ysassert.YsAssert.assertEquals(YsAssert.java:199)
	at com.yeastar.swebtest.driver.YSMethod.YS_Extension.checkCDR(YS_Extension.java:257)
	at com.yeastar.swebtest.driver.YSMethod.YS_Extension.checkCDR(YS_Extension.java:250)
	at com.yeastar.swebtest.testcase.RegressionCase.pbxcore.IVR.H_keytoHangup(IVR.java:202)
... Removed 27 stack frames]]>
    </failure>
  </testcase> <!-- H_keytoHangup -->
  <testcase name="I_keytoSelectOption" time="38.043" classname="com.yeastar.swebtest.testcase.RegressionCase.pbxcore.IVR">
    <failure type="java.lang.AssertionError" message="CDR被叫方检测 【预期：1105 [6501(1105)] 实际：1000 [1000]】">
      <![CDATA[java.lang.AssertionError: CDR被叫方检测 【预期：1105 [6501(1105)] 实际：1000 [1000]】
	at com.yeastar.swebtest.tools.ysassert.YsAssert.fail(YsAssert.java:1086)
	at com.yeastar.swebtest.tools.ysassert.YsAssert.failNotEquals(YsAssert.java:579)
	at com.yeastar.swebtest.tools.ysassert.YsAssert.assertEqualsImpl(YsAssert.java:142)
	at com.yeastar.swebtest.tools.ysassert.YsAssert.assertEquals(YsAssert.java:116)
	at com.yeastar.swebtest.tools.ysassert.YsAssert.assertEquals(YsAssert.java:199)
	at com.yeastar.swebtest.driver.YSMethod.YS_Extension.checkCDR(YS_Extension.java:258)
	at com.yeastar.swebtest.driver.YSMethod.YS_Extension.checkCDR(YS_Extension.java:250)
	at com.yeastar.swebtest.testcase.RegressionCase.pbxcore.IVR.I_keytoSelectOption(IVR.java:216)
... Removed 27 stack frames]]>
    </failure>
  </testcase> <!-- I_keytoSelectOption -->
  <testcase name="J_keytoTimeout" time="69.324" classname="com.yeastar.swebtest.testcase.RegressionCase.pbxcore.IVR"/>
  <testcase name="K_keytoInvalid" time="35.158" classname="com.yeastar.swebtest.testcase.RegressionCase.pbxcore.IVR">
    <failure type="java.lang.AssertionError" message="CDR被叫方检测 【预期：1105 [6501(1105)] 实际：6501】">
      <![CDATA[java.lang.AssertionError: CDR被叫方检测 【预期：1105 [6501(1105)] 实际：6501】
	at com.yeastar.swebtest.tools.ysassert.YsAssert.fail(YsAssert.java:1086)
	at com.yeastar.swebtest.tools.ysassert.YsAssert.failNotEquals(YsAssert.java:579)
	at com.yeastar.swebtest.tools.ysassert.YsAssert.assertEqualsImpl(YsAssert.java:142)
	at com.yeastar.swebtest.tools.ysassert.YsAssert.assertEquals(YsAssert.java:116)
	at com.yeastar.swebtest.tools.ysassert.YsAssert.assertEquals(YsAssert.java:199)
	at com.yeastar.swebtest.driver.YSMethod.YS_Extension.checkCDR(YS_Extension.java:258)
	at com.yeastar.swebtest.driver.YSMethod.YS_Extension.checkCDR(YS_Extension.java:250)
	at com.yeastar.swebtest.testcase.RegressionCase.pbxcore.IVR.K_keytoInvalid(IVR.java:250)
... Removed 27 stack frames]]>
    </failure>
  </testcase> <!-- K_keytoInvalid -->
  <testcase name="L_checkvoicemail" time="39.563" classname="com.yeastar.swebtest.testcase.RegressionCase.pbxcore.IVR">
    <failure type="java.lang.AssertionError" message="CDR被叫方检测 【预期：6501(*02) 实际：1000 [1000]】">
      <![CDATA[java.lang.AssertionError: CDR被叫方检测 【预期：6501(*02) 实际：1000 [1000]】
	at com.yeastar.swebtest.tools.ysassert.YsAssert.fail(YsAssert.java:1086)
	at com.yeastar.swebtest.tools.ysassert.YsAssert.failNotEquals(YsAssert.java:579)
	at com.yeastar.swebtest.tools.ysassert.YsAssert.assertEqualsImpl(YsAssert.java:142)
	at com.yeastar.swebtest.tools.ysassert.YsAssert.assertEquals(YsAssert.java:116)
	at com.yeastar.swebtest.tools.ysassert.YsAssert.assertEquals(YsAssert.java:199)
	at com.yeastar.swebtest.driver.YSMethod.YS_Extension.checkCDR(YS_Extension.java:258)
	at com.yeastar.swebtest.driver.YSMethod.YS_Extension.checkCDR(YS_Extension.java:250)
	at com.yeastar.swebtest.testcase.RegressionCase.pbxcore.IVR.L_checkvoicemail(IVR.java:266)
... Removed 27 stack frames]]>
    </failure>
  </testcase> <!-- L_checkvoicemail -->
  <testcase name="M_delete" time="16.121" classname="com.yeastar.swebtest.testcase.RegressionCase.pbxcore.IVR">
    <failure type="com.codeborne.selenide.ex.ElementNotFound" message="Element not found {By.xpath: .//div[starts-with(@id,&amp;quot;control-panel&amp;quot;)]//div[starts-with(@id,&amp;quot;set-lefttree&amp;quot;)]//span[text()=&amp;quot;Call Features&amp;quot;]}
Expected: exist">
      <![CDATA[Element not found {By.xpath: .//div[starts-with(@id,"control-panel")]//div[starts-with(@id,"set-lefttree")]//span[text()="Call Features"]}
Expected: exist
Screenshot: file:/F:/MyProject/SwebTest/SwebTest/build/reports/tests/1510221485178.4.png
Timeout: 15 s.
Caused by: WebDriverException: unknown error: Element <span class="x-tree-node-text ">...</span> is not clickable at point (555, 397). Other element would receive the click: <div id="panel-2079-innerCt" data-ref="innerCt" style="" role="presentation" class="x-autocontainer-innerCt">...</div>
	at com.codeborne.selenide.impl.WebElementSource.createElementNotFoundError(WebElementSource.java:31)
	at com.codeborne.selenide.impl.ElementFinder.createElementNotFoundError(ElementFinder.java:82)
	at com.codeborne.selenide.impl.SelenideElementProxy.dispatchAndRetry(SelenideElementProxy.java:115)
	at com.codeborne.selenide.impl.SelenideElementProxy.invoke(SelenideElementProxy.java:62)
	at com.sun.proxy.$Proxy4.click(Unknown Source)
	at com.yeastar.swebtest.testcase.RegressionCase.pbxcore.IVR.M_delete(IVR.java:274)
Caused by: org.openqa.selenium.WebDriverException: unknown error: Element <span class="x-tree-node-text ">...</span> is not clickable at point (555, 397). Other element would receive the click: <div id="panel-2079-innerCt" data-ref="innerCt" style="" role="presentation" class="x-autocontainer-innerCt">...</div>
  (Session info: chrome=57.0.2987.133)
  (Driver info: chromedriver=2.29.461591 (62ebf098771772160f391d75e589dc567915b233),platform=Windows NT 6.1.7601 SP1 x86_64) (WARNING: The server did not provide any stacktrace information)
Command duration or timeout: 22 milliseconds
Build info: version: '2.53.1', revision: 'a36b8b1cd5757287168e54b817830adce9b0158d', time: '2016-06-30 19:26:09'
System info: host: 'Yeastar-PC', ip: '192.168.11.194', os.name: 'Windows 7', os.arch: 'x86', os.version: '6.1', java.version: '1.8.0_121'
Driver info: org.openqa.selenium.chrome.ChromeDriver
Capabilities [{applicationCacheEnabled=false, rotatable=false, mobileEmulationEnabled=false, networkConnectionEnabled=false, chrome={chromedriverVersion=2.29.461591 (62ebf098771772160f391d75e589dc567915b233), userDataDir=C:\Users\Yeastar\AppData\Local\Temp\scoped_dir38236_30215}, takesHeapSnapshot=true, pageLoadStrategy=normal, databaseEnabled=false, handlesAlerts=true, hasTouchScreen=false, version=57.0.2987.133, platform=XP, browserConnectionEnabled=false, nativeEvents=true, acceptSslCerts=true, locationContextEnabled=true, webStorageEnabled=true, browserName=chrome, takesScreenshot=true, javascriptEnabled=true, cssSelectorsEnabled=true, unexpectedAlertBehaviour=}]
Session ID: 07aa02a957b74864a213201f75c062f4
	at org.openqa.selenium.remote.ErrorHandler.createThrowable(ErrorHandler.java:206)
	at org.openqa.selenium.remote.ErrorHandler.throwIfResponseFailed(ErrorHandler.java:158)
	at org.openqa.selenium.remote.RemoteWebDriver.execute(RemoteWebDriver.java:678)
	at org.openqa.selenium.remote.RemoteWebElement.execute(RemoteWebElement.java:327)
	at org.openqa.selenium.remote.RemoteWebElement.click(RemoteWebElement.java:85)
	at com.codeborne.selenide.commands.Click.click(Click.java:22)
	at com.codeborne.selenide.commands.Click.execute(Click.java:14)
	at com.codeborne.selenide.commands.Click.execute(Click.java:11)
	at com.codeborne.selenide.commands.Commands.execute(Commands.java:140)
	at com.codeborne.selenide.impl.SelenideElementProxy.dispatchAndRetry(SelenideElementProxy.java:86)
	... 30 more
... Removed 30 stack frames]]>
    </failure>
  </testcase> <!-- M_delete -->
  <testcase name="N_editInbound2" time="15.688" classname="com.yeastar.swebtest.testcase.RegressionCase.pbxcore.IVR">
    <failure type="com.codeborne.selenide.ex.ElementNotFound" message="Element not found {By.xpath: .//div[starts-with(@id,&amp;quot;control-panel&amp;quot;)]//div[starts-with(@id,&amp;quot;set-lefttree&amp;quot;)]//span[text()=&amp;quot;Call Control&amp;quot;]}
Expected: exist">
      <![CDATA[Element not found {By.xpath: .//div[starts-with(@id,"control-panel")]//div[starts-with(@id,"set-lefttree")]//span[text()="Call Control"]}
Expected: exist
Screenshot: file:/F:/MyProject/SwebTest/SwebTest/build/reports/tests/1510221500897.5.png
Timeout: 15 s.
Caused by: WebDriverException: unknown error: Element <span class="x-tree-node-text ">...</span> is not clickable at point (554, 367). Other element would receive the click: <label id="key1action-labelEl" data-ref="labelEl" class="x-form-item-label x-form-item-label-default  x-unselectable" style="padding-right:5px;width:175px;" for="key1action-inputEl">...</label>
	at com.codeborne.selenide.impl.WebElementSource.createElementNotFoundError(WebElementSource.java:31)
	at com.codeborne.selenide.impl.ElementFinder.createElementNotFoundError(ElementFinder.java:82)
	at com.codeborne.selenide.impl.SelenideElementProxy.dispatchAndRetry(SelenideElementProxy.java:115)
	at com.codeborne.selenide.impl.SelenideElementProxy.invoke(SelenideElementProxy.java:62)
	at com.sun.proxy.$Proxy4.click(Unknown Source)
	at com.yeastar.swebtest.testcase.RegressionCase.pbxcore.IVR.N_editInbound2(IVR.java:323)
Caused by: org.openqa.selenium.WebDriverException: unknown error: Element <span class="x-tree-node-text ">...</span> is not clickable at point (554, 367). Other element would receive the click: <label id="key1action-labelEl" data-ref="labelEl" class="x-form-item-label x-form-item-label-default  x-unselectable" style="padding-right:5px;width:175px;" for="key1action-inputEl">...</label>
  (Session info: chrome=57.0.2987.133)
  (Driver info: chromedriver=2.29.461591 (62ebf098771772160f391d75e589dc567915b233),platform=Windows NT 6.1.7601 SP1 x86_64) (WARNING: The server did not provide any stacktrace information)
Command duration or timeout: 22 milliseconds
Build info: version: '2.53.1', revision: 'a36b8b1cd5757287168e54b817830adce9b0158d', time: '2016-06-30 19:26:09'
System info: host: 'Yeastar-PC', ip: '192.168.11.194', os.name: 'Windows 7', os.arch: 'x86', os.version: '6.1', java.version: '1.8.0_121'
Driver info: org.openqa.selenium.chrome.ChromeDriver
Capabilities [{applicationCacheEnabled=false, rotatable=false, mobileEmulationEnabled=false, networkConnectionEnabled=false, chrome={chromedriverVersion=2.29.461591 (62ebf098771772160f391d75e589dc567915b233), userDataDir=C:\Users\Yeastar\AppData\Local\Temp\scoped_dir38236_30215}, takesHeapSnapshot=true, pageLoadStrategy=normal, databaseEnabled=false, handlesAlerts=true, hasTouchScreen=false, version=57.0.2987.133, platform=XP, browserConnectionEnabled=false, nativeEvents=true, acceptSslCerts=true, locationContextEnabled=true, webStorageEnabled=true, browserName=chrome, takesScreenshot=true, javascriptEnabled=true, cssSelectorsEnabled=true, unexpectedAlertBehaviour=}]
Session ID: 07aa02a957b74864a213201f75c062f4
	at org.openqa.selenium.remote.ErrorHandler.createThrowable(ErrorHandler.java:206)
	at org.openqa.selenium.remote.ErrorHandler.throwIfResponseFailed(ErrorHandler.java:158)
	at org.openqa.selenium.remote.RemoteWebDriver.execute(RemoteWebDriver.java:678)
	at org.openqa.selenium.remote.RemoteWebElement.execute(RemoteWebElement.java:327)
	at org.openqa.selenium.remote.RemoteWebElement.click(RemoteWebElement.java:85)
	at com.codeborne.selenide.commands.Click.click(Click.java:22)
	at com.codeborne.selenide.commands.Click.execute(Click.java:14)
	at com.codeborne.selenide.commands.Click.execute(Click.java:11)
	at com.codeborne.selenide.commands.Commands.execute(Commands.java:140)
	at com.codeborne.selenide.impl.SelenideElementProxy.dispatchAndRetry(SelenideElementProxy.java:86)
	... 30 more
... Removed 30 stack frames]]>
    </failure>
  </testcase> <!-- N_editInbound2 -->
  <testcase name="A_add_queue6701" time="20.604" classname="com.yeastar.swebtest.testcase.RegressionCase.pbxcore.Queue"/>
  <testcase name="A_add_queue6702" time="31.123" classname="com.yeastar.swebtest.testcase.RegressionCase.pbxcore.Queue"/>
  <testcase name="A_editInbound" time="36.457" classname="com.yeastar.swebtest.testcase.RegressionCase.pbxcore.Queue"/>
  <testcase name="B_failtoextension" time="29.544" classname="com.yeastar.swebtest.testcase.RegressionCase.pbxcore.Queue"/>
  <testcase name="C_agent1" time="26.021" classname="com.yeastar.swebtest.testcase.RegressionCase.pbxcore.Queue"/>
  <testcase name="C_agent2" time="22.332" classname="com.yeastar.swebtest.testcase.RegressionCase.pbxcore.Queue">
    <failure type="java.lang.AssertionError" message="CDR呼叫方检测 【预期：1105 [1105] 实际：1100 [1100]】">
      <![CDATA[java.lang.AssertionError: CDR呼叫方检测 【预期：1105 [1105] 实际：1100 [1100]】
	at com.yeastar.swebtest.tools.ysassert.YsAssert.fail(YsAssert.java:1086)
	at com.yeastar.swebtest.tools.ysassert.YsAssert.failNotEquals(YsAssert.java:579)
	at com.yeastar.swebtest.tools.ysassert.YsAssert.assertEqualsImpl(YsAssert.java:142)
	at com.yeastar.swebtest.tools.ysassert.YsAssert.assertEquals(YsAssert.java:116)
	at com.yeastar.swebtest.tools.ysassert.YsAssert.assertEquals(YsAssert.java:199)
	at com.yeastar.swebtest.driver.YSMethod.YS_Extension.checkCDR(YS_Extension.java:257)
	at com.yeastar.swebtest.driver.YSMethod.YS_Extension.checkCDR(YS_Extension.java:250)
	at com.yeastar.swebtest.testcase.RegressionCase.pbxcore.Queue.C_agent2(Queue.java:155)
... Removed 27 stack frames]]>
    </failure>
  </testcase> <!-- C_agent2 -->
  <testcase name="C_agent3" time="13.208" classname="com.yeastar.swebtest.testcase.RegressionCase.pbxcore.Queue"/>
  <testcase name="C_agent4" time="28.097" classname="com.yeastar.swebtest.testcase.RegressionCase.pbxcore.Queue"/>
  <testcase name="D_RingAll1" time="39.274" classname="com.yeastar.swebtest.testcase.RegressionCase.pbxcore.Queue">
    <failure type="java.lang.AssertionError" message="CDR被叫方检测 【预期：1100 [6702(1100)] 实际：1000 [6702(1100)]】">
      <![CDATA[java.lang.AssertionError: CDR被叫方检测 【预期：1100 [6702(1100)] 实际：1000 [6702(1100)]】
	at com.yeastar.swebtest.tools.ysassert.YsAssert.fail(YsAssert.java:1086)
	at com.yeastar.swebtest.tools.ysassert.YsAssert.failNotEquals(YsAssert.java:579)
	at com.yeastar.swebtest.tools.ysassert.YsAssert.assertEqualsImpl(YsAssert.java:142)
	at com.yeastar.swebtest.tools.ysassert.YsAssert.assertEquals(YsAssert.java:116)
	at com.yeastar.swebtest.tools.ysassert.YsAssert.assertEquals(YsAssert.java:199)
	at com.yeastar.swebtest.driver.YSMethod.YS_Extension.checkCDR(YS_Extension.java:258)
	at com.yeastar.swebtest.driver.YSMethod.YS_Extension.checkCDR(YS_Extension.java:250)
	at com.yeastar.swebtest.testcase.RegressionCase.pbxcore.Queue.D_RingAll1(Queue.java:195)
... Removed 27 stack frames]]>
    </failure>
  </testcase> <!-- D_RingAll1 -->
  <testcase name="E_maxWaitTime" time="182.107" classname="com.yeastar.swebtest.testcase.RegressionCase.pbxcore.Queue"/>
  <testcase name="F_key" time="44.938" classname="com.yeastar.swebtest.testcase.RegressionCase.pbxcore.Queue"/>
  <testcase name="G1_edit6701_1" time="35.442" classname="com.yeastar.swebtest.testcase.RegressionCase.pbxcore.Queue">
    <failure type="com.codeborne.selenide.ex.ElementShould" message="Element should be visible {By.xpath: .//a[starts-with(@class,&amp;apos;css_apply&amp;apos;) and text()=&amp;apos;Apply&amp;apos;]}
Element: &amp;apos;&amp;lt;a class=&amp;quot;css_apply&amp;quot; displayed:false&amp;gt;&amp;lt;/a&amp;gt;&amp;apos;">
      <![CDATA[Element should be visible {By.xpath: .//a[starts-with(@class,'css_apply') and text()='Apply']}
Element: '<a class="css_apply" displayed:false></a>'
Screenshot: file:/F:/MyProject/SwebTest/SwebTest/build/reports/tests/1510222131530.6.png
Timeout: 15 s.
	at com.codeborne.selenide.impl.WebElementSource.checkCondition(WebElementSource.java:66)
	at com.codeborne.selenide.impl.WebElementSource.findAndAssertElementIsVisible(WebElementSource.java:72)
	at com.codeborne.selenide.commands.Click.execute(Click.java:14)
	at com.codeborne.selenide.commands.Click.execute(Click.java:11)
	at com.codeborne.selenide.commands.Commands.execute(Commands.java:140)
	at com.codeborne.selenide.impl.SelenideElementProxy.dispatchAndRetry(SelenideElementProxy.java:86)
	at com.codeborne.selenide.impl.SelenideElementProxy.invoke(SelenideElementProxy.java:62)
	at com.sun.proxy.$Proxy4.click(Unknown Source)
	at com.yeastar.swebtest.driver.SwebDriver.ys_apply(SwebDriver.java:625)
	at com.yeastar.swebtest.testcase.RegressionCase.pbxcore.Queue.G1_edit6701_1(Queue.java:246)
... Removed 27 stack frames]]>
    </failure>
  </testcase> <!-- G1_edit6701_1 -->
  <testcase name="G2_joinEmpty" time="24.911" classname="com.yeastar.swebtest.testcase.RegressionCase.pbxcore.Queue">
    <failure type="java.lang.AssertionError" message="CDR被叫方检测 【预期：6701 实际：1000 [6701(1000)]】">
      <![CDATA[java.lang.AssertionError: CDR被叫方检测 【预期：6701 实际：1000 [6701(1000)]】
	at com.yeastar.swebtest.tools.ysassert.YsAssert.fail(YsAssert.java:1086)
	at com.yeastar.swebtest.tools.ysassert.YsAssert.failNotEquals(YsAssert.java:579)
	at com.yeastar.swebtest.tools.ysassert.YsAssert.assertEqualsImpl(YsAssert.java:142)
	at com.yeastar.swebtest.tools.ysassert.YsAssert.assertEquals(YsAssert.java:116)
	at com.yeastar.swebtest.tools.ysassert.YsAssert.assertEquals(YsAssert.java:199)
	at com.yeastar.swebtest.driver.YSMethod.YS_Extension.checkCDR(YS_Extension.java:258)
	at com.yeastar.swebtest.driver.YSMethod.YS_Extension.checkCDR(YS_Extension.java:250)
	at com.yeastar.swebtest.testcase.RegressionCase.pbxcore.Queue.G2_joinEmpty(Queue.java:257)
... Removed 27 stack frames]]>
    </failure>
  </testcase> <!-- G2_joinEmpty -->
  <testcase name="G3_edit6701_2" time="16.234" classname="com.yeastar.swebtest.testcase.RegressionCase.pbxcore.Queue">
    <failure type="com.codeborne.selenide.ex.ElementNotFound" message="Element not found {By.xpath: .//div[starts-with(@id,&amp;quot;control-panel&amp;quot;)]//div[starts-with(@id,&amp;quot;set-lefttree&amp;quot;)]//span[text()=&amp;quot;Call Features&amp;quot;]}
Expected: exist">
      <![CDATA[Element not found {By.xpath: .//div[starts-with(@id,"control-panel")]//div[starts-with(@id,"set-lefttree")]//span[text()="Call Features"]}
Expected: exist
Screenshot: file:/F:/MyProject/SwebTest/SwebTest/build/reports/tests/1510222172672.7.png
Timeout: 15 s.
Caused by: WebDriverException: unknown error: Element <span class="x-tree-node-text ">...</span> is not clickable at point (555, 397). Other element would receive the click: <div id="panel-2627-innerCt" data-ref="innerCt" style="" role="presentation" class="x-autocontainer-innerCt">...</div>
	at com.codeborne.selenide.impl.WebElementSource.createElementNotFoundError(WebElementSource.java:31)
	at com.codeborne.selenide.impl.ElementFinder.createElementNotFoundError(ElementFinder.java:82)
	at com.codeborne.selenide.impl.SelenideElementProxy.dispatchAndRetry(SelenideElementProxy.java:115)
	at com.codeborne.selenide.impl.SelenideElementProxy.invoke(SelenideElementProxy.java:62)
	at com.sun.proxy.$Proxy4.click(Unknown Source)
	at com.yeastar.swebtest.testcase.RegressionCase.pbxcore.Queue.G3_edit6701_2(Queue.java:266)
Caused by: org.openqa.selenium.WebDriverException: unknown error: Element <span class="x-tree-node-text ">...</span> is not clickable at point (555, 397). Other element would receive the click: <div id="panel-2627-innerCt" data-ref="innerCt" style="" role="presentation" class="x-autocontainer-innerCt">...</div>
  (Session info: chrome=57.0.2987.133)
  (Driver info: chromedriver=2.29.461591 (62ebf098771772160f391d75e589dc567915b233),platform=Windows NT 6.1.7601 SP1 x86_64) (WARNING: The server did not provide any stacktrace information)
Command duration or timeout: 19 milliseconds
Build info: version: '2.53.1', revision: 'a36b8b1cd5757287168e54b817830adce9b0158d', time: '2016-06-30 19:26:09'
System info: host: 'Yeastar-PC', ip: '192.168.11.194', os.name: 'Windows 7', os.arch: 'x86', os.version: '6.1', java.version: '1.8.0_121'
Driver info: org.openqa.selenium.chrome.ChromeDriver
Capabilities [{applicationCacheEnabled=false, rotatable=false, mobileEmulationEnabled=false, networkConnectionEnabled=false, chrome={chromedriverVersion=2.29.461591 (62ebf098771772160f391d75e589dc567915b233), userDataDir=C:\Users\Yeastar\AppData\Local\Temp\scoped_dir38084_9263}, takesHeapSnapshot=true, pageLoadStrategy=normal, databaseEnabled=false, handlesAlerts=true, hasTouchScreen=false, version=57.0.2987.133, platform=XP, browserConnectionEnabled=false, nativeEvents=true, acceptSslCerts=true, locationContextEnabled=true, webStorageEnabled=true, browserName=chrome, takesScreenshot=true, javascriptEnabled=true, cssSelectorsEnabled=true, unexpectedAlertBehaviour=}]
Session ID: 70a41fa410604e93cd4c104b5fcc7ec5
	at org.openqa.selenium.remote.ErrorHandler.createThrowable(ErrorHandler.java:206)
	at org.openqa.selenium.remote.ErrorHandler.throwIfResponseFailed(ErrorHandler.java:158)
	at org.openqa.selenium.remote.RemoteWebDriver.execute(RemoteWebDriver.java:678)
	at org.openqa.selenium.remote.RemoteWebElement.execute(RemoteWebElement.java:327)
	at org.openqa.selenium.remote.RemoteWebElement.click(RemoteWebElement.java:85)
	at com.codeborne.selenide.commands.Click.click(Click.java:22)
	at com.codeborne.selenide.commands.Click.execute(Click.java:14)
	at com.codeborne.selenide.commands.Click.execute(Click.java:11)
	at com.codeborne.selenide.commands.Commands.execute(Commands.java:140)
	at com.codeborne.selenide.impl.SelenideElementProxy.dispatchAndRetry(SelenideElementProxy.java:86)
	... 30 more
... Removed 30 stack frames]]>
    </failure>
  </testcase> <!-- G3_edit6701_2 -->
  <testcase name="G4_leaveWhenEmpty" time="39.603" classname="com.yeastar.swebtest.testcase.RegressionCase.pbxcore.Queue"/>
  <testcase name="H1_Linear" time="16.112" classname="com.yeastar.swebtest.testcase.RegressionCase.pbxcore.Queue">
    <failure type="com.codeborne.selenide.ex.ElementNotFound" message="Element not found {By.xpath: .//div[starts-with(@id,&amp;quot;control-panel&amp;quot;)]//div[starts-with(@id,&amp;quot;set-lefttree&amp;quot;)]//span[text()=&amp;quot;Call Features&amp;quot;]}
Expected: exist">
      <![CDATA[Element not found {By.xpath: .//div[starts-with(@id,"control-panel")]//div[starts-with(@id,"set-lefttree")]//span[text()="Call Features"]}
Expected: exist
Screenshot: file:/F:/MyProject/SwebTest/SwebTest/build/reports/tests/1510222228451.8.png
Timeout: 15 s.
Caused by: WebDriverException: unknown error: Element <span class="x-tree-node-text ">...</span> is not clickable at point (555, 397). Other element would receive the click: <div id="panel-2627-innerCt" data-ref="innerCt" style="" role="presentation" class="x-autocontainer-innerCt">...</div>
	at com.codeborne.selenide.impl.WebElementSource.createElementNotFoundError(WebElementSource.java:31)
	at com.codeborne.selenide.impl.ElementFinder.createElementNotFoundError(ElementFinder.java:82)
	at com.codeborne.selenide.impl.SelenideElementProxy.dispatchAndRetry(SelenideElementProxy.java:115)
	at com.codeborne.selenide.impl.SelenideElementProxy.invoke(SelenideElementProxy.java:62)
	at com.sun.proxy.$Proxy4.click(Unknown Source)
	at com.yeastar.swebtest.testcase.RegressionCase.pbxcore.Queue.H1_Linear(Queue.java:296)
Caused by: org.openqa.selenium.WebDriverException: unknown error: Element <span class="x-tree-node-text ">...</span> is not clickable at point (555, 397). Other element would receive the click: <div id="panel-2627-innerCt" data-ref="innerCt" style="" role="presentation" class="x-autocontainer-innerCt">...</div>
  (Session info: chrome=57.0.2987.133)
  (Driver info: chromedriver=2.29.461591 (62ebf098771772160f391d75e589dc567915b233),platform=Windows NT 6.1.7601 SP1 x86_64) (WARNING: The server did not provide any stacktrace information)
Command duration or timeout: 25 milliseconds
Build info: version: '2.53.1', revision: 'a36b8b1cd5757287168e54b817830adce9b0158d', time: '2016-06-30 19:26:09'
System info: host: 'Yeastar-PC', ip: '192.168.11.194', os.name: 'Windows 7', os.arch: 'x86', os.version: '6.1', java.version: '1.8.0_121'
Driver info: org.openqa.selenium.chrome.ChromeDriver
Capabilities [{applicationCacheEnabled=false, rotatable=false, mobileEmulationEnabled=false, networkConnectionEnabled=false, chrome={chromedriverVersion=2.29.461591 (62ebf098771772160f391d75e589dc567915b233), userDataDir=C:\Users\Yeastar\AppData\Local\Temp\scoped_dir38084_9263}, takesHeapSnapshot=true, pageLoadStrategy=normal, databaseEnabled=false, handlesAlerts=true, hasTouchScreen=false, version=57.0.2987.133, platform=XP, browserConnectionEnabled=false, nativeEvents=true, acceptSslCerts=true, locationContextEnabled=true, webStorageEnabled=true, browserName=chrome, takesScreenshot=true, javascriptEnabled=true, cssSelectorsEnabled=true, unexpectedAlertBehaviour=}]
Session ID: 70a41fa410604e93cd4c104b5fcc7ec5
	at org.openqa.selenium.remote.ErrorHandler.createThrowable(ErrorHandler.java:206)
	at org.openqa.selenium.remote.ErrorHandler.throwIfResponseFailed(ErrorHandler.java:158)
	at org.openqa.selenium.remote.RemoteWebDriver.execute(RemoteWebDriver.java:678)
	at org.openqa.selenium.remote.RemoteWebElement.execute(RemoteWebElement.java:327)
	at org.openqa.selenium.remote.RemoteWebElement.click(RemoteWebElement.java:85)
	at com.codeborne.selenide.commands.Click.click(Click.java:22)
	at com.codeborne.selenide.commands.Click.execute(Click.java:14)
	at com.codeborne.selenide.commands.Click.execute(Click.java:11)
	at com.codeborne.selenide.commands.Commands.execute(Commands.java:140)
	at com.codeborne.selenide.impl.SelenideElementProxy.dispatchAndRetry(SelenideElementProxy.java:86)
	... 30 more
... Removed 30 stack frames]]>
    </failure>
  </testcase> <!-- H1_Linear -->
  <testcase name="H2_Linear" time="11.637" classname="com.yeastar.swebtest.testcase.RegressionCase.pbxcore.Queue">
    <failure type="java.lang.AssertionError" message="1105预期响铃 【预期：2 实际：4】">
      <![CDATA[java.lang.AssertionError: 1105预期响铃 【预期：2 实际：4】
	at com.yeastar.swebtest.tools.ysassert.YsAssert.fail(YsAssert.java:1086)
	at com.yeastar.swebtest.tools.ysassert.YsAssert.failNotEquals(YsAssert.java:579)
	at com.yeastar.swebtest.tools.ysassert.YsAssert.assertEqualsImpl(YsAssert.java:142)
	at com.yeastar.swebtest.tools.ysassert.YsAssert.assertEquals(YsAssert.java:116)
	at com.yeastar.swebtest.tools.ysassert.YsAssert.assertEquals(YsAssert.java:425)
	at com.yeastar.swebtest.testcase.RegressionCase.pbxcore.Queue.H2_Linear(Queue.java:314)
... Removed 27 stack frames]]>
    </failure>
  </testcase> <!-- H2_Linear -->
  <testcase name="I_delete" time="16.108" classname="com.yeastar.swebtest.testcase.RegressionCase.pbxcore.Queue">
    <failure type="com.codeborne.selenide.ex.ElementNotFound" message="Element not found {By.xpath: .//div[starts-with(@id,&amp;quot;control-panel&amp;quot;)]//div[starts-with(@id,&amp;quot;set-lefttree&amp;quot;)]//span[text()=&amp;quot;Call Features&amp;quot;]}
Expected: exist">
      <![CDATA[Element not found {By.xpath: .//div[starts-with(@id,"control-panel")]//div[starts-with(@id,"set-lefttree")]//span[text()="Call Features"]}
Expected: exist
Screenshot: file:/F:/MyProject/SwebTest/SwebTest/build/reports/tests/1510222256199.9.png
Timeout: 15 s.
Caused by: WebDriverException: unknown error: Element <span class="x-tree-node-text ">...</span> is not clickable at point (555, 397). Other element would receive the click: <div id="panel-2627-innerCt" data-ref="innerCt" style="" role="presentation" class="x-autocontainer-innerCt">...</div>
	at com.codeborne.selenide.impl.WebElementSource.createElementNotFoundError(WebElementSource.java:31)
	at com.codeborne.selenide.impl.ElementFinder.createElementNotFoundError(ElementFinder.java:82)
	at com.codeborne.selenide.impl.SelenideElementProxy.dispatchAndRetry(SelenideElementProxy.java:115)
	at com.codeborne.selenide.impl.SelenideElementProxy.invoke(SelenideElementProxy.java:62)
	at com.sun.proxy.$Proxy4.click(Unknown Source)
	at com.yeastar.swebtest.testcase.RegressionCase.pbxcore.Queue.I_delete(Queue.java:331)
Caused by: org.openqa.selenium.WebDriverException: unknown error: Element <span class="x-tree-node-text ">...</span> is not clickable at point (555, 397). Other element would receive the click: <div id="panel-2627-innerCt" data-ref="innerCt" style="" role="presentation" class="x-autocontainer-innerCt">...</div>
  (Session info: chrome=57.0.2987.133)
  (Driver info: chromedriver=2.29.461591 (62ebf098771772160f391d75e589dc567915b233),platform=Windows NT 6.1.7601 SP1 x86_64) (WARNING: The server did not provide any stacktrace information)
Command duration or timeout: 21 milliseconds
Build info: version: '2.53.1', revision: 'a36b8b1cd5757287168e54b817830adce9b0158d', time: '2016-06-30 19:26:09'
System info: host: 'Yeastar-PC', ip: '192.168.11.194', os.name: 'Windows 7', os.arch: 'x86', os.version: '6.1', java.version: '1.8.0_121'
Driver info: org.openqa.selenium.chrome.ChromeDriver
Capabilities [{applicationCacheEnabled=false, rotatable=false, mobileEmulationEnabled=false, networkConnectionEnabled=false, chrome={chromedriverVersion=2.29.461591 (62ebf098771772160f391d75e589dc567915b233), userDataDir=C:\Users\Yeastar\AppData\Local\Temp\scoped_dir38084_9263}, takesHeapSnapshot=true, pageLoadStrategy=normal, databaseEnabled=false, handlesAlerts=true, hasTouchScreen=false, version=57.0.2987.133, platform=XP, browserConnectionEnabled=false, nativeEvents=true, acceptSslCerts=true, locationContextEnabled=true, webStorageEnabled=true, browserName=chrome, takesScreenshot=true, javascriptEnabled=true, cssSelectorsEnabled=true, unexpectedAlertBehaviour=}]
Session ID: 70a41fa410604e93cd4c104b5fcc7ec5
	at org.openqa.selenium.remote.ErrorHandler.createThrowable(ErrorHandler.java:206)
	at org.openqa.selenium.remote.ErrorHandler.throwIfResponseFailed(ErrorHandler.java:158)
	at org.openqa.selenium.remote.RemoteWebDriver.execute(RemoteWebDriver.java:678)
	at org.openqa.selenium.remote.RemoteWebElement.execute(RemoteWebElement.java:327)
	at org.openqa.selenium.remote.RemoteWebElement.click(RemoteWebElement.java:85)
	at com.codeborne.selenide.commands.Click.click(Click.java:22)
	at com.codeborne.selenide.commands.Click.execute(Click.java:14)
	at com.codeborne.selenide.commands.Click.execute(Click.java:11)
	at com.codeborne.selenide.commands.Commands.execute(Commands.java:140)
	at com.codeborne.selenide.impl.SelenideElementProxy.dispatchAndRetry(SelenideElementProxy.java:86)
	... 30 more
... Removed 30 stack frames]]>
    </failure>
  </testcase> <!-- I_delete -->
  <testcase name="J_Recovery" time="15.754" classname="com.yeastar.swebtest.testcase.RegressionCase.pbxcore.Queue">
    <failure type="com.codeborne.selenide.ex.ElementNotFound" message="Element not found {By.xpath: .//div[starts-with(@id,&amp;quot;control-panel&amp;quot;)]//div[starts-with(@id,&amp;quot;set-lefttree&amp;quot;)]//span[text()=&amp;quot;Call Control&amp;quot;]}
Expected: exist">
      <![CDATA[Element not found {By.xpath: .//div[starts-with(@id,"control-panel")]//div[starts-with(@id,"set-lefttree")]//span[text()="Call Control"]}
Expected: exist
Screenshot: file:/F:/MyProject/SwebTest/SwebTest/build/reports/tests/1510222271943.10.png
Timeout: 15 s.
Caused by: WebDriverException: unknown error: Element <span class="x-tree-node-text ">...</span> is not clickable at point (554, 367). Other element would receive the click: <label id="st-queue-musiconhold-labelEl" data-ref="labelEl" class="x-form-item-label x-form-item-label-default  x-unselectable" style="padding-right:5px;width:175px;" for="st-queue-musiconhold-inputEl">...</label>
	at com.codeborne.selenide.impl.WebElementSource.createElementNotFoundError(WebElementSource.java:31)
	at com.codeborne.selenide.impl.ElementFinder.createElementNotFoundError(ElementFinder.java:82)
	at com.codeborne.selenide.impl.SelenideElementProxy.dispatchAndRetry(SelenideElementProxy.java:115)
	at com.codeborne.selenide.impl.SelenideElementProxy.invoke(SelenideElementProxy.java:62)
	at com.sun.proxy.$Proxy4.click(Unknown Source)
	at com.yeastar.swebtest.testcase.RegressionCase.pbxcore.Queue.J_Recovery(Queue.java:380)
Caused by: org.openqa.selenium.WebDriverException: unknown error: Element <span class="x-tree-node-text ">...</span> is not clickable at point (554, 367). Other element would receive the click: <label id="st-queue-musiconhold-labelEl" data-ref="labelEl" class="x-form-item-label x-form-item-label-default  x-unselectable" style="padding-right:5px;width:175px;" for="st-queue-musiconhold-inputEl">...</label>
  (Session info: chrome=57.0.2987.133)
  (Driver info: chromedriver=2.29.461591 (62ebf098771772160f391d75e589dc567915b233),platform=Windows NT 6.1.7601 SP1 x86_64) (WARNING: The server did not provide any stacktrace information)
Command duration or timeout: 22 milliseconds
Build info: version: '2.53.1', revision: 'a36b8b1cd5757287168e54b817830adce9b0158d', time: '2016-06-30 19:26:09'
System info: host: 'Yeastar-PC', ip: '192.168.11.194', os.name: 'Windows 7', os.arch: 'x86', os.version: '6.1', java.version: '1.8.0_121'
Driver info: org.openqa.selenium.chrome.ChromeDriver
Capabilities [{applicationCacheEnabled=false, rotatable=false, mobileEmulationEnabled=false, networkConnectionEnabled=false, chrome={chromedriverVersion=2.29.461591 (62ebf098771772160f391d75e589dc567915b233), userDataDir=C:\Users\Yeastar\AppData\Local\Temp\scoped_dir38084_9263}, takesHeapSnapshot=true, pageLoadStrategy=normal, databaseEnabled=false, handlesAlerts=true, hasTouchScreen=false, version=57.0.2987.133, platform=XP, browserConnectionEnabled=false, nativeEvents=true, acceptSslCerts=true, locationContextEnabled=true, webStorageEnabled=true, browserName=chrome, takesScreenshot=true, javascriptEnabled=true, cssSelectorsEnabled=true, unexpectedAlertBehaviour=}]
Session ID: 70a41fa410604e93cd4c104b5fcc7ec5
	at org.openqa.selenium.remote.ErrorHandler.createThrowable(ErrorHandler.java:206)
	at org.openqa.selenium.remote.ErrorHandler.throwIfResponseFailed(ErrorHandler.java:158)
	at org.openqa.selenium.remote.RemoteWebDriver.execute(RemoteWebDriver.java:678)
	at org.openqa.selenium.remote.RemoteWebElement.execute(RemoteWebElement.java:327)
	at org.openqa.selenium.remote.RemoteWebElement.click(RemoteWebElement.java:85)
	at com.codeborne.selenide.commands.Click.click(Click.java:22)
	at com.codeborne.selenide.commands.Click.execute(Click.java:14)
	at com.codeborne.selenide.commands.Click.execute(Click.java:11)
	at com.codeborne.selenide.commands.Commands.execute(Commands.java:140)
	at com.codeborne.selenide.impl.SelenideElementProxy.dispatchAndRetry(SelenideElementProxy.java:86)
	... 30 more
... Removed 30 stack frames]]>
    </failure>
  </testcase> <!-- J_Recovery -->
  <testcase name="AA1_InitConference" time="38.719" classname="com.yeastar.swebtest.testcase.RegressionCase.pbxcore.Conference"/>
  <testcase name="A_add_conference1" time="8.017" classname="com.yeastar.swebtest.testcase.RegressionCase.pbxcore.Conference"/>
  <testcase name="A_add_conference2" time="13.408" classname="com.yeastar.swebtest.testcase.RegressionCase.pbxcore.Conference"/>
  <testcase name="B_editInRoute1" time="35.664" classname="com.yeastar.swebtest.testcase.RegressionCase.pbxcore.Conference"/>
  <testcase name="C_CallIn" time="76.204" classname="com.yeastar.swebtest.testcase.RegressionCase.pbxcore.Conference"/>
  <testcase name="D_callin1" time="17.884" classname="com.yeastar.swebtest.testcase.RegressionCase.pbxcore.Conference"/>
  <testcase name="D_callin2" time="17.779" classname="com.yeastar.swebtest.testcase.RegressionCase.pbxcore.Conference"/>
  <testcase name="D_callin3" time="12.778" classname="com.yeastar.swebtest.testcase.RegressionCase.pbxcore.Conference"/>
  <testcase name="D_callin4" time="17.781" classname="com.yeastar.swebtest.testcase.RegressionCase.pbxcore.Conference"/>
  <testcase name="D_callin5" time="9.001" classname="com.yeastar.swebtest.testcase.RegressionCase.pbxcore.Conference"/>
  <testcase name="D_callin6" time="27.132" classname="com.yeastar.swebtest.testcase.RegressionCase.pbxcore.Conference"/>
  <testcase name="E_invite" time="34.458" classname="com.yeastar.swebtest.testcase.RegressionCase.pbxcore.Conference"/>
  <testcase name="F_delete" time="49.235" classname="com.yeastar.swebtest.testcase.RegressionCase.pbxcore.Conference"/>
  <testcase name="G_recovery" time="33.994" classname="com.yeastar.swebtest.testcase.RegressionCase.pbxcore.Conference"/>
  <testcase name="A_add_callback" time="47.14" classname="com.yeastar.swebtest.testcase.RegressionCase.pbxcore.Callback">
    <failure type="org.openqa.selenium.WebDriverException" message="unknown error: Cannot read property &amp;apos;data&amp;apos; of null
  (Session info: chrome=57.0.2987.133)
  (Driver info: chromedriver=2.29.461591 (62ebf098771772160f391d75e589dc567915b233),platform=Windows NT 6.1.7601 SP1 x86_64) (WARNING: The server did not provide any stacktrace information)
Command duration or timeout: 23 milliseconds
Build info: version: &amp;apos;2.53.1&amp;apos;, revision: &amp;apos;a36b8b1cd5757287168e54b817830adce9b0158d&amp;apos;, time: &amp;apos;2016-06-30 19:26:09&amp;apos;
System info: host: &amp;apos;Yeastar-PC&amp;apos;, ip: &amp;apos;192.168.11.194&amp;apos;, os.name: &amp;apos;Windows 7&amp;apos;, os.arch: &amp;apos;x86&amp;apos;, os.version: &amp;apos;6.1&amp;apos;, java.version: &amp;apos;1.8.0_121&amp;apos;
Driver info: org.openqa.selenium.chrome.ChromeDriver
Capabilities [{applicationCacheEnabled=false, rotatable=false, mobileEmulationEnabled=false, networkConnectionEnabled=false, chrome={chromedriverVersion=2.29.461591 (62ebf098771772160f391d75e589dc567915b233), userDataDir=C:\Users\Yeastar\AppData\Local\Temp\scoped_dir45124_659}, takesHeapSnapshot=true, pageLoadStrategy=normal, databaseEnabled=false, handlesAlerts=true, hasTouchScreen=false, version=57.0.2987.133, platform=XP, browserConnectionEnabled=false, nativeEvents=true, acceptSslCerts=true, locationContextEnabled=true, webStorageEnabled=true, browserName=chrome, takesScreenshot=true, javascriptEnabled=true, cssSelectorsEnabled=true, unexpectedAlertBehaviour=}]
Session ID: cc4665db85d45c26b4942044380fb628">
      <![CDATA[org.openqa.selenium.WebDriverException: unknown error: Cannot read property 'data' of null
  (Session info: chrome=57.0.2987.133)
  (Driver info: chromedriver=2.29.461591 (62ebf098771772160f391d75e589dc567915b233),platform=Windows NT 6.1.7601 SP1 x86_64) (WARNING: The server did not provide any stacktrace information)
Command duration or timeout: 23 milliseconds
Build info: version: '2.53.1', revision: 'a36b8b1cd5757287168e54b817830adce9b0158d', time: '2016-06-30 19:26:09'
System info: host: 'Yeastar-PC', ip: '192.168.11.194', os.name: 'Windows 7', os.arch: 'x86', os.version: '6.1', java.version: '1.8.0_121'
Driver info: org.openqa.selenium.chrome.ChromeDriver
Capabilities [{applicationCacheEnabled=false, rotatable=false, mobileEmulationEnabled=false, networkConnectionEnabled=false, chrome={chromedriverVersion=2.29.461591 (62ebf098771772160f391d75e589dc567915b233), userDataDir=C:\Users\Yeastar\AppData\Local\Temp\scoped_dir45124_659}, takesHeapSnapshot=true, pageLoadStrategy=normal, databaseEnabled=false, handlesAlerts=true, hasTouchScreen=false, version=57.0.2987.133, platform=XP, browserConnectionEnabled=false, nativeEvents=true, acceptSslCerts=true, locationContextEnabled=true, webStorageEnabled=true, browserName=chrome, takesScreenshot=true, javascriptEnabled=true, cssSelectorsEnabled=true, unexpectedAlertBehaviour=}]
Session ID: cc4665db85d45c26b4942044380fb628
	at org.openqa.selenium.remote.ErrorHandler.createThrowable(ErrorHandler.java:206)
	at org.openqa.selenium.remote.ErrorHandler.throwIfResponseFailed(ErrorHandler.java:158)
	at org.openqa.selenium.remote.RemoteWebDriver.execute(RemoteWebDriver.java:678)
	at org.openqa.selenium.remote.RemoteWebDriver.executeScript(RemoteWebDriver.java:577)
	at com.yeastar.swebtest.driver.SwebDriver.executeJs(SwebDriver.java:649)
	at com.yeastar.swebtest.driver.SwebDriver.listGetId(SwebDriver.java:366)
	at com.yeastar.swebtest.driver.SwebDriver.comboboxSet(SwebDriver.java:461)
	at com.yeastar.swebtest.testcase.RegressionCase.pbxcore.Callback.A_add_callback(Callback.java:61)
... Removed 30 stack frames]]>
    </failure>
  </testcase> <!-- A_add_callback -->
  <testcase name="B_editInbound1" time="15.646" classname="com.yeastar.swebtest.testcase.RegressionCase.pbxcore.Callback">
    <failure type="com.codeborne.selenide.ex.ElementNotFound" message="Element not found {By.xpath: .//div[starts-with(@id,&amp;quot;control-panel&amp;quot;)]//div[starts-with(@id,&amp;quot;set-lefttree&amp;quot;)]//span[text()=&amp;quot;Call Control&amp;quot;]}
Expected: exist">
      <![CDATA[Element not found {By.xpath: .//div[starts-with(@id,"control-panel")]//div[starts-with(@id,"set-lefttree")]//span[text()="Call Control"]}
Expected: exist
Screenshot: file:/F:/MyProject/SwebTest/SwebTest/build/reports/tests/1510222852602.11.png
Timeout: 15 s.
Caused by: WebDriverException: unknown error: Element <span class="x-tree-node-text ">...</span> is not clickable at point (484, 387). Other element would receive the click: <div id="form-1811-innerCt" data-ref="innerCt" style="" role="presentation" class="x-autocontainer-innerCt">...</div>
	at com.codeborne.selenide.impl.WebElementSource.createElementNotFoundError(WebElementSource.java:31)
	at com.codeborne.selenide.impl.ElementFinder.createElementNotFoundError(ElementFinder.java:82)
	at com.codeborne.selenide.impl.SelenideElementProxy.dispatchAndRetry(SelenideElementProxy.java:115)
	at com.codeborne.selenide.impl.SelenideElementProxy.invoke(SelenideElementProxy.java:62)
	at com.sun.proxy.$Proxy4.click(Unknown Source)
	at com.yeastar.swebtest.testcase.RegressionCase.pbxcore.Callback.B_editInbound1(Callback.java:69)
Caused by: org.openqa.selenium.WebDriverException: unknown error: Element <span class="x-tree-node-text ">...</span> is not clickable at point (484, 387). Other element would receive the click: <div id="form-1811-innerCt" data-ref="innerCt" style="" role="presentation" class="x-autocontainer-innerCt">...</div>
  (Session info: chrome=57.0.2987.133)
  (Driver info: chromedriver=2.29.461591 (62ebf098771772160f391d75e589dc567915b233),platform=Windows NT 6.1.7601 SP1 x86_64) (WARNING: The server did not provide any stacktrace information)
Command duration or timeout: 23 milliseconds
Build info: version: '2.53.1', revision: 'a36b8b1cd5757287168e54b817830adce9b0158d', time: '2016-06-30 19:26:09'
System info: host: 'Yeastar-PC', ip: '192.168.11.194', os.name: 'Windows 7', os.arch: 'x86', os.version: '6.1', java.version: '1.8.0_121'
Driver info: org.openqa.selenium.chrome.ChromeDriver
Capabilities [{applicationCacheEnabled=false, rotatable=false, mobileEmulationEnabled=false, networkConnectionEnabled=false, chrome={chromedriverVersion=2.29.461591 (62ebf098771772160f391d75e589dc567915b233), userDataDir=C:\Users\Yeastar\AppData\Local\Temp\scoped_dir45124_659}, takesHeapSnapshot=true, pageLoadStrategy=normal, databaseEnabled=false, handlesAlerts=true, hasTouchScreen=false, version=57.0.2987.133, platform=XP, browserConnectionEnabled=false, nativeEvents=true, acceptSslCerts=true, locationContextEnabled=true, webStorageEnabled=true, browserName=chrome, takesScreenshot=true, javascriptEnabled=true, cssSelectorsEnabled=true, unexpectedAlertBehaviour=}]
Session ID: cc4665db85d45c26b4942044380fb628
	at org.openqa.selenium.remote.ErrorHandler.createThrowable(ErrorHandler.java:206)
	at org.openqa.selenium.remote.ErrorHandler.throwIfResponseFailed(ErrorHandler.java:158)
	at org.openqa.selenium.remote.RemoteWebDriver.execute(RemoteWebDriver.java:678)
	at org.openqa.selenium.remote.RemoteWebElement.execute(RemoteWebElement.java:327)
	at org.openqa.selenium.remote.RemoteWebElement.click(RemoteWebElement.java:85)
	at com.codeborne.selenide.commands.Click.click(Click.java:22)
	at com.codeborne.selenide.commands.Click.execute(Click.java:14)
	at com.codeborne.selenide.commands.Click.execute(Click.java:11)
	at com.codeborne.selenide.commands.Commands.execute(Commands.java:140)
	at com.codeborne.selenide.impl.SelenideElementProxy.dispatchAndRetry(SelenideElementProxy.java:86)
	... 30 more
... Removed 30 stack frames]]>
    </failure>
  </testcase> <!-- B_editInbound1 -->
  <testcase name="C_calldefault1_sip" time="28.672" classname="com.yeastar.swebtest.testcase.RegressionCase.pbxcore.Callback">
    <failure type="java.lang.AssertionError" message="预期3001会响铃 【预期：2 实际：4】">
      <![CDATA[java.lang.AssertionError: 预期3001会响铃 【预期：2 实际：4】
	at com.yeastar.swebtest.tools.ysassert.YsAssert.fail(YsAssert.java:1086)
	at com.yeastar.swebtest.tools.ysassert.YsAssert.failNotEquals(YsAssert.java:579)
	at com.yeastar.swebtest.tools.ysassert.YsAssert.assertEqualsImpl(YsAssert.java:142)
	at com.yeastar.swebtest.tools.ysassert.YsAssert.assertEquals(YsAssert.java:116)
	at com.yeastar.swebtest.tools.ysassert.YsAssert.assertEquals(YsAssert.java:425)
	at com.yeastar.swebtest.testcase.RegressionCase.pbxcore.Callback.C_calldefault1_sip(Callback.java:86)
... Removed 27 stack frames]]>
    </failure>
  </testcase> <!-- C_calldefault1_sip -->
  <testcase name="C_calldefault2_sps" time="28.63" classname="com.yeastar.swebtest.testcase.RegressionCase.pbxcore.Callback">
    <failure type="java.lang.AssertionError" message="预期2000会响铃 【预期：2 实际：4】">
      <![CDATA[java.lang.AssertionError: 预期2000会响铃 【预期：2 实际：4】
	at com.yeastar.swebtest.tools.ysassert.YsAssert.fail(YsAssert.java:1086)
	at com.yeastar.swebtest.tools.ysassert.YsAssert.failNotEquals(YsAssert.java:579)
	at com.yeastar.swebtest.tools.ysassert.YsAssert.assertEqualsImpl(YsAssert.java:142)
	at com.yeastar.swebtest.tools.ysassert.YsAssert.assertEquals(YsAssert.java:116)
	at com.yeastar.swebtest.tools.ysassert.YsAssert.assertEquals(YsAssert.java:425)
	at com.yeastar.swebtest.testcase.RegressionCase.pbxcore.Callback.C_calldefault2_sps(Callback.java:101)
... Removed 27 stack frames]]>
    </failure>
  </testcase> <!-- C_calldefault2_sps -->
  <testcase name="D_editInbound1" time="16.035" classname="com.yeastar.swebtest.testcase.RegressionCase.pbxcore.Callback">
    <failure type="com.codeborne.selenide.ex.ElementNotFound" message="Element not found {By.xpath: .//div[starts-with(@id,&amp;quot;control-panel&amp;quot;)]//div[starts-with(@id,&amp;quot;set-lefttree&amp;quot;)]//span[text()=&amp;quot;Call Control&amp;quot;]}
Expected: exist">
      <![CDATA[Element not found {By.xpath: .//div[starts-with(@id,"control-panel")]//div[starts-with(@id,"set-lefttree")]//span[text()="Call Control"]}
Expected: exist
Screenshot: file:/F:/MyProject/SwebTest/SwebTest/build/reports/tests/1510222925917.12.png
Timeout: 15 s.
Caused by: WebDriverException: unknown error: Element <span class="x-tree-node-text ">...</span> is not clickable at point (484, 387). Other element would receive the click: <div id="form-1811-innerCt" data-ref="innerCt" style="" role="presentation" class="x-autocontainer-innerCt">...</div>
	at com.codeborne.selenide.impl.WebElementSource.createElementNotFoundError(WebElementSource.java:31)
	at com.codeborne.selenide.impl.ElementFinder.createElementNotFoundError(ElementFinder.java:82)
	at com.codeborne.selenide.impl.SelenideElementProxy.dispatchAndRetry(SelenideElementProxy.java:115)
	at com.codeborne.selenide.impl.SelenideElementProxy.invoke(SelenideElementProxy.java:62)
	at com.sun.proxy.$Proxy4.click(Unknown Source)
	at com.yeastar.swebtest.testcase.RegressionCase.pbxcore.Callback.D_editInbound1(Callback.java:117)
Caused by: org.openqa.selenium.WebDriverException: unknown error: Element <span class="x-tree-node-text ">...</span> is not clickable at point (484, 387). Other element would receive the click: <div id="form-1811-innerCt" data-ref="innerCt" style="" role="presentation" class="x-autocontainer-innerCt">...</div>
  (Session info: chrome=57.0.2987.133)
  (Driver info: chromedriver=2.29.461591 (62ebf098771772160f391d75e589dc567915b233),platform=Windows NT 6.1.7601 SP1 x86_64) (WARNING: The server did not provide any stacktrace information)
Command duration or timeout: 25 milliseconds
Build info: version: '2.53.1', revision: 'a36b8b1cd5757287168e54b817830adce9b0158d', time: '2016-06-30 19:26:09'
System info: host: 'Yeastar-PC', ip: '192.168.11.194', os.name: 'Windows 7', os.arch: 'x86', os.version: '6.1', java.version: '1.8.0_121'
Driver info: org.openqa.selenium.chrome.ChromeDriver
Capabilities [{applicationCacheEnabled=false, rotatable=false, mobileEmulationEnabled=false, networkConnectionEnabled=false, chrome={chromedriverVersion=2.29.461591 (62ebf098771772160f391d75e589dc567915b233), userDataDir=C:\Users\Yeastar\AppData\Local\Temp\scoped_dir45124_659}, takesHeapSnapshot=true, pageLoadStrategy=normal, databaseEnabled=false, handlesAlerts=true, hasTouchScreen=false, version=57.0.2987.133, platform=XP, browserConnectionEnabled=false, nativeEvents=true, acceptSslCerts=true, locationContextEnabled=true, webStorageEnabled=true, browserName=chrome, takesScreenshot=true, javascriptEnabled=true, cssSelectorsEnabled=true, unexpectedAlertBehaviour=}]
Session ID: cc4665db85d45c26b4942044380fb628
	at org.openqa.selenium.remote.ErrorHandler.createThrowable(ErrorHandler.java:206)
	at org.openqa.selenium.remote.ErrorHandler.throwIfResponseFailed(ErrorHandler.java:158)
	at org.openqa.selenium.remote.RemoteWebDriver.execute(RemoteWebDriver.java:678)
	at org.openqa.selenium.remote.RemoteWebElement.execute(RemoteWebElement.java:327)
	at org.openqa.selenium.remote.RemoteWebElement.click(RemoteWebElement.java:85)
	at com.codeborne.selenide.commands.Click.click(Click.java:22)
	at com.codeborne.selenide.commands.Click.execute(Click.java:14)
	at com.codeborne.selenide.commands.Click.execute(Click.java:11)
	at com.codeborne.selenide.commands.Commands.execute(Commands.java:140)
	at com.codeborne.selenide.impl.SelenideElementProxy.dispatchAndRetry(SelenideElementProxy.java:86)
	... 30 more
... Removed 30 stack frames]]>
    </failure>
  </testcase> <!-- D_editInbound1 -->
  <testcase name="E_callbackThroughSPS" time="28.68" classname="com.yeastar.swebtest.testcase.RegressionCase.pbxcore.Callback">
    <failure type="java.lang.AssertionError" message="预期辅助2的2000分机响铃 【预期：2 实际：4】">
      <![CDATA[java.lang.AssertionError: 预期辅助2的2000分机响铃 【预期：2 实际：4】
	at com.yeastar.swebtest.tools.ysassert.YsAssert.fail(YsAssert.java:1086)
	at com.yeastar.swebtest.tools.ysassert.YsAssert.failNotEquals(YsAssert.java:579)
	at com.yeastar.swebtest.tools.ysassert.YsAssert.assertEqualsImpl(YsAssert.java:142)
	at com.yeastar.swebtest.tools.ysassert.YsAssert.assertEquals(YsAssert.java:116)
	at com.yeastar.swebtest.tools.ysassert.YsAssert.assertEquals(YsAssert.java:425)
	at com.yeastar.swebtest.testcase.RegressionCase.pbxcore.Callback.E_callbackThroughSPS(Callback.java:134)
... Removed 27 stack frames]]>
    </failure>
  </testcase> <!-- E_callbackThroughSPS -->
  <testcase name="F_delete" time="15.957" classname="com.yeastar.swebtest.testcase.RegressionCase.pbxcore.Callback">
    <failure type="com.codeborne.selenide.ex.ElementNotFound" message="Element not found {By.xpath: .//div[starts-with(@id,&amp;quot;control-panel&amp;quot;)]//div[starts-with(@id,&amp;quot;set-lefttree&amp;quot;)]//span[text()=&amp;quot;Call Features&amp;quot;]}
Expected: exist">
      <![CDATA[Element not found {By.xpath: .//div[starts-with(@id,"control-panel")]//div[starts-with(@id,"set-lefttree")]//span[text()="Call Features"]}
Expected: exist
Screenshot: file:/F:/MyProject/SwebTest/SwebTest/build/reports/tests/1510222970589.13.png
Timeout: 15 s.
Caused by: WebDriverException: unknown error: Element <span class="x-tree-node-text ">...</span> is not clickable at point (485, 417). Other element would receive the click: <label id="st-callback-delay-labelEl" data-ref="labelEl" class="x-form-item-label x-form-item-label-default x-unselectable" style="padding-right:5px;width:180px;" for="st-callback-delay-inputEl">...</label>
	at com.codeborne.selenide.impl.WebElementSource.createElementNotFoundError(WebElementSource.java:31)
	at com.codeborne.selenide.impl.ElementFinder.createElementNotFoundError(ElementFinder.java:82)
	at com.codeborne.selenide.impl.SelenideElementProxy.dispatchAndRetry(SelenideElementProxy.java:115)
	at com.codeborne.selenide.impl.SelenideElementProxy.invoke(SelenideElementProxy.java:62)
	at com.sun.proxy.$Proxy4.click(Unknown Source)
	at com.yeastar.swebtest.testcase.RegressionCase.pbxcore.Callback.F_delete(Callback.java:151)
Caused by: org.openqa.selenium.WebDriverException: unknown error: Element <span class="x-tree-node-text ">...</span> is not clickable at point (485, 417). Other element would receive the click: <label id="st-callback-delay-labelEl" data-ref="labelEl" class="x-form-item-label x-form-item-label-default x-unselectable" style="padding-right:5px;width:180px;" for="st-callback-delay-inputEl">...</label>
  (Session info: chrome=57.0.2987.133)
  (Driver info: chromedriver=2.29.461591 (62ebf098771772160f391d75e589dc567915b233),platform=Windows NT 6.1.7601 SP1 x86_64) (WARNING: The server did not provide any stacktrace information)
Command duration or timeout: 22 milliseconds
Build info: version: '2.53.1', revision: 'a36b8b1cd5757287168e54b817830adce9b0158d', time: '2016-06-30 19:26:09'
System info: host: 'Yeastar-PC', ip: '192.168.11.194', os.name: 'Windows 7', os.arch: 'x86', os.version: '6.1', java.version: '1.8.0_121'
Driver info: org.openqa.selenium.chrome.ChromeDriver
Capabilities [{applicationCacheEnabled=false, rotatable=false, mobileEmulationEnabled=false, networkConnectionEnabled=false, chrome={chromedriverVersion=2.29.461591 (62ebf098771772160f391d75e589dc567915b233), userDataDir=C:\Users\Yeastar\AppData\Local\Temp\scoped_dir45124_659}, takesHeapSnapshot=true, pageLoadStrategy=normal, databaseEnabled=false, handlesAlerts=true, hasTouchScreen=false, version=57.0.2987.133, platform=XP, browserConnectionEnabled=false, nativeEvents=true, acceptSslCerts=true, locationContextEnabled=true, webStorageEnabled=true, browserName=chrome, takesScreenshot=true, javascriptEnabled=true, cssSelectorsEnabled=true, unexpectedAlertBehaviour=}]
Session ID: cc4665db85d45c26b4942044380fb628
	at org.openqa.selenium.remote.ErrorHandler.createThrowable(ErrorHandler.java:206)
	at org.openqa.selenium.remote.ErrorHandler.throwIfResponseFailed(ErrorHandler.java:158)
	at org.openqa.selenium.remote.RemoteWebDriver.execute(RemoteWebDriver.java:678)
	at org.openqa.selenium.remote.RemoteWebElement.execute(RemoteWebElement.java:327)
	at org.openqa.selenium.remote.RemoteWebElement.click(RemoteWebElement.java:85)
	at com.codeborne.selenide.commands.Click.click(Click.java:22)
	at com.codeborne.selenide.commands.Click.execute(Click.java:14)
	at com.codeborne.selenide.commands.Click.execute(Click.java:11)
	at com.codeborne.selenide.commands.Commands.execute(Commands.java:140)
	at com.codeborne.selenide.impl.SelenideElementProxy.dispatchAndRetry(SelenideElementProxy.java:86)
	... 30 more
... Removed 30 stack frames]]>
    </failure>
  </testcase> <!-- F_delete -->
  <testcase name="G_Recovery" time="15.678" classname="com.yeastar.swebtest.testcase.RegressionCase.pbxcore.Callback">
    <failure type="com.codeborne.selenide.ex.ElementNotFound" message="Element not found {By.xpath: .//div[starts-with(@id,&amp;quot;control-panel&amp;quot;)]//div[starts-with(@id,&amp;quot;set-lefttree&amp;quot;)]//span[text()=&amp;quot;Call Control&amp;quot;]}
Expected: exist">
      <![CDATA[Element not found {By.xpath: .//div[starts-with(@id,"control-panel")]//div[starts-with(@id,"set-lefttree")]//span[text()="Call Control"]}
Expected: exist
Screenshot: file:/F:/MyProject/SwebTest/SwebTest/build/reports/tests/1510222986234.14.png
Timeout: 15 s.
Caused by: WebDriverException: unknown error: Element <span class="x-tree-node-text ">...</span> is not clickable at point (484, 387). Other element would receive the click: <div id="form-1811-innerCt" data-ref="innerCt" style="" role="presentation" class="x-autocontainer-innerCt">...</div>
	at com.codeborne.selenide.impl.WebElementSource.createElementNotFoundError(WebElementSource.java:31)
	at com.codeborne.selenide.impl.ElementFinder.createElementNotFoundError(ElementFinder.java:82)
	at com.codeborne.selenide.impl.SelenideElementProxy.dispatchAndRetry(SelenideElementProxy.java:115)
	at com.codeborne.selenide.impl.SelenideElementProxy.invoke(SelenideElementProxy.java:62)
	at com.sun.proxy.$Proxy4.click(Unknown Source)
	at com.yeastar.swebtest.testcase.RegressionCase.pbxcore.Callback.G_Recovery(Callback.java:199)
Caused by: org.openqa.selenium.WebDriverException: unknown error: Element <span class="x-tree-node-text ">...</span> is not clickable at point (484, 387). Other element would receive the click: <div id="form-1811-innerCt" data-ref="innerCt" style="" role="presentation" class="x-autocontainer-innerCt">...</div>
  (Session info: chrome=57.0.2987.133)
  (Driver info: chromedriver=2.29.461591 (62ebf098771772160f391d75e589dc567915b233),platform=Windows NT 6.1.7601 SP1 x86_64) (WARNING: The server did not provide any stacktrace information)
Command duration or timeout: 21 milliseconds
Build info: version: '2.53.1', revision: 'a36b8b1cd5757287168e54b817830adce9b0158d', time: '2016-06-30 19:26:09'
System info: host: 'Yeastar-PC', ip: '192.168.11.194', os.name: 'Windows 7', os.arch: 'x86', os.version: '6.1', java.version: '1.8.0_121'
Driver info: org.openqa.selenium.chrome.ChromeDriver
Capabilities [{applicationCacheEnabled=false, rotatable=false, mobileEmulationEnabled=false, networkConnectionEnabled=false, chrome={chromedriverVersion=2.29.461591 (62ebf098771772160f391d75e589dc567915b233), userDataDir=C:\Users\Yeastar\AppData\Local\Temp\scoped_dir45124_659}, takesHeapSnapshot=true, pageLoadStrategy=normal, databaseEnabled=false, handlesAlerts=true, hasTouchScreen=false, version=57.0.2987.133, platform=XP, browserConnectionEnabled=false, nativeEvents=true, acceptSslCerts=true, locationContextEnabled=true, webStorageEnabled=true, browserName=chrome, takesScreenshot=true, javascriptEnabled=true, cssSelectorsEnabled=true, unexpectedAlertBehaviour=}]
Session ID: cc4665db85d45c26b4942044380fb628
	at org.openqa.selenium.remote.ErrorHandler.createThrowable(ErrorHandler.java:206)
	at org.openqa.selenium.remote.ErrorHandler.throwIfResponseFailed(ErrorHandler.java:158)
	at org.openqa.selenium.remote.RemoteWebDriver.execute(RemoteWebDriver.java:678)
	at org.openqa.selenium.remote.RemoteWebElement.execute(RemoteWebElement.java:327)
	at org.openqa.selenium.remote.RemoteWebElement.click(RemoteWebElement.java:85)
	at com.codeborne.selenide.commands.Click.click(Click.java:22)
	at com.codeborne.selenide.commands.Click.execute(Click.java:14)
	at com.codeborne.selenide.commands.Click.execute(Click.java:11)
	at com.codeborne.selenide.commands.Commands.execute(Commands.java:140)
	at com.codeborne.selenide.impl.SelenideElementProxy.dispatchAndRetry(SelenideElementProxy.java:86)
	... 30 more
... Removed 30 stack frames]]>
    </failure>
  </testcase> <!-- G_Recovery -->
  <testcase name="A1_sip" time="44.101" classname="com.yeastar.swebtest.testcase.RegressionCase.pbxcore.Extension">
    <failure type="java.lang.AssertionError" message=" 录音失败">
      <![CDATA[java.lang.AssertionError:  录音失败
	at com.yeastar.swebtest.tools.ysassert.YsAssert.fail(YsAssert.java:1086)
	at com.yeastar.swebtest.testcase.RegressionCase.pbxcore.Extension.A1_sip(Extension.java:135)
... Removed 27 stack frames]]>
    </failure>
  </testcase> <!-- A1_sip -->
  <testcase name="A2_sip" time="28.006" classname="com.yeastar.swebtest.testcase.RegressionCase.pbxcore.Extension"/>
  <testcase name="A3_fxs" time="36.297" classname="com.yeastar.swebtest.testcase.RegressionCase.pbxcore.Extension"/>
  <testcase name="A4_fxs" time="38.798" classname="com.yeastar.swebtest.testcase.RegressionCase.pbxcore.Extension"/>
  <testcase name="B1_AttendTranfer" time="51.017" classname="com.yeastar.swebtest.testcase.RegressionCase.pbxcore.Extension"/>
  <testcase name="B2_AttendTranferTimeout" time="53.963" classname="com.yeastar.swebtest.testcase.RegressionCase.pbxcore.Extension"/>
  <testcase name="B3_BlindTransfer" time="47.443" classname="com.yeastar.swebtest.testcase.RegressionCase.pbxcore.Extension"/>
  <testcase name="C1_callpark" time="46.279" classname="com.yeastar.swebtest.testcase.RegressionCase.pbxcore.Extension"/>
  <testcase name="C2_callpark" time="54.346" classname="com.yeastar.swebtest.testcase.RegressionCase.pbxcore.Extension"/>
  <testcase name="D1_callforward" time="32.439" classname="com.yeastar.swebtest.testcase.RegressionCase.pbxcore.Extension"/>
  <testcase name="D2_cancellForward" time="30.483" classname="com.yeastar.swebtest.testcase.RegressionCase.pbxcore.Extension"/>
  <testcase name="E1_whenbusy" time="56.347" classname="com.yeastar.swebtest.testcase.RegressionCase.pbxcore.Extension"/>
  <testcase name="E2_cancelWhenBusy" time="53.034" classname="com.yeastar.swebtest.testcase.RegressionCase.pbxcore.Extension">
    <failure type="java.lang.AssertionError" message="预期1101挂断状态 【预期：4 实际：3】">
      <![CDATA[java.lang.AssertionError: 预期1101挂断状态 【预期：4 实际：3】
	at com.yeastar.swebtest.tools.ysassert.YsAssert.fail(YsAssert.java:1086)
	at com.yeastar.swebtest.tools.ysassert.YsAssert.failNotEquals(YsAssert.java:579)
	at com.yeastar.swebtest.tools.ysassert.YsAssert.assertEqualsImpl(YsAssert.java:142)
	at com.yeastar.swebtest.tools.ysassert.YsAssert.assertEquals(YsAssert.java:116)
	at com.yeastar.swebtest.tools.ysassert.YsAssert.assertEquals(YsAssert.java:425)
	at com.yeastar.swebtest.testcase.RegressionCase.pbxcore.Extension.E2_cancelWhenBusy(Extension.java:337)
... Removed 27 stack frames]]>
    </failure>
  </testcase> <!-- E2_cancelWhenBusy -->
  <testcase name="F1_NoAnswer" time="58.796" classname="com.yeastar.swebtest.testcase.RegressionCase.pbxcore.Extension">
    <failure type="java.lang.AssertionError" message="CDR被叫方检测 【预期：1105 [1105] 实际：1105 [1105(from 1100)]】">
      <![CDATA[java.lang.AssertionError: CDR被叫方检测 【预期：1105 [1105] 实际：1105 [1105(from 1100)]】
	at com.yeastar.swebtest.tools.ysassert.YsAssert.fail(YsAssert.java:1086)
	at com.yeastar.swebtest.tools.ysassert.YsAssert.failNotEquals(YsAssert.java:579)
	at com.yeastar.swebtest.tools.ysassert.YsAssert.assertEqualsImpl(YsAssert.java:142)
	at com.yeastar.swebtest.tools.ysassert.YsAssert.assertEquals(YsAssert.java:116)
	at com.yeastar.swebtest.tools.ysassert.YsAssert.assertEquals(YsAssert.java:199)
	at com.yeastar.swebtest.driver.YSMethod.YS_Extension.checkCDR(YS_Extension.java:258)
	at com.yeastar.swebtest.driver.YSMethod.YS_Extension.checkCDR(YS_Extension.java:250)
	at com.yeastar.swebtest.testcase.RegressionCase.pbxcore.Extension.F1_NoAnswer(Extension.java:354)
... Removed 27 stack frames]]>
    </failure>
  </testcase> <!-- F1_NoAnswer -->
  <testcase name="F2_NoAnswer" time="55.135" classname="com.yeastar.swebtest.testcase.RegressionCase.pbxcore.Extension"/>
  <testcase name="G1_dnd" time="26.769" classname="com.yeastar.swebtest.testcase.RegressionCase.pbxcore.Extension">
    <failure type="java.lang.AssertionError" message="预期1000为HangUp 【预期：4 实际：3】">
      <![CDATA[java.lang.AssertionError: 预期1000为HangUp 【预期：4 实际：3】
	at com.yeastar.swebtest.tools.ysassert.YsAssert.fail(YsAssert.java:1086)
	at com.yeastar.swebtest.tools.ysassert.YsAssert.failNotEquals(YsAssert.java:579)
	at com.yeastar.swebtest.tools.ysassert.YsAssert.assertEqualsImpl(YsAssert.java:142)
	at com.yeastar.swebtest.tools.ysassert.YsAssert.assertEquals(YsAssert.java:116)
	at com.yeastar.swebtest.tools.ysassert.YsAssert.assertEquals(YsAssert.java:425)
	at com.yeastar.swebtest.testcase.RegressionCase.pbxcore.Extension.G1_dnd(Extension.java:378)
... Removed 27 stack frames]]>
    </failure>
  </testcase> <!-- G1_dnd -->
  <testcase name="G2_canceldnd" time="30.313" classname="com.yeastar.swebtest.testcase.RegressionCase.pbxcore.Extension"/>
  <testcase name="H1_resetToDefault" time="10.099" classname="com.yeastar.swebtest.testcase.RegressionCase.pbxcore.Extension"/>
  <testcase name="I_Voicemail" time="78.361" classname="com.yeastar.swebtest.testcase.RegressionCase.pbxcore.Extension"/>
  <testcase name="J_internal" time="49.326" classname="com.yeastar.swebtest.testcase.RegressionCase.pbxcore.Extension"/>
  <testcase name="K1_check_Voicemail" time="25.496" classname="com.yeastar.swebtest.testcase.RegressionCase.pbxcore.Extension"/>
  <testcase name="K2_Check_OneTouchRecord" time="4.781" classname="com.yeastar.swebtest.testcase.RegressionCase.pbxcore.Extension"/>
  <testcase name="A_SetInRoute" time="33.006" classname="com.yeastar.swebtest.testcase.RegressionCase.pbxcore.Blacklist_Whitelist"/>
  <testcase name="B_BlackListSPS" time="58.382" classname="com.yeastar.swebtest.testcase.RegressionCase.pbxcore.Blacklist_Whitelist"/>
  <testcase name="C_BlackListSIP1" time="59.03" classname="com.yeastar.swebtest.testcase.RegressionCase.pbxcore.Blacklist_Whitelist"/>
  <testcase name="D_WhiteListSPS" time="59.783" classname="com.yeastar.swebtest.testcase.RegressionCase.pbxcore.Blacklist_Whitelist"/>
  <testcase name="E_WhiteListSIP" time="61.169" classname="com.yeastar.swebtest.testcase.RegressionCase.pbxcore.Blacklist_Whitelist"/>
  <testcase name="F_EditBlackList2" time="89.722" classname="com.yeastar.swebtest.testcase.RegressionCase.pbxcore.Blacklist_Whitelist"/>
  <testcase name="G_EditWhiteList1" time="64.193" classname="com.yeastar.swebtest.testcase.RegressionCase.pbxcore.Blacklist_Whitelist"/>
  <testcase name="H_Export" time="0.0" classname="com.yeastar.swebtest.testcase.RegressionCase.pbxcore.Blacklist_Whitelist"/>
  <testcase name="I_DeleteBlackList" time="40.709" classname="com.yeastar.swebtest.testcase.RegressionCase.pbxcore.Blacklist_Whitelist"/>
  <testcase name="J_DeleteWhiteList" time="40.671" classname="com.yeastar.swebtest.testcase.RegressionCase.pbxcore.Blacklist_Whitelist"/>
  <testcase name="A_CreatePin" time="17.112" classname="com.yeastar.swebtest.testcase.RegressionCase.pbxcore.Disa_PinList"/>
  <testcase name="B_CreateDisa" time="36.101" classname="com.yeastar.swebtest.testcase.RegressionCase.pbxcore.Disa_PinList"/>
  <testcase name="C_EditInroute" time="86.51" classname="com.yeastar.swebtest.testcase.RegressionCase.pbxcore.Disa_PinList"/>
  <testcase name="D_EditDisa" time="98.69" classname="com.yeastar.swebtest.testcase.RegressionCase.pbxcore.Disa_PinList"/>
  <testcase name="E_Disa1" time="26.647" classname="com.yeastar.swebtest.testcase.RegressionCase.pbxcore.Disa_PinList"/>
  <testcase name="G_Delete" time="64.943" classname="com.yeastar.swebtest.testcase.RegressionCase.pbxcore.Disa_PinList"/>
  <testcase name="G_Recovery" time="33.046" classname="com.yeastar.swebtest.testcase.RegressionCase.pbxcore.Disa_PinList"/>
  <testcase name="A_EmergencyNumber" time="118.458" classname="com.yeastar.swebtest.testcase.RegressionCase.pbxcore.EmergencyNumber"/>
  <testcase name="B_EditEmergencyNumber" time="80.318" classname="com.yeastar.swebtest.testcase.RegressionCase.pbxcore.EmergencyNumber"/>
  <testcase name="C_DeleteEmergencyNumber" time="54.355" classname="com.yeastar.swebtest.testcase.RegressionCase.pbxcore.EmergencyNumber"/>
  <testcase name="D_BlukDelete" time="44.854" classname="com.yeastar.swebtest.testcase.RegressionCase.pbxcore.EmergencyNumber"/>
</testsuite> <!-- pbxcore -->
