<?xml version="1.0" encoding="UTF-8"?>
<!-- Generated by org.testng.reporters.JUnitXMLReporter -->
<testsuite hostname="Yeastar-PC" name="Extension" tests="10" failures="4" timestamp="2 Aug 2017 04:07:36 GMT" time="140.817" errors="0">
  <testcase name="A_CreateExtension" time="10.388" classname="com.yeastar.swebtest.testcase.smokecase.pbxcase.Extension.ExtensionTest">
    <failure type="java.lang.AssertionError" message="【预期：1000 实际：1109】">
      <![CDATA[java.lang.AssertionError: 【预期：1000 实际：1109】
	at com.yeastar.swebtest.tools.ysassert.YsAssert.fail(YsAssert.java:1082)
	at com.yeastar.swebtest.tools.ysassert.YsAssert.failNotEquals(YsAssert.java:579)
	at com.yeastar.swebtest.tools.ysassert.YsAssert.assertEqualsImpl(YsAssert.java:142)
	at com.yeastar.swebtest.tools.ysassert.YsAssert.assertEquals(YsAssert.java:116)
	at com.yeastar.swebtest.tools.ysassert.YsAssert.assertEquals(YsAssert.java:199)
	at com.yeastar.swebtest.tools.ysassert.YsAssert.assertEquals(YsAssert.java:210)
	at com.yeastar.swebtest.testcase.smokecase.pbxcase.Extension.ExtensionTest.A_CreateExtension(ExtensionTest.java:44)
... Removed 27 stack frames]]>
    </failure>
  </testcase> <!-- A_CreateExtension -->
  <testcase name="B_CreateFxsExtension" time="16.659" classname="com.yeastar.swebtest.testcase.smokecase.pbxcase.Extension.ExtensionTest">
    <failure type="com.codeborne.selenide.ex.ElementShould" message="Element should be visible {By.xpath: .//a[starts-with(@class,&amp;apos;css_apply&amp;apos;) and text()=&amp;apos;Apply&amp;apos;]}
Element: &amp;apos;&amp;lt;a class=&amp;quot;css_apply&amp;quot; displayed:false&amp;gt;&amp;lt;/a&amp;gt;&amp;apos;">
      <![CDATA[Element should be visible {By.xpath: .//a[starts-with(@class,'css_apply') and text()='Apply']}
Element: '<a class="css_apply" displayed:false></a>'
Screenshot: file:/F:/MyProject/0GitProject/swebtest/SwebTest/build/reports/tests/1501646749276.4.png
Timeout: 10 s.
	at com.codeborne.selenide.impl.WebElementSource.checkCondition(WebElementSource.java:66)
	at com.codeborne.selenide.impl.WebElementSource.findAndAssertElementIsVisible(WebElementSource.java:72)
	at com.codeborne.selenide.commands.Click.execute(Click.java:14)
	at com.codeborne.selenide.commands.Click.execute(Click.java:11)
	at com.codeborne.selenide.commands.Commands.execute(Commands.java:140)
	at com.codeborne.selenide.impl.SelenideElementProxy.dispatchAndRetry(SelenideElementProxy.java:86)
	at com.codeborne.selenide.impl.SelenideElementProxy.invoke(SelenideElementProxy.java:62)
	at com.sun.proxy.$Proxy4.click(Unknown Source)
	at com.yeastar.swebtest.driver.YSMethod.YS_Extension.createFxsExtension(YS_Extension.java:177)
	at com.yeastar.swebtest.testcase.smokecase.pbxcase.Extension.ExtensionTest.B_CreateFxsExtension(ExtensionTest.java:53)
... Removed 27 stack frames]]>
    </failure>
  </testcase> <!-- B_CreateFxsExtension -->
  <testcase name="C_CreateBulkExtensions" time="10.39" classname="com.yeastar.swebtest.testcase.smokecase.pbxcase.Extension.ExtensionTest">
    <failure type="com.codeborne.selenide.ex.ElementNotFound" message="Element not found {By.xpath: .//span[starts-with(@class,&amp;quot;x-btn-inner x-btn-inner-ys-theme-small&amp;quot;) and text()=&amp;quot;Bulk Add&amp;quot;]}
Expected: exist">
      <![CDATA[Element not found {By.xpath: .//span[starts-with(@class,"x-btn-inner x-btn-inner-ys-theme-small") and text()="Bulk Add"]}
Expected: exist
Screenshot: file:/F:/MyProject/0GitProject/swebtest/SwebTest/build/reports/tests/1501646759654.5.png
Timeout: 10 s.
Caused by: WebDriverException: unknown error: Element <span id="button-1106-btnInnerEl" data-ref="btnInnerEl" unselectable="on" class="x-btn-inner x-btn-inner-ys-theme-small">...</span> is not clickable at point (490, 212). Other element would receive the click: <div role="presentation" class="x-mask x-border-box" style="height: 768px; width: 1424px; z-index: 28996; right: auto; left: 0px; top: 0px;" id="ext-element-90"></div>
	at com.codeborne.selenide.impl.WebElementSource.createElementNotFoundError(WebElementSource.java:31)
	at com.codeborne.selenide.impl.ElementFinder.createElementNotFoundError(ElementFinder.java:82)
	at com.codeborne.selenide.impl.SelenideElementProxy.dispatchAndRetry(SelenideElementProxy.java:115)
	at com.codeborne.selenide.impl.SelenideElementProxy.invoke(SelenideElementProxy.java:62)
	at com.sun.proxy.$Proxy4.click(Unknown Source)
	at com.yeastar.swebtest.driver.YSMethod.YS_Extension.createBulkExtensions(YS_Extension.java:186)
	at com.yeastar.swebtest.testcase.smokecase.pbxcase.Extension.ExtensionTest.C_CreateBulkExtensions(ExtensionTest.java:68)
Caused by: org.openqa.selenium.WebDriverException: unknown error: Element <span id="button-1106-btnInnerEl" data-ref="btnInnerEl" unselectable="on" class="x-btn-inner x-btn-inner-ys-theme-small">...</span> is not clickable at point (490, 212). Other element would receive the click: <div role="presentation" class="x-mask x-border-box" style="height: 768px; width: 1424px; z-index: 28996; right: auto; left: 0px; top: 0px;" id="ext-element-90"></div>
  (Session info: chrome=57.0.2987.133)
  (Driver info: chromedriver=2.29.461591 (62ebf098771772160f391d75e589dc567915b233),platform=Windows NT 6.1.7601 SP1 x86_64) (WARNING: The server did not provide any stacktrace information)
Command duration or timeout: 20 milliseconds
Build info: version: '2.53.1', revision: 'a36b8b1cd5757287168e54b817830adce9b0158d', time: '2016-06-30 19:26:09'
System info: host: 'Yeastar-PC', ip: '192.168.7.14', os.name: 'Windows 7', os.arch: 'x86', os.version: '6.1', java.version: '1.8.0_121'
Driver info: org.openqa.selenium.chrome.ChromeDriver
Capabilities [{applicationCacheEnabled=false, rotatable=false, mobileEmulationEnabled=false, networkConnectionEnabled=false, chrome={chromedriverVersion=2.29.461591 (62ebf098771772160f391d75e589dc567915b233), userDataDir=C:\Users\Yeastar\AppData\Local\Temp\scoped_dir9972_2999}, takesHeapSnapshot=true, pageLoadStrategy=normal, databaseEnabled=false, handlesAlerts=true, hasTouchScreen=false, version=57.0.2987.133, platform=XP, browserConnectionEnabled=false, nativeEvents=true, acceptSslCerts=true, locationContextEnabled=true, webStorageEnabled=true, browserName=chrome, takesScreenshot=true, javascriptEnabled=true, cssSelectorsEnabled=true, unexpectedAlertBehaviour=}]
Session ID: 307017c5f28f11561a8ad0e2d297f194
	at org.openqa.selenium.remote.ErrorHandler.createThrowable(ErrorHandler.java:206)
	at org.openqa.selenium.remote.ErrorHandler.throwIfResponseFailed(ErrorHandler.java:158)
	at org.openqa.selenium.remote.RemoteWebDriver.execute(RemoteWebDriver.java:678)
	at org.openqa.selenium.remote.RemoteWebElement.execute(RemoteWebElement.java:327)
	at org.openqa.selenium.remote.RemoteWebElement.click(RemoteWebElement.java:85)
	at com.codeborne.selenide.commands.Click.click(Click.java:22)
	at com.codeborne.selenide.commands.Click.execute(Click.java:14)
	at com.codeborne.selenide.commands.Click.execute(Click.java:11)
	at com.codeborne.selenide.commands.Commands.execute(Commands.java:140)
	at com.codeborne.selenide.impl.SelenideElementProxy.dispatchAndRetry(SelenideElementProxy.java:86)
	... 31 more
... Removed 30 stack frames]]>
    </failure>
  </testcase> <!-- C_CreateBulkExtensions -->
  <testcase name="D_RegisterExtension" time="45.49" classname="com.yeastar.swebtest.testcase.smokecase.pbxcase.Extension.ExtensionTest"/>
  <testcase name="E_ExportExtensions" time="0.0" classname="com.yeastar.swebtest.testcase.smokecase.pbxcase.Extension.ExtensionTest"/>
  <testcase name="F_DelExtension" time="0.001" classname="com.yeastar.swebtest.testcase.smokecase.pbxcase.Extension.ExtensionTest"/>
  <testcase name="G_DelExteiosns" time="0.0" classname="com.yeastar.swebtest.testcase.smokecase.pbxcase.Extension.ExtensionTest"/>
  <testcase name="H_ImportExtension" time="0.0" classname="com.yeastar.swebtest.testcase.smokecase.pbxcase.Extension.ExtensionTest"/>
  <testcase name="I_PstnCall" time="27.59" classname="com.yeastar.swebtest.testcase.smokecase.pbxcase.Extension.ExtensionTest"/>
  <testcase name="J_ExtensionGroupSetting" time="10.804" classname="com.yeastar.swebtest.testcase.smokecase.pbxcase.Extension.ExtensionTest">
    <failure type="com.codeborne.selenide.ex.ElementNotFound" message="Element not found {By.xpath: .//span[starts-with(@class,&amp;quot;x-tab-inner x-tab-inner-default&amp;quot;) and text()=&amp;quot;Extension Group&amp;quot;]}
Expected: exist">
      <![CDATA[Element not found {By.xpath: .//span[starts-with(@class,"x-tab-inner x-tab-inner-default") and text()="Extension Group"]}
Expected: exist
Screenshot: file:/F:/MyProject/0GitProject/swebtest/SwebTest/build/reports/tests/1501646843490.6.png
Timeout: 10 s.
Caused by: WebDriverException: unknown error: Element <span id="tab-1176-btnInnerEl" data-ref="btnInnerEl" unselectable="on" class="x-tab-inner x-tab-inner-default">...</span> is not clickable at point (576, 163). Other element would receive the click: <div id="extension-edit-1346_header-title-textEl" data-ref="textEl" class="x-title-text x-title-text-ys-theme x-title-item" unselectable="on" role="presentation">...</div>
	at com.codeborne.selenide.impl.WebElementSource.createElementNotFoundError(WebElementSource.java:31)
	at com.codeborne.selenide.impl.ElementFinder.createElementNotFoundError(ElementFinder.java:82)
	at com.codeborne.selenide.impl.SelenideElementProxy.dispatchAndRetry(SelenideElementProxy.java:115)
	at com.codeborne.selenide.impl.SelenideElementProxy.invoke(SelenideElementProxy.java:62)
	at com.sun.proxy.$Proxy4.click(Unknown Source)
	at com.yeastar.swebtest.testcase.smokecase.pbxcase.Extension.ExtensionTest.J_ExtensionGroupSetting(ExtensionTest.java:130)
Caused by: org.openqa.selenium.WebDriverException: unknown error: Element <span id="tab-1176-btnInnerEl" data-ref="btnInnerEl" unselectable="on" class="x-tab-inner x-tab-inner-default">...</span> is not clickable at point (576, 163). Other element would receive the click: <div id="extension-edit-1346_header-title-textEl" data-ref="textEl" class="x-title-text x-title-text-ys-theme x-title-item" unselectable="on" role="presentation">...</div>
  (Session info: chrome=57.0.2987.133)
  (Driver info: chromedriver=2.29.461591 (62ebf098771772160f391d75e589dc567915b233),platform=Windows NT 6.1.7601 SP1 x86_64) (WARNING: The server did not provide any stacktrace information)
Command duration or timeout: 31 milliseconds
Build info: version: '2.53.1', revision: 'a36b8b1cd5757287168e54b817830adce9b0158d', time: '2016-06-30 19:26:09'
System info: host: 'Yeastar-PC', ip: '192.168.7.14', os.name: 'Windows 7', os.arch: 'x86', os.version: '6.1', java.version: '1.8.0_121'
Driver info: org.openqa.selenium.chrome.ChromeDriver
Capabilities [{applicationCacheEnabled=false, rotatable=false, mobileEmulationEnabled=false, networkConnectionEnabled=false, chrome={chromedriverVersion=2.29.461591 (62ebf098771772160f391d75e589dc567915b233), userDataDir=C:\Users\Yeastar\AppData\Local\Temp\scoped_dir9972_2999}, takesHeapSnapshot=true, pageLoadStrategy=normal, databaseEnabled=false, handlesAlerts=true, hasTouchScreen=false, version=57.0.2987.133, platform=XP, browserConnectionEnabled=false, nativeEvents=true, acceptSslCerts=true, locationContextEnabled=true, webStorageEnabled=true, browserName=chrome, takesScreenshot=true, javascriptEnabled=true, cssSelectorsEnabled=true, unexpectedAlertBehaviour=}]
Session ID: 307017c5f28f11561a8ad0e2d297f194
	at org.openqa.selenium.remote.ErrorHandler.createThrowable(ErrorHandler.java:206)
	at org.openqa.selenium.remote.ErrorHandler.throwIfResponseFailed(ErrorHandler.java:158)
	at org.openqa.selenium.remote.RemoteWebDriver.execute(RemoteWebDriver.java:678)
	at org.openqa.selenium.remote.RemoteWebElement.execute(RemoteWebElement.java:327)
	at org.openqa.selenium.remote.RemoteWebElement.click(RemoteWebElement.java:85)
	at com.codeborne.selenide.commands.Click.click(Click.java:22)
	at com.codeborne.selenide.commands.Click.execute(Click.java:14)
	at com.codeborne.selenide.commands.Click.execute(Click.java:11)
	at com.codeborne.selenide.commands.Commands.execute(Commands.java:140)
	at com.codeborne.selenide.impl.SelenideElementProxy.dispatchAndRetry(SelenideElementProxy.java:86)
	... 30 more
... Removed 30 stack frames]]>
    </failure>
  </testcase> <!-- J_ExtensionGroupSetting -->
</testsuite> <!-- Extension -->
