<html>
<head>
<title>TestNG:  Extension</title>
<link href="../testng.css" rel="stylesheet" type="text/css" />
<link href="../my-testng.css" rel="stylesheet" type="text/css" />

<style type="text/css">
.log { display: none;} 
.stack-trace { display: none;} 
</style>
<script type="text/javascript">
<!--
function flip(e) {
  current = e.style.display;
  if (current == 'block') {
    e.style.display = 'none';
    return 0;
  }
  else {
    e.style.display = 'block';
    return 1;
  }
}

function toggleBox(szDivId, elem, msg1, msg2)
{
  var res = -1;  if (document.getElementById) {
    res = flip(document.getElementById(szDivId));
  }
  else if (document.all) {
    // this is the way old msie versions work
    res = flip(document.all[szDivId]);
  }
  if(elem) {
    if(res == 0) elem.innerHTML = msg1; else elem.innerHTML = msg2;
  }

}

function toggleAllBoxes() {
  if (document.getElementsByTagName) {
    d = document.getElementsByTagName('div');
    for (i = 0; i < d.length; i++) {
      if (d[i].className == 'log') {
        flip(d[i]);
      }
    }
  }
}

// -->
</script>

</head>
<body>
<h2 align='center'>Extension</h2><table border='1' align="center">
<tr>
<td>Tests passed/Failed/Skipped:</td><td>6/4/0</td>
</tr><tr>
<td>Started on:</td><td>Wed Aug 02 12:05:15 CST 2017</td>
</tr>
<tr><td>Total time:</td><td>140 seconds (140817 ms)</td>
</tr><tr>
<td>Included groups:</td><td></td>
</tr><tr>
<td>Excluded groups:</td><td></td>
</tr>
</table><p/>
<small><i>(Hover the method name to see the test class name)</i></small><p/>
<table width='100%' border='1' class='invocation-failed'>
<tr><td colspan='4' align='center'><b>FAILED TESTS</b></td></tr>
<tr><td><b>Test method</b></td>
<td width="30%"><b>Exception</b></td>
<td width="10%"><b>Time (seconds)</b></td>
<td><b>Instance</b></td>
</tr>
<tr>
<td title='com.yeastar.swebtest.testcase.smokecase.pbxcase.Extension.ExtensionTest.A_CreateExtension()'><b>A_CreateExtension</b><br>Test class: com.yeastar.swebtest.testcase.smokecase.pbxcase.Extension.ExtensionTest<br/>
<a href="#Output-10887214" onClick='toggleBox("Output-10887214", this, "Show output", "Hide output");'>Show output</a>

<a href="#Output-10887214" onClick="toggleAllBoxes();">Show all outputs</a>
<div class='log' id="Output-10887214">
    <a href="file:///F:\pic\【预期：1000 实际：1109】.jpg" target="_blank">Error: 【预期：1000 实际：1109】</a><br/>
</div>
</td>
<td><div><pre>java.lang.AssertionError: 【预期：1000 实际：1109】
	at com.yeastar.swebtest.tools.ysassert.YsAssert.fail(YsAssert.java:1082)
	at com.yeastar.swebtest.tools.ysassert.YsAssert.failNotEquals(YsAssert.java:579)
	at com.yeastar.swebtest.tools.ysassert.YsAssert.assertEqualsImpl(YsAssert.java:142)
	at com.yeastar.swebtest.tools.ysassert.YsAssert.assertEquals(YsAssert.java:116)
	at com.yeastar.swebtest.tools.ysassert.YsAssert.assertEquals(YsAssert.java:199)
	at com.yeastar.swebtest.tools.ysassert.YsAssert.assertEquals(YsAssert.java:210)
	at com.yeastar.swebtest.testcase.smokecase.pbxcase.Extension.ExtensionTest.A_CreateExtension(ExtensionTest.java:44)
... Removed 27 stack frames</pre></div><a href='#' onClick='toggleBox("stack-trace10887214", this, "Click to show all stack frames", "Click to hide stack frames")'>Click to show all stack frames</a>
<div class='stack-trace' id='stack-trace10887214'><pre>java.lang.AssertionError: 【预期：1000 实际：1109】
	at com.yeastar.swebtest.tools.ysassert.YsAssert.fail(YsAssert.java:1082)
	at com.yeastar.swebtest.tools.ysassert.YsAssert.failNotEquals(YsAssert.java:579)
	at com.yeastar.swebtest.tools.ysassert.YsAssert.assertEqualsImpl(YsAssert.java:142)
	at com.yeastar.swebtest.tools.ysassert.YsAssert.assertEquals(YsAssert.java:116)
	at com.yeastar.swebtest.tools.ysassert.YsAssert.assertEquals(YsAssert.java:199)
	at com.yeastar.swebtest.tools.ysassert.YsAssert.assertEquals(YsAssert.java:210)
	at com.yeastar.swebtest.testcase.smokecase.pbxcase.Extension.ExtensionTest.A_CreateExtension(ExtensionTest.java:44)
	at sun.reflect.NativeMethodAccessorImpl.invoke0(Native Method)
	at sun.reflect.NativeMethodAccessorImpl.invoke(NativeMethodAccessorImpl.java:62)
	at sun.reflect.DelegatingMethodAccessorImpl.invoke(DelegatingMethodAccessorImpl.java:43)
	at java.lang.reflect.Method.invoke(Method.java:498)
	at org.testng.internal.MethodInvocationHelper.invokeMethod(MethodInvocationHelper.java:85)
	at org.testng.internal.Invoker.invokeMethod(Invoker.java:639)
	at org.testng.internal.Invoker.invokeTestMethod(Invoker.java:816)
	at org.testng.internal.Invoker.invokeTestMethods(Invoker.java:1124)
	at org.testng.internal.TestMethodWorker.invokeTestMethods(TestMethodWorker.java:125)
	at org.testng.internal.TestMethodWorker.run(TestMethodWorker.java:108)
	at org.testng.TestRunner.privateRun(TestRunner.java:774)
	at org.testng.TestRunner.run(TestRunner.java:624)
	at org.testng.SuiteRunner.runTest(SuiteRunner.java:359)
	at org.testng.SuiteRunner.runSequentially(SuiteRunner.java:354)
	at org.testng.SuiteRunner.privateRun(SuiteRunner.java:312)
	at org.testng.SuiteRunner.run(SuiteRunner.java:261)
	at org.testng.SuiteRunnerWorker.runSuite(SuiteRunnerWorker.java:52)
	at org.testng.SuiteRunnerWorker.run(SuiteRunnerWorker.java:86)
	at org.testng.TestNG.runSuitesSequentially(TestNG.java:1215)
	at org.testng.TestNG.runSuitesLocally(TestNG.java:1140)
	at org.testng.TestNG.run(TestNG.java:1048)
	at org.apache.maven.surefire.testng.TestNGExecutor.run(TestNGExecutor.java:293)
	at org.apache.maven.surefire.testng.TestNGXmlTestSuite.execute(TestNGXmlTestSuite.java:84)
	at org.apache.maven.surefire.testng.TestNGProvider.invoke(TestNGProvider.java:91)
	at org.apache.maven.surefire.booter.ForkedBooter.invokeProviderInSameClassLoader(ForkedBooter.java:200)
	at org.apache.maven.surefire.booter.ForkedBooter.runSuitesInProcess(ForkedBooter.java:153)
	at org.apache.maven.surefire.booter.ForkedBooter.main(ForkedBooter.java:103)
</pre></div></td>
<td>10</td>
<td>com.yeastar.swebtest.testcase.smokecase.pbxcase.Extension.ExtensionTest@6d64ab</td></tr>
<tr>
<td title='com.yeastar.swebtest.testcase.smokecase.pbxcase.Extension.ExtensionTest.B_CreateFxsExtension()'><b>B_CreateFxsExtension</b><br>Test class: com.yeastar.swebtest.testcase.smokecase.pbxcase.Extension.ExtensionTest</td>
<td><div><pre>Element should be visible {By.xpath: .//a[starts-with(@class,&apos;css_apply&apos;) and text()=&apos;Apply&apos;]}
Element: &apos;&lt;a class=&quot;css_apply&quot; displayed:false&gt;&lt;/a&gt;&apos;
Screenshot: file:/F:/MyProject/0GitProject/swebtest/SwebTest/build/reports/tests/1501646749276.4.png
Timeout: 10 s.
	at com.codeborne.selenide.impl.WebElementSource.checkCondition(WebElementSource.java:66)
	at com.codeborne.selenide.impl.WebElementSource.findAndAssertElementIsVisible(WebElementSource.java:72)
	at com.codeborne.selenide.commands.Click.execute(Click.java:14)
	at com.codeborne.selenide.commands.Click.execute(Click.java:11)
	at com.codeborne.selenide.commands.Commands.execute(Commands.java:140)
	at com.codeborne.selenide.impl.SelenideElementProxy.dispatchAndRetry(SelenideElementProxy.java:86)
	at com.codeborne.selenide.impl.SelenideElementProxy.invoke(SelenideElementProxy.java:62)
	at com.sun.proxy.$Proxy4.click(Unknown Source)
	at com.yeastar.swebtest.driver.YSMethod.YS_Extension.createFxsExtension(YS_Extension.java:177)
	at com.yeastar.swebtest.testcase.smokecase.pbxcase.Extension.ExtensionTest.B_CreateFxsExtension(ExtensionTest.java:53)
... Removed 27 stack frames</pre></div><a href='#' onClick='toggleBox("stack-trace9914690", this, "Click to show all stack frames", "Click to hide stack frames")'>Click to show all stack frames</a>
<div class='stack-trace' id='stack-trace9914690'><pre>Element should be visible {By.xpath: .//a[starts-with(@class,&apos;css_apply&apos;) and text()=&apos;Apply&apos;]}
Element: &apos;&lt;a class=&quot;css_apply&quot; displayed:false&gt;&lt;/a&gt;&apos;
Screenshot: file:/F:/MyProject/0GitProject/swebtest/SwebTest/build/reports/tests/1501646749276.4.png
Timeout: 10 s.
	at com.codeborne.selenide.impl.WebElementSource.checkCondition(WebElementSource.java:66)
	at com.codeborne.selenide.impl.WebElementSource.findAndAssertElementIsVisible(WebElementSource.java:72)
	at com.codeborne.selenide.commands.Click.execute(Click.java:14)
	at com.codeborne.selenide.commands.Click.execute(Click.java:11)
	at com.codeborne.selenide.commands.Commands.execute(Commands.java:140)
	at com.codeborne.selenide.impl.SelenideElementProxy.dispatchAndRetry(SelenideElementProxy.java:86)
	at com.codeborne.selenide.impl.SelenideElementProxy.invoke(SelenideElementProxy.java:62)
	at com.sun.proxy.$Proxy4.click(Unknown Source)
	at com.yeastar.swebtest.driver.YSMethod.YS_Extension.createFxsExtension(YS_Extension.java:177)
	at com.yeastar.swebtest.testcase.smokecase.pbxcase.Extension.ExtensionTest.B_CreateFxsExtension(ExtensionTest.java:53)
	at sun.reflect.NativeMethodAccessorImpl.invoke0(Native Method)
	at sun.reflect.NativeMethodAccessorImpl.invoke(NativeMethodAccessorImpl.java:62)
	at sun.reflect.DelegatingMethodAccessorImpl.invoke(DelegatingMethodAccessorImpl.java:43)
	at java.lang.reflect.Method.invoke(Method.java:498)
	at org.testng.internal.MethodInvocationHelper.invokeMethod(MethodInvocationHelper.java:85)
	at org.testng.internal.Invoker.invokeMethod(Invoker.java:639)
	at org.testng.internal.Invoker.invokeTestMethod(Invoker.java:816)
	at org.testng.internal.Invoker.invokeTestMethods(Invoker.java:1124)
	at org.testng.internal.TestMethodWorker.invokeTestMethods(TestMethodWorker.java:125)
	at org.testng.internal.TestMethodWorker.run(TestMethodWorker.java:108)
	at org.testng.TestRunner.privateRun(TestRunner.java:774)
	at org.testng.TestRunner.run(TestRunner.java:624)
	at org.testng.SuiteRunner.runTest(SuiteRunner.java:359)
	at org.testng.SuiteRunner.runSequentially(SuiteRunner.java:354)
	at org.testng.SuiteRunner.privateRun(SuiteRunner.java:312)
	at org.testng.SuiteRunner.run(SuiteRunner.java:261)
	at org.testng.SuiteRunnerWorker.runSuite(SuiteRunnerWorker.java:52)
	at org.testng.SuiteRunnerWorker.run(SuiteRunnerWorker.java:86)
	at org.testng.TestNG.runSuitesSequentially(TestNG.java:1215)
	at org.testng.TestNG.runSuitesLocally(TestNG.java:1140)
	at org.testng.TestNG.run(TestNG.java:1048)
	at org.apache.maven.surefire.testng.TestNGExecutor.run(TestNGExecutor.java:293)
	at org.apache.maven.surefire.testng.TestNGXmlTestSuite.execute(TestNGXmlTestSuite.java:84)
	at org.apache.maven.surefire.testng.TestNGProvider.invoke(TestNGProvider.java:91)
	at org.apache.maven.surefire.booter.ForkedBooter.invokeProviderInSameClassLoader(ForkedBooter.java:200)
	at org.apache.maven.surefire.booter.ForkedBooter.runSuitesInProcess(ForkedBooter.java:153)
	at org.apache.maven.surefire.booter.ForkedBooter.main(ForkedBooter.java:103)
</pre></div></td>
<td>16</td>
<td>com.yeastar.swebtest.testcase.smokecase.pbxcase.Extension.ExtensionTest@6d64ab</td></tr>
<tr>
<td title='com.yeastar.swebtest.testcase.smokecase.pbxcase.Extension.ExtensionTest.C_CreateBulkExtensions()'><b>C_CreateBulkExtensions</b><br>Test class: com.yeastar.swebtest.testcase.smokecase.pbxcase.Extension.ExtensionTest</td>
<td><div><pre>Element not found {By.xpath: .//span[starts-with(@class,&quot;x-btn-inner x-btn-inner-ys-theme-small&quot;) and text()=&quot;Bulk Add&quot;]}
Expected: exist
Screenshot: file:/F:/MyProject/0GitProject/swebtest/SwebTest/build/reports/tests/1501646759654.5.png
Timeout: 10 s.
Caused by: WebDriverException: unknown error: Element &lt;span id=&quot;button-1106-btnInnerEl&quot; data-ref=&quot;btnInnerEl&quot; unselectable=&quot;on&quot; class=&quot;x-btn-inner x-btn-inner-ys-theme-small&quot;&gt;...&lt;/span&gt; is not clickable at point (490, 212). Other element would receive the click: &lt;div role=&quot;presentation&quot; class=&quot;x-mask x-border-box&quot; style=&quot;height: 768px; width: 1424px; z-index: 28996; right: auto; left: 0px; top: 0px;&quot; id=&quot;ext-element-90&quot;&gt;&lt;/div&gt;
	at com.codeborne.selenide.impl.WebElementSource.createElementNotFoundError(WebElementSource.java:31)
	at com.codeborne.selenide.impl.ElementFinder.createElementNotFoundError(ElementFinder.java:82)
	at com.codeborne.selenide.impl.SelenideElementProxy.dispatchAndRetry(SelenideElementProxy.java:115)
	at com.codeborne.selenide.impl.SelenideElementProxy.invoke(SelenideElementProxy.java:62)
	at com.sun.proxy.$Proxy4.click(Unknown Source)
	at com.yeastar.swebtest.driver.YSMethod.YS_Extension.createBulkExtensions(YS_Extension.java:186)
	at com.yeastar.swebtest.testcase.smokecase.pbxcase.Extension.ExtensionTest.C_CreateBulkExtensions(ExtensionTest.java:68)
Caused by: org.openqa.selenium.WebDriverException: unknown error: Element &lt;span id=&quot;button-1106-btnInnerEl&quot; data-ref=&quot;btnInnerEl&quot; unselectable=&quot;on&quot; class=&quot;x-btn-inner x-btn-inner-ys-theme-small&quot;&gt;...&lt;/span&gt; is not clickable at point (490, 212). Other element would receive the click: &lt;div role=&quot;presentation&quot; class=&quot;x-mask x-border-box&quot; style=&quot;height: 768px; width: 1424px; z-index: 28996; right: auto; left: 0px; top: 0px;&quot; id=&quot;ext-element-90&quot;&gt;&lt;/div&gt;
  (Session info: chrome=57.0.2987.133)
  (Driver info: chromedriver=2.29.461591 (62ebf098771772160f391d75e589dc567915b233),platform=Windows NT 6.1.7601 SP1 x86_64) (WARNING: The server did not provide any stacktrace information)
Command duration or timeout: 20 milliseconds
Build info: version: &apos;2.53.1&apos;, revision: &apos;a36b8b1cd5757287168e54b817830adce9b0158d&apos;, time: &apos;2016-06-30 19:26:09&apos;
System info: host: &apos;Yeastar-PC&apos;, ip: &apos;192.168.7.14&apos;, os.name: &apos;Windows 7&apos;, os.arch: &apos;x86&apos;, os.version: &apos;6.1&apos;, java.version: &apos;1.8.0_121&apos;
Driver info: org.openqa.selenium.chrome.ChromeDriver
Capabilities [{applicationCacheEnabled=false, rotatable=false, mobileEmulationEnabled=false, networkConnectionEnabled=false, chrome={chromedriverVersion=2.29.461591 (62ebf098771772160f391d75e589dc567915b233), userDataDir=C:\Users\Yeastar\AppData\Local\Temp\scoped_dir9972_2999}, takesHeapSnapshot=true, pageLoadStrategy=normal, databaseEnabled=false, handlesAlerts=true, hasTouchScreen=false, version=57.0.2987.133, platform=XP, browserConnectionEnabled=false, nativeEvents=true, acceptSslCerts=true, locationContextEnabled=true, webStorageEnabled=true, browserName=chrome, takesScreenshot=true, javascriptEnabled=true, cssSelectorsEnabled=true, unexpectedAlertBehaviour=}]
Session ID: 307017c5f28f11561a8ad0e2d297f194
	at org.openqa.selenium.remote.ErrorHandler.createThrowable(ErrorHandler.java:206)
	at org.openqa.selenium.remote.ErrorHandler.throwIfResponseFailed(ErrorHandler.java:158)
	at org.openqa.selenium.remote.RemoteWebDriver.execute(RemoteWebDriver.java:678)
	at org.openqa.selenium.remote.RemoteWebElement.execute(RemoteWebElement.java:327)
	at org.openqa.selenium.remote.RemoteWebElement.click(RemoteWebElement.java:85)
	at com.codeborne.selenide.commands.Click.click(Click.java:22)
	at com.codeborne.selenide.commands.Click.execute(Click.java:14)
	at com.codeborne.selenide.commands.Click.execute(Click.java:11)
	at com.codeborne.selenide.commands.Commands.execute(Commands.java:140)
	at com.codeborne.selenide.impl.SelenideElementProxy.dispatchAndRetry(SelenideElementProxy.java:86)
	... 31 more
... Removed 30 stack frames</pre></div><a href='#' onClick='toggleBox("stack-trace18735997", this, "Click to show all stack frames", "Click to hide stack frames")'>Click to show all stack frames</a>
<div class='stack-trace' id='stack-trace18735997'><pre>Element not found {By.xpath: .//span[starts-with(@class,&quot;x-btn-inner x-btn-inner-ys-theme-small&quot;) and text()=&quot;Bulk Add&quot;]}
Expected: exist
Screenshot: file:/F:/MyProject/0GitProject/swebtest/SwebTest/build/reports/tests/1501646759654.5.png
Timeout: 10 s.
Caused by: WebDriverException: unknown error: Element &lt;span id=&quot;button-1106-btnInnerEl&quot; data-ref=&quot;btnInnerEl&quot; unselectable=&quot;on&quot; class=&quot;x-btn-inner x-btn-inner-ys-theme-small&quot;&gt;...&lt;/span&gt; is not clickable at point (490, 212). Other element would receive the click: &lt;div role=&quot;presentation&quot; class=&quot;x-mask x-border-box&quot; style=&quot;height: 768px; width: 1424px; z-index: 28996; right: auto; left: 0px; top: 0px;&quot; id=&quot;ext-element-90&quot;&gt;&lt;/div&gt;
	at com.codeborne.selenide.impl.WebElementSource.createElementNotFoundError(WebElementSource.java:31)
	at com.codeborne.selenide.impl.ElementFinder.createElementNotFoundError(ElementFinder.java:82)
	at com.codeborne.selenide.impl.SelenideElementProxy.dispatchAndRetry(SelenideElementProxy.java:115)
	at com.codeborne.selenide.impl.SelenideElementProxy.invoke(SelenideElementProxy.java:62)
	at com.sun.proxy.$Proxy4.click(Unknown Source)
	at com.yeastar.swebtest.driver.YSMethod.YS_Extension.createBulkExtensions(YS_Extension.java:186)
	at com.yeastar.swebtest.testcase.smokecase.pbxcase.Extension.ExtensionTest.C_CreateBulkExtensions(ExtensionTest.java:68)
	at sun.reflect.NativeMethodAccessorImpl.invoke0(Native Method)
	at sun.reflect.NativeMethodAccessorImpl.invoke(NativeMethodAccessorImpl.java:62)
	at sun.reflect.DelegatingMethodAccessorImpl.invoke(DelegatingMethodAccessorImpl.java:43)
	at java.lang.reflect.Method.invoke(Method.java:498)
	at org.testng.internal.MethodInvocationHelper.invokeMethod(MethodInvocationHelper.java:85)
	at org.testng.internal.Invoker.invokeMethod(Invoker.java:639)
	at org.testng.internal.Invoker.invokeTestMethod(Invoker.java:816)
	at org.testng.internal.Invoker.invokeTestMethods(Invoker.java:1124)
	at org.testng.internal.TestMethodWorker.invokeTestMethods(TestMethodWorker.java:125)
	at org.testng.internal.TestMethodWorker.run(TestMethodWorker.java:108)
	at org.testng.TestRunner.privateRun(TestRunner.java:774)
	at org.testng.TestRunner.run(TestRunner.java:624)
	at org.testng.SuiteRunner.runTest(SuiteRunner.java:359)
	at org.testng.SuiteRunner.runSequentially(SuiteRunner.java:354)
	at org.testng.SuiteRunner.privateRun(SuiteRunner.java:312)
	at org.testng.SuiteRunner.run(SuiteRunner.java:261)
	at org.testng.SuiteRunnerWorker.runSuite(SuiteRunnerWorker.java:52)
	at org.testng.SuiteRunnerWorker.run(SuiteRunnerWorker.java:86)
	at org.testng.TestNG.runSuitesSequentially(TestNG.java:1215)
	at org.testng.TestNG.runSuitesLocally(TestNG.java:1140)
	at org.testng.TestNG.run(TestNG.java:1048)
	at org.apache.maven.surefire.testng.TestNGExecutor.run(TestNGExecutor.java:293)
	at org.apache.maven.surefire.testng.TestNGXmlTestSuite.execute(TestNGXmlTestSuite.java:84)
	at org.apache.maven.surefire.testng.TestNGProvider.invoke(TestNGProvider.java:91)
	at org.apache.maven.surefire.booter.ForkedBooter.invokeProviderInSameClassLoader(ForkedBooter.java:200)
	at org.apache.maven.surefire.booter.ForkedBooter.runSuitesInProcess(ForkedBooter.java:153)
	at org.apache.maven.surefire.booter.ForkedBooter.main(ForkedBooter.java:103)
Caused by: org.openqa.selenium.WebDriverException: unknown error: Element &lt;span id=&quot;button-1106-btnInnerEl&quot; data-ref=&quot;btnInnerEl&quot; unselectable=&quot;on&quot; class=&quot;x-btn-inner x-btn-inner-ys-theme-small&quot;&gt;...&lt;/span&gt; is not clickable at point (490, 212). Other element would receive the click: &lt;div role=&quot;presentation&quot; class=&quot;x-mask x-border-box&quot; style=&quot;height: 768px; width: 1424px; z-index: 28996; right: auto; left: 0px; top: 0px;&quot; id=&quot;ext-element-90&quot;&gt;&lt;/div&gt;
  (Session info: chrome=57.0.2987.133)
  (Driver info: chromedriver=2.29.461591 (62ebf098771772160f391d75e589dc567915b233),platform=Windows NT 6.1.7601 SP1 x86_64) (WARNING: The server did not provide any stacktrace information)
Command duration or timeout: 20 milliseconds
Build info: version: &apos;2.53.1&apos;, revision: &apos;a36b8b1cd5757287168e54b817830adce9b0158d&apos;, time: &apos;2016-06-30 19:26:09&apos;
System info: host: &apos;Yeastar-PC&apos;, ip: &apos;192.168.7.14&apos;, os.name: &apos;Windows 7&apos;, os.arch: &apos;x86&apos;, os.version: &apos;6.1&apos;, java.version: &apos;1.8.0_121&apos;
Driver info: org.openqa.selenium.chrome.ChromeDriver
Capabilities [{applicationCacheEnabled=false, rotatable=false, mobileEmulationEnabled=false, networkConnectionEnabled=false, chrome={chromedriverVersion=2.29.461591 (62ebf098771772160f391d75e589dc567915b233), userDataDir=C:\Users\Yeastar\AppData\Local\Temp\scoped_dir9972_2999}, takesHeapSnapshot=true, pageLoadStrategy=normal, databaseEnabled=false, handlesAlerts=true, hasTouchScreen=false, version=57.0.2987.133, platform=XP, browserConnectionEnabled=false, nativeEvents=true, acceptSslCerts=true, locationContextEnabled=true, webStorageEnabled=true, browserName=chrome, takesScreenshot=true, javascriptEnabled=true, cssSelectorsEnabled=true, unexpectedAlertBehaviour=}]
Session ID: 307017c5f28f11561a8ad0e2d297f194
	at sun.reflect.GeneratedConstructorAccessor16.newInstance(Unknown Source)
	at sun.reflect.DelegatingConstructorAccessorImpl.newInstance(DelegatingConstructorAccessorImpl.java:45)
	at java.lang.reflect.Constructor.newInstance(Constructor.java:423)
	at org.openqa.selenium.remote.ErrorHandler.createThrowable(ErrorHandler.java:206)
	at org.openqa.selenium.remote.ErrorHandler.throwIfResponseFailed(ErrorHandler.java:158)
	at org.openqa.selenium.remote.RemoteWebDriver.execute(RemoteWebDriver.java:678)
	at org.openqa.selenium.remote.RemoteWebElement.execute(RemoteWebElement.java:327)
	at org.openqa.selenium.remote.RemoteWebElement.click(RemoteWebElement.java:85)
	at com.codeborne.selenide.commands.Click.click(Click.java:22)
	at com.codeborne.selenide.commands.Click.execute(Click.java:14)
	at com.codeborne.selenide.commands.Click.execute(Click.java:11)
	at com.codeborne.selenide.commands.Commands.execute(Commands.java:140)
	at com.codeborne.selenide.impl.SelenideElementProxy.dispatchAndRetry(SelenideElementProxy.java:86)
	... 31 more
</pre></div></td>
<td>10</td>
<td>com.yeastar.swebtest.testcase.smokecase.pbxcase.Extension.ExtensionTest@6d64ab</td></tr>
<tr>
<td title='com.yeastar.swebtest.testcase.smokecase.pbxcase.Extension.ExtensionTest.J_ExtensionGroupSetting()'><b>J_ExtensionGroupSetting</b><br>Test class: com.yeastar.swebtest.testcase.smokecase.pbxcase.Extension.ExtensionTest</td>
<td><div><pre>Element not found {By.xpath: .//span[starts-with(@class,&quot;x-tab-inner x-tab-inner-default&quot;) and text()=&quot;Extension Group&quot;]}
Expected: exist
Screenshot: file:/F:/MyProject/0GitProject/swebtest/SwebTest/build/reports/tests/1501646843490.6.png
Timeout: 10 s.
Caused by: WebDriverException: unknown error: Element &lt;span id=&quot;tab-1176-btnInnerEl&quot; data-ref=&quot;btnInnerEl&quot; unselectable=&quot;on&quot; class=&quot;x-tab-inner x-tab-inner-default&quot;&gt;...&lt;/span&gt; is not clickable at point (576, 163). Other element would receive the click: &lt;div id=&quot;extension-edit-1346_header-title-textEl&quot; data-ref=&quot;textEl&quot; class=&quot;x-title-text x-title-text-ys-theme x-title-item&quot; unselectable=&quot;on&quot; role=&quot;presentation&quot;&gt;...&lt;/div&gt;
	at com.codeborne.selenide.impl.WebElementSource.createElementNotFoundError(WebElementSource.java:31)
	at com.codeborne.selenide.impl.ElementFinder.createElementNotFoundError(ElementFinder.java:82)
	at com.codeborne.selenide.impl.SelenideElementProxy.dispatchAndRetry(SelenideElementProxy.java:115)
	at com.codeborne.selenide.impl.SelenideElementProxy.invoke(SelenideElementProxy.java:62)
	at com.sun.proxy.$Proxy4.click(Unknown Source)
	at com.yeastar.swebtest.testcase.smokecase.pbxcase.Extension.ExtensionTest.J_ExtensionGroupSetting(ExtensionTest.java:130)
Caused by: org.openqa.selenium.WebDriverException: unknown error: Element &lt;span id=&quot;tab-1176-btnInnerEl&quot; data-ref=&quot;btnInnerEl&quot; unselectable=&quot;on&quot; class=&quot;x-tab-inner x-tab-inner-default&quot;&gt;...&lt;/span&gt; is not clickable at point (576, 163). Other element would receive the click: &lt;div id=&quot;extension-edit-1346_header-title-textEl&quot; data-ref=&quot;textEl&quot; class=&quot;x-title-text x-title-text-ys-theme x-title-item&quot; unselectable=&quot;on&quot; role=&quot;presentation&quot;&gt;...&lt;/div&gt;
  (Session info: chrome=57.0.2987.133)
  (Driver info: chromedriver=2.29.461591 (62ebf098771772160f391d75e589dc567915b233),platform=Windows NT 6.1.7601 SP1 x86_64) (WARNING: The server did not provide any stacktrace information)
Command duration or timeout: 31 milliseconds
Build info: version: &apos;2.53.1&apos;, revision: &apos;a36b8b1cd5757287168e54b817830adce9b0158d&apos;, time: &apos;2016-06-30 19:26:09&apos;
System info: host: &apos;Yeastar-PC&apos;, ip: &apos;192.168.7.14&apos;, os.name: &apos;Windows 7&apos;, os.arch: &apos;x86&apos;, os.version: &apos;6.1&apos;, java.version: &apos;1.8.0_121&apos;
Driver info: org.openqa.selenium.chrome.ChromeDriver
Capabilities [{applicationCacheEnabled=false, rotatable=false, mobileEmulationEnabled=false, networkConnectionEnabled=false, chrome={chromedriverVersion=2.29.461591 (62ebf098771772160f391d75e589dc567915b233), userDataDir=C:\Users\Yeastar\AppData\Local\Temp\scoped_dir9972_2999}, takesHeapSnapshot=true, pageLoadStrategy=normal, databaseEnabled=false, handlesAlerts=true, hasTouchScreen=false, version=57.0.2987.133, platform=XP, browserConnectionEnabled=false, nativeEvents=true, acceptSslCerts=true, locationContextEnabled=true, webStorageEnabled=true, browserName=chrome, takesScreenshot=true, javascriptEnabled=true, cssSelectorsEnabled=true, unexpectedAlertBehaviour=}]
Session ID: 307017c5f28f11561a8ad0e2d297f194
	at org.openqa.selenium.remote.ErrorHandler.createThrowable(ErrorHandler.java:206)
	at org.openqa.selenium.remote.ErrorHandler.throwIfResponseFailed(ErrorHandler.java:158)
	at org.openqa.selenium.remote.RemoteWebDriver.execute(RemoteWebDriver.java:678)
	at org.openqa.selenium.remote.RemoteWebElement.execute(RemoteWebElement.java:327)
	at org.openqa.selenium.remote.RemoteWebElement.click(RemoteWebElement.java:85)
	at com.codeborne.selenide.commands.Click.click(Click.java:22)
	at com.codeborne.selenide.commands.Click.execute(Click.java:14)
	at com.codeborne.selenide.commands.Click.execute(Click.java:11)
	at com.codeborne.selenide.commands.Commands.execute(Commands.java:140)
	at com.codeborne.selenide.impl.SelenideElementProxy.dispatchAndRetry(SelenideElementProxy.java:86)
	... 30 more
... Removed 30 stack frames</pre></div><a href='#' onClick='toggleBox("stack-trace3515768", this, "Click to show all stack frames", "Click to hide stack frames")'>Click to show all stack frames</a>
<div class='stack-trace' id='stack-trace3515768'><pre>Element not found {By.xpath: .//span[starts-with(@class,&quot;x-tab-inner x-tab-inner-default&quot;) and text()=&quot;Extension Group&quot;]}
Expected: exist
Screenshot: file:/F:/MyProject/0GitProject/swebtest/SwebTest/build/reports/tests/1501646843490.6.png
Timeout: 10 s.
Caused by: WebDriverException: unknown error: Element &lt;span id=&quot;tab-1176-btnInnerEl&quot; data-ref=&quot;btnInnerEl&quot; unselectable=&quot;on&quot; class=&quot;x-tab-inner x-tab-inner-default&quot;&gt;...&lt;/span&gt; is not clickable at point (576, 163). Other element would receive the click: &lt;div id=&quot;extension-edit-1346_header-title-textEl&quot; data-ref=&quot;textEl&quot; class=&quot;x-title-text x-title-text-ys-theme x-title-item&quot; unselectable=&quot;on&quot; role=&quot;presentation&quot;&gt;...&lt;/div&gt;
	at com.codeborne.selenide.impl.WebElementSource.createElementNotFoundError(WebElementSource.java:31)
	at com.codeborne.selenide.impl.ElementFinder.createElementNotFoundError(ElementFinder.java:82)
	at com.codeborne.selenide.impl.SelenideElementProxy.dispatchAndRetry(SelenideElementProxy.java:115)
	at com.codeborne.selenide.impl.SelenideElementProxy.invoke(SelenideElementProxy.java:62)
	at com.sun.proxy.$Proxy4.click(Unknown Source)
	at com.yeastar.swebtest.testcase.smokecase.pbxcase.Extension.ExtensionTest.J_ExtensionGroupSetting(ExtensionTest.java:130)
	at sun.reflect.NativeMethodAccessorImpl.invoke0(Native Method)
	at sun.reflect.NativeMethodAccessorImpl.invoke(NativeMethodAccessorImpl.java:62)
	at sun.reflect.DelegatingMethodAccessorImpl.invoke(DelegatingMethodAccessorImpl.java:43)
	at java.lang.reflect.Method.invoke(Method.java:498)
	at org.testng.internal.MethodInvocationHelper.invokeMethod(MethodInvocationHelper.java:85)
	at org.testng.internal.Invoker.invokeMethod(Invoker.java:639)
	at org.testng.internal.Invoker.invokeTestMethod(Invoker.java:816)
	at org.testng.internal.Invoker.invokeTestMethods(Invoker.java:1124)
	at org.testng.internal.TestMethodWorker.invokeTestMethods(TestMethodWorker.java:125)
	at org.testng.internal.TestMethodWorker.run(TestMethodWorker.java:108)
	at org.testng.TestRunner.privateRun(TestRunner.java:774)
	at org.testng.TestRunner.run(TestRunner.java:624)
	at org.testng.SuiteRunner.runTest(SuiteRunner.java:359)
	at org.testng.SuiteRunner.runSequentially(SuiteRunner.java:354)
	at org.testng.SuiteRunner.privateRun(SuiteRunner.java:312)
	at org.testng.SuiteRunner.run(SuiteRunner.java:261)
	at org.testng.SuiteRunnerWorker.runSuite(SuiteRunnerWorker.java:52)
	at org.testng.SuiteRunnerWorker.run(SuiteRunnerWorker.java:86)
	at org.testng.TestNG.runSuitesSequentially(TestNG.java:1215)
	at org.testng.TestNG.runSuitesLocally(TestNG.java:1140)
	at org.testng.TestNG.run(TestNG.java:1048)
	at org.apache.maven.surefire.testng.TestNGExecutor.run(TestNGExecutor.java:293)
	at org.apache.maven.surefire.testng.TestNGXmlTestSuite.execute(TestNGXmlTestSuite.java:84)
	at org.apache.maven.surefire.testng.TestNGProvider.invoke(TestNGProvider.java:91)
	at org.apache.maven.surefire.booter.ForkedBooter.invokeProviderInSameClassLoader(ForkedBooter.java:200)
	at org.apache.maven.surefire.booter.ForkedBooter.runSuitesInProcess(ForkedBooter.java:153)
	at org.apache.maven.surefire.booter.ForkedBooter.main(ForkedBooter.java:103)
Caused by: org.openqa.selenium.WebDriverException: unknown error: Element &lt;span id=&quot;tab-1176-btnInnerEl&quot; data-ref=&quot;btnInnerEl&quot; unselectable=&quot;on&quot; class=&quot;x-tab-inner x-tab-inner-default&quot;&gt;...&lt;/span&gt; is not clickable at point (576, 163). Other element would receive the click: &lt;div id=&quot;extension-edit-1346_header-title-textEl&quot; data-ref=&quot;textEl&quot; class=&quot;x-title-text x-title-text-ys-theme x-title-item&quot; unselectable=&quot;on&quot; role=&quot;presentation&quot;&gt;...&lt;/div&gt;
  (Session info: chrome=57.0.2987.133)
  (Driver info: chromedriver=2.29.461591 (62ebf098771772160f391d75e589dc567915b233),platform=Windows NT 6.1.7601 SP1 x86_64) (WARNING: The server did not provide any stacktrace information)
Command duration or timeout: 31 milliseconds
Build info: version: &apos;2.53.1&apos;, revision: &apos;a36b8b1cd5757287168e54b817830adce9b0158d&apos;, time: &apos;2016-06-30 19:26:09&apos;
System info: host: &apos;Yeastar-PC&apos;, ip: &apos;192.168.7.14&apos;, os.name: &apos;Windows 7&apos;, os.arch: &apos;x86&apos;, os.version: &apos;6.1&apos;, java.version: &apos;1.8.0_121&apos;
Driver info: org.openqa.selenium.chrome.ChromeDriver
Capabilities [{applicationCacheEnabled=false, rotatable=false, mobileEmulationEnabled=false, networkConnectionEnabled=false, chrome={chromedriverVersion=2.29.461591 (62ebf098771772160f391d75e589dc567915b233), userDataDir=C:\Users\Yeastar\AppData\Local\Temp\scoped_dir9972_2999}, takesHeapSnapshot=true, pageLoadStrategy=normal, databaseEnabled=false, handlesAlerts=true, hasTouchScreen=false, version=57.0.2987.133, platform=XP, browserConnectionEnabled=false, nativeEvents=true, acceptSslCerts=true, locationContextEnabled=true, webStorageEnabled=true, browserName=chrome, takesScreenshot=true, javascriptEnabled=true, cssSelectorsEnabled=true, unexpectedAlertBehaviour=}]
Session ID: 307017c5f28f11561a8ad0e2d297f194
	at sun.reflect.GeneratedConstructorAccessor16.newInstance(Unknown Source)
	at sun.reflect.DelegatingConstructorAccessorImpl.newInstance(DelegatingConstructorAccessorImpl.java:45)
	at java.lang.reflect.Constructor.newInstance(Constructor.java:423)
	at org.openqa.selenium.remote.ErrorHandler.createThrowable(ErrorHandler.java:206)
	at org.openqa.selenium.remote.ErrorHandler.throwIfResponseFailed(ErrorHandler.java:158)
	at org.openqa.selenium.remote.RemoteWebDriver.execute(RemoteWebDriver.java:678)
	at org.openqa.selenium.remote.RemoteWebElement.execute(RemoteWebElement.java:327)
	at org.openqa.selenium.remote.RemoteWebElement.click(RemoteWebElement.java:85)
	at com.codeborne.selenide.commands.Click.click(Click.java:22)
	at com.codeborne.selenide.commands.Click.execute(Click.java:14)
	at com.codeborne.selenide.commands.Click.execute(Click.java:11)
	at com.codeborne.selenide.commands.Commands.execute(Commands.java:140)
	at com.codeborne.selenide.impl.SelenideElementProxy.dispatchAndRetry(SelenideElementProxy.java:86)
	... 30 more
</pre></div></td>
<td>10</td>
<td>com.yeastar.swebtest.testcase.smokecase.pbxcase.Extension.ExtensionTest@6d64ab</td></tr>
</table><p>
<table width='100%' border='1' class='invocation-passed'>
<tr><td colspan='4' align='center'><b>PASSED TESTS</b></td></tr>
<tr><td><b>Test method</b></td>
<td width="30%"><b>Exception</b></td>
<td width="10%"><b>Time (seconds)</b></td>
<td><b>Instance</b></td>
</tr>
<tr>
<td title='com.yeastar.swebtest.testcase.smokecase.pbxcase.Extension.ExtensionTest.D_RegisterExtension()'><b>D_RegisterExtension</b><br>Test class: com.yeastar.swebtest.testcase.smokecase.pbxcase.Extension.ExtensionTest<br/>
<a href="#Output-8325814" onClick='toggleBox("Output-8325814", this, "Show output", "Hide output");'>Show output</a>

<a href="#Output-8325814" onClick="toggleAllBoxes();">Show all outputs</a>
<div class='log' id="Output-8325814">
    Pass: 1000分机注册失败<br/>
    Pass: 1001分机注册失败<br/>
</div>
</td>
<td></td>
<td>45</td>
<td>com.yeastar.swebtest.testcase.smokecase.pbxcase.Extension.ExtensionTest@6d64ab</td></tr>
<tr>
<td title='com.yeastar.swebtest.testcase.smokecase.pbxcase.Extension.ExtensionTest.E_ExportExtensions()'><b>E_ExportExtensions</b><br>Test class: com.yeastar.swebtest.testcase.smokecase.pbxcase.Extension.ExtensionTest</td>
<td></td>
<td>0</td>
<td>com.yeastar.swebtest.testcase.smokecase.pbxcase.Extension.ExtensionTest@6d64ab</td></tr>
<tr>
<td title='com.yeastar.swebtest.testcase.smokecase.pbxcase.Extension.ExtensionTest.F_DelExtension()'><b>F_DelExtension</b><br>Test class: com.yeastar.swebtest.testcase.smokecase.pbxcase.Extension.ExtensionTest</td>
<td></td>
<td>0</td>
<td>com.yeastar.swebtest.testcase.smokecase.pbxcase.Extension.ExtensionTest@6d64ab</td></tr>
<tr>
<td title='com.yeastar.swebtest.testcase.smokecase.pbxcase.Extension.ExtensionTest.G_DelExteiosns()'><b>G_DelExteiosns</b><br>Test class: com.yeastar.swebtest.testcase.smokecase.pbxcase.Extension.ExtensionTest</td>
<td></td>
<td>0</td>
<td>com.yeastar.swebtest.testcase.smokecase.pbxcase.Extension.ExtensionTest@6d64ab</td></tr>
<tr>
<td title='com.yeastar.swebtest.testcase.smokecase.pbxcase.Extension.ExtensionTest.H_ImportExtension()'><b>H_ImportExtension</b><br>Test class: com.yeastar.swebtest.testcase.smokecase.pbxcase.Extension.ExtensionTest</td>
<td></td>
<td>0</td>
<td>com.yeastar.swebtest.testcase.smokecase.pbxcase.Extension.ExtensionTest@6d64ab</td></tr>
<tr>
<td title='com.yeastar.swebtest.testcase.smokecase.pbxcase.Extension.ExtensionTest.I_PstnCall()'><b>I_PstnCall</b><br>Test class: com.yeastar.swebtest.testcase.smokecase.pbxcase.Extension.ExtensionTest<br/>
<a href="#Output-12951919" onClick='toggleBox("Output-12951919", this, "Show output", "Hide output");'>Show output</a>

<a href="#Output-12951919" onClick="toggleAllBoxes();">Show all outputs</a>
<div class='log' id="Output-12951919">
    Pass: 1000分机注册失败<br/>
</div>
</td>
<td></td>
<td>27</td>
<td>com.yeastar.swebtest.testcase.smokecase.pbxcase.Extension.ExtensionTest@6d64ab</td></tr>
</table><p>
</body>
</html>