<?xml version="1.0" encoding="UTF-8"?>
<!-- Generated by org.testng.reporters.JUnitXMLReporter -->
<testsuite hostname="Yeastar-PC" name="pbxcore" tests="27" failures="2" timestamp="18 Aug 2017 05:37:51 GMT" time="556.204" errors="0">
  <testcase name="A_CreateExtension" time="15.77" classname="com.yeastar.swebtest.testcase.smokecase.pbxcase.Extension.Extension"/>
  <testcase name="B_CreateFxsExtension" time="15.958" classname="com.yeastar.swebtest.testcase.smokecase.pbxcase.Extension.Extension"/>
  <testcase name="C_CreateBulkExtensions" time="23.781" classname="com.yeastar.swebtest.testcase.smokecase.pbxcase.Extension.Extension"/>
  <testcase name="D_RegisterExtension" time="57.15" classname="com.yeastar.swebtest.testcase.smokecase.pbxcase.Extension.Extension">
    <failure type="org.openqa.selenium.WebDriverException" message="unknown error: Cannot read property &amp;apos;id&amp;apos; of undefined
  (Session info: chrome=57.0.2987.133)
  (Driver info: chromedriver=2.29.461591 (62ebf098771772160f391d75e589dc567915b233),platform=Windows NT 6.1.7601 SP1 x86_64) (WARNING: The server did not provide any stacktrace information)
Command duration or timeout: 34 milliseconds
Build info: version: &amp;apos;2.53.1&amp;apos;, revision: &amp;apos;a36b8b1cd5757287168e54b817830adce9b0158d&amp;apos;, time: &amp;apos;2016-06-30 19:26:09&amp;apos;
System info: host: &amp;apos;Yeastar-PC&amp;apos;, ip: &amp;apos;192.168.7.14&amp;apos;, os.name: &amp;apos;Windows 7&amp;apos;, os.arch: &amp;apos;x86&amp;apos;, os.version: &amp;apos;6.1&amp;apos;, java.version: &amp;apos;1.8.0_121&amp;apos;
Driver info: org.openqa.selenium.chrome.ChromeDriver
Capabilities [{applicationCacheEnabled=false, rotatable=false, mobileEmulationEnabled=false, networkConnectionEnabled=false, chrome={chromedriverVersion=2.29.461591 (62ebf098771772160f391d75e589dc567915b233), userDataDir=C:\Users\Yeastar\AppData\Local\Temp\scoped_dir17676_31439}, takesHeapSnapshot=true, pageLoadStrategy=normal, databaseEnabled=false, handlesAlerts=true, hasTouchScreen=false, version=57.0.2987.133, platform=XP, browserConnectionEnabled=false, nativeEvents=true, acceptSslCerts=true, locationContextEnabled=true, webStorageEnabled=true, browserName=chrome, takesScreenshot=true, javascriptEnabled=true, cssSelectorsEnabled=true, unexpectedAlertBehaviour=}]
Session ID: a1ea70300ad2e9e089033336c34d69fb">
      <![CDATA[org.openqa.selenium.WebDriverException: unknown error: Cannot read property 'id' of undefined
  (Session info: chrome=57.0.2987.133)
  (Driver info: chromedriver=2.29.461591 (62ebf098771772160f391d75e589dc567915b233),platform=Windows NT 6.1.7601 SP1 x86_64) (WARNING: The server did not provide any stacktrace information)
Command duration or timeout: 34 milliseconds
Build info: version: '2.53.1', revision: 'a36b8b1cd5757287168e54b817830adce9b0158d', time: '2016-06-30 19:26:09'
System info: host: 'Yeastar-PC', ip: '192.168.7.14', os.name: 'Windows 7', os.arch: 'x86', os.version: '6.1', java.version: '1.8.0_121'
Driver info: org.openqa.selenium.chrome.ChromeDriver
Capabilities [{applicationCacheEnabled=false, rotatable=false, mobileEmulationEnabled=false, networkConnectionEnabled=false, chrome={chromedriverVersion=2.29.461591 (62ebf098771772160f391d75e589dc567915b233), userDataDir=C:\Users\Yeastar\AppData\Local\Temp\scoped_dir17676_31439}, takesHeapSnapshot=true, pageLoadStrategy=normal, databaseEnabled=false, handlesAlerts=true, hasTouchScreen=false, version=57.0.2987.133, platform=XP, browserConnectionEnabled=false, nativeEvents=true, acceptSslCerts=true, locationContextEnabled=true, webStorageEnabled=true, browserName=chrome, takesScreenshot=true, javascriptEnabled=true, cssSelectorsEnabled=true, unexpectedAlertBehaviour=}]
Session ID: a1ea70300ad2e9e089033336c34d69fb
	at org.openqa.selenium.remote.ErrorHandler.createThrowable(ErrorHandler.java:206)
	at org.openqa.selenium.remote.ErrorHandler.throwIfResponseFailed(ErrorHandler.java:158)
	at org.openqa.selenium.remote.RemoteWebDriver.execute(RemoteWebDriver.java:678)
	at org.openqa.selenium.remote.RemoteWebDriver.executeScript(RemoteWebDriver.java:577)
	at com.yeastar.swebtest.driver.SwebDriver.executeJs(SwebDriver.java:358)
	at com.yeastar.swebtest.driver.SwebDriver.gridContent(SwebDriver.java:190)
	at com.yeastar.swebtest.driver.YSMethod.YS_Extension.checkCDR(YS_Extension.java:274)
	at com.yeastar.swebtest.testcase.smokecase.pbxcase.Extension.Extension.D_RegisterExtension(Extension.java:91)
... Removed 31 stack frames]]>
    </failure>
  </testcase> <!-- D_RegisterExtension -->
  <testcase name="E_ExportExtensions" time="0.907" classname="com.yeastar.swebtest.testcase.smokecase.pbxcase.Extension.Extension"/>
  <testcase name="F_DelExtension" time="0.0" classname="com.yeastar.swebtest.testcase.smokecase.pbxcase.Extension.Extension"/>
  <testcase name="G_DelExteiosns" time="0.0" classname="com.yeastar.swebtest.testcase.smokecase.pbxcase.Extension.Extension"/>
  <testcase name="H_ImportExtension" time="0.0" classname="com.yeastar.swebtest.testcase.smokecase.pbxcase.Extension.Extension"/>
  <testcase name="I_PstnCall" time="42.243" classname="com.yeastar.swebtest.testcase.smokecase.pbxcase.Extension.Extension">
    <failure type="org.openqa.selenium.WebDriverException" message="unknown error: Cannot read property &amp;apos;id&amp;apos; of undefined
  (Session info: chrome=57.0.2987.133)
  (Driver info: chromedriver=2.29.461591 (62ebf098771772160f391d75e589dc567915b233),platform=Windows NT 6.1.7601 SP1 x86_64) (WARNING: The server did not provide any stacktrace information)
Command duration or timeout: 11 milliseconds
Build info: version: &amp;apos;2.53.1&amp;apos;, revision: &amp;apos;a36b8b1cd5757287168e54b817830adce9b0158d&amp;apos;, time: &amp;apos;2016-06-30 19:26:09&amp;apos;
System info: host: &amp;apos;Yeastar-PC&amp;apos;, ip: &amp;apos;192.168.7.14&amp;apos;, os.name: &amp;apos;Windows 7&amp;apos;, os.arch: &amp;apos;x86&amp;apos;, os.version: &amp;apos;6.1&amp;apos;, java.version: &amp;apos;1.8.0_121&amp;apos;
Driver info: org.openqa.selenium.chrome.ChromeDriver
Capabilities [{applicationCacheEnabled=false, rotatable=false, mobileEmulationEnabled=false, networkConnectionEnabled=false, chrome={chromedriverVersion=2.29.461591 (62ebf098771772160f391d75e589dc567915b233), userDataDir=C:\Users\Yeastar\AppData\Local\Temp\scoped_dir17676_31439}, takesHeapSnapshot=true, pageLoadStrategy=normal, databaseEnabled=false, handlesAlerts=true, hasTouchScreen=false, version=57.0.2987.133, platform=XP, browserConnectionEnabled=false, nativeEvents=true, acceptSslCerts=true, locationContextEnabled=true, webStorageEnabled=true, browserName=chrome, takesScreenshot=true, javascriptEnabled=true, cssSelectorsEnabled=true, unexpectedAlertBehaviour=}]
Session ID: a1ea70300ad2e9e089033336c34d69fb">
      <![CDATA[org.openqa.selenium.WebDriverException: unknown error: Cannot read property 'id' of undefined
  (Session info: chrome=57.0.2987.133)
  (Driver info: chromedriver=2.29.461591 (62ebf098771772160f391d75e589dc567915b233),platform=Windows NT 6.1.7601 SP1 x86_64) (WARNING: The server did not provide any stacktrace information)
Command duration or timeout: 11 milliseconds
Build info: version: '2.53.1', revision: 'a36b8b1cd5757287168e54b817830adce9b0158d', time: '2016-06-30 19:26:09'
System info: host: 'Yeastar-PC', ip: '192.168.7.14', os.name: 'Windows 7', os.arch: 'x86', os.version: '6.1', java.version: '1.8.0_121'
Driver info: org.openqa.selenium.chrome.ChromeDriver
Capabilities [{applicationCacheEnabled=false, rotatable=false, mobileEmulationEnabled=false, networkConnectionEnabled=false, chrome={chromedriverVersion=2.29.461591 (62ebf098771772160f391d75e589dc567915b233), userDataDir=C:\Users\Yeastar\AppData\Local\Temp\scoped_dir17676_31439}, takesHeapSnapshot=true, pageLoadStrategy=normal, databaseEnabled=false, handlesAlerts=true, hasTouchScreen=false, version=57.0.2987.133, platform=XP, browserConnectionEnabled=false, nativeEvents=true, acceptSslCerts=true, locationContextEnabled=true, webStorageEnabled=true, browserName=chrome, takesScreenshot=true, javascriptEnabled=true, cssSelectorsEnabled=true, unexpectedAlertBehaviour=}]
Session ID: a1ea70300ad2e9e089033336c34d69fb
	at org.openqa.selenium.remote.ErrorHandler.createThrowable(ErrorHandler.java:206)
	at org.openqa.selenium.remote.ErrorHandler.throwIfResponseFailed(ErrorHandler.java:158)
	at org.openqa.selenium.remote.RemoteWebDriver.execute(RemoteWebDriver.java:678)
	at org.openqa.selenium.remote.RemoteWebDriver.executeScript(RemoteWebDriver.java:577)
	at com.yeastar.swebtest.driver.SwebDriver.executeJs(SwebDriver.java:358)
	at com.yeastar.swebtest.driver.SwebDriver.gridContent(SwebDriver.java:190)
	at com.yeastar.swebtest.driver.YSMethod.YS_Extension.checkCDR(YS_Extension.java:274)
	at com.yeastar.swebtest.testcase.smokecase.pbxcase.Extension.Extension.I_PstnCall(Extension.java:132)
... Removed 31 stack frames]]>
    </failure>
  </testcase> <!-- I_PstnCall -->
  <testcase name="J_ExtensionGroupSetting" time="32.112" classname="com.yeastar.swebtest.testcase.smokecase.pbxcase.Extension.Extension"/>
  <testcase name="A_AddTrunk" time="20.984" classname="com.yeastar.swebtest.testcase.smokecase.pbxcase.Trunk.NewTrunk"/>
  <testcase name="B_AddTrunkIAXTrunk" time="16.824" classname="com.yeastar.swebtest.testcase.smokecase.pbxcase.Trunk.NewTrunk"/>
  <testcase name="C_AddSPX" time="18.385" classname="com.yeastar.swebtest.testcase.smokecase.pbxcase.Trunk.NewTrunk"/>
  <testcase name="D_AddSPS" time="19.665" classname="com.yeastar.swebtest.testcase.smokecase.pbxcase.Trunk.NewTrunk"/>
  <testcase name="E_SetBriTrunk" time="21.897" classname="com.yeastar.swebtest.testcase.smokecase.pbxcase.Trunk.NewTrunk"/>
  <testcase name="A_RingGroup" time="21.689" classname="com.yeastar.swebtest.testcase.smokecase.pbxcase.CallFeature.CallFeature"/>
  <testcase name="B_Queue" time="14.046" classname="com.yeastar.swebtest.testcase.smokecase.pbxcase.CallFeature.CallFeature"/>
  <testcase name="C_Conference" time="6.299" classname="com.yeastar.swebtest.testcase.smokecase.pbxcase.CallFeature.CallFeature"/>
  <testcase name="D_PickupGroup" time="16.317" classname="com.yeastar.swebtest.testcase.smokecase.pbxcase.CallFeature.CallFeature"/>
  <testcase name="E_PagingIntercom" time="10.933" classname="com.yeastar.swebtest.testcase.smokecase.pbxcase.CallFeature.CallFeature"/>
  <testcase name="F_CallBack" time="19.41" classname="com.yeastar.swebtest.testcase.smokecase.pbxcase.CallFeature.CallFeature"/>
  <testcase name="F_PINList" time="14.055" classname="com.yeastar.swebtest.testcase.smokecase.pbxcase.CallFeature.CallFeature"/>
  <testcase name="A_JudgeStorage" time="12.268" classname="com.yeastar.swebtest.testcase.smokecase.pbxcase.Storage.Storage"/>
  <testcase name="B_AddNetworkDrive" time="12.502" classname="com.yeastar.swebtest.testcase.smokecase.pbxcase.Storage.Storage"/>
  <testcase name="C_SetFileShare" time="0.356" classname="com.yeastar.swebtest.testcase.smokecase.pbxcase.Storage.Storage"/>
  <testcase name="D_StorageLocations" time="4.302" classname="com.yeastar.swebtest.testcase.smokecase.pbxcase.Storage.Storage"/>
  <testcase name="E_Recording_Settings" time="17.693" classname="com.yeastar.swebtest.testcase.smokecase.pbxcase.Storage.Storage"/>
</testsuite> <!-- pbxcore -->
