<?xml version="1.0" encoding="UTF-8"?>
<!-- Generated by org.testng.reporters.JUnitReportReporter -->
<testsuite hostname="Yeastar-PC" name="com.yeastar.swebtest.testcase.DetailCase.pbxcase.Callback" tests="46" failures="2" timestamp="8 May 2018 18:53:03 GMT" time="1782.832" errors="1">
  <testcase name="B2_add_InRoute_destination" time="33.629" classname="com.yeastar.swebtest.testcase.DetailCase.pbxcase.Callback"/>
  <testcase name="A3_add_destination" time="10.299" classname="com.yeastar.swebtest.testcase.DetailCase.pbxcase.Callback"/>
  <testcase name="C4_through_spx" time="64.507" classname="com.yeastar.swebtest.testcase.DetailCase.pbxcase.Callback"/>
  <testcase name="C5_through_fxo" time="45.252" classname="com.yeastar.swebtest.testcase.DetailCase.pbxcase.Callback"/>
  <testcase name="B3_bakckUp" time="37.641" classname="com.yeastar.swebtest.testcase.DetailCase.pbxcase.Callback"/>
  <testcase name="G1_recovery_callback" time="41.429" classname="com.yeastar.swebtest.testcase.DetailCase.pbxcase.Callback"/>
  <testcase name="A3_add_destination" time="18.272" classname="com.yeastar.swebtest.testcase.DetailCase.pbxcase.Callback"/>
  <testcase name="B2_add_InRoute_destination" time="32.968" classname="com.yeastar.swebtest.testcase.DetailCase.pbxcase.Callback"/>
  <testcase name="C2_through_sip" time="40.067" classname="com.yeastar.swebtest.testcase.DetailCase.pbxcase.Callback"/>
  <testcase name="A3_add_destination" time="18.131" classname="com.yeastar.swebtest.testcase.DetailCase.pbxcase.Callback"/>
  <testcase name="E4_bri" time="38.389" classname="com.yeastar.swebtest.testcase.DetailCase.pbxcase.Callback"/>
  <testcase name="D3_des_ivr" time="47.195" classname="com.yeastar.swebtest.testcase.DetailCase.pbxcase.Callback"/>
  <testcase name="B2_add_InRoute_destination" time="32.782" classname="com.yeastar.swebtest.testcase.DetailCase.pbxcase.Callback"/>
  <testcase name="B2_add_InRoute_destination" time="33.821" classname="com.yeastar.swebtest.testcase.DetailCase.pbxcase.Callback"/>
  <testcase name="D6_des_conference" time="39.461" classname="com.yeastar.swebtest.testcase.DetailCase.pbxcase.Callback"/>
  <testcase name="D7_des_disa" time="51.200" classname="com.yeastar.swebtest.testcase.DetailCase.pbxcase.Callback"/>
  <testcase name="C6_through_bri" time="40.939" classname="com.yeastar.swebtest.testcase.DetailCase.pbxcase.Callback"/>
  <testcase name="C1_through_sps" time="65.396" classname="com.yeastar.swebtest.testcase.DetailCase.pbxcase.Callback"/>
  <testcase name="A3_add_destination" time="15.900" classname="com.yeastar.swebtest.testcase.DetailCase.pbxcase.Callback"/>
  <testcase name="A2_add_trunks" time="143.052" classname="com.yeastar.swebtest.testcase.DetailCase.pbxcase.Callback"/>
  <testcase name="B2_add_InRoute_destination" time="34.022" classname="com.yeastar.swebtest.testcase.DetailCase.pbxcase.Callback"/>
  <testcase name="B4_apply" time="16.845" classname="com.yeastar.swebtest.testcase.DetailCase.pbxcase.Callback">
    <failure type="com.codeborne.selenide.ex.ElementShould" message="Element should be visible {By.xpath: .//a[starts-with(@class,&#039;css_apply&#039;) and text()=&#039;Apply&#039;]}
Element: &#039;&lt;a class=&quot;css_apply&quot; displayed:false&gt;&lt;/a&gt;&#039;">
      <![CDATA[Element should be visible {By.xpath: .//a[starts-with(@class,'css_apply') and text()='Apply']}
Element: '<a class="css_apply" displayed:false></a>'
Screenshot: file:/F:/MyProject/SwebTest/build/reports/tests/1525784435720.1.png
Timeout: 15 s.
	at com.codeborne.selenide.impl.WebElementSource.checkCondition(WebElementSource.java:66)
	at com.codeborne.selenide.impl.WebElementSource.findAndAssertElementIsVisible(WebElementSource.java:72)
	at com.codeborne.selenide.commands.Click.execute(Click.java:14)
	at com.codeborne.selenide.commands.Click.execute(Click.java:11)
	at com.codeborne.selenide.commands.Commands.execute(Commands.java:140)
	at com.codeborne.selenide.impl.SelenideElementProxy.dispatchAndRetry(SelenideElementProxy.java:86)
	at com.codeborne.selenide.impl.SelenideElementProxy.invoke(SelenideElementProxy.java:62)
	at com.sun.proxy.$Proxy6.click(Unknown Source)
	at com.yeastar.swebtest.driver.SwebDriver.ys_apply(SwebDriver.java:644)
	at com.yeastar.swebtest.testcase.DetailCase.pbxcase.Callback.B4_apply(Callback.java:217)
	at sun.reflect.NativeMethodAccessorImpl.invoke0(Native Method)
	at sun.reflect.NativeMethodAccessorImpl.invoke(NativeMethodAccessorImpl.java:62)
	at sun.reflect.DelegatingMethodAccessorImpl.invoke(DelegatingMethodAccessorImpl.java:43)
	at java.lang.reflect.Method.invoke(Method.java:498)
	at org.testng.internal.MethodInvocationHelper.invokeMethod(MethodInvocationHelper.java:85)
	at org.testng.internal.Invoker.invokeMethod(Invoker.java:639)
	at org.testng.internal.Invoker.invokeTestMethod(Invoker.java:816)
	at org.testng.internal.Invoker.invokeTestMethods(Invoker.java:1124)
	at org.testng.internal.TestMethodWorker.invokeTestMethods(TestMethodWorker.java:125)
	at org.testng.internal.TestMethodWorker.run(TestMethodWorker.java:108)
	at org.testng.TestRunner.privateRun(TestRunner.java:774)
	at org.testng.TestRunner.run(TestRunner.java:624)
	at org.testng.SuiteRunner.runTest(SuiteRunner.java:359)
	at org.testng.SuiteRunner.runSequentially(SuiteRunner.java:354)
	at org.testng.SuiteRunner.privateRun(SuiteRunner.java:312)
	at org.testng.SuiteRunner.run(SuiteRunner.java:261)
	at org.testng.SuiteRunnerWorker.runSuite(SuiteRunnerWorker.java:52)
	at org.testng.SuiteRunnerWorker.run(SuiteRunnerWorker.java:86)
	at org.testng.TestNG.runSuitesSequentially(TestNG.java:1215)
	at org.testng.TestNG.runSuitesLocally(TestNG.java:1140)
	at org.testng.TestNG.run(TestNG.java:1048)
	at org.apache.maven.surefire.testng.TestNGExecutor.run(TestNGExecutor.java:293)
	at org.apache.maven.surefire.testng.TestNGXmlTestSuite.execute(TestNGXmlTestSuite.java:84)
	at org.apache.maven.surefire.testng.TestNGProvider.invoke(TestNGProvider.java:91)
	at org.apache.maven.surefire.booter.ForkedBooter.invokeProviderInSameClassLoader(ForkedBooter.java:200)
	at org.apache.maven.surefire.booter.ForkedBooter.runSuitesInProcess(ForkedBooter.java:153)
	at org.apache.maven.surefire.booter.ForkedBooter.main(ForkedBooter.java:103)
]]>
    </failure>
  </testcase> <!-- B4_apply -->
  <testcase name="D4_des_ringgroup" time="50.883" classname="com.yeastar.swebtest.testcase.DetailCase.pbxcase.Callback"/>
  <testcase name="E1_sps" time="40.725" classname="com.yeastar.swebtest.testcase.DetailCase.pbxcase.Callback"/>
  <testcase name="D8_des_fxs" time="39.607" classname="com.yeastar.swebtest.testcase.DetailCase.pbxcase.Callback"/>
  <testcase name="E3_fxo" time="43.150" classname="com.yeastar.swebtest.testcase.DetailCase.pbxcase.Callback"/>
  <testcase name="F_delete" time="49.918" classname="com.yeastar.swebtest.testcase.DetailCase.pbxcase.Callback"/>
  <testcase name="E5_e1" time="0.138" classname="com.yeastar.swebtest.testcase.DetailCase.pbxcase.Callback"/>
  <testcase name="B1_add_InRoute_trunk" time="253.465" classname="com.yeastar.swebtest.testcase.DetailCase.pbxcase.Callback"/>
  <testcase name="C8_through_gsm" time="0.069" classname="com.yeastar.swebtest.testcase.DetailCase.pbxcase.Callback"/>
  <testcase name="B2_add_InRoute_destination" time="32.705" classname="com.yeastar.swebtest.testcase.DetailCase.pbxcase.Callback"/>
  <testcase name="C3_through_iax" time="40.444" classname="com.yeastar.swebtest.testcase.DetailCase.pbxcase.Callback"/>
  <testcase name="D2_des_extension" time="52.444" classname="com.yeastar.swebtest.testcase.DetailCase.pbxcase.Callback"/>
  <testcase name="E2_spx" time="15.660" classname="com.yeastar.swebtest.testcase.DetailCase.pbxcase.Callback">
    <error type="java.lang.Error" message="Invalid memory access">
      <![CDATA[java.lang.Error: Invalid memory access
	at com.sun.jna.Native.invokeInt(Native Method)
	at com.sun.jna.Function.invoke(Function.java:383)
	at com.sun.jna.Function.invoke(Function.java:315)
	at com.sun.jna.Library$Handler.invoke(Library.java:212)
	at com.sun.proxy.$Proxy7.ys_hangup_all_call(Unknown Source)
	at com.yeastar.swebtest.tools.pjsip.PjsipApp.Pj_Hangup_All(PjsipApp.java:397)
	at com.yeastar.swebtest.testcase.DetailCase.pbxcase.Callback.E2_spx(Callback.java:517)
	at sun.reflect.NativeMethodAccessorImpl.invoke0(Native Method)
	at sun.reflect.NativeMethodAccessorImpl.invoke(NativeMethodAccessorImpl.java:62)
	at sun.reflect.DelegatingMethodAccessorImpl.invoke(DelegatingMethodAccessorImpl.java:43)
	at java.lang.reflect.Method.invoke(Method.java:498)
	at org.testng.internal.MethodInvocationHelper.invokeMethod(MethodInvocationHelper.java:85)
	at org.testng.internal.Invoker.invokeMethod(Invoker.java:639)
	at org.testng.internal.Invoker.invokeTestMethod(Invoker.java:816)
	at org.testng.internal.Invoker.invokeTestMethods(Invoker.java:1124)
	at org.testng.internal.TestMethodWorker.invokeTestMethods(TestMethodWorker.java:125)
	at org.testng.internal.TestMethodWorker.run(TestMethodWorker.java:108)
	at org.testng.TestRunner.privateRun(TestRunner.java:774)
	at org.testng.TestRunner.run(TestRunner.java:624)
	at org.testng.SuiteRunner.runTest(SuiteRunner.java:359)
	at org.testng.SuiteRunner.runSequentially(SuiteRunner.java:354)
	at org.testng.SuiteRunner.privateRun(SuiteRunner.java:312)
	at org.testng.SuiteRunner.run(SuiteRunner.java:261)
	at org.testng.SuiteRunnerWorker.runSuite(SuiteRunnerWorker.java:52)
	at org.testng.SuiteRunnerWorker.run(SuiteRunnerWorker.java:86)
	at org.testng.TestNG.runSuitesSequentially(TestNG.java:1215)
	at org.testng.TestNG.runSuitesLocally(TestNG.java:1140)
	at org.testng.TestNG.run(TestNG.java:1048)
	at org.apache.maven.surefire.testng.TestNGExecutor.run(TestNGExecutor.java:293)
	at org.apache.maven.surefire.testng.TestNGXmlTestSuite.execute(TestNGXmlTestSuite.java:84)
	at org.apache.maven.surefire.testng.TestNGProvider.invoke(TestNGProvider.java:91)
	at org.apache.maven.surefire.booter.ForkedBooter.invokeProviderInSameClassLoader(ForkedBooter.java:200)
	at org.apache.maven.surefire.booter.ForkedBooter.runSuitesInProcess(ForkedBooter.java:153)
	at org.apache.maven.surefire.booter.ForkedBooter.main(ForkedBooter.java:103)
]]>
    </error>
  </testcase> <!-- E2_spx -->
  <testcase name="A3_add_destination" time="16.157" classname="com.yeastar.swebtest.testcase.DetailCase.pbxcase.Callback"/>
  <testcase name="A1_Init" time="24.151" classname="com.yeastar.swebtest.testcase.DetailCase.pbxcase.Callback"/>
  <testcase name="A3_add_destination" time="16.094" classname="com.yeastar.swebtest.testcase.DetailCase.pbxcase.Callback"/>
  <testcase name="D5_des_queue" time="47.335" classname="com.yeastar.swebtest.testcase.DetailCase.pbxcase.Callback">
    <failure type="java.lang.AssertionError" message="CDR被叫方检测 【预期：1100 [6700(1100)] 实际：6700(1100)】">
      <![CDATA[java.lang.AssertionError: CDR被叫方检测 【预期：1100 [6700(1100)] 实际：6700(1100)】
	at com.yeastar.swebtest.tools.ysassert.YsAssert.fail(YsAssert.java:1086)
	at com.yeastar.swebtest.tools.ysassert.YsAssert.failNotEquals(YsAssert.java:579)
	at com.yeastar.swebtest.tools.ysassert.YsAssert.assertEqualsImpl(YsAssert.java:142)
	at com.yeastar.swebtest.tools.ysassert.YsAssert.assertEquals(YsAssert.java:116)
	at com.yeastar.swebtest.tools.ysassert.YsAssert.assertEquals(YsAssert.java:199)
	at com.yeastar.swebtest.driver.YSMethod.YS_Extension.checkCDR(YS_Extension.java:263)
	at com.yeastar.swebtest.driver.YSMethod.YS_Extension.checkCDR(YS_Extension.java:252)
	at com.yeastar.swebtest.testcase.DetailCase.pbxcase.Callback.D5_des_queue(Callback.java:431)
	at sun.reflect.NativeMethodAccessorImpl.invoke0(Native Method)
	at sun.reflect.NativeMethodAccessorImpl.invoke(NativeMethodAccessorImpl.java:62)
	at sun.reflect.DelegatingMethodAccessorImpl.invoke(DelegatingMethodAccessorImpl.java:43)
	at java.lang.reflect.Method.invoke(Method.java:498)
	at org.testng.internal.MethodInvocationHelper.invokeMethod(MethodInvocationHelper.java:85)
	at org.testng.internal.Invoker.invokeMethod(Invoker.java:639)
	at org.testng.internal.Invoker.invokeTestMethod(Invoker.java:816)
	at org.testng.internal.Invoker.invokeTestMethods(Invoker.java:1124)
	at org.testng.internal.TestMethodWorker.invokeTestMethods(TestMethodWorker.java:125)
	at org.testng.internal.TestMethodWorker.run(TestMethodWorker.java:108)
	at org.testng.TestRunner.privateRun(TestRunner.java:774)
	at org.testng.TestRunner.run(TestRunner.java:624)
	at org.testng.SuiteRunner.runTest(SuiteRunner.java:359)
	at org.testng.SuiteRunner.runSequentially(SuiteRunner.java:354)
	at org.testng.SuiteRunner.privateRun(SuiteRunner.java:312)
	at org.testng.SuiteRunner.run(SuiteRunner.java:261)
	at org.testng.SuiteRunnerWorker.runSuite(SuiteRunnerWorker.java:52)
	at org.testng.SuiteRunnerWorker.run(SuiteRunnerWorker.java:86)
	at org.testng.TestNG.runSuitesSequentially(TestNG.java:1215)
	at org.testng.TestNG.runSuitesLocally(TestNG.java:1140)
	at org.testng.TestNG.run(TestNG.java:1048)
	at org.apache.maven.surefire.testng.TestNGExecutor.run(TestNGExecutor.java:293)
	at org.apache.maven.surefire.testng.TestNGXmlTestSuite.execute(TestNGXmlTestSuite.java:84)
	at org.apache.maven.surefire.testng.TestNGProvider.invoke(TestNGProvider.java:91)
	at org.apache.maven.surefire.booter.ForkedBooter.invokeProviderInSameClassLoader(ForkedBooter.java:200)
	at org.apache.maven.surefire.booter.ForkedBooter.runSuitesInProcess(ForkedBooter.java:153)
	at org.apache.maven.surefire.booter.ForkedBooter.main(ForkedBooter.java:103)
]]>
    </failure>
  </testcase> <!-- D5_des_queue -->
  <testcase name="E6_gsm" time="0.043" classname="com.yeastar.swebtest.testcase.DetailCase.pbxcase.Callback"/>
  <testcase name="B2_add_InRoute_destination" time="33.124" classname="com.yeastar.swebtest.testcase.DetailCase.pbxcase.Callback"/>
  <testcase name="C7_through_e1" time="0.084" classname="com.yeastar.swebtest.testcase.DetailCase.pbxcase.Callback"/>
  <testcase name="A3_add_destination" time="15.776" classname="com.yeastar.swebtest.testcase.DetailCase.pbxcase.Callback"/>
  <testcase name="G2_recovery_inbound" time="50.389" classname="com.yeastar.swebtest.testcase.DetailCase.pbxcase.Callback"/>
  <testcase name="B2_add_InRoute_destination" time="32.181" classname="com.yeastar.swebtest.testcase.DetailCase.pbxcase.Callback"/>
  <testcase name="A3_add_destination" time="15.831" classname="com.yeastar.swebtest.testcase.DetailCase.pbxcase.Callback"/>
  <testcase name="D1_des_hangup" time="11.262" classname="com.yeastar.swebtest.testcase.DetailCase.pbxcase.Callback"/>
</testsuite> <!-- com.yeastar.swebtest.testcase.DetailCase.pbxcase.Callback -->
