<?xml version="1.0" encoding="UTF-8"?>
<!-- Generated by org.testng.reporters.JUnitReportReporter -->
<testsuite hostname="Yeastar-PC" name="com.yeastar.swebtest.testcase.RegressionCase.pbxcore.BeforeTest" tests="22" failures="1" timestamp="9 Nov 2017 11:04:01 GMT" time="699.379" errors="0">
  <testcase name="F_addInRoute" time="54.190" classname="com.yeastar.swebtest.testcase.RegressionCase.pbxcore.BeforeTest"/>
  <testcase name="G_addOutRoute2" time="14.354" classname="com.yeastar.swebtest.testcase.RegressionCase.pbxcore.BeforeTest"/>
  <testcase name="G_addOutRoute4" time="14.426" classname="com.yeastar.swebtest.testcase.RegressionCase.pbxcore.BeforeTest"/>
  <testcase name="D_addtrunk" time="40.969" classname="com.yeastar.swebtest.testcase.RegressionCase.pbxcore.BeforeTest"/>
  <testcase name="G_addOutRoute8" time="0.000" classname="com.yeastar.swebtest.testcase.RegressionCase.pbxcore.BeforeTest"/>
  <testcase name="B_addtrunk" time="53.723" classname="com.yeastar.swebtest.testcase.RegressionCase.pbxcore.BeforeTest"/>
  <testcase name="J_addqueue" time="39.308" classname="com.yeastar.swebtest.testcase.RegressionCase.pbxcore.BeforeTest"/>
  <testcase name="K_addconference" time="35.720" classname="com.yeastar.swebtest.testcase.RegressionCase.pbxcore.BeforeTest"/>
  <testcase name="G_addOutRoute5" time="14.663" classname="com.yeastar.swebtest.testcase.RegressionCase.pbxcore.BeforeTest"/>
  <testcase name="E_addtrunk" time="44.459" classname="com.yeastar.swebtest.testcase.RegressionCase.pbxcore.BeforeTest"/>
  <testcase name="G_addOutRoute3" time="12.563" classname="com.yeastar.swebtest.testcase.RegressionCase.pbxcore.BeforeTest"/>
  <testcase name="G_addOutRoute6" time="14.736" classname="com.yeastar.swebtest.testcase.RegressionCase.pbxcore.BeforeTest"/>
  <testcase name="G_addOutRoute1" time="31.882" classname="com.yeastar.swebtest.testcase.RegressionCase.pbxcore.BeforeTest"/>
  <testcase name="I_addringgroup" time="32.585" classname="com.yeastar.swebtest.testcase.RegressionCase.pbxcore.BeforeTest"/>
  <testcase name="C_addtrunk" time="39.444" classname="com.yeastar.swebtest.testcase.RegressionCase.pbxcore.BeforeTest">
    <failure type="java.lang.AssertionError" message="IAX1注册失败">
      <![CDATA[java.lang.AssertionError: IAX1注册失败
	at com.yeastar.swebtest.tools.ysassert.YsAssert.fail(YsAssert.java:1086)
	at com.yeastar.swebtest.tools.ysassert.YsAssert.assertNotEquals(YsAssert.java:912)
	at com.yeastar.swebtest.driver.YSMethod.YS_Trunk.assertTrunkStatus(YS_Trunk.java:233)
	at com.yeastar.swebtest.driver.YSMethod.YS_Trunk.addTrunk(YS_Trunk.java:191)
	at com.yeastar.swebtest.testcase.RegressionCase.pbxcore.BeforeTest.C_addtrunk(BeforeTest.java:104)
	at sun.reflect.NativeMethodAccessorImpl.invoke0(Native Method)
	at sun.reflect.NativeMethodAccessorImpl.invoke(NativeMethodAccessorImpl.java:62)
	at sun.reflect.DelegatingMethodAccessorImpl.invoke(DelegatingMethodAccessorImpl.java:43)
	at java.lang.reflect.Method.invoke(Method.java:498)
	at org.testng.internal.MethodInvocationHelper.invokeMethod(MethodInvocationHelper.java:85)
	at org.testng.internal.Invoker.invokeMethod(Invoker.java:639)
	at org.testng.internal.Invoker.invokeTestMethod(Invoker.java:816)
	at org.testng.internal.Invoker.invokeTestMethods(Invoker.java:1124)
	at org.testng.internal.TestMethodWorker.invokeTestMethods(TestMethodWorker.java:125)
	at org.testng.internal.TestMethodWorker.run(TestMethodWorker.java:108)
	at org.testng.TestRunner.privateRun(TestRunner.java:774)
	at org.testng.TestRunner.run(TestRunner.java:624)
	at org.testng.SuiteRunner.runTest(SuiteRunner.java:359)
	at org.testng.SuiteRunner.runSequentially(SuiteRunner.java:354)
	at org.testng.SuiteRunner.privateRun(SuiteRunner.java:312)
	at org.testng.SuiteRunner.run(SuiteRunner.java:261)
	at org.testng.SuiteRunnerWorker.runSuite(SuiteRunnerWorker.java:52)
	at org.testng.SuiteRunnerWorker.run(SuiteRunnerWorker.java:86)
	at org.testng.TestNG.runSuitesSequentially(TestNG.java:1215)
	at org.testng.TestNG.runSuitesLocally(TestNG.java:1140)
	at org.testng.TestNG.run(TestNG.java:1048)
	at org.apache.maven.surefire.testng.TestNGExecutor.run(TestNGExecutor.java:293)
	at org.apache.maven.surefire.testng.TestNGXmlTestSuite.execute(TestNGXmlTestSuite.java:84)
	at org.apache.maven.surefire.testng.TestNGProvider.invoke(TestNGProvider.java:91)
	at org.apache.maven.surefire.booter.ForkedBooter.invokeProviderInSameClassLoader(ForkedBooter.java:200)
	at org.apache.maven.surefire.booter.ForkedBooter.runSuitesInProcess(ForkedBooter.java:153)
	at org.apache.maven.surefire.booter.ForkedBooter.main(ForkedBooter.java:103)
]]>
    </failure>
  </testcase> <!-- C_addtrunk -->
  <testcase name="A1_addExtension" time="65.766" classname="com.yeastar.swebtest.testcase.RegressionCase.pbxcore.BeforeTest"/>
  <testcase name="A4_addExtensionGroup" time="24.812" classname="com.yeastar.swebtest.testcase.RegressionCase.pbxcore.BeforeTest"/>
  <testcase name="H_addivr" time="49.903" classname="com.yeastar.swebtest.testcase.RegressionCase.pbxcore.BeforeTest"/>
  <testcase name="A2_editExtenName1" time="25.385" classname="com.yeastar.swebtest.testcase.RegressionCase.pbxcore.BeforeTest"/>
  <testcase name="G_addOutRoute7" time="0.000" classname="com.yeastar.swebtest.testcase.RegressionCase.pbxcore.BeforeTest"/>
  <testcase name="L_setRecord" time="63.756" classname="com.yeastar.swebtest.testcase.RegressionCase.pbxcore.BeforeTest"/>
  <testcase name="A3_editExtenName2" time="26.735" classname="com.yeastar.swebtest.testcase.RegressionCase.pbxcore.BeforeTest"/>
</testsuite> <!-- com.yeastar.swebtest.testcase.RegressionCase.pbxcore.BeforeTest -->
