<?xml version="1.0" encoding="UTF-8"?>
<!-- Generated by org.testng.reporters.JUnitReportReporter -->
<testsuite hostname="Yeastar-PC" name="com.yeastar.swebtest.testcase.RegressionCase.pbxcase.Conference" tests="18" failures="2" timestamp="2 Nov 2018 02:36:47 GMT" time="443.109" errors="0">
  <testcase name="A_add_conference2" time="13.688" classname="com.yeastar.swebtest.testcase.RegressionCase.pbxcase.Conference"/>
  <testcase name="F_delete" time="49.625" classname="com.yeastar.swebtest.testcase.RegressionCase.pbxcase.Conference"/>
  <testcase name="C_CallIn1" time="12.974" classname="com.yeastar.swebtest.testcase.RegressionCase.pbxcase.Conference"/>
  <testcase name="G_recovery" time="32.204" classname="com.yeastar.swebtest.testcase.RegressionCase.pbxcase.Conference"/>
  <testcase name="D_callin4" time="35.068" classname="com.yeastar.swebtest.testcase.RegressionCase.pbxcase.Conference"/>
  <testcase name="E_invite" time="26.498" classname="com.yeastar.swebtest.testcase.RegressionCase.pbxcase.Conference">
    <failure type="java.lang.AssertionError" message="预计产生多条CDR，但没有找到匹配">
      <![CDATA[java.lang.AssertionError: 预计产生多条CDR，但没有找到匹配
	at com.yeastar.swebtest.tools.ysassert.YsAssert.fail(YsAssert.java:1092)
	at com.yeastar.swebtest.driver.YSMethod.YS_Extension.checkCDR(YS_Extension.java:348)
	at com.yeastar.swebtest.testcase.RegressionCase.pbxcase.Conference.E_invite(Conference.java:228)
	at sun.reflect.NativeMethodAccessorImpl.invoke0(Native Method)
	at sun.reflect.NativeMethodAccessorImpl.invoke(NativeMethodAccessorImpl.java:62)
	at sun.reflect.DelegatingMethodAccessorImpl.invoke(DelegatingMethodAccessorImpl.java:43)
	at java.lang.reflect.Method.invoke(Method.java:498)
	at org.testng.internal.MethodInvocationHelper.invokeMethod(MethodInvocationHelper.java:85)
	at org.testng.internal.Invoker.invokeMethod(Invoker.java:639)
	at org.testng.internal.Invoker.invokeTestMethod(Invoker.java:816)
	at org.testng.internal.Invoker.invokeTestMethods(Invoker.java:1124)
	at org.testng.internal.TestMethodWorker.invokeTestMethods(TestMethodWorker.java:125)
	at org.testng.internal.TestMethodWorker.run(TestMethodWorker.java:108)
	at org.testng.TestRunner.privateRun(TestRunner.java:774)
	at org.testng.TestRunner.run(TestRunner.java:624)
	at org.testng.SuiteRunner.runTest(SuiteRunner.java:359)
	at org.testng.SuiteRunner.runSequentially(SuiteRunner.java:354)
	at org.testng.SuiteRunner.privateRun(SuiteRunner.java:312)
	at org.testng.SuiteRunner.run(SuiteRunner.java:261)
	at org.testng.SuiteRunnerWorker.runSuite(SuiteRunnerWorker.java:52)
	at org.testng.SuiteRunnerWorker.run(SuiteRunnerWorker.java:86)
	at org.testng.TestNG.runSuitesSequentially(TestNG.java:1215)
	at org.testng.TestNG.runSuitesLocally(TestNG.java:1140)
	at org.testng.TestNG.run(TestNG.java:1048)
	at org.apache.maven.surefire.testng.TestNGExecutor.run(TestNGExecutor.java:293)
	at org.apache.maven.surefire.testng.TestNGXmlTestSuite.execute(TestNGXmlTestSuite.java:84)
	at org.apache.maven.surefire.testng.TestNGProvider.invoke(TestNGProvider.java:91)
	at org.apache.maven.surefire.booter.ForkedBooter.invokeProviderInSameClassLoader(ForkedBooter.java:200)
	at org.apache.maven.surefire.booter.ForkedBooter.runSuitesInProcess(ForkedBooter.java:153)
	at org.apache.maven.surefire.booter.ForkedBooter.main(ForkedBooter.java:103)
]]>
    </failure>
  </testcase> <!-- E_invite -->
  <testcase name="C_CallIn4" time="13.512" classname="com.yeastar.swebtest.testcase.RegressionCase.pbxcase.Conference"/>
  <testcase name="B_editInRoute1" time="34.440" classname="com.yeastar.swebtest.testcase.RegressionCase.pbxcase.Conference"/>
  <testcase name="D_callin2" time="24.191" classname="com.yeastar.swebtest.testcase.RegressionCase.pbxcase.Conference"/>
  <testcase name="D_callin1" time="18.848" classname="com.yeastar.swebtest.testcase.RegressionCase.pbxcase.Conference">
    <failure type="java.lang.AssertionError" message="预期会议室6402有1个成员 【预期：1 实际：0】">
      <![CDATA[java.lang.AssertionError: 预期会议室6402有1个成员 【预期：1 实际：0】
	at com.yeastar.swebtest.tools.ysassert.YsAssert.fail(YsAssert.java:1092)
	at com.yeastar.swebtest.tools.ysassert.YsAssert.failNotEquals(YsAssert.java:583)
	at com.yeastar.swebtest.tools.ysassert.YsAssert.assertEqualsImpl(YsAssert.java:146)
	at com.yeastar.swebtest.tools.ysassert.YsAssert.assertEquals(YsAssert.java:120)
	at com.yeastar.swebtest.tools.ysassert.YsAssert.assertEquals(YsAssert.java:429)
	at com.yeastar.swebtest.testcase.RegressionCase.pbxcase.Conference.D_callin1(Conference.java:163)
	at sun.reflect.NativeMethodAccessorImpl.invoke0(Native Method)
	at sun.reflect.NativeMethodAccessorImpl.invoke(NativeMethodAccessorImpl.java:62)
	at sun.reflect.DelegatingMethodAccessorImpl.invoke(DelegatingMethodAccessorImpl.java:43)
	at java.lang.reflect.Method.invoke(Method.java:498)
	at org.testng.internal.MethodInvocationHelper.invokeMethod(MethodInvocationHelper.java:85)
	at org.testng.internal.Invoker.invokeMethod(Invoker.java:639)
	at org.testng.internal.Invoker.invokeTestMethod(Invoker.java:816)
	at org.testng.internal.Invoker.invokeTestMethods(Invoker.java:1124)
	at org.testng.internal.TestMethodWorker.invokeTestMethods(TestMethodWorker.java:125)
	at org.testng.internal.TestMethodWorker.run(TestMethodWorker.java:108)
	at org.testng.TestRunner.privateRun(TestRunner.java:774)
	at org.testng.TestRunner.run(TestRunner.java:624)
	at org.testng.SuiteRunner.runTest(SuiteRunner.java:359)
	at org.testng.SuiteRunner.runSequentially(SuiteRunner.java:354)
	at org.testng.SuiteRunner.privateRun(SuiteRunner.java:312)
	at org.testng.SuiteRunner.run(SuiteRunner.java:261)
	at org.testng.SuiteRunnerWorker.runSuite(SuiteRunnerWorker.java:52)
	at org.testng.SuiteRunnerWorker.run(SuiteRunnerWorker.java:86)
	at org.testng.TestNG.runSuitesSequentially(TestNG.java:1215)
	at org.testng.TestNG.runSuitesLocally(TestNG.java:1140)
	at org.testng.TestNG.run(TestNG.java:1048)
	at org.apache.maven.surefire.testng.TestNGExecutor.run(TestNGExecutor.java:293)
	at org.apache.maven.surefire.testng.TestNGXmlTestSuite.execute(TestNGXmlTestSuite.java:84)
	at org.apache.maven.surefire.testng.TestNGProvider.invoke(TestNGProvider.java:91)
	at org.apache.maven.surefire.booter.ForkedBooter.invokeProviderInSameClassLoader(ForkedBooter.java:200)
	at org.apache.maven.surefire.booter.ForkedBooter.runSuitesInProcess(ForkedBooter.java:153)
	at org.apache.maven.surefire.booter.ForkedBooter.main(ForkedBooter.java:103)
]]>
    </failure>
  </testcase> <!-- D_callin1 -->
  <testcase name="C_CallIn2" time="12.509" classname="com.yeastar.swebtest.testcase.RegressionCase.pbxcase.Conference"/>
  <testcase name="D_callin3" time="12.986" classname="com.yeastar.swebtest.testcase.RegressionCase.pbxcase.Conference"/>
  <testcase name="C_CallIn3" time="12.583" classname="com.yeastar.swebtest.testcase.RegressionCase.pbxcase.Conference"/>
  <testcase name="A_add_conference1" time="12.294" classname="com.yeastar.swebtest.testcase.RegressionCase.pbxcase.Conference"/>
  <testcase name="AA1_InitConference" time="51.336" classname="com.yeastar.swebtest.testcase.RegressionCase.pbxcase.Conference"/>
  <testcase name="D_callin5" time="29.040" classname="com.yeastar.swebtest.testcase.RegressionCase.pbxcase.Conference"/>
  <testcase name="AA0_Register" time="24.176" classname="com.yeastar.swebtest.testcase.RegressionCase.pbxcase.Conference"/>
  <testcase name="C_CallIn5" time="27.137" classname="com.yeastar.swebtest.testcase.RegressionCase.pbxcase.Conference"/>
</testsuite> <!-- com.yeastar.swebtest.testcase.RegressionCase.pbxcase.Conference -->
