<?xml version="1.0" encoding="UTF-8"?>
<!-- Generated by org.testng.reporters.JUnitReportReporter -->
<testsuite hostname="Yeastar-PC" name="com.yeastar.swebtest.testcase.RegressionCase.pbxcase.Queue" tests="20" failures="2" timestamp="1 Nov 2018 12:53:26 GMT" time="759.840" errors="0">
  <testcase name="D_RingAll1" time="11.650" classname="com.yeastar.swebtest.testcase.RegressionCase.pbxcase.Queue">
    <failure type="java.lang.AssertionError" message="1000预期响铃 【预期：2 实际：4】">
      <![CDATA[java.lang.AssertionError: 1000预期响铃 【预期：2 实际：4】
	at com.yeastar.swebtest.tools.ysassert.YsAssert.fail(YsAssert.java:1092)
	at com.yeastar.swebtest.tools.ysassert.YsAssert.failNotEquals(YsAssert.java:583)
	at com.yeastar.swebtest.tools.ysassert.YsAssert.assertEqualsImpl(YsAssert.java:146)
	at com.yeastar.swebtest.tools.ysassert.YsAssert.assertEquals(YsAssert.java:120)
	at com.yeastar.swebtest.tools.ysassert.YsAssert.assertEquals(YsAssert.java:429)
	at com.yeastar.swebtest.testcase.RegressionCase.pbxcase.Queue.D_RingAll1(Queue.java:192)
	at sun.reflect.NativeMethodAccessorImpl.invoke0(Native Method)
	at sun.reflect.NativeMethodAccessorImpl.invoke(NativeMethodAccessorImpl.java:62)
	at sun.reflect.DelegatingMethodAccessorImpl.invoke(DelegatingMethodAccessorImpl.java:43)
	at java.lang.reflect.Method.invoke(Method.java:498)
	at org.testng.internal.MethodInvocationHelper.invokeMethod(MethodInvocationHelper.java:85)
	at org.testng.internal.Invoker.invokeMethod(Invoker.java:639)
	at org.testng.internal.Invoker.invokeTestMethod(Invoker.java:816)
	at org.testng.internal.Invoker.invokeTestMethods(Invoker.java:1124)
	at org.testng.internal.TestMethodWorker.invokeTestMethods(TestMethodWorker.java:125)
	at org.testng.internal.TestMethodWorker.run(TestMethodWorker.java:108)
	at org.testng.TestRunner.privateRun(TestRunner.java:774)
	at org.testng.TestRunner.run(TestRunner.java:624)
	at org.testng.SuiteRunner.runTest(SuiteRunner.java:359)
	at org.testng.SuiteRunner.runSequentially(SuiteRunner.java:354)
	at org.testng.SuiteRunner.privateRun(SuiteRunner.java:312)
	at org.testng.SuiteRunner.run(SuiteRunner.java:261)
	at org.testng.SuiteRunnerWorker.runSuite(SuiteRunnerWorker.java:52)
	at org.testng.SuiteRunnerWorker.run(SuiteRunnerWorker.java:86)
	at org.testng.TestNG.runSuitesSequentially(TestNG.java:1215)
	at org.testng.TestNG.runSuitesLocally(TestNG.java:1140)
	at org.testng.TestNG.run(TestNG.java:1048)
	at org.apache.maven.surefire.testng.TestNGExecutor.run(TestNGExecutor.java:293)
	at org.apache.maven.surefire.testng.TestNGXmlTestSuite.execute(TestNGXmlTestSuite.java:84)
	at org.apache.maven.surefire.testng.TestNGProvider.invoke(TestNGProvider.java:91)
	at org.apache.maven.surefire.booter.ForkedBooter.invokeProviderInSameClassLoader(ForkedBooter.java:200)
	at org.apache.maven.surefire.booter.ForkedBooter.runSuitesInProcess(ForkedBooter.java:153)
	at org.apache.maven.surefire.booter.ForkedBooter.main(ForkedBooter.java:103)
]]>
    </failure>
  </testcase> <!-- D_RingAll1 -->
  <testcase name="A1_add_queue6701" time="17.973" classname="com.yeastar.swebtest.testcase.RegressionCase.pbxcase.Queue"/>
  <testcase name="G2_joinEmpty" time="30.717" classname="com.yeastar.swebtest.testcase.RegressionCase.pbxcase.Queue"/>
  <testcase name="A0_Register" time="36.060" classname="com.yeastar.swebtest.testcase.RegressionCase.pbxcase.Queue"/>
  <testcase name="C_agent4" time="30.787" classname="com.yeastar.swebtest.testcase.RegressionCase.pbxcase.Queue"/>
  <testcase name="C_agent3" time="3.326" classname="com.yeastar.swebtest.testcase.RegressionCase.pbxcase.Queue"/>
  <testcase name="J_Recovery" time="32.034" classname="com.yeastar.swebtest.testcase.RegressionCase.pbxcase.Queue"/>
  <testcase name="B_failtoextension" time="30.770" classname="com.yeastar.swebtest.testcase.RegressionCase.pbxcase.Queue"/>
  <testcase name="I_delete" time="57.650" classname="com.yeastar.swebtest.testcase.RegressionCase.pbxcase.Queue"/>
  <testcase name="F_key" time="45.803" classname="com.yeastar.swebtest.testcase.RegressionCase.pbxcase.Queue"/>
  <testcase name="E_maxWaitTime" time="128.022" classname="com.yeastar.swebtest.testcase.RegressionCase.pbxcase.Queue"/>
  <testcase name="H2_Linear" time="91.692" classname="com.yeastar.swebtest.testcase.RegressionCase.pbxcase.Queue"/>
  <testcase name="H1_Linear" time="32.508" classname="com.yeastar.swebtest.testcase.RegressionCase.pbxcase.Queue"/>
  <testcase name="C_agent2" time="25.214" classname="com.yeastar.swebtest.testcase.RegressionCase.pbxcase.Queue">
    <failure type="java.lang.AssertionError" message="CDR被叫方检测 【预期：1100 [6701(1100)] 实际：6701】">
      <![CDATA[java.lang.AssertionError: CDR被叫方检测 【预期：1100 [6701(1100)] 实际：6701】
	at com.yeastar.swebtest.tools.ysassert.YsAssert.fail(YsAssert.java:1092)
	at com.yeastar.swebtest.tools.ysassert.YsAssert.failNotEquals(YsAssert.java:583)
	at com.yeastar.swebtest.tools.ysassert.YsAssert.assertEqualsImpl(YsAssert.java:146)
	at com.yeastar.swebtest.tools.ysassert.YsAssert.assertEquals(YsAssert.java:120)
	at com.yeastar.swebtest.tools.ysassert.YsAssert.assertEquals(YsAssert.java:203)
	at com.yeastar.swebtest.driver.YSMethod.YS_Extension.checkCDR(YS_Extension.java:291)
	at com.yeastar.swebtest.driver.YSMethod.YS_Extension.checkCDR(YS_Extension.java:280)
	at com.yeastar.swebtest.testcase.RegressionCase.pbxcase.Queue.C_agent2(Queue.java:162)
	at sun.reflect.NativeMethodAccessorImpl.invoke0(Native Method)
	at sun.reflect.NativeMethodAccessorImpl.invoke(NativeMethodAccessorImpl.java:62)
	at sun.reflect.DelegatingMethodAccessorImpl.invoke(DelegatingMethodAccessorImpl.java:43)
	at java.lang.reflect.Method.invoke(Method.java:498)
	at org.testng.internal.MethodInvocationHelper.invokeMethod(MethodInvocationHelper.java:85)
	at org.testng.internal.Invoker.invokeMethod(Invoker.java:639)
	at org.testng.internal.Invoker.invokeTestMethod(Invoker.java:816)
	at org.testng.internal.Invoker.invokeTestMethods(Invoker.java:1124)
	at org.testng.internal.TestMethodWorker.invokeTestMethods(TestMethodWorker.java:125)
	at org.testng.internal.TestMethodWorker.run(TestMethodWorker.java:108)
	at org.testng.TestRunner.privateRun(TestRunner.java:774)
	at org.testng.TestRunner.run(TestRunner.java:624)
	at org.testng.SuiteRunner.runTest(SuiteRunner.java:359)
	at org.testng.SuiteRunner.runSequentially(SuiteRunner.java:354)
	at org.testng.SuiteRunner.privateRun(SuiteRunner.java:312)
	at org.testng.SuiteRunner.run(SuiteRunner.java:261)
	at org.testng.SuiteRunnerWorker.runSuite(SuiteRunnerWorker.java:52)
	at org.testng.SuiteRunnerWorker.run(SuiteRunnerWorker.java:86)
	at org.testng.TestNG.runSuitesSequentially(TestNG.java:1215)
	at org.testng.TestNG.runSuitesLocally(TestNG.java:1140)
	at org.testng.TestNG.run(TestNG.java:1048)
	at org.apache.maven.surefire.testng.TestNGExecutor.run(TestNGExecutor.java:293)
	at org.apache.maven.surefire.testng.TestNGXmlTestSuite.execute(TestNGXmlTestSuite.java:84)
	at org.apache.maven.surefire.testng.TestNGProvider.invoke(TestNGProvider.java:91)
	at org.apache.maven.surefire.booter.ForkedBooter.invokeProviderInSameClassLoader(ForkedBooter.java:200)
	at org.apache.maven.surefire.booter.ForkedBooter.runSuitesInProcess(ForkedBooter.java:153)
	at org.apache.maven.surefire.booter.ForkedBooter.main(ForkedBooter.java:103)
]]>
    </failure>
  </testcase> <!-- C_agent2 -->
  <testcase name="G1_edit6701_1" time="28.885" classname="com.yeastar.swebtest.testcase.RegressionCase.pbxcase.Queue"/>
  <testcase name="A_add_queue6702" time="31.805" classname="com.yeastar.swebtest.testcase.RegressionCase.pbxcase.Queue"/>
  <testcase name="G4_leaveWhenEmpty" time="38.646" classname="com.yeastar.swebtest.testcase.RegressionCase.pbxcase.Queue"/>
  <testcase name="C_agent1" time="23.459" classname="com.yeastar.swebtest.testcase.RegressionCase.pbxcase.Queue"/>
  <testcase name="G3_edit6701_2" time="28.879" classname="com.yeastar.swebtest.testcase.RegressionCase.pbxcase.Queue"/>
  <testcase name="A_editInbound" time="33.960" classname="com.yeastar.swebtest.testcase.RegressionCase.pbxcase.Queue"/>
</testsuite> <!-- com.yeastar.swebtest.testcase.RegressionCase.pbxcase.Queue -->
