<?xml version="1.0" encoding="UTF-8"?>
<!-- Generated by org.testng.reporters.JUnitReportReporter -->
<testsuite hostname="Yeastar-PC" name="com.yeastar.swebtest.testcase.DetailCase.pbxcase.Queue" tests="102" failures="7" timestamp="25 Apr 2018 20:15:02 GMT" time="4328.599" errors="0">
  <testcase name="E2_key1_extension" time="43.415" classname="com.yeastar.swebtest.testcase.DetailCase.pbxcase.Queue"/>
  <testcase name="C8_gsm_6701" time="0.016" classname="com.yeastar.swebtest.testcase.DetailCase.pbxcase.Queue"/>
  <testcase name="C4_spx_6701" time="62.511" classname="com.yeastar.swebtest.testcase.DetailCase.pbxcase.Queue">
    <failure type="java.lang.AssertionError" message="CDR呼叫方检测 【预期：2000 [2000] 实际：3001 [3001]】">
      <![CDATA[java.lang.AssertionError: CDR呼叫方检测 【预期：2000 [2000] 实际：3001 [3001]】
	at com.yeastar.swebtest.tools.ysassert.YsAssert.fail(YsAssert.java:1086)
	at com.yeastar.swebtest.tools.ysassert.YsAssert.failNotEquals(YsAssert.java:579)
	at com.yeastar.swebtest.tools.ysassert.YsAssert.assertEqualsImpl(YsAssert.java:142)
	at com.yeastar.swebtest.tools.ysassert.YsAssert.assertEquals(YsAssert.java:116)
	at com.yeastar.swebtest.tools.ysassert.YsAssert.assertEquals(YsAssert.java:199)
	at com.yeastar.swebtest.driver.YSMethod.YS_Extension.checkCDR(YS_Extension.java:262)
	at com.yeastar.swebtest.driver.YSMethod.YS_Extension.checkCDR(YS_Extension.java:252)
	at com.yeastar.swebtest.testcase.DetailCase.pbxcase.Queue.C4_spx_6701(Queue.java:238)
	at sun.reflect.NativeMethodAccessorImpl.invoke0(Native Method)
	at sun.reflect.NativeMethodAccessorImpl.invoke(NativeMethodAccessorImpl.java:62)
	at sun.reflect.DelegatingMethodAccessorImpl.invoke(DelegatingMethodAccessorImpl.java:43)
	at java.lang.reflect.Method.invoke(Method.java:498)
	at org.testng.internal.MethodInvocationHelper.invokeMethod(MethodInvocationHelper.java:85)
	at org.testng.internal.Invoker.invokeMethod(Invoker.java:639)
	at org.testng.internal.Invoker.invokeTestMethod(Invoker.java:816)
	at org.testng.internal.Invoker.invokeTestMethods(Invoker.java:1124)
	at org.testng.internal.TestMethodWorker.invokeTestMethods(TestMethodWorker.java:125)
	at org.testng.internal.TestMethodWorker.run(TestMethodWorker.java:108)
	at org.testng.TestRunner.privateRun(TestRunner.java:774)
	at org.testng.TestRunner.run(TestRunner.java:624)
	at org.testng.SuiteRunner.runTest(SuiteRunner.java:359)
	at org.testng.SuiteRunner.runSequentially(SuiteRunner.java:354)
	at org.testng.SuiteRunner.privateRun(SuiteRunner.java:312)
	at org.testng.SuiteRunner.run(SuiteRunner.java:261)
	at org.testng.SuiteRunnerWorker.runSuite(SuiteRunnerWorker.java:52)
	at org.testng.SuiteRunnerWorker.run(SuiteRunnerWorker.java:86)
	at org.testng.TestNG.runSuitesSequentially(TestNG.java:1215)
	at org.testng.TestNG.runSuitesLocally(TestNG.java:1140)
	at org.testng.TestNG.run(TestNG.java:1048)
	at org.apache.maven.surefire.testng.TestNGExecutor.run(TestNGExecutor.java:293)
	at org.apache.maven.surefire.testng.TestNGXmlTestSuite.execute(TestNGXmlTestSuite.java:84)
	at org.apache.maven.surefire.testng.TestNGProvider.invoke(TestNGProvider.java:91)
	at org.apache.maven.surefire.booter.ForkedBooter.invokeProviderInSameClassLoader(ForkedBooter.java:200)
	at org.apache.maven.surefire.booter.ForkedBooter.runSuitesInProcess(ForkedBooter.java:153)
	at org.apache.maven.surefire.booter.ForkedBooter.main(ForkedBooter.java:103)
]]>
    </failure>
  </testcase> <!-- C4_spx_6701 -->
  <testcase name="B2_AddInbound" time="31.381" classname="com.yeastar.swebtest.testcase.DetailCase.pbxcase.Queue"/>
  <testcase name="E6_key5_queue" time="42.562" classname="com.yeastar.swebtest.testcase.DetailCase.pbxcase.Queue"/>
  <testcase name="D3_fail_voicemail1" time="61.526" classname="com.yeastar.swebtest.testcase.DetailCase.pbxcase.Queue"/>
  <testcase name="K1_rrmemory" time="92.985" classname="com.yeastar.swebtest.testcase.DetailCase.pbxcase.Queue"/>
  <testcase name="C1_sps_6701" time="51.287" classname="com.yeastar.swebtest.testcase.DetailCase.pbxcase.Queue"/>
  <testcase name="K2_rrmemory" time="38.081" classname="com.yeastar.swebtest.testcase.DetailCase.pbxcase.Queue"/>
  <testcase name="O1_delete" time="70.019" classname="com.yeastar.swebtest.testcase.DetailCase.pbxcase.Queue"/>
  <testcase name="D7_fail_conference" time="52.206" classname="com.yeastar.swebtest.testcase.DetailCase.pbxcase.Queue"/>
  <testcase name="F1_dynamic_login6701" time="32.363" classname="com.yeastar.swebtest.testcase.DetailCase.pbxcase.Queue"/>
  <testcase name="D3_fail_voicemail2_check" time="26.400" classname="com.yeastar.swebtest.testcase.DetailCase.pbxcase.Queue"/>
  <testcase name="H3_leastRecent" time="39.834" classname="com.yeastar.swebtest.testcase.DetailCase.pbxcase.Queue"/>
  <testcase name="B2_AddInbound" time="31.281" classname="com.yeastar.swebtest.testcase.DetailCase.pbxcase.Queue"/>
  <testcase name="E3_key2_voicemail2_check" time="26.176" classname="com.yeastar.swebtest.testcase.DetailCase.pbxcase.Queue"/>
  <testcase name="F9_dynamic_login6714" time="34.302" classname="com.yeastar.swebtest.testcase.DetailCase.pbxcase.Queue"/>
  <testcase name="G9_warp_time20" time="100.074" classname="com.yeastar.swebtest.testcase.DetailCase.pbxcase.Queue"/>
  <testcase name="B1_AddInbound" time="20.567" classname="com.yeastar.swebtest.testcase.DetailCase.pbxcase.Queue"/>
  <testcase name="D1_fail_hangup" time="12.076" classname="com.yeastar.swebtest.testcase.DetailCase.pbxcase.Queue"/>
  <testcase name="I2_fewestcalls" time="44.536" classname="com.yeastar.swebtest.testcase.DetailCase.pbxcase.Queue"/>
  <testcase name="N4_leave_join_empty" time="2.062" classname="com.yeastar.swebtest.testcase.DetailCase.pbxcase.Queue"/>
  <testcase name="E4_key3_ivr" time="45.705" classname="com.yeastar.swebtest.testcase.DetailCase.pbxcase.Queue"/>
  <testcase name="G3_MusicOnHold1" time="109.886" classname="com.yeastar.swebtest.testcase.DetailCase.pbxcase.Queue">
    <failure type="java.lang.AssertionError" message="2000呼入时播放Music on hold ：Autotest 【预期：true 实际：false】">
      <![CDATA[java.lang.AssertionError: 2000呼入时播放Music on hold ：Autotest 【预期：true 实际：false】
	at com.yeastar.swebtest.tools.ysassert.YsAssert.fail(YsAssert.java:1086)
	at com.yeastar.swebtest.tools.ysassert.YsAssert.failNotEquals(YsAssert.java:579)
	at com.yeastar.swebtest.tools.ysassert.YsAssert.assertEqualsImpl(YsAssert.java:142)
	at com.yeastar.swebtest.tools.ysassert.YsAssert.assertEquals(YsAssert.java:116)
	at com.yeastar.swebtest.tools.ysassert.YsAssert.assertEquals(YsAssert.java:333)
	at com.yeastar.swebtest.testcase.DetailCase.pbxcase.Queue.G3_MusicOnHold1(Queue.java:814)
	at sun.reflect.NativeMethodAccessorImpl.invoke0(Native Method)
	at sun.reflect.NativeMethodAccessorImpl.invoke(NativeMethodAccessorImpl.java:62)
	at sun.reflect.DelegatingMethodAccessorImpl.invoke(DelegatingMethodAccessorImpl.java:43)
	at java.lang.reflect.Method.invoke(Method.java:498)
	at org.testng.internal.MethodInvocationHelper.invokeMethod(MethodInvocationHelper.java:85)
	at org.testng.internal.Invoker.invokeMethod(Invoker.java:639)
	at org.testng.internal.Invoker.invokeTestMethod(Invoker.java:816)
	at org.testng.internal.Invoker.invokeTestMethods(Invoker.java:1124)
	at org.testng.internal.TestMethodWorker.invokeTestMethods(TestMethodWorker.java:125)
	at org.testng.internal.TestMethodWorker.run(TestMethodWorker.java:108)
	at org.testng.TestRunner.privateRun(TestRunner.java:774)
	at org.testng.TestRunner.run(TestRunner.java:624)
	at org.testng.SuiteRunner.runTest(SuiteRunner.java:359)
	at org.testng.SuiteRunner.runSequentially(SuiteRunner.java:354)
	at org.testng.SuiteRunner.privateRun(SuiteRunner.java:312)
	at org.testng.SuiteRunner.run(SuiteRunner.java:261)
	at org.testng.SuiteRunnerWorker.runSuite(SuiteRunnerWorker.java:52)
	at org.testng.SuiteRunnerWorker.run(SuiteRunnerWorker.java:86)
	at org.testng.TestNG.runSuitesSequentially(TestNG.java:1215)
	at org.testng.TestNG.runSuitesLocally(TestNG.java:1140)
	at org.testng.TestNG.run(TestNG.java:1048)
	at org.apache.maven.surefire.testng.TestNGExecutor.run(TestNGExecutor.java:293)
	at org.apache.maven.surefire.testng.TestNGXmlTestSuite.execute(TestNGXmlTestSuite.java:84)
	at org.apache.maven.surefire.testng.TestNGProvider.invoke(TestNGProvider.java:91)
	at org.apache.maven.surefire.booter.ForkedBooter.invokeProviderInSameClassLoader(ForkedBooter.java:200)
	at org.apache.maven.surefire.booter.ForkedBooter.runSuitesInProcess(ForkedBooter.java:153)
	at org.apache.maven.surefire.booter.ForkedBooter.main(ForkedBooter.java:103)
]]>
    </failure>
  </testcase> <!-- G3_MusicOnHold1 -->
  <testcase name="P2_recovery" time="58.690" classname="com.yeastar.swebtest.testcase.DetailCase.pbxcase.Queue"/>
  <testcase name="F7_dynamic_login6712" time="47.281" classname="com.yeastar.swebtest.testcase.DetailCase.pbxcase.Queue"/>
  <testcase name="L2_linear" time="136.237" classname="com.yeastar.swebtest.testcase.DetailCase.pbxcase.Queue"/>
  <testcase name="N6_leave_join_empty" time="1.104" classname="com.yeastar.swebtest.testcase.DetailCase.pbxcase.Queue"/>
  <testcase name="F4_dynamic_call6701" time="54.883" classname="com.yeastar.swebtest.testcase.DetailCase.pbxcase.Queue">
    <failure type="java.lang.AssertionError" message="CDR_Status检测 【预期：Answered 实际：No Answer】">
      <![CDATA[java.lang.AssertionError: CDR_Status检测 【预期：Answered 实际：No Answer】
	at com.yeastar.swebtest.tools.ysassert.YsAssert.fail(YsAssert.java:1086)
	at com.yeastar.swebtest.tools.ysassert.YsAssert.failNotEquals(YsAssert.java:579)
	at com.yeastar.swebtest.tools.ysassert.YsAssert.assertEqualsImpl(YsAssert.java:142)
	at com.yeastar.swebtest.tools.ysassert.YsAssert.assertEquals(YsAssert.java:116)
	at com.yeastar.swebtest.tools.ysassert.YsAssert.assertEquals(YsAssert.java:199)
	at com.yeastar.swebtest.driver.YSMethod.YS_Extension.checkCDR(YS_Extension.java:264)
	at com.yeastar.swebtest.driver.YSMethod.YS_Extension.checkCDR(YS_Extension.java:252)
	at com.yeastar.swebtest.testcase.DetailCase.pbxcase.Queue.F4_dynamic_call6701(Queue.java:656)
	at sun.reflect.NativeMethodAccessorImpl.invoke0(Native Method)
	at sun.reflect.NativeMethodAccessorImpl.invoke(NativeMethodAccessorImpl.java:62)
	at sun.reflect.DelegatingMethodAccessorImpl.invoke(DelegatingMethodAccessorImpl.java:43)
	at java.lang.reflect.Method.invoke(Method.java:498)
	at org.testng.internal.MethodInvocationHelper.invokeMethod(MethodInvocationHelper.java:85)
	at org.testng.internal.Invoker.invokeMethod(Invoker.java:639)
	at org.testng.internal.Invoker.invokeTestMethod(Invoker.java:816)
	at org.testng.internal.Invoker.invokeTestMethods(Invoker.java:1124)
	at org.testng.internal.TestMethodWorker.invokeTestMethods(TestMethodWorker.java:125)
	at org.testng.internal.TestMethodWorker.run(TestMethodWorker.java:108)
	at org.testng.TestRunner.privateRun(TestRunner.java:774)
	at org.testng.TestRunner.run(TestRunner.java:624)
	at org.testng.SuiteRunner.runTest(SuiteRunner.java:359)
	at org.testng.SuiteRunner.runSequentially(SuiteRunner.java:354)
	at org.testng.SuiteRunner.privateRun(SuiteRunner.java:312)
	at org.testng.SuiteRunner.run(SuiteRunner.java:261)
	at org.testng.SuiteRunnerWorker.runSuite(SuiteRunnerWorker.java:52)
	at org.testng.SuiteRunnerWorker.run(SuiteRunnerWorker.java:86)
	at org.testng.TestNG.runSuitesSequentially(TestNG.java:1215)
	at org.testng.TestNG.runSuitesLocally(TestNG.java:1140)
	at org.testng.TestNG.run(TestNG.java:1048)
	at org.apache.maven.surefire.testng.TestNGExecutor.run(TestNGExecutor.java:293)
	at org.apache.maven.surefire.testng.TestNGXmlTestSuite.execute(TestNGXmlTestSuite.java:84)
	at org.apache.maven.surefire.testng.TestNGProvider.invoke(TestNGProvider.java:91)
	at org.apache.maven.surefire.booter.ForkedBooter.invokeProviderInSameClassLoader(ForkedBooter.java:200)
	at org.apache.maven.surefire.booter.ForkedBooter.runSuitesInProcess(ForkedBooter.java:153)
	at org.apache.maven.surefire.booter.ForkedBooter.main(ForkedBooter.java:103)
]]>
    </failure>
  </testcase> <!-- F4_dynamic_call6701 -->
  <testcase name="A2_AddQueues" time="46.942" classname="com.yeastar.swebtest.testcase.DetailCase.pbxcase.Queue"/>
  <testcase name="A2_AddQueues" time="37.383" classname="com.yeastar.swebtest.testcase.DetailCase.pbxcase.Queue"/>
  <testcase name="B2_AddInbound" time="31.327" classname="com.yeastar.swebtest.testcase.DetailCase.pbxcase.Queue"/>
  <testcase name="F5_dynamic_login6710" time="23.311" classname="com.yeastar.swebtest.testcase.DetailCase.pbxcase.Queue"/>
  <testcase name="I1_fewestcalls" time="70.587" classname="com.yeastar.swebtest.testcase.DetailCase.pbxcase.Queue"/>
  <testcase name="F8_dynamic_login6713" time="27.583" classname="com.yeastar.swebtest.testcase.DetailCase.pbxcase.Queue"/>
  <testcase name="F2_dynamic_call6701" time="45.452" classname="com.yeastar.swebtest.testcase.DetailCase.pbxcase.Queue"/>
  <testcase name="D6_fail_queue" time="46.729" classname="com.yeastar.swebtest.testcase.DetailCase.pbxcase.Queue"/>
  <testcase name="F6_dynamic_login6711" time="38.584" classname="com.yeastar.swebtest.testcase.DetailCase.pbxcase.Queue"/>
  <testcase name="A2_AddQueues" time="42.812" classname="com.yeastar.swebtest.testcase.DetailCase.pbxcase.Queue"/>
  <testcase name="A2_AddQueues" time="47.413" classname="com.yeastar.swebtest.testcase.DetailCase.pbxcase.Queue"/>
  <testcase name="C3_iax_6701" time="18.068" classname="com.yeastar.swebtest.testcase.DetailCase.pbxcase.Queue">
    <failure type="java.lang.AssertionError" message="预期1105会同时Ring 【预期：2 实际：4】">
      <![CDATA[java.lang.AssertionError: 预期1105会同时Ring 【预期：2 实际：4】
	at com.yeastar.swebtest.tools.ysassert.YsAssert.fail(YsAssert.java:1086)
	at com.yeastar.swebtest.tools.ysassert.YsAssert.failNotEquals(YsAssert.java:579)
	at com.yeastar.swebtest.tools.ysassert.YsAssert.assertEqualsImpl(YsAssert.java:142)
	at com.yeastar.swebtest.tools.ysassert.YsAssert.assertEquals(YsAssert.java:116)
	at com.yeastar.swebtest.tools.ysassert.YsAssert.assertEquals(YsAssert.java:425)
	at com.yeastar.swebtest.testcase.DetailCase.pbxcase.Queue.C3_iax_6701(Queue.java:215)
	at sun.reflect.NativeMethodAccessorImpl.invoke0(Native Method)
	at sun.reflect.NativeMethodAccessorImpl.invoke(NativeMethodAccessorImpl.java:62)
	at sun.reflect.DelegatingMethodAccessorImpl.invoke(DelegatingMethodAccessorImpl.java:43)
	at java.lang.reflect.Method.invoke(Method.java:498)
	at org.testng.internal.MethodInvocationHelper.invokeMethod(MethodInvocationHelper.java:85)
	at org.testng.internal.Invoker.invokeMethod(Invoker.java:639)
	at org.testng.internal.Invoker.invokeTestMethod(Invoker.java:816)
	at org.testng.internal.Invoker.invokeTestMethods(Invoker.java:1124)
	at org.testng.internal.TestMethodWorker.invokeTestMethods(TestMethodWorker.java:125)
	at org.testng.internal.TestMethodWorker.run(TestMethodWorker.java:108)
	at org.testng.TestRunner.privateRun(TestRunner.java:774)
	at org.testng.TestRunner.run(TestRunner.java:624)
	at org.testng.SuiteRunner.runTest(SuiteRunner.java:359)
	at org.testng.SuiteRunner.runSequentially(SuiteRunner.java:354)
	at org.testng.SuiteRunner.privateRun(SuiteRunner.java:312)
	at org.testng.SuiteRunner.run(SuiteRunner.java:261)
	at org.testng.SuiteRunnerWorker.runSuite(SuiteRunnerWorker.java:52)
	at org.testng.SuiteRunnerWorker.run(SuiteRunnerWorker.java:86)
	at org.testng.TestNG.runSuitesSequentially(TestNG.java:1215)
	at org.testng.TestNG.runSuitesLocally(TestNG.java:1140)
	at org.testng.TestNG.run(TestNG.java:1048)
	at org.apache.maven.surefire.testng.TestNGExecutor.run(TestNGExecutor.java:293)
	at org.apache.maven.surefire.testng.TestNGXmlTestSuite.execute(TestNGXmlTestSuite.java:84)
	at org.apache.maven.surefire.testng.TestNGProvider.invoke(TestNGProvider.java:91)
	at org.apache.maven.surefire.booter.ForkedBooter.invokeProviderInSameClassLoader(ForkedBooter.java:200)
	at org.apache.maven.surefire.booter.ForkedBooter.runSuitesInProcess(ForkedBooter.java:153)
	at org.apache.maven.surefire.booter.ForkedBooter.main(ForkedBooter.java:103)
]]>
    </failure>
  </testcase> <!-- C3_iax_6701 -->
  <testcase name="G6_CallerPosition" time="0.020" classname="com.yeastar.swebtest.testcase.DetailCase.pbxcase.Queue"/>
  <testcase name="N7_leave_join_empty" time="28.972" classname="com.yeastar.swebtest.testcase.DetailCase.pbxcase.Queue"/>
  <testcase name="B2_AddInbound" time="31.091" classname="com.yeastar.swebtest.testcase.DetailCase.pbxcase.Queue"/>
  <testcase name="E3_key2_voicemail1" time="59.597" classname="com.yeastar.swebtest.testcase.DetailCase.pbxcase.Queue"/>
  <testcase name="D4_fail_ivr" time="49.196" classname="com.yeastar.swebtest.testcase.DetailCase.pbxcase.Queue"/>
  <testcase name="G2_JoinAnnouncement" time="109.368" classname="com.yeastar.swebtest.testcase.DetailCase.pbxcase.Queue">
    <failure type="java.lang.AssertionError" message="2000呼入时播放提示音“Join” 【预期：true 实际：false】">
      <![CDATA[java.lang.AssertionError: 2000呼入时播放提示音“Join” 【预期：true 实际：false】
	at com.yeastar.swebtest.tools.ysassert.YsAssert.fail(YsAssert.java:1086)
	at com.yeastar.swebtest.tools.ysassert.YsAssert.failNotEquals(YsAssert.java:579)
	at com.yeastar.swebtest.tools.ysassert.YsAssert.assertEqualsImpl(YsAssert.java:142)
	at com.yeastar.swebtest.tools.ysassert.YsAssert.assertEquals(YsAssert.java:116)
	at com.yeastar.swebtest.tools.ysassert.YsAssert.assertEquals(YsAssert.java:333)
	at com.yeastar.swebtest.testcase.DetailCase.pbxcase.Queue.G2_JoinAnnouncement(Queue.java:799)
	at sun.reflect.NativeMethodAccessorImpl.invoke0(Native Method)
	at sun.reflect.NativeMethodAccessorImpl.invoke(NativeMethodAccessorImpl.java:62)
	at sun.reflect.DelegatingMethodAccessorImpl.invoke(DelegatingMethodAccessorImpl.java:43)
	at java.lang.reflect.Method.invoke(Method.java:498)
	at org.testng.internal.MethodInvocationHelper.invokeMethod(MethodInvocationHelper.java:85)
	at org.testng.internal.Invoker.invokeMethod(Invoker.java:639)
	at org.testng.internal.Invoker.invokeTestMethod(Invoker.java:816)
	at org.testng.internal.Invoker.invokeTestMethods(Invoker.java:1124)
	at org.testng.internal.TestMethodWorker.invokeTestMethods(TestMethodWorker.java:125)
	at org.testng.internal.TestMethodWorker.run(TestMethodWorker.java:108)
	at org.testng.TestRunner.privateRun(TestRunner.java:774)
	at org.testng.TestRunner.run(TestRunner.java:624)
	at org.testng.SuiteRunner.runTest(SuiteRunner.java:359)
	at org.testng.SuiteRunner.runSequentially(SuiteRunner.java:354)
	at org.testng.SuiteRunner.privateRun(SuiteRunner.java:312)
	at org.testng.SuiteRunner.run(SuiteRunner.java:261)
	at org.testng.SuiteRunnerWorker.runSuite(SuiteRunnerWorker.java:52)
	at org.testng.SuiteRunnerWorker.run(SuiteRunnerWorker.java:86)
	at org.testng.TestNG.runSuitesSequentially(TestNG.java:1215)
	at org.testng.TestNG.runSuitesLocally(TestNG.java:1140)
	at org.testng.TestNG.run(TestNG.java:1048)
	at org.apache.maven.surefire.testng.TestNGExecutor.run(TestNGExecutor.java:293)
	at org.apache.maven.surefire.testng.TestNGXmlTestSuite.execute(TestNGXmlTestSuite.java:84)
	at org.apache.maven.surefire.testng.TestNGProvider.invoke(TestNGProvider.java:91)
	at org.apache.maven.surefire.booter.ForkedBooter.invokeProviderInSameClassLoader(ForkedBooter.java:200)
	at org.apache.maven.surefire.booter.ForkedBooter.runSuitesInProcess(ForkedBooter.java:153)
	at org.apache.maven.surefire.booter.ForkedBooter.main(ForkedBooter.java:103)
]]>
    </failure>
  </testcase> <!-- G2_JoinAnnouncement -->
  <testcase name="N1_leave_join_empty" time="34.206" classname="com.yeastar.swebtest.testcase.DetailCase.pbxcase.Queue"/>
  <testcase name="P1_recovery" time="38.330" classname="com.yeastar.swebtest.testcase.DetailCase.pbxcase.Queue"/>
  <testcase name="E1_key0_hangup" time="41.804" classname="com.yeastar.swebtest.testcase.DetailCase.pbxcase.Queue"/>
  <testcase name="M1_ringall" time="125.803" classname="com.yeastar.swebtest.testcase.DetailCase.pbxcase.Queue"/>
  <testcase name="G5_Satisfaction" time="21.225" classname="com.yeastar.swebtest.testcase.DetailCase.pbxcase.Queue">
    <failure type="java.lang.AssertionError" message="预期1100会同时Ring 【预期：2 实际：4】">
      <![CDATA[java.lang.AssertionError: 预期1100会同时Ring 【预期：2 实际：4】
	at com.yeastar.swebtest.tools.ysassert.YsAssert.fail(YsAssert.java:1086)
	at com.yeastar.swebtest.tools.ysassert.YsAssert.failNotEquals(YsAssert.java:579)
	at com.yeastar.swebtest.tools.ysassert.YsAssert.assertEqualsImpl(YsAssert.java:142)
	at com.yeastar.swebtest.tools.ysassert.YsAssert.assertEquals(YsAssert.java:116)
	at com.yeastar.swebtest.tools.ysassert.YsAssert.assertEquals(YsAssert.java:425)
	at com.yeastar.swebtest.testcase.DetailCase.pbxcase.Queue.G5_Satisfaction(Queue.java:842)
	at sun.reflect.NativeMethodAccessorImpl.invoke0(Native Method)
	at sun.reflect.NativeMethodAccessorImpl.invoke(NativeMethodAccessorImpl.java:62)
	at sun.reflect.DelegatingMethodAccessorImpl.invoke(DelegatingMethodAccessorImpl.java:43)
	at java.lang.reflect.Method.invoke(Method.java:498)
	at org.testng.internal.MethodInvocationHelper.invokeMethod(MethodInvocationHelper.java:85)
	at org.testng.internal.Invoker.invokeMethod(Invoker.java:639)
	at org.testng.internal.Invoker.invokeTestMethod(Invoker.java:816)
	at org.testng.internal.Invoker.invokeTestMethods(Invoker.java:1124)
	at org.testng.internal.TestMethodWorker.invokeTestMethods(TestMethodWorker.java:125)
	at org.testng.internal.TestMethodWorker.run(TestMethodWorker.java:108)
	at org.testng.TestRunner.privateRun(TestRunner.java:774)
	at org.testng.TestRunner.run(TestRunner.java:624)
	at org.testng.SuiteRunner.runTest(SuiteRunner.java:359)
	at org.testng.SuiteRunner.runSequentially(SuiteRunner.java:354)
	at org.testng.SuiteRunner.privateRun(SuiteRunner.java:312)
	at org.testng.SuiteRunner.run(SuiteRunner.java:261)
	at org.testng.SuiteRunnerWorker.runSuite(SuiteRunnerWorker.java:52)
	at org.testng.SuiteRunnerWorker.run(SuiteRunnerWorker.java:86)
	at org.testng.TestNG.runSuitesSequentially(TestNG.java:1215)
	at org.testng.TestNG.runSuitesLocally(TestNG.java:1140)
	at org.testng.TestNG.run(TestNG.java:1048)
	at org.apache.maven.surefire.testng.TestNGExecutor.run(TestNGExecutor.java:293)
	at org.apache.maven.surefire.testng.TestNGXmlTestSuite.execute(TestNGXmlTestSuite.java:84)
	at org.apache.maven.surefire.testng.TestNGProvider.invoke(TestNGProvider.java:91)
	at org.apache.maven.surefire.booter.ForkedBooter.invokeProviderInSameClassLoader(ForkedBooter.java:200)
	at org.apache.maven.surefire.booter.ForkedBooter.runSuitesInProcess(ForkedBooter.java:153)
	at org.apache.maven.surefire.booter.ForkedBooter.main(ForkedBooter.java:103)
]]>
    </failure>
  </testcase> <!-- G5_Satisfaction -->
  <testcase name="I3_fewestcalls" time="46.692" classname="com.yeastar.swebtest.testcase.DetailCase.pbxcase.Queue"/>
  <testcase name="A2_AddQueues" time="50.386" classname="com.yeastar.swebtest.testcase.DetailCase.pbxcase.Queue"/>
  <testcase name="A2_AddQueues" time="45.420" classname="com.yeastar.swebtest.testcase.DetailCase.pbxcase.Queue"/>
  <testcase name="L1_linear" time="175.469" classname="com.yeastar.swebtest.testcase.DetailCase.pbxcase.Queue"/>
  <testcase name="G7_PeriodicAnnouncements" time="0.016" classname="com.yeastar.swebtest.testcase.DetailCase.pbxcase.Queue"/>
  <testcase name="B2_AddInbound" time="31.952" classname="com.yeastar.swebtest.testcase.DetailCase.pbxcase.Queue"/>
  <testcase name="A2_AddQueues" time="46.678" classname="com.yeastar.swebtest.testcase.DetailCase.pbxcase.Queue"/>
  <testcase name="C7_e1_6701" time="0.014" classname="com.yeastar.swebtest.testcase.DetailCase.pbxcase.Queue"/>
  <testcase name="B2_AddInbound" time="31.149" classname="com.yeastar.swebtest.testcase.DetailCase.pbxcase.Queue"/>
  <testcase name="E8_key7_DialbyName" time="53.827" classname="com.yeastar.swebtest.testcase.DetailCase.pbxcase.Queue"/>
  <testcase name="C5_fxo_6701" time="52.309" classname="com.yeastar.swebtest.testcase.DetailCase.pbxcase.Queue"/>
  <testcase name="C2_sip_6701" time="55.302" classname="com.yeastar.swebtest.testcase.DetailCase.pbxcase.Queue"/>
  <testcase name="G3_MusicOnHold2" time="34.820" classname="com.yeastar.swebtest.testcase.DetailCase.pbxcase.Queue"/>
  <testcase name="N2_leave_join_empty" time="1.089" classname="com.yeastar.swebtest.testcase.DetailCase.pbxcase.Queue"/>
  <testcase name="C6_bri_6701" time="21.630" classname="com.yeastar.swebtest.testcase.DetailCase.pbxcase.Queue">
    <failure type="java.lang.AssertionError" message="预期1000会Ring 【预期：2 实际：4】">
      <![CDATA[java.lang.AssertionError: 预期1000会Ring 【预期：2 实际：4】
	at com.yeastar.swebtest.tools.ysassert.YsAssert.fail(YsAssert.java:1086)
	at com.yeastar.swebtest.tools.ysassert.YsAssert.failNotEquals(YsAssert.java:579)
	at com.yeastar.swebtest.tools.ysassert.YsAssert.assertEqualsImpl(YsAssert.java:142)
	at com.yeastar.swebtest.tools.ysassert.YsAssert.assertEquals(YsAssert.java:116)
	at com.yeastar.swebtest.tools.ysassert.YsAssert.assertEquals(YsAssert.java:425)
	at com.yeastar.swebtest.testcase.DetailCase.pbxcase.Queue.C6_bri_6701(Queue.java:272)
	at sun.reflect.NativeMethodAccessorImpl.invoke0(Native Method)
	at sun.reflect.NativeMethodAccessorImpl.invoke(NativeMethodAccessorImpl.java:62)
	at sun.reflect.DelegatingMethodAccessorImpl.invoke(DelegatingMethodAccessorImpl.java:43)
	at java.lang.reflect.Method.invoke(Method.java:498)
	at org.testng.internal.MethodInvocationHelper.invokeMethod(MethodInvocationHelper.java:85)
	at org.testng.internal.Invoker.invokeMethod(Invoker.java:639)
	at org.testng.internal.Invoker.invokeTestMethod(Invoker.java:816)
	at org.testng.internal.Invoker.invokeTestMethods(Invoker.java:1124)
	at org.testng.internal.TestMethodWorker.invokeTestMethods(TestMethodWorker.java:125)
	at org.testng.internal.TestMethodWorker.run(TestMethodWorker.java:108)
	at org.testng.TestRunner.privateRun(TestRunner.java:774)
	at org.testng.TestRunner.run(TestRunner.java:624)
	at org.testng.SuiteRunner.runTest(SuiteRunner.java:359)
	at org.testng.SuiteRunner.runSequentially(SuiteRunner.java:354)
	at org.testng.SuiteRunner.privateRun(SuiteRunner.java:312)
	at org.testng.SuiteRunner.run(SuiteRunner.java:261)
	at org.testng.SuiteRunnerWorker.runSuite(SuiteRunnerWorker.java:52)
	at org.testng.SuiteRunnerWorker.run(SuiteRunnerWorker.java:86)
	at org.testng.TestNG.runSuitesSequentially(TestNG.java:1215)
	at org.testng.TestNG.runSuitesLocally(TestNG.java:1140)
	at org.testng.TestNG.run(TestNG.java:1048)
	at org.apache.maven.surefire.testng.TestNGExecutor.run(TestNGExecutor.java:293)
	at org.apache.maven.surefire.testng.TestNGXmlTestSuite.execute(TestNGXmlTestSuite.java:84)
	at org.apache.maven.surefire.testng.TestNGProvider.invoke(TestNGProvider.java:91)
	at org.apache.maven.surefire.booter.ForkedBooter.invokeProviderInSameClassLoader(ForkedBooter.java:200)
	at org.apache.maven.surefire.booter.ForkedBooter.runSuitesInProcess(ForkedBooter.java:153)
	at org.apache.maven.surefire.booter.ForkedBooter.main(ForkedBooter.java:103)
]]>
    </failure>
  </testcase> <!-- C6_bri_6701 -->
  <testcase name="B2_AddInbound" time="31.227" classname="com.yeastar.swebtest.testcase.DetailCase.pbxcase.Queue"/>
  <testcase name="B2_AddInbound" time="30.937" classname="com.yeastar.swebtest.testcase.DetailCase.pbxcase.Queue"/>
  <testcase name="A2_AddQueues" time="49.876" classname="com.yeastar.swebtest.testcase.DetailCase.pbxcase.Queue"/>
  <testcase name="G4_AgentID" time="0.011" classname="com.yeastar.swebtest.testcase.DetailCase.pbxcase.Queue"/>
  <testcase name="N3_leave_join_empty" time="32.738" classname="com.yeastar.swebtest.testcase.DetailCase.pbxcase.Queue"/>
  <testcase name="N5_leave_join_empty" time="28.901" classname="com.yeastar.swebtest.testcase.DetailCase.pbxcase.Queue"/>
  <testcase name="D8_fail_DialbyName" time="55.348" classname="com.yeastar.swebtest.testcase.DetailCase.pbxcase.Queue"/>
  <testcase name="A2_AddQueues" time="43.986" classname="com.yeastar.swebtest.testcase.DetailCase.pbxcase.Queue"/>
  <testcase name="H1_leastRecent" time="65.896" classname="com.yeastar.swebtest.testcase.DetailCase.pbxcase.Queue"/>
  <testcase name="A2_AddQueues" time="40.291" classname="com.yeastar.swebtest.testcase.DetailCase.pbxcase.Queue"/>
  <testcase name="J1_random" time="0.013" classname="com.yeastar.swebtest.testcase.DetailCase.pbxcase.Queue"/>
  <testcase name="E7_key6_conference" time="50.469" classname="com.yeastar.swebtest.testcase.DetailCase.pbxcase.Queue"/>
  <testcase name="D3_fail_voicemail3_login" time="20.360" classname="com.yeastar.swebtest.testcase.DetailCase.pbxcase.Queue"/>
  <testcase name="E5_key4_ringgroup" time="45.703" classname="com.yeastar.swebtest.testcase.DetailCase.pbxcase.Queue"/>
  <testcase name="A2_AddQueues" time="37.930" classname="com.yeastar.swebtest.testcase.DetailCase.pbxcase.Queue"/>
  <testcase name="G8_AgentTimeout_Retry" time="113.507" classname="com.yeastar.swebtest.testcase.DetailCase.pbxcase.Queue"/>
  <testcase name="Fa_dynamic_login6714" time="25.368" classname="com.yeastar.swebtest.testcase.DetailCase.pbxcase.Queue"/>
  <testcase name="N8_leave_join_empty" time="26.148" classname="com.yeastar.swebtest.testcase.DetailCase.pbxcase.Queue"/>
  <testcase name="B2_AddInbound" time="30.866" classname="com.yeastar.swebtest.testcase.DetailCase.pbxcase.Queue"/>
  <testcase name="D2_fail_extension" time="45.577" classname="com.yeastar.swebtest.testcase.DetailCase.pbxcase.Queue"/>
  <testcase name="B2_AddInbound" time="31.287" classname="com.yeastar.swebtest.testcase.DetailCase.pbxcase.Queue"/>
  <testcase name="A2_AddQueues" time="50.331" classname="com.yeastar.swebtest.testcase.DetailCase.pbxcase.Queue"/>
  <testcase name="H2_leastRecent" time="44.968" classname="com.yeastar.swebtest.testcase.DetailCase.pbxcase.Queue"/>
  <testcase name="B2_AddInbound" time="30.967" classname="com.yeastar.swebtest.testcase.DetailCase.pbxcase.Queue"/>
  <testcase name="D5_fail_ringgroup" time="48.020" classname="com.yeastar.swebtest.testcase.DetailCase.pbxcase.Queue"/>
  <testcase name="A2_AddQueues" time="46.720" classname="com.yeastar.swebtest.testcase.DetailCase.pbxcase.Queue"/>
  <testcase name="A2_AddQueues" time="49.699" classname="com.yeastar.swebtest.testcase.DetailCase.pbxcase.Queue"/>
  <testcase name="F3_dynamic_logoff6701" time="17.526" classname="com.yeastar.swebtest.testcase.DetailCase.pbxcase.Queue"/>
  <testcase name="B3_Apply" time="8.133" classname="com.yeastar.swebtest.testcase.DetailCase.pbxcase.Queue"/>
  <testcase name="B2_AddInbound" time="32.270" classname="com.yeastar.swebtest.testcase.DetailCase.pbxcase.Queue"/>
  <testcase name="B2_AddInbound" time="30.539" classname="com.yeastar.swebtest.testcase.DetailCase.pbxcase.Queue"/>
  <testcase name="E3_key2_voicemail3_login" time="21.344" classname="com.yeastar.swebtest.testcase.DetailCase.pbxcase.Queue"/>
  <testcase name="A1_Init" time="29.926" classname="com.yeastar.swebtest.testcase.DetailCase.pbxcase.Queue"/>
  <testcase name="G9_warp_time0" time="49.507" classname="com.yeastar.swebtest.testcase.DetailCase.pbxcase.Queue"/>
  <testcase name="B2_AddInbound" time="30.208" classname="com.yeastar.swebtest.testcase.DetailCase.pbxcase.Queue"/>
</testsuite> <!-- com.yeastar.swebtest.testcase.DetailCase.pbxcase.Queue -->
