<?xml version="1.0" encoding="UTF-8"?>
<!-- Generated by org.testng.reporters.JUnitReportReporter -->
<testsuite hostname="Yeastar-PC" name="com.yeastar.swebtest.testcase.DetailCase.pbxcase.BeforeTest" tests="37" failures="0" timestamp="8 May 2018 18:53:03 GMT" time="1171.085" errors="1">
  <testcase name="G_addOutRoute7" time="0.027" classname="com.yeastar.swebtest.testcase.DetailCase.pbxcase.BeforeTest"/>
  <testcase name="N_addPin" time="49.777" classname="com.yeastar.swebtest.testcase.DetailCase.pbxcase.BeforeTest"/>
  <testcase name="H_addivr" time="53.116" classname="com.yeastar.swebtest.testcase.DetailCase.pbxcase.BeforeTest"/>
  <testcase name="I_addringgroup" time="34.749" classname="com.yeastar.swebtest.testcase.DetailCase.pbxcase.BeforeTest"/>
  <testcase name="J_addqueue" time="39.591" classname="com.yeastar.swebtest.testcase.DetailCase.pbxcase.BeforeTest"/>
  <testcase name="D_addtrunk" time="44.684" classname="com.yeastar.swebtest.testcase.DetailCase.pbxcase.BeforeTest"/>
  <testcase name="R_UserPermission" time="38.742" classname="com.yeastar.swebtest.testcase.DetailCase.pbxcase.BeforeTest"/>
  <testcase name="B1_addtrunk" time="59.237" classname="com.yeastar.swebtest.testcase.DetailCase.pbxcase.BeforeTest"/>
  <testcase name="M_adddisa" time="38.325" classname="com.yeastar.swebtest.testcase.DetailCase.pbxcase.BeforeTest"/>
  <testcase name="G_addOutRoute2" time="17.535" classname="com.yeastar.swebtest.testcase.DetailCase.pbxcase.BeforeTest"/>
  <testcase name="T_backup" time="7.617" classname="com.yeastar.swebtest.testcase.DetailCase.pbxcase.BeforeTest">
    <error type="org.openqa.selenium.WebDriverException" message="unknown error: Ext.getCmp(...).down(...).down(...).down is not a function
  (Session info: chrome=66.0.3359.117)
  (Driver info: chromedriver=2.37.544315 (730aa6a5fdba159ac9f4c1e8cbc59bf1b5ce12b7),platform=Windows NT 6.1.7601 SP1 x86_64) (WARNING: The server did not provide any stacktrace information)
Command duration or timeout: 10 milliseconds
Build info: version: &#039;2.53.1&#039;, revision: &#039;a36b8b1cd5757287168e54b817830adce9b0158d&#039;, time: &#039;2016-06-30 19:26:09&#039;
System info: host: &#039;Yeastar-PC&#039;, ip: &#039;192.168.11.194&#039;, os.name: &#039;Windows 7&#039;, os.arch: &#039;x86&#039;, os.version: &#039;6.1&#039;, java.version: &#039;1.8.0_121&#039;
Driver info: org.openqa.selenium.chrome.ChromeDriver
Capabilities [{applicationCacheEnabled=false, rotatable=false, mobileEmulationEnabled=false, networkConnectionEnabled=false, chrome={chromedriverVersion=2.37.544315 (730aa6a5fdba159ac9f4c1e8cbc59bf1b5ce12b7), userDataDir=C:\Users\Yeastar\AppData\Local\Temp\scoped_dir6260_28976}, takesHeapSnapshot=true, pageLoadStrategy=normal, databaseEnabled=false, handlesAlerts=true, hasTouchScreen=false, version=66.0.3359.117, platform=XP, browserConnectionEnabled=false, nativeEvents=true, acceptSslCerts=false, acceptInsecureCerts=false, locationContextEnabled=true, webStorageEnabled=true, browserName=chrome, takesScreenshot=true, javascriptEnabled=true, cssSelectorsEnabled=true, setWindowRect=true, unexpectedAlertBehaviour=}]
Session ID: 67d62e02f943bf1fdd8d43e51141f1f8">
      <![CDATA[org.openqa.selenium.WebDriverException: unknown error: Ext.getCmp(...).down(...).down(...).down is not a function
  (Session info: chrome=66.0.3359.117)
  (Driver info: chromedriver=2.37.544315 (730aa6a5fdba159ac9f4c1e8cbc59bf1b5ce12b7),platform=Windows NT 6.1.7601 SP1 x86_64) (WARNING: The server did not provide any stacktrace information)
Command duration or timeout: 10 milliseconds
Build info: version: '2.53.1', revision: 'a36b8b1cd5757287168e54b817830adce9b0158d', time: '2016-06-30 19:26:09'
System info: host: 'Yeastar-PC', ip: '192.168.11.194', os.name: 'Windows 7', os.arch: 'x86', os.version: '6.1', java.version: '1.8.0_121'
Driver info: org.openqa.selenium.chrome.ChromeDriver
Capabilities [{applicationCacheEnabled=false, rotatable=false, mobileEmulationEnabled=false, networkConnectionEnabled=false, chrome={chromedriverVersion=2.37.544315 (730aa6a5fdba159ac9f4c1e8cbc59bf1b5ce12b7), userDataDir=C:\Users\Yeastar\AppData\Local\Temp\scoped_dir6260_28976}, takesHeapSnapshot=true, pageLoadStrategy=normal, databaseEnabled=false, handlesAlerts=true, hasTouchScreen=false, version=66.0.3359.117, platform=XP, browserConnectionEnabled=false, nativeEvents=true, acceptSslCerts=false, acceptInsecureCerts=false, locationContextEnabled=true, webStorageEnabled=true, browserName=chrome, takesScreenshot=true, javascriptEnabled=true, cssSelectorsEnabled=true, setWindowRect=true, unexpectedAlertBehaviour=}]
Session ID: 67d62e02f943bf1fdd8d43e51141f1f8
	at sun.reflect.NativeConstructorAccessorImpl.newInstance0(Native Method)
	at sun.reflect.NativeConstructorAccessorImpl.newInstance(NativeConstructorAccessorImpl.java:62)
	at sun.reflect.DelegatingConstructorAccessorImpl.newInstance(DelegatingConstructorAccessorImpl.java:45)
	at java.lang.reflect.Constructor.newInstance(Constructor.java:423)
	at org.openqa.selenium.remote.ErrorHandler.createThrowable(ErrorHandler.java:206)
	at org.openqa.selenium.remote.ErrorHandler.throwIfResponseFailed(ErrorHandler.java:158)
	at org.openqa.selenium.remote.RemoteWebDriver.execute(RemoteWebDriver.java:678)
	at org.openqa.selenium.remote.RemoteWebDriver.executeScript(RemoteWebDriver.java:577)
	at com.yeastar.swebtest.driver.SwebDriver.executeJs(SwebDriver.java:668)
	at com.yeastar.swebtest.driver.SwebDriver.setPageShowNum(SwebDriver.java:709)
	at com.yeastar.swebtest.driver.SwebDriver.deletes(SwebDriver.java:722)
	at com.yeastar.swebtest.testcase.DetailCase.pbxcase.BeforeTest.T_backup(BeforeTest.java:539)
	at sun.reflect.NativeMethodAccessorImpl.invoke0(Native Method)
	at sun.reflect.NativeMethodAccessorImpl.invoke(NativeMethodAccessorImpl.java:62)
	at sun.reflect.DelegatingMethodAccessorImpl.invoke(DelegatingMethodAccessorImpl.java:43)
	at java.lang.reflect.Method.invoke(Method.java:498)
	at org.testng.internal.MethodInvocationHelper.invokeMethod(MethodInvocationHelper.java:85)
	at org.testng.internal.Invoker.invokeMethod(Invoker.java:639)
	at org.testng.internal.Invoker.invokeTestMethod(Invoker.java:816)
	at org.testng.internal.Invoker.invokeTestMethods(Invoker.java:1124)
	at org.testng.internal.TestMethodWorker.invokeTestMethods(TestMethodWorker.java:125)
	at org.testng.internal.TestMethodWorker.run(TestMethodWorker.java:108)
	at org.testng.TestRunner.privateRun(TestRunner.java:774)
	at org.testng.TestRunner.run(TestRunner.java:624)
	at org.testng.SuiteRunner.runTest(SuiteRunner.java:359)
	at org.testng.SuiteRunner.runSequentially(SuiteRunner.java:354)
	at org.testng.SuiteRunner.privateRun(SuiteRunner.java:312)
	at org.testng.SuiteRunner.run(SuiteRunner.java:261)
	at org.testng.SuiteRunnerWorker.runSuite(SuiteRunnerWorker.java:52)
	at org.testng.SuiteRunnerWorker.run(SuiteRunnerWorker.java:86)
	at org.testng.TestNG.runSuitesSequentially(TestNG.java:1215)
	at org.testng.TestNG.runSuitesLocally(TestNG.java:1140)
	at org.testng.TestNG.run(TestNG.java:1048)
	at org.apache.maven.surefire.testng.TestNGExecutor.run(TestNGExecutor.java:293)
	at org.apache.maven.surefire.testng.TestNGXmlTestSuite.execute(TestNGXmlTestSuite.java:84)
	at org.apache.maven.surefire.testng.TestNGProvider.invoke(TestNGProvider.java:91)
	at org.apache.maven.surefire.booter.ForkedBooter.invokeProviderInSameClassLoader(ForkedBooter.java:200)
	at org.apache.maven.surefire.booter.ForkedBooter.runSuitesInProcess(ForkedBooter.java:153)
	at org.apache.maven.surefire.booter.ForkedBooter.main(ForkedBooter.java:103)
]]>
    </error>
  </testcase> <!-- T_backup -->
  <testcase name="A3_editExtenEmail1" time="20.238" classname="com.yeastar.swebtest.testcase.DetailCase.pbxcase.BeforeTest"/>
  <testcase name="G_addOutRoute8" time="2.104" classname="com.yeastar.swebtest.testcase.DetailCase.pbxcase.BeforeTest"/>
  <testcase name="P2_setCode" time="7.592" classname="com.yeastar.swebtest.testcase.DetailCase.pbxcase.BeforeTest"/>
  <testcase name="Q_setAMI" time="22.407" classname="com.yeastar.swebtest.testcase.DetailCase.pbxcase.BeforeTest"/>
  <testcase name="A3_editExtenName2" time="26.797" classname="com.yeastar.swebtest.testcase.DetailCase.pbxcase.BeforeTest"/>
  <testcase name="L_addcallback" time="41.527" classname="com.yeastar.swebtest.testcase.DetailCase.pbxcase.BeforeTest"/>
  <testcase name="G_addOutRoute6" time="17.803" classname="com.yeastar.swebtest.testcase.DetailCase.pbxcase.BeforeTest"/>
  <testcase name="O2_setRecord" time="48.908" classname="com.yeastar.swebtest.testcase.DetailCase.pbxcase.BeforeTest"/>
  <testcase name="C1_addtrunk" time="0.025" classname="com.yeastar.swebtest.testcase.DetailCase.pbxcase.BeforeTest"/>
  <testcase name="O1_setRecord" time="9.069" classname="com.yeastar.swebtest.testcase.DetailCase.pbxcase.BeforeTest"/>
  <testcase name="G_addOutRoute5" time="15.464" classname="com.yeastar.swebtest.testcase.DetailCase.pbxcase.BeforeTest"/>
  <testcase name="G_addOutRoute4" time="15.546" classname="com.yeastar.swebtest.testcase.DetailCase.pbxcase.BeforeTest"/>
  <testcase name="G_addOutRoute1" time="33.292" classname="com.yeastar.swebtest.testcase.DetailCase.pbxcase.BeforeTest"/>
  <testcase name="F_addInRoute" time="53.005" classname="com.yeastar.swebtest.testcase.DetailCase.pbxcase.BeforeTest"/>
  <testcase name="A3_editExtenEmail2" time="29.772" classname="com.yeastar.swebtest.testcase.DetailCase.pbxcase.BeforeTest"/>
  <testcase name="A4_addExtensionGroup" time="34.526" classname="com.yeastar.swebtest.testcase.DetailCase.pbxcase.BeforeTest"/>
  <testcase name="B_addtrunk" time="44.671" classname="com.yeastar.swebtest.testcase.DetailCase.pbxcase.BeforeTest"/>
  <testcase name="C_addtrunk" time="42.481" classname="com.yeastar.swebtest.testcase.DetailCase.pbxcase.BeforeTest"/>
  <testcase name="A1_addExtension" time="78.828" classname="com.yeastar.swebtest.testcase.DetailCase.pbxcase.BeforeTest"/>
  <testcase name="P1_setRegistrationTime" time="7.894" classname="com.yeastar.swebtest.testcase.DetailCase.pbxcase.BeforeTest"/>
  <testcase name="E_addtrunk" time="44.348" classname="com.yeastar.swebtest.testcase.DetailCase.pbxcase.BeforeTest"/>
  <testcase name="G_addOutRoute3" time="15.605" classname="com.yeastar.swebtest.testcase.DetailCase.pbxcase.BeforeTest"/>
  <testcase name="A2_editExtenName1" time="25.401" classname="com.yeastar.swebtest.testcase.DetailCase.pbxcase.BeforeTest"/>
  <testcase name="G_addOutRoute9" time="0.019" classname="com.yeastar.swebtest.testcase.DetailCase.pbxcase.BeforeTest"/>
  <testcase name="S_setSystemTime" time="123.391" classname="com.yeastar.swebtest.testcase.DetailCase.pbxcase.BeforeTest"/>
  <testcase name="K_addconference" time="26.972" classname="com.yeastar.swebtest.testcase.DetailCase.pbxcase.BeforeTest"/>
</testsuite> <!-- com.yeastar.swebtest.testcase.DetailCase.pbxcase.BeforeTest -->
