-------------------------------------------------------------------------------
Test set: TestSuite
-------------------------------------------------------------------------------
Tests run: 197, Failures: 43, Errors: 0, Skipped: 0, Time elapsed: 10,090.67 sec <<< FAILURE! - in TestSuite
C_addtrunk(com.yeastar.swebtest.testcase.RegressionCase.pbxcore.BeforeTest)  Time elapsed: 39.454 sec  <<< FAILURE!
java.lang.AssertionError: IAX1注册失败
	at com.yeastar.swebtest.tools.ysassert.YsAssert.fail(YsAssert.java:1086)
	at com.yeastar.swebtest.tools.ysassert.YsAssert.assertNotEquals(YsAssert.java:912)
	at com.yeastar.swebtest.driver.YSMethod.YS_Trunk.assertTrunkStatus(YS_Trunk.java:233)
	at com.yeastar.swebtest.driver.YSMethod.YS_Trunk.addTrunk(YS_Trunk.java:191)
	at com.yeastar.swebtest.testcase.RegressionCase.pbxcore.BeforeTest.C_addtrunk(BeforeTest.java:104)

A_callfrom1_sip(com.yeastar.swebtest.testcase.RegressionCase.pbxcore.Inbound)  Time elapsed: 38.305 sec  <<< FAILURE!
java.lang.AssertionError:  录音失败
	at com.yeastar.swebtest.tools.ysassert.YsAssert.fail(YsAssert.java:1086)
	at com.yeastar.swebtest.testcase.RegressionCase.pbxcore.Inbound.A_callfrom1_sip(Inbound.java:62)

A_callfrom4_spx(com.yeastar.swebtest.testcase.RegressionCase.pbxcore.Inbound)  Time elapsed: 28.02 sec  <<< FAILURE!
java.lang.AssertionError: CDR源中继检测 【预期：SPX1 实际：SPS1】
	at com.yeastar.swebtest.tools.ysassert.YsAssert.fail(YsAssert.java:1086)
	at com.yeastar.swebtest.tools.ysassert.YsAssert.failNotEquals(YsAssert.java:579)
	at com.yeastar.swebtest.tools.ysassert.YsAssert.assertEqualsImpl(YsAssert.java:142)
	at com.yeastar.swebtest.tools.ysassert.YsAssert.assertEquals(YsAssert.java:116)
	at com.yeastar.swebtest.tools.ysassert.YsAssert.assertEquals(YsAssert.java:199)
	at com.yeastar.swebtest.driver.YSMethod.YS_Extension.checkCDR(YS_Extension.java:261)
	at com.yeastar.swebtest.driver.YSMethod.YS_Extension.checkCDR(YS_Extension.java:250)
	at com.yeastar.swebtest.testcase.RegressionCase.pbxcore.Inbound.A_callfrom4_spx(Inbound.java:101)

A_out1_sip(com.yeastar.swebtest.testcase.RegressionCase.pbxcore.Outbound)  Time elapsed: 45.038 sec  <<< FAILURE!
java.lang.AssertionError:  录音失败
	at com.yeastar.swebtest.tools.ysassert.YsAssert.fail(YsAssert.java:1086)
	at com.yeastar.swebtest.testcase.RegressionCase.pbxcore.Outbound.A_out1_sip(Outbound.java:62)

A_out4_spx(com.yeastar.swebtest.testcase.RegressionCase.pbxcore.Outbound)  Time elapsed: 36.828 sec  <<< FAILURE!
java.lang.AssertionError: CDR被叫方检测 【预期：42000 实际：32000】
	at com.yeastar.swebtest.tools.ysassert.YsAssert.fail(YsAssert.java:1086)
	at com.yeastar.swebtest.tools.ysassert.YsAssert.failNotEquals(YsAssert.java:579)
	at com.yeastar.swebtest.tools.ysassert.YsAssert.assertEqualsImpl(YsAssert.java:142)
	at com.yeastar.swebtest.tools.ysassert.YsAssert.assertEquals(YsAssert.java:116)
	at com.yeastar.swebtest.tools.ysassert.YsAssert.assertEquals(YsAssert.java:199)
	at com.yeastar.swebtest.driver.YSMethod.YS_Extension.checkCDR(YS_Extension.java:258)
	at com.yeastar.swebtest.driver.YSMethod.YS_Extension.checkCDR(YS_Extension.java:250)
	at com.yeastar.swebtest.testcase.RegressionCase.pbxcore.Outbound.A_out4_spx(Outbound.java:102)

C2_password(com.yeastar.swebtest.testcase.RegressionCase.pbxcore.Outbound)  Time elapsed: 33.731 sec  <<< FAILURE!
java.lang.AssertionError: CDR_Status检测 【预期：Answered 实际：No Answer】
	at com.yeastar.swebtest.tools.ysassert.YsAssert.fail(YsAssert.java:1086)
	at com.yeastar.swebtest.tools.ysassert.YsAssert.failNotEquals(YsAssert.java:579)
	at com.yeastar.swebtest.tools.ysassert.YsAssert.assertEqualsImpl(YsAssert.java:142)
	at com.yeastar.swebtest.tools.ysassert.YsAssert.assertEquals(YsAssert.java:116)
	at com.yeastar.swebtest.tools.ysassert.YsAssert.assertEquals(YsAssert.java:199)
	at com.yeastar.swebtest.driver.YSMethod.YS_Extension.checkCDR(YS_Extension.java:259)
	at com.yeastar.swebtest.driver.YSMethod.YS_Extension.checkCDR(YS_Extension.java:250)
	at com.yeastar.swebtest.testcase.RegressionCase.pbxcore.Outbound.C2_password(Outbound.java:221)

D2_rrmemory_hunt(com.yeastar.swebtest.testcase.RegressionCase.pbxcore.Outbound)  Time elapsed: 23.639 sec  <<< FAILURE!
java.lang.AssertionError: CDR被叫方检测 【预期：933001 实际：928888】
	at com.yeastar.swebtest.tools.ysassert.YsAssert.fail(YsAssert.java:1086)
	at com.yeastar.swebtest.tools.ysassert.YsAssert.failNotEquals(YsAssert.java:579)
	at com.yeastar.swebtest.tools.ysassert.YsAssert.assertEqualsImpl(YsAssert.java:142)
	at com.yeastar.swebtest.tools.ysassert.YsAssert.assertEquals(YsAssert.java:116)
	at com.yeastar.swebtest.tools.ysassert.YsAssert.assertEquals(YsAssert.java:199)
	at com.yeastar.swebtest.driver.YSMethod.YS_Extension.checkCDR(YS_Extension.java:258)
	at com.yeastar.swebtest.driver.YSMethod.YS_Extension.checkCDR(YS_Extension.java:250)
	at com.yeastar.swebtest.testcase.RegressionCase.pbxcore.Outbound.D2_rrmemory_hunt(Outbound.java:257)

E_timecondition(com.yeastar.swebtest.testcase.RegressionCase.pbxcore.Outbound)  Time elapsed: 111.403 sec  <<< FAILURE!
java.lang.AssertionError: CDR被叫方检测 【预期：9299999 实际：928888】
	at com.yeastar.swebtest.tools.ysassert.YsAssert.fail(YsAssert.java:1086)
	at com.yeastar.swebtest.tools.ysassert.YsAssert.failNotEquals(YsAssert.java:579)
	at com.yeastar.swebtest.tools.ysassert.YsAssert.assertEqualsImpl(YsAssert.java:142)
	at com.yeastar.swebtest.tools.ysassert.YsAssert.assertEquals(YsAssert.java:116)
	at com.yeastar.swebtest.tools.ysassert.YsAssert.assertEquals(YsAssert.java:199)
	at com.yeastar.swebtest.driver.YSMethod.YS_Extension.checkCDR(YS_Extension.java:258)
	at com.yeastar.swebtest.driver.YSMethod.YS_Extension.checkCDR(YS_Extension.java:250)
	at com.yeastar.swebtest.testcase.RegressionCase.pbxcore.Outbound.E_timecondition(Outbound.java:311)

A_add_2(com.yeastar.swebtest.testcase.RegressionCase.pbxcore.SpeedDial)  Time elapsed: 23.898 sec  <<< FAILURE!
java.lang.AssertionError: CDR被叫方检测 【预期：31234567 实际：13001】
	at com.yeastar.swebtest.tools.ysassert.YsAssert.fail(YsAssert.java:1086)
	at com.yeastar.swebtest.tools.ysassert.YsAssert.failNotEquals(YsAssert.java:579)
	at com.yeastar.swebtest.tools.ysassert.YsAssert.assertEqualsImpl(YsAssert.java:142)
	at com.yeastar.swebtest.tools.ysassert.YsAssert.assertEquals(YsAssert.java:116)
	at com.yeastar.swebtest.tools.ysassert.YsAssert.assertEquals(YsAssert.java:199)
	at com.yeastar.swebtest.driver.YSMethod.YS_Extension.checkCDR(YS_Extension.java:258)
	at com.yeastar.swebtest.driver.YSMethod.YS_Extension.checkCDR(YS_Extension.java:250)
	at com.yeastar.swebtest.testcase.RegressionCase.pbxcore.SpeedDial.A_add_2(SpeedDial.java:71)

A_add(com.yeastar.swebtest.testcase.RegressionCase.pbxcore.IVR)  Time elapsed: 73.084 sec  <<< FAILURE!
com.codeborne.selenide.ex.ElementNotFound: Element not found {By.xpath: .//a[starts-with(@class,'css_apply') and text()='Apply']}
Expected: exist
	at sun.reflect.GeneratedConstructorAccessor26.newInstance(Unknown Source)
	at sun.reflect.DelegatingConstructorAccessorImpl.newInstance(DelegatingConstructorAccessorImpl.java:45)
	at java.lang.reflect.Constructor.newInstance(Constructor.java:423)
	at org.openqa.selenium.remote.ErrorHandler.createThrowable(ErrorHandler.java:206)
	at org.openqa.selenium.remote.ErrorHandler.throwIfResponseFailed(ErrorHandler.java:158)
	at org.openqa.selenium.remote.RemoteWebDriver.execute(RemoteWebDriver.java:678)
	at org.openqa.selenium.remote.RemoteWebElement.execute(RemoteWebElement.java:327)
	at org.openqa.selenium.remote.RemoteWebElement.click(RemoteWebElement.java:85)
	at com.codeborne.selenide.commands.Click.click(Click.java:22)
	at com.codeborne.selenide.commands.Click.execute(Click.java:14)
	at com.codeborne.selenide.commands.Click.execute(Click.java:11)
	at com.codeborne.selenide.commands.Commands.execute(Commands.java:140)
	at com.codeborne.selenide.impl.SelenideElementProxy.dispatchAndRetry(SelenideElementProxy.java:86)
	at com.codeborne.selenide.impl.SelenideElementProxy.invoke(SelenideElementProxy.java:62)
	at com.sun.proxy.$Proxy4.click(Unknown Source)
	at com.yeastar.swebtest.driver.SwebDriver.ys_apply(SwebDriver.java:625)
	at com.yeastar.swebtest.testcase.RegressionCase.pbxcore.IVR.A_add(IVR.java:107)

B_editInbound1(com.yeastar.swebtest.testcase.RegressionCase.pbxcore.IVR)  Time elapsed: 15.571 sec  <<< FAILURE!
com.codeborne.selenide.ex.ElementNotFound: Element not found {By.xpath: .//div[starts-with(@id,"control-panel")]//div[starts-with(@id,"set-lefttree")]//span[text()="Call Control"]}
Expected: exist
	at sun.reflect.GeneratedConstructorAccessor26.newInstance(Unknown Source)
	at sun.reflect.DelegatingConstructorAccessorImpl.newInstance(DelegatingConstructorAccessorImpl.java:45)
	at java.lang.reflect.Constructor.newInstance(Constructor.java:423)
	at org.openqa.selenium.remote.ErrorHandler.createThrowable(ErrorHandler.java:206)
	at org.openqa.selenium.remote.ErrorHandler.throwIfResponseFailed(ErrorHandler.java:158)
	at org.openqa.selenium.remote.RemoteWebDriver.execute(RemoteWebDriver.java:678)
	at org.openqa.selenium.remote.RemoteWebElement.execute(RemoteWebElement.java:327)
	at org.openqa.selenium.remote.RemoteWebElement.click(RemoteWebElement.java:85)
	at com.codeborne.selenide.commands.Click.click(Click.java:22)
	at com.codeborne.selenide.commands.Click.execute(Click.java:14)
	at com.codeborne.selenide.commands.Click.execute(Click.java:11)
	at com.codeborne.selenide.commands.Commands.execute(Commands.java:140)
	at com.codeborne.selenide.impl.SelenideElementProxy.dispatchAndRetry(SelenideElementProxy.java:86)
	at com.codeborne.selenide.impl.SelenideElementProxy.invoke(SelenideElementProxy.java:62)
	at com.sun.proxy.$Proxy4.click(Unknown Source)
	at com.yeastar.swebtest.testcase.RegressionCase.pbxcore.IVR.B_editInbound1(IVR.java:113)

C_dialextensions(com.yeastar.swebtest.testcase.RegressionCase.pbxcore.IVR)  Time elapsed: 35.099 sec  <<< FAILURE!
com.codeborne.selenide.ex.ElementNotFound: Element not found {By.xpath: .//*[@src='images/taskbar-main.png']}
Expected: exist
	at sun.reflect.GeneratedConstructorAccessor26.newInstance(Unknown Source)
	at sun.reflect.DelegatingConstructorAccessorImpl.newInstance(DelegatingConstructorAccessorImpl.java:45)
	at java.lang.reflect.Constructor.newInstance(Constructor.java:423)
	at org.openqa.selenium.remote.ErrorHandler.createThrowable(ErrorHandler.java:206)
	at org.openqa.selenium.remote.ErrorHandler.throwIfResponseFailed(ErrorHandler.java:158)
	at org.openqa.selenium.remote.RemoteWebDriver.execute(RemoteWebDriver.java:678)
	at org.openqa.selenium.remote.RemoteWebElement.execute(RemoteWebElement.java:327)
	at org.openqa.selenium.remote.RemoteWebElement.click(RemoteWebElement.java:85)
	at com.codeborne.selenide.commands.Click.click(Click.java:22)
	at com.codeborne.selenide.commands.Click.execute(Click.java:14)
	at com.codeborne.selenide.commands.Click.execute(Click.java:11)
	at com.codeborne.selenide.commands.Commands.execute(Commands.java:140)
	at com.codeborne.selenide.impl.SelenideElementProxy.dispatchAndRetry(SelenideElementProxy.java:86)
	at com.codeborne.selenide.impl.SelenideElementProxy.invoke(SelenideElementProxy.java:62)
	at com.sun.proxy.$Proxy4.click(Unknown Source)
	at com.yeastar.swebtest.tools.pjsip.PjsipApp.Pj_Answer_Call(PjsipApp.java:243)
	at com.yeastar.swebtest.tools.pjsip.PjsipApp.Pj_Answer_Call(PjsipApp.java:226)
	at com.yeastar.swebtest.testcase.RegressionCase.pbxcore.IVR.C_dialextensions(IVR.java:133)

D_dialoutbound(com.yeastar.swebtest.testcase.RegressionCase.pbxcore.IVR)  Time elapsed: 45.626 sec  <<< FAILURE!
com.codeborne.selenide.ex.ElementNotFound: Element not found {By.xpath: .//*[@src='images/taskbar-main.png']}
Expected: exist
	at sun.reflect.GeneratedConstructorAccessor26.newInstance(Unknown Source)
	at sun.reflect.DelegatingConstructorAccessorImpl.newInstance(DelegatingConstructorAccessorImpl.java:45)
	at java.lang.reflect.Constructor.newInstance(Constructor.java:423)
	at org.openqa.selenium.remote.ErrorHandler.createThrowable(ErrorHandler.java:206)
	at org.openqa.selenium.remote.ErrorHandler.throwIfResponseFailed(ErrorHandler.java:158)
	at org.openqa.selenium.remote.RemoteWebDriver.execute(RemoteWebDriver.java:678)
	at org.openqa.selenium.remote.RemoteWebElement.execute(RemoteWebElement.java:327)
	at org.openqa.selenium.remote.RemoteWebElement.click(RemoteWebElement.java:85)
	at com.codeborne.selenide.commands.Click.click(Click.java:22)
	at com.codeborne.selenide.commands.Click.execute(Click.java:14)
	at com.codeborne.selenide.commands.Click.execute(Click.java:11)
	at com.codeborne.selenide.commands.Commands.execute(Commands.java:140)
	at com.codeborne.selenide.impl.SelenideElementProxy.dispatchAndRetry(SelenideElementProxy.java:86)
	at com.codeborne.selenide.impl.SelenideElementProxy.invoke(SelenideElementProxy.java:62)
	at com.sun.proxy.$Proxy4.click(Unknown Source)
	at com.yeastar.swebtest.driver.YSMethod.YS_Extension.checkCDR(YS_Extension.java:253)
	at com.yeastar.swebtest.driver.YSMethod.YS_Extension.checkCDR(YS_Extension.java:250)
	at com.yeastar.swebtest.testcase.RegressionCase.pbxcore.IVR.D_dialoutbound(IVR.java:150)

E_key0toExtension(com.yeastar.swebtest.testcase.RegressionCase.pbxcore.IVR)  Time elapsed: 34.266 sec  <<< FAILURE!
java.lang.AssertionError: CDR被叫方检测 【预期：1000 [6501(1000)] 实际：1000 [1000]】
	at com.yeastar.swebtest.tools.ysassert.YsAssert.fail(YsAssert.java:1086)
	at com.yeastar.swebtest.tools.ysassert.YsAssert.failNotEquals(YsAssert.java:579)
	at com.yeastar.swebtest.tools.ysassert.YsAssert.assertEqualsImpl(YsAssert.java:142)
	at com.yeastar.swebtest.tools.ysassert.YsAssert.assertEquals(YsAssert.java:116)
	at com.yeastar.swebtest.tools.ysassert.YsAssert.assertEquals(YsAssert.java:199)
	at com.yeastar.swebtest.driver.YSMethod.YS_Extension.checkCDR(YS_Extension.java:258)
	at com.yeastar.swebtest.driver.YSMethod.YS_Extension.checkCDR(YS_Extension.java:250)
	at com.yeastar.swebtest.testcase.RegressionCase.pbxcore.IVR.E_key0toExtension(IVR.java:163)

F_key1toVoicemail(com.yeastar.swebtest.testcase.RegressionCase.pbxcore.IVR)  Time elapsed: 35.002 sec  <<< FAILURE!
java.lang.AssertionError: CDR被叫方检测 【预期：6501(1000) 实际：1000 [1000]】
	at com.yeastar.swebtest.tools.ysassert.YsAssert.fail(YsAssert.java:1086)
	at com.yeastar.swebtest.tools.ysassert.YsAssert.failNotEquals(YsAssert.java:579)
	at com.yeastar.swebtest.tools.ysassert.YsAssert.assertEqualsImpl(YsAssert.java:142)
	at com.yeastar.swebtest.tools.ysassert.YsAssert.assertEquals(YsAssert.java:116)
	at com.yeastar.swebtest.tools.ysassert.YsAssert.assertEquals(YsAssert.java:199)
	at com.yeastar.swebtest.driver.YSMethod.YS_Extension.checkCDR(YS_Extension.java:258)
	at com.yeastar.swebtest.driver.YSMethod.YS_Extension.checkCDR(YS_Extension.java:250)
	at com.yeastar.swebtest.testcase.RegressionCase.pbxcore.IVR.F_key1toVoicemail(IVR.java:174)

G_key5toDialName(com.yeastar.swebtest.testcase.RegressionCase.pbxcore.IVR)  Time elapsed: 30.119 sec  <<< FAILURE!
java.lang.AssertionError: 预期1103为Ring状态 【预期：2 实际：0】
	at com.yeastar.swebtest.tools.ysassert.YsAssert.fail(YsAssert.java:1086)
	at com.yeastar.swebtest.tools.ysassert.YsAssert.failNotEquals(YsAssert.java:579)
	at com.yeastar.swebtest.tools.ysassert.YsAssert.assertEqualsImpl(YsAssert.java:142)
	at com.yeastar.swebtest.tools.ysassert.YsAssert.assertEquals(YsAssert.java:116)
	at com.yeastar.swebtest.tools.ysassert.YsAssert.assertEquals(YsAssert.java:425)
	at com.yeastar.swebtest.testcase.RegressionCase.pbxcore.IVR.G_key5toDialName(IVR.java:187)

H_keytoHangup(com.yeastar.swebtest.testcase.RegressionCase.pbxcore.IVR)  Time elapsed: 26.606 sec  <<< FAILURE!
java.lang.AssertionError: CDR呼叫方检测 【预期：2001 [2001] 实际：1000 [1000]】
	at com.yeastar.swebtest.tools.ysassert.YsAssert.fail(YsAssert.java:1086)
	at com.yeastar.swebtest.tools.ysassert.YsAssert.failNotEquals(YsAssert.java:579)
	at com.yeastar.swebtest.tools.ysassert.YsAssert.assertEqualsImpl(YsAssert.java:142)
	at com.yeastar.swebtest.tools.ysassert.YsAssert.assertEquals(YsAssert.java:116)
	at com.yeastar.swebtest.tools.ysassert.YsAssert.assertEquals(YsAssert.java:199)
	at com.yeastar.swebtest.driver.YSMethod.YS_Extension.checkCDR(YS_Extension.java:257)
	at com.yeastar.swebtest.driver.YSMethod.YS_Extension.checkCDR(YS_Extension.java:250)
	at com.yeastar.swebtest.testcase.RegressionCase.pbxcore.IVR.H_keytoHangup(IVR.java:202)

I_keytoSelectOption(com.yeastar.swebtest.testcase.RegressionCase.pbxcore.IVR)  Time elapsed: 38.056 sec  <<< FAILURE!
java.lang.AssertionError: CDR被叫方检测 【预期：1105 [6501(1105)] 实际：1000 [1000]】
	at com.yeastar.swebtest.tools.ysassert.YsAssert.fail(YsAssert.java:1086)
	at com.yeastar.swebtest.tools.ysassert.YsAssert.failNotEquals(YsAssert.java:579)
	at com.yeastar.swebtest.tools.ysassert.YsAssert.assertEqualsImpl(YsAssert.java:142)
	at com.yeastar.swebtest.tools.ysassert.YsAssert.assertEquals(YsAssert.java:116)
	at com.yeastar.swebtest.tools.ysassert.YsAssert.assertEquals(YsAssert.java:199)
	at com.yeastar.swebtest.driver.YSMethod.YS_Extension.checkCDR(YS_Extension.java:258)
	at com.yeastar.swebtest.driver.YSMethod.YS_Extension.checkCDR(YS_Extension.java:250)
	at com.yeastar.swebtest.testcase.RegressionCase.pbxcore.IVR.I_keytoSelectOption(IVR.java:216)

K_keytoInvalid(com.yeastar.swebtest.testcase.RegressionCase.pbxcore.IVR)  Time elapsed: 35.159 sec  <<< FAILURE!
java.lang.AssertionError: CDR被叫方检测 【预期：1105 [6501(1105)] 实际：6501】
	at com.yeastar.swebtest.tools.ysassert.YsAssert.fail(YsAssert.java:1086)
	at com.yeastar.swebtest.tools.ysassert.YsAssert.failNotEquals(YsAssert.java:579)
	at com.yeastar.swebtest.tools.ysassert.YsAssert.assertEqualsImpl(YsAssert.java:142)
	at com.yeastar.swebtest.tools.ysassert.YsAssert.assertEquals(YsAssert.java:116)
	at com.yeastar.swebtest.tools.ysassert.YsAssert.assertEquals(YsAssert.java:199)
	at com.yeastar.swebtest.driver.YSMethod.YS_Extension.checkCDR(YS_Extension.java:258)
	at com.yeastar.swebtest.driver.YSMethod.YS_Extension.checkCDR(YS_Extension.java:250)
	at com.yeastar.swebtest.testcase.RegressionCase.pbxcore.IVR.K_keytoInvalid(IVR.java:250)

L_checkvoicemail(com.yeastar.swebtest.testcase.RegressionCase.pbxcore.IVR)  Time elapsed: 39.563 sec  <<< FAILURE!
java.lang.AssertionError: CDR被叫方检测 【预期：6501(*02) 实际：1000 [1000]】
	at com.yeastar.swebtest.tools.ysassert.YsAssert.fail(YsAssert.java:1086)
	at com.yeastar.swebtest.tools.ysassert.YsAssert.failNotEquals(YsAssert.java:579)
	at com.yeastar.swebtest.tools.ysassert.YsAssert.assertEqualsImpl(YsAssert.java:142)
	at com.yeastar.swebtest.tools.ysassert.YsAssert.assertEquals(YsAssert.java:116)
	at com.yeastar.swebtest.tools.ysassert.YsAssert.assertEquals(YsAssert.java:199)
	at com.yeastar.swebtest.driver.YSMethod.YS_Extension.checkCDR(YS_Extension.java:258)
	at com.yeastar.swebtest.driver.YSMethod.YS_Extension.checkCDR(YS_Extension.java:250)
	at com.yeastar.swebtest.testcase.RegressionCase.pbxcore.IVR.L_checkvoicemail(IVR.java:266)

M_delete(com.yeastar.swebtest.testcase.RegressionCase.pbxcore.IVR)  Time elapsed: 16.122 sec  <<< FAILURE!
com.codeborne.selenide.ex.ElementNotFound: Element not found {By.xpath: .//div[starts-with(@id,"control-panel")]//div[starts-with(@id,"set-lefttree")]//span[text()="Call Features"]}
Expected: exist
	at sun.reflect.GeneratedConstructorAccessor30.newInstance(Unknown Source)
	at sun.reflect.DelegatingConstructorAccessorImpl.newInstance(DelegatingConstructorAccessorImpl.java:45)
	at java.lang.reflect.Constructor.newInstance(Constructor.java:423)
	at org.openqa.selenium.remote.ErrorHandler.createThrowable(ErrorHandler.java:206)
	at org.openqa.selenium.remote.ErrorHandler.throwIfResponseFailed(ErrorHandler.java:158)
	at org.openqa.selenium.remote.RemoteWebDriver.execute(RemoteWebDriver.java:678)
	at org.openqa.selenium.remote.RemoteWebElement.execute(RemoteWebElement.java:327)
	at org.openqa.selenium.remote.RemoteWebElement.click(RemoteWebElement.java:85)
	at com.codeborne.selenide.commands.Click.click(Click.java:22)
	at com.codeborne.selenide.commands.Click.execute(Click.java:14)
	at com.codeborne.selenide.commands.Click.execute(Click.java:11)
	at com.codeborne.selenide.commands.Commands.execute(Commands.java:140)
	at com.codeborne.selenide.impl.SelenideElementProxy.dispatchAndRetry(SelenideElementProxy.java:86)
	at com.codeborne.selenide.impl.SelenideElementProxy.invoke(SelenideElementProxy.java:62)
	at com.sun.proxy.$Proxy4.click(Unknown Source)
	at com.yeastar.swebtest.testcase.RegressionCase.pbxcore.IVR.M_delete(IVR.java:274)

N_editInbound2(com.yeastar.swebtest.testcase.RegressionCase.pbxcore.IVR)  Time elapsed: 15.687 sec  <<< FAILURE!
com.codeborne.selenide.ex.ElementNotFound: Element not found {By.xpath: .//div[starts-with(@id,"control-panel")]//div[starts-with(@id,"set-lefttree")]//span[text()="Call Control"]}
Expected: exist
	at sun.reflect.GeneratedConstructorAccessor30.newInstance(Unknown Source)
	at sun.reflect.DelegatingConstructorAccessorImpl.newInstance(DelegatingConstructorAccessorImpl.java:45)
	at java.lang.reflect.Constructor.newInstance(Constructor.java:423)
	at org.openqa.selenium.remote.ErrorHandler.createThrowable(ErrorHandler.java:206)
	at org.openqa.selenium.remote.ErrorHandler.throwIfResponseFailed(ErrorHandler.java:158)
	at org.openqa.selenium.remote.RemoteWebDriver.execute(RemoteWebDriver.java:678)
	at org.openqa.selenium.remote.RemoteWebElement.execute(RemoteWebElement.java:327)
	at org.openqa.selenium.remote.RemoteWebElement.click(RemoteWebElement.java:85)
	at com.codeborne.selenide.commands.Click.click(Click.java:22)
	at com.codeborne.selenide.commands.Click.execute(Click.java:14)
	at com.codeborne.selenide.commands.Click.execute(Click.java:11)
	at com.codeborne.selenide.commands.Commands.execute(Commands.java:140)
	at com.codeborne.selenide.impl.SelenideElementProxy.dispatchAndRetry(SelenideElementProxy.java:86)
	at com.codeborne.selenide.impl.SelenideElementProxy.invoke(SelenideElementProxy.java:62)
	at com.sun.proxy.$Proxy4.click(Unknown Source)
	at com.yeastar.swebtest.testcase.RegressionCase.pbxcore.IVR.N_editInbound2(IVR.java:323)

C_agent2(com.yeastar.swebtest.testcase.RegressionCase.pbxcore.Queue)  Time elapsed: 22.333 sec  <<< FAILURE!
java.lang.AssertionError: CDR呼叫方检测 【预期：1105 [1105] 实际：1100 [1100]】
	at com.yeastar.swebtest.tools.ysassert.YsAssert.fail(YsAssert.java:1086)
	at com.yeastar.swebtest.tools.ysassert.YsAssert.failNotEquals(YsAssert.java:579)
	at com.yeastar.swebtest.tools.ysassert.YsAssert.assertEqualsImpl(YsAssert.java:142)
	at com.yeastar.swebtest.tools.ysassert.YsAssert.assertEquals(YsAssert.java:116)
	at com.yeastar.swebtest.tools.ysassert.YsAssert.assertEquals(YsAssert.java:199)
	at com.yeastar.swebtest.driver.YSMethod.YS_Extension.checkCDR(YS_Extension.java:257)
	at com.yeastar.swebtest.driver.YSMethod.YS_Extension.checkCDR(YS_Extension.java:250)
	at com.yeastar.swebtest.testcase.RegressionCase.pbxcore.Queue.C_agent2(Queue.java:155)

D_RingAll1(com.yeastar.swebtest.testcase.RegressionCase.pbxcore.Queue)  Time elapsed: 39.275 sec  <<< FAILURE!
java.lang.AssertionError: CDR被叫方检测 【预期：1100 [6702(1100)] 实际：1000 [6702(1100)]】
	at com.yeastar.swebtest.tools.ysassert.YsAssert.fail(YsAssert.java:1086)
	at com.yeastar.swebtest.tools.ysassert.YsAssert.failNotEquals(YsAssert.java:579)
	at com.yeastar.swebtest.tools.ysassert.YsAssert.assertEqualsImpl(YsAssert.java:142)
	at com.yeastar.swebtest.tools.ysassert.YsAssert.assertEquals(YsAssert.java:116)
	at com.yeastar.swebtest.tools.ysassert.YsAssert.assertEquals(YsAssert.java:199)
	at com.yeastar.swebtest.driver.YSMethod.YS_Extension.checkCDR(YS_Extension.java:258)
	at com.yeastar.swebtest.driver.YSMethod.YS_Extension.checkCDR(YS_Extension.java:250)
	at com.yeastar.swebtest.testcase.RegressionCase.pbxcore.Queue.D_RingAll1(Queue.java:195)

G1_edit6701_1(com.yeastar.swebtest.testcase.RegressionCase.pbxcore.Queue)  Time elapsed: 35.441 sec  <<< FAILURE!
com.codeborne.selenide.ex.ElementShould: Element should be visible {By.xpath: .//a[starts-with(@class,'css_apply') and text()='Apply']}
Element: '<a class="css_apply" displayed:false></a>'
	at com.codeborne.selenide.impl.WebElementSource.checkCondition(WebElementSource.java:66)
	at com.codeborne.selenide.impl.WebElementSource.findAndAssertElementIsVisible(WebElementSource.java:72)
	at com.codeborne.selenide.commands.Click.execute(Click.java:14)
	at com.codeborne.selenide.commands.Click.execute(Click.java:11)
	at com.codeborne.selenide.commands.Commands.execute(Commands.java:140)
	at com.codeborne.selenide.impl.SelenideElementProxy.dispatchAndRetry(SelenideElementProxy.java:86)
	at com.codeborne.selenide.impl.SelenideElementProxy.invoke(SelenideElementProxy.java:62)
	at com.sun.proxy.$Proxy4.click(Unknown Source)
	at com.yeastar.swebtest.driver.SwebDriver.ys_apply(SwebDriver.java:625)
	at com.yeastar.swebtest.testcase.RegressionCase.pbxcore.Queue.G1_edit6701_1(Queue.java:246)

G2_joinEmpty(com.yeastar.swebtest.testcase.RegressionCase.pbxcore.Queue)  Time elapsed: 24.911 sec  <<< FAILURE!
java.lang.AssertionError: CDR被叫方检测 【预期：6701 实际：1000 [6701(1000)]】
	at com.yeastar.swebtest.tools.ysassert.YsAssert.fail(YsAssert.java:1086)
	at com.yeastar.swebtest.tools.ysassert.YsAssert.failNotEquals(YsAssert.java:579)
	at com.yeastar.swebtest.tools.ysassert.YsAssert.assertEqualsImpl(YsAssert.java:142)
	at com.yeastar.swebtest.tools.ysassert.YsAssert.assertEquals(YsAssert.java:116)
	at com.yeastar.swebtest.tools.ysassert.YsAssert.assertEquals(YsAssert.java:199)
	at com.yeastar.swebtest.driver.YSMethod.YS_Extension.checkCDR(YS_Extension.java:258)
	at com.yeastar.swebtest.driver.YSMethod.YS_Extension.checkCDR(YS_Extension.java:250)
	at com.yeastar.swebtest.testcase.RegressionCase.pbxcore.Queue.G2_joinEmpty(Queue.java:257)

G3_edit6701_2(com.yeastar.swebtest.testcase.RegressionCase.pbxcore.Queue)  Time elapsed: 16.235 sec  <<< FAILURE!
com.codeborne.selenide.ex.ElementNotFound: Element not found {By.xpath: .//div[starts-with(@id,"control-panel")]//div[starts-with(@id,"set-lefttree")]//span[text()="Call Features"]}
Expected: exist
	at sun.reflect.GeneratedConstructorAccessor33.newInstance(Unknown Source)
	at sun.reflect.DelegatingConstructorAccessorImpl.newInstance(DelegatingConstructorAccessorImpl.java:45)
	at java.lang.reflect.Constructor.newInstance(Constructor.java:423)
	at org.openqa.selenium.remote.ErrorHandler.createThrowable(ErrorHandler.java:206)
	at org.openqa.selenium.remote.ErrorHandler.throwIfResponseFailed(ErrorHandler.java:158)
	at org.openqa.selenium.remote.RemoteWebDriver.execute(RemoteWebDriver.java:678)
	at org.openqa.selenium.remote.RemoteWebElement.execute(RemoteWebElement.java:327)
	at org.openqa.selenium.remote.RemoteWebElement.click(RemoteWebElement.java:85)
	at com.codeborne.selenide.commands.Click.click(Click.java:22)
	at com.codeborne.selenide.commands.Click.execute(Click.java:14)
	at com.codeborne.selenide.commands.Click.execute(Click.java:11)
	at com.codeborne.selenide.commands.Commands.execute(Commands.java:140)
	at com.codeborne.selenide.impl.SelenideElementProxy.dispatchAndRetry(SelenideElementProxy.java:86)
	at com.codeborne.selenide.impl.SelenideElementProxy.invoke(SelenideElementProxy.java:62)
	at com.sun.proxy.$Proxy4.click(Unknown Source)
	at com.yeastar.swebtest.testcase.RegressionCase.pbxcore.Queue.G3_edit6701_2(Queue.java:266)

H1_Linear(com.yeastar.swebtest.testcase.RegressionCase.pbxcore.Queue)  Time elapsed: 16.112 sec  <<< FAILURE!
com.codeborne.selenide.ex.ElementNotFound: Element not found {By.xpath: .//div[starts-with(@id,"control-panel")]//div[starts-with(@id,"set-lefttree")]//span[text()="Call Features"]}
Expected: exist
	at sun.reflect.GeneratedConstructorAccessor33.newInstance(Unknown Source)
	at sun.reflect.DelegatingConstructorAccessorImpl.newInstance(DelegatingConstructorAccessorImpl.java:45)
	at java.lang.reflect.Constructor.newInstance(Constructor.java:423)
	at org.openqa.selenium.remote.ErrorHandler.createThrowable(ErrorHandler.java:206)
	at org.openqa.selenium.remote.ErrorHandler.throwIfResponseFailed(ErrorHandler.java:158)
	at org.openqa.selenium.remote.RemoteWebDriver.execute(RemoteWebDriver.java:678)
	at org.openqa.selenium.remote.RemoteWebElement.execute(RemoteWebElement.java:327)
	at org.openqa.selenium.remote.RemoteWebElement.click(RemoteWebElement.java:85)
	at com.codeborne.selenide.commands.Click.click(Click.java:22)
	at com.codeborne.selenide.commands.Click.execute(Click.java:14)
	at com.codeborne.selenide.commands.Click.execute(Click.java:11)
	at com.codeborne.selenide.commands.Commands.execute(Commands.java:140)
	at com.codeborne.selenide.impl.SelenideElementProxy.dispatchAndRetry(SelenideElementProxy.java:86)
	at com.codeborne.selenide.impl.SelenideElementProxy.invoke(SelenideElementProxy.java:62)
	at com.sun.proxy.$Proxy4.click(Unknown Source)
	at com.yeastar.swebtest.testcase.RegressionCase.pbxcore.Queue.H1_Linear(Queue.java:296)

H2_Linear(com.yeastar.swebtest.testcase.RegressionCase.pbxcore.Queue)  Time elapsed: 11.638 sec  <<< FAILURE!
java.lang.AssertionError: 1105预期响铃 【预期：2 实际：4】
	at com.yeastar.swebtest.tools.ysassert.YsAssert.fail(YsAssert.java:1086)
	at com.yeastar.swebtest.tools.ysassert.YsAssert.failNotEquals(YsAssert.java:579)
	at com.yeastar.swebtest.tools.ysassert.YsAssert.assertEqualsImpl(YsAssert.java:142)
	at com.yeastar.swebtest.tools.ysassert.YsAssert.assertEquals(YsAssert.java:116)
	at com.yeastar.swebtest.tools.ysassert.YsAssert.assertEquals(YsAssert.java:425)
	at com.yeastar.swebtest.testcase.RegressionCase.pbxcore.Queue.H2_Linear(Queue.java:314)

I_delete(com.yeastar.swebtest.testcase.RegressionCase.pbxcore.Queue)  Time elapsed: 16.108 sec  <<< FAILURE!
com.codeborne.selenide.ex.ElementNotFound: Element not found {By.xpath: .//div[starts-with(@id,"control-panel")]//div[starts-with(@id,"set-lefttree")]//span[text()="Call Features"]}
Expected: exist
	at sun.reflect.GeneratedConstructorAccessor33.newInstance(Unknown Source)
	at sun.reflect.DelegatingConstructorAccessorImpl.newInstance(DelegatingConstructorAccessorImpl.java:45)
	at java.lang.reflect.Constructor.newInstance(Constructor.java:423)
	at org.openqa.selenium.remote.ErrorHandler.createThrowable(ErrorHandler.java:206)
	at org.openqa.selenium.remote.ErrorHandler.throwIfResponseFailed(ErrorHandler.java:158)
	at org.openqa.selenium.remote.RemoteWebDriver.execute(RemoteWebDriver.java:678)
	at org.openqa.selenium.remote.RemoteWebElement.execute(RemoteWebElement.java:327)
	at org.openqa.selenium.remote.RemoteWebElement.click(RemoteWebElement.java:85)
	at com.codeborne.selenide.commands.Click.click(Click.java:22)
	at com.codeborne.selenide.commands.Click.execute(Click.java:14)
	at com.codeborne.selenide.commands.Click.execute(Click.java:11)
	at com.codeborne.selenide.commands.Commands.execute(Commands.java:140)
	at com.codeborne.selenide.impl.SelenideElementProxy.dispatchAndRetry(SelenideElementProxy.java:86)
	at com.codeborne.selenide.impl.SelenideElementProxy.invoke(SelenideElementProxy.java:62)
	at com.sun.proxy.$Proxy4.click(Unknown Source)
	at com.yeastar.swebtest.testcase.RegressionCase.pbxcore.Queue.I_delete(Queue.java:331)

J_Recovery(com.yeastar.swebtest.testcase.RegressionCase.pbxcore.Queue)  Time elapsed: 15.753 sec  <<< FAILURE!
com.codeborne.selenide.ex.ElementNotFound: Element not found {By.xpath: .//div[starts-with(@id,"control-panel")]//div[starts-with(@id,"set-lefttree")]//span[text()="Call Control"]}
Expected: exist
	at sun.reflect.GeneratedConstructorAccessor33.newInstance(Unknown Source)
	at sun.reflect.DelegatingConstructorAccessorImpl.newInstance(DelegatingConstructorAccessorImpl.java:45)
	at java.lang.reflect.Constructor.newInstance(Constructor.java:423)
	at org.openqa.selenium.remote.ErrorHandler.createThrowable(ErrorHandler.java:206)
	at org.openqa.selenium.remote.ErrorHandler.throwIfResponseFailed(ErrorHandler.java:158)
	at org.openqa.selenium.remote.RemoteWebDriver.execute(RemoteWebDriver.java:678)
	at org.openqa.selenium.remote.RemoteWebElement.execute(RemoteWebElement.java:327)
	at org.openqa.selenium.remote.RemoteWebElement.click(RemoteWebElement.java:85)
	at com.codeborne.selenide.commands.Click.click(Click.java:22)
	at com.codeborne.selenide.commands.Click.execute(Click.java:14)
	at com.codeborne.selenide.commands.Click.execute(Click.java:11)
	at com.codeborne.selenide.commands.Commands.execute(Commands.java:140)
	at com.codeborne.selenide.impl.SelenideElementProxy.dispatchAndRetry(SelenideElementProxy.java:86)
	at com.codeborne.selenide.impl.SelenideElementProxy.invoke(SelenideElementProxy.java:62)
	at com.sun.proxy.$Proxy4.click(Unknown Source)
	at com.yeastar.swebtest.testcase.RegressionCase.pbxcore.Queue.J_Recovery(Queue.java:380)

A_add_callback(com.yeastar.swebtest.testcase.RegressionCase.pbxcore.Callback)  Time elapsed: 47.184 sec  <<< FAILURE!
org.openqa.selenium.WebDriverException: unknown error: Cannot read property 'data' of null
  (Session info: chrome=57.0.2987.133)
  (Driver info: chromedriver=2.29.461591 (62ebf098771772160f391d75e589dc567915b233),platform=Windows NT 6.1.7601 SP1 x86_64) (WARNING: The server did not provide any stacktrace information)
Command duration or timeout: 23 milliseconds
Build info: version: '2.53.1', revision: 'a36b8b1cd5757287168e54b817830adce9b0158d', time: '2016-06-30 19:26:09'
System info: host: 'Yeastar-PC', ip: '192.168.11.194', os.name: 'Windows 7', os.arch: 'x86', os.version: '6.1', java.version: '1.8.0_121'
Driver info: org.openqa.selenium.chrome.ChromeDriver
Capabilities [{applicationCacheEnabled=false, rotatable=false, mobileEmulationEnabled=false, networkConnectionEnabled=false, chrome={chromedriverVersion=2.29.461591 (62ebf098771772160f391d75e589dc567915b233), userDataDir=C:\Users\Yeastar\AppData\Local\Temp\scoped_dir45124_659}, takesHeapSnapshot=true, pageLoadStrategy=normal, databaseEnabled=false, handlesAlerts=true, hasTouchScreen=false, version=57.0.2987.133, platform=XP, browserConnectionEnabled=false, nativeEvents=true, acceptSslCerts=true, locationContextEnabled=true, webStorageEnabled=true, browserName=chrome, takesScreenshot=true, javascriptEnabled=true, cssSelectorsEnabled=true, unexpectedAlertBehaviour=}]
Session ID: cc4665db85d45c26b4942044380fb628
	at sun.reflect.GeneratedConstructorAccessor33.newInstance(Unknown Source)
	at sun.reflect.DelegatingConstructorAccessorImpl.newInstance(DelegatingConstructorAccessorImpl.java:45)
	at java.lang.reflect.Constructor.newInstance(Constructor.java:423)
	at org.openqa.selenium.remote.ErrorHandler.createThrowable(ErrorHandler.java:206)
	at org.openqa.selenium.remote.ErrorHandler.throwIfResponseFailed(ErrorHandler.java:158)
	at org.openqa.selenium.remote.RemoteWebDriver.execute(RemoteWebDriver.java:678)
	at org.openqa.selenium.remote.RemoteWebDriver.executeScript(RemoteWebDriver.java:577)
	at com.yeastar.swebtest.driver.SwebDriver.executeJs(SwebDriver.java:649)
	at com.yeastar.swebtest.driver.SwebDriver.listGetId(SwebDriver.java:366)
	at com.yeastar.swebtest.driver.SwebDriver.comboboxSet(SwebDriver.java:461)
	at com.yeastar.swebtest.testcase.RegressionCase.pbxcore.Callback.A_add_callback(Callback.java:61)

B_editInbound1(com.yeastar.swebtest.testcase.RegressionCase.pbxcore.Callback)  Time elapsed: 15.646 sec  <<< FAILURE!
com.codeborne.selenide.ex.ElementNotFound: Element not found {By.xpath: .//div[starts-with(@id,"control-panel")]//div[starts-with(@id,"set-lefttree")]//span[text()="Call Control"]}
Expected: exist
	at sun.reflect.GeneratedConstructorAccessor33.newInstance(Unknown Source)
	at sun.reflect.DelegatingConstructorAccessorImpl.newInstance(DelegatingConstructorAccessorImpl.java:45)
	at java.lang.reflect.Constructor.newInstance(Constructor.java:423)
	at org.openqa.selenium.remote.ErrorHandler.createThrowable(ErrorHandler.java:206)
	at org.openqa.selenium.remote.ErrorHandler.throwIfResponseFailed(ErrorHandler.java:158)
	at org.openqa.selenium.remote.RemoteWebDriver.execute(RemoteWebDriver.java:678)
	at org.openqa.selenium.remote.RemoteWebElement.execute(RemoteWebElement.java:327)
	at org.openqa.selenium.remote.RemoteWebElement.click(RemoteWebElement.java:85)
	at com.codeborne.selenide.commands.Click.click(Click.java:22)
	at com.codeborne.selenide.commands.Click.execute(Click.java:14)
	at com.codeborne.selenide.commands.Click.execute(Click.java:11)
	at com.codeborne.selenide.commands.Commands.execute(Commands.java:140)
	at com.codeborne.selenide.impl.SelenideElementProxy.dispatchAndRetry(SelenideElementProxy.java:86)
	at com.codeborne.selenide.impl.SelenideElementProxy.invoke(SelenideElementProxy.java:62)
	at com.sun.proxy.$Proxy4.click(Unknown Source)
	at com.yeastar.swebtest.testcase.RegressionCase.pbxcore.Callback.B_editInbound1(Callback.java:69)

C_calldefault1_sip(com.yeastar.swebtest.testcase.RegressionCase.pbxcore.Callback)  Time elapsed: 28.672 sec  <<< FAILURE!
java.lang.AssertionError: 预期3001会响铃 【预期：2 实际：4】
	at com.yeastar.swebtest.tools.ysassert.YsAssert.fail(YsAssert.java:1086)
	at com.yeastar.swebtest.tools.ysassert.YsAssert.failNotEquals(YsAssert.java:579)
	at com.yeastar.swebtest.tools.ysassert.YsAssert.assertEqualsImpl(YsAssert.java:142)
	at com.yeastar.swebtest.tools.ysassert.YsAssert.assertEquals(YsAssert.java:116)
	at com.yeastar.swebtest.tools.ysassert.YsAssert.assertEquals(YsAssert.java:425)
	at com.yeastar.swebtest.testcase.RegressionCase.pbxcore.Callback.C_calldefault1_sip(Callback.java:86)

C_calldefault2_sps(com.yeastar.swebtest.testcase.RegressionCase.pbxcore.Callback)  Time elapsed: 28.63 sec  <<< FAILURE!
java.lang.AssertionError: 预期2000会响铃 【预期：2 实际：4】
	at com.yeastar.swebtest.tools.ysassert.YsAssert.fail(YsAssert.java:1086)
	at com.yeastar.swebtest.tools.ysassert.YsAssert.failNotEquals(YsAssert.java:579)
	at com.yeastar.swebtest.tools.ysassert.YsAssert.assertEqualsImpl(YsAssert.java:142)
	at com.yeastar.swebtest.tools.ysassert.YsAssert.assertEquals(YsAssert.java:116)
	at com.yeastar.swebtest.tools.ysassert.YsAssert.assertEquals(YsAssert.java:425)
	at com.yeastar.swebtest.testcase.RegressionCase.pbxcore.Callback.C_calldefault2_sps(Callback.java:101)

D_editInbound1(com.yeastar.swebtest.testcase.RegressionCase.pbxcore.Callback)  Time elapsed: 16.034 sec  <<< FAILURE!
com.codeborne.selenide.ex.ElementNotFound: Element not found {By.xpath: .//div[starts-with(@id,"control-panel")]//div[starts-with(@id,"set-lefttree")]//span[text()="Call Control"]}
Expected: exist
	at sun.reflect.GeneratedConstructorAccessor36.newInstance(Unknown Source)
	at sun.reflect.DelegatingConstructorAccessorImpl.newInstance(DelegatingConstructorAccessorImpl.java:45)
	at java.lang.reflect.Constructor.newInstance(Constructor.java:423)
	at org.openqa.selenium.remote.ErrorHandler.createThrowable(ErrorHandler.java:206)
	at org.openqa.selenium.remote.ErrorHandler.throwIfResponseFailed(ErrorHandler.java:158)
	at org.openqa.selenium.remote.RemoteWebDriver.execute(RemoteWebDriver.java:678)
	at org.openqa.selenium.remote.RemoteWebElement.execute(RemoteWebElement.java:327)
	at org.openqa.selenium.remote.RemoteWebElement.click(RemoteWebElement.java:85)
	at com.codeborne.selenide.commands.Click.click(Click.java:22)
	at com.codeborne.selenide.commands.Click.execute(Click.java:14)
	at com.codeborne.selenide.commands.Click.execute(Click.java:11)
	at com.codeborne.selenide.commands.Commands.execute(Commands.java:140)
	at com.codeborne.selenide.impl.SelenideElementProxy.dispatchAndRetry(SelenideElementProxy.java:86)
	at com.codeborne.selenide.impl.SelenideElementProxy.invoke(SelenideElementProxy.java:62)
	at com.sun.proxy.$Proxy4.click(Unknown Source)
	at com.yeastar.swebtest.testcase.RegressionCase.pbxcore.Callback.D_editInbound1(Callback.java:117)

E_callbackThroughSPS(com.yeastar.swebtest.testcase.RegressionCase.pbxcore.Callback)  Time elapsed: 28.68 sec  <<< FAILURE!
java.lang.AssertionError: 预期辅助2的2000分机响铃 【预期：2 实际：4】
	at com.yeastar.swebtest.tools.ysassert.YsAssert.fail(YsAssert.java:1086)
	at com.yeastar.swebtest.tools.ysassert.YsAssert.failNotEquals(YsAssert.java:579)
	at com.yeastar.swebtest.tools.ysassert.YsAssert.assertEqualsImpl(YsAssert.java:142)
	at com.yeastar.swebtest.tools.ysassert.YsAssert.assertEquals(YsAssert.java:116)
	at com.yeastar.swebtest.tools.ysassert.YsAssert.assertEquals(YsAssert.java:425)
	at com.yeastar.swebtest.testcase.RegressionCase.pbxcore.Callback.E_callbackThroughSPS(Callback.java:134)

F_delete(com.yeastar.swebtest.testcase.RegressionCase.pbxcore.Callback)  Time elapsed: 15.958 sec  <<< FAILURE!
com.codeborne.selenide.ex.ElementNotFound: Element not found {By.xpath: .//div[starts-with(@id,"control-panel")]//div[starts-with(@id,"set-lefttree")]//span[text()="Call Features"]}
Expected: exist
	at sun.reflect.GeneratedConstructorAccessor37.newInstance(Unknown Source)
	at sun.reflect.DelegatingConstructorAccessorImpl.newInstance(DelegatingConstructorAccessorImpl.java:45)
	at java.lang.reflect.Constructor.newInstance(Constructor.java:423)
	at org.openqa.selenium.remote.ErrorHandler.createThrowable(ErrorHandler.java:206)
	at org.openqa.selenium.remote.ErrorHandler.throwIfResponseFailed(ErrorHandler.java:158)
	at org.openqa.selenium.remote.RemoteWebDriver.execute(RemoteWebDriver.java:678)
	at org.openqa.selenium.remote.RemoteWebElement.execute(RemoteWebElement.java:327)
	at org.openqa.selenium.remote.RemoteWebElement.click(RemoteWebElement.java:85)
	at com.codeborne.selenide.commands.Click.click(Click.java:22)
	at com.codeborne.selenide.commands.Click.execute(Click.java:14)
	at com.codeborne.selenide.commands.Click.execute(Click.java:11)
	at com.codeborne.selenide.commands.Commands.execute(Commands.java:140)
	at com.codeborne.selenide.impl.SelenideElementProxy.dispatchAndRetry(SelenideElementProxy.java:86)
	at com.codeborne.selenide.impl.SelenideElementProxy.invoke(SelenideElementProxy.java:62)
	at com.sun.proxy.$Proxy4.click(Unknown Source)
	at com.yeastar.swebtest.testcase.RegressionCase.pbxcore.Callback.F_delete(Callback.java:151)

G_Recovery(com.yeastar.swebtest.testcase.RegressionCase.pbxcore.Callback)  Time elapsed: 15.679 sec  <<< FAILURE!
com.codeborne.selenide.ex.ElementNotFound: Element not found {By.xpath: .//div[starts-with(@id,"control-panel")]//div[starts-with(@id,"set-lefttree")]//span[text()="Call Control"]}
Expected: exist
	at sun.reflect.GeneratedConstructorAccessor37.newInstance(Unknown Source)
	at sun.reflect.DelegatingConstructorAccessorImpl.newInstance(DelegatingConstructorAccessorImpl.java:45)
	at java.lang.reflect.Constructor.newInstance(Constructor.java:423)
	at org.openqa.selenium.remote.ErrorHandler.createThrowable(ErrorHandler.java:206)
	at org.openqa.selenium.remote.ErrorHandler.throwIfResponseFailed(ErrorHandler.java:158)
	at org.openqa.selenium.remote.RemoteWebDriver.execute(RemoteWebDriver.java:678)
	at org.openqa.selenium.remote.RemoteWebElement.execute(RemoteWebElement.java:327)
	at org.openqa.selenium.remote.RemoteWebElement.click(RemoteWebElement.java:85)
	at com.codeborne.selenide.commands.Click.click(Click.java:22)
	at com.codeborne.selenide.commands.Click.execute(Click.java:14)
	at com.codeborne.selenide.commands.Click.execute(Click.java:11)
	at com.codeborne.selenide.commands.Commands.execute(Commands.java:140)
	at com.codeborne.selenide.impl.SelenideElementProxy.dispatchAndRetry(SelenideElementProxy.java:86)
	at com.codeborne.selenide.impl.SelenideElementProxy.invoke(SelenideElementProxy.java:62)
	at com.sun.proxy.$Proxy4.click(Unknown Source)
	at com.yeastar.swebtest.testcase.RegressionCase.pbxcore.Callback.G_Recovery(Callback.java:199)

A1_sip(com.yeastar.swebtest.testcase.RegressionCase.pbxcore.Extension)  Time elapsed: 44.099 sec  <<< FAILURE!
java.lang.AssertionError:  录音失败
	at com.yeastar.swebtest.tools.ysassert.YsAssert.fail(YsAssert.java:1086)
	at com.yeastar.swebtest.testcase.RegressionCase.pbxcore.Extension.A1_sip(Extension.java:135)

E2_cancelWhenBusy(com.yeastar.swebtest.testcase.RegressionCase.pbxcore.Extension)  Time elapsed: 53.033 sec  <<< FAILURE!
java.lang.AssertionError: 预期1101挂断状态 【预期：4 实际：3】
	at com.yeastar.swebtest.tools.ysassert.YsAssert.fail(YsAssert.java:1086)
	at com.yeastar.swebtest.tools.ysassert.YsAssert.failNotEquals(YsAssert.java:579)
	at com.yeastar.swebtest.tools.ysassert.YsAssert.assertEqualsImpl(YsAssert.java:142)
	at com.yeastar.swebtest.tools.ysassert.YsAssert.assertEquals(YsAssert.java:116)
	at com.yeastar.swebtest.tools.ysassert.YsAssert.assertEquals(YsAssert.java:425)
	at com.yeastar.swebtest.testcase.RegressionCase.pbxcore.Extension.E2_cancelWhenBusy(Extension.java:337)

F1_NoAnswer(com.yeastar.swebtest.testcase.RegressionCase.pbxcore.Extension)  Time elapsed: 58.797 sec  <<< FAILURE!
java.lang.AssertionError: CDR被叫方检测 【预期：1105 [1105] 实际：1105 [1105(from 1100)]】
	at com.yeastar.swebtest.tools.ysassert.YsAssert.fail(YsAssert.java:1086)
	at com.yeastar.swebtest.tools.ysassert.YsAssert.failNotEquals(YsAssert.java:579)
	at com.yeastar.swebtest.tools.ysassert.YsAssert.assertEqualsImpl(YsAssert.java:142)
	at com.yeastar.swebtest.tools.ysassert.YsAssert.assertEquals(YsAssert.java:116)
	at com.yeastar.swebtest.tools.ysassert.YsAssert.assertEquals(YsAssert.java:199)
	at com.yeastar.swebtest.driver.YSMethod.YS_Extension.checkCDR(YS_Extension.java:258)
	at com.yeastar.swebtest.driver.YSMethod.YS_Extension.checkCDR(YS_Extension.java:250)
	at com.yeastar.swebtest.testcase.RegressionCase.pbxcore.Extension.F1_NoAnswer(Extension.java:354)

G1_dnd(com.yeastar.swebtest.testcase.RegressionCase.pbxcore.Extension)  Time elapsed: 26.77 sec  <<< FAILURE!
java.lang.AssertionError: 预期1000为HangUp 【预期：4 实际：3】
	at com.yeastar.swebtest.tools.ysassert.YsAssert.fail(YsAssert.java:1086)
	at com.yeastar.swebtest.tools.ysassert.YsAssert.failNotEquals(YsAssert.java:579)
	at com.yeastar.swebtest.tools.ysassert.YsAssert.assertEqualsImpl(YsAssert.java:142)
	at com.yeastar.swebtest.tools.ysassert.YsAssert.assertEquals(YsAssert.java:116)
	at com.yeastar.swebtest.tools.ysassert.YsAssert.assertEquals(YsAssert.java:425)
	at com.yeastar.swebtest.testcase.RegressionCase.pbxcore.Extension.G1_dnd(Extension.java:378)

