<?xml version="1.0" encoding="utf-8" ?>
<!DOCTYPE html PUBLIC "-//W3C//DTD XHTML 1.0 Strict//EN"
        "http://www.w3.org/TR/xhtml1/DTD/xhtml1-strict.dtd">
<html xmlns="http://www.w3.org/1999/xhtml" xml:lang="" lang="">
<head>
  <title>Test Results Report - syscore</title>
  <meta http-equiv="Content-Type" content="text/html;charset=utf-8" />
  <meta name="description" content="TestNG unit test results." />
  <link href="reportng.css" rel="stylesheet" type="text/css" />
    <script type="text/javascript" src="reportng.js"></script>
</head>
<body>
<h1>syscore</h1>
<p>
  Test duration: 685.760s
</p>



  <table class="resultsTable">
    <tr><th colspan="3" class="header failed">Failed Tests</th></tr>
          <tr>
        <td colspan="3" class="group">com.yeastar.swebtest.testcase.smokecase.syscase.DateTime</td>
      </tr>
            
<tr>
  <td class="method">
                  A_SetTimeZone
      </td>
  <td class="duration">
    27.686s
  </td>
  <td class="result">
        
    
            <div class="testOutput">
                        &nbsp; 【执行操作】设置Time Zone为8 China (Beijing)<br />
                  </div>
    

        <a href="javascript:toggleElement('exception-0', 'block')" title="Click to expand/collapse"><b>Element not found {By.id: login-username-inputEl}<br/>
Expected: visible<br/>
Screenshot: file:/F:/MyProject/0GitProject/swebtest/SwebTest/build/reports/tests/1503570390075.1.png<br/>
Timeout: 10 s.<br/>
Caused by: NoSuchElementException: no such element: Unable to locate element: {"method":"id","selector":"login-username-inputEl"}</b></a><br />
    <div class="stackTrace" id="exception-0">
              com.codeborne.selenide.impl.WebElementSource.createElementNotFoundError(WebElementSource.java:31)<br />
              com.codeborne.selenide.impl.ElementFinder.createElementNotFoundError(ElementFinder.java:82)<br />
              com.codeborne.selenide.impl.WebElementSource.checkCondition(WebElementSource.java:59)<br />
              com.codeborne.selenide.impl.WebElementSource.findAndAssertElementIsVisible(WebElementSource.java:72)<br />
              com.codeborne.selenide.commands.SetValue.execute(SetValue.java:20)<br />
              com.codeborne.selenide.commands.SetValue.execute(SetValue.java:13)<br />
              com.codeborne.selenide.commands.Commands.execute(Commands.java:140)<br />
              com.codeborne.selenide.impl.SelenideElementProxy.dispatchAndRetry(SelenideElementProxy.java:86)<br />
              com.codeborne.selenide.impl.SelenideElementProxy.invoke(SelenideElementProxy.java:62)<br />
              com.sun.proxy.$Proxy5.setValue(Unknown Source)<br />
              com.yeastar.swebtest.driver.SwebDriver.login(SwebDriver.java:112)<br />
              com.yeastar.swebtest.driver.SwebDriver.login(SwebDriver.java:95)<br />
              com.yeastar.swebtest.testcase.smokecase.syscase.DateTime.A_SetTimeZone(DateTime.java:58)<br />
              sun.reflect.NativeMethodAccessorImpl.invoke0(Native Method)<br />
              sun.reflect.NativeMethodAccessorImpl.invoke(NativeMethodAccessorImpl.java:62)<br />
              sun.reflect.DelegatingMethodAccessorImpl.invoke(DelegatingMethodAccessorImpl.java:43)<br />
              java.lang.reflect.Method.invoke(Method.java:498)<br />
              org.testng.internal.MethodInvocationHelper.invokeMethod(MethodInvocationHelper.java:85)<br />
              org.testng.internal.Invoker.invokeMethod(Invoker.java:639)<br />
              org.testng.internal.Invoker.invokeTestMethod(Invoker.java:816)<br />
              org.testng.internal.Invoker.invokeTestMethods(Invoker.java:1124)<br />
              org.testng.internal.TestMethodWorker.invokeTestMethods(TestMethodWorker.java:125)<br />
              org.testng.internal.TestMethodWorker.run(TestMethodWorker.java:108)<br />
              org.testng.TestRunner.privateRun(TestRunner.java:774)<br />
              org.testng.TestRunner.run(TestRunner.java:624)<br />
              org.testng.SuiteRunner.runTest(SuiteRunner.java:359)<br />
              org.testng.SuiteRunner.runSequentially(SuiteRunner.java:354)<br />
              org.testng.SuiteRunner.privateRun(SuiteRunner.java:312)<br />
              org.testng.SuiteRunner.run(SuiteRunner.java:261)<br />
              org.testng.SuiteRunnerWorker.runSuite(SuiteRunnerWorker.java:52)<br />
              org.testng.SuiteRunnerWorker.run(SuiteRunnerWorker.java:86)<br />
              org.testng.TestNG.runSuitesSequentially(TestNG.java:1215)<br />
              org.testng.TestNG.runSuitesLocally(TestNG.java:1140)<br />
              org.testng.TestNG.run(TestNG.java:1048)<br />
              org.apache.maven.surefire.testng.TestNGExecutor.run(TestNGExecutor.java:293)<br />
              org.apache.maven.surefire.testng.TestNGXmlTestSuite.execute(TestNGXmlTestSuite.java:84)<br />
              org.apache.maven.surefire.testng.TestNGProvider.invoke(TestNGProvider.java:91)<br />
              org.apache.maven.surefire.booter.ForkedBooter.invokeProviderInSameClassLoader(ForkedBooter.java:200)<br />
              org.apache.maven.surefire.booter.ForkedBooter.runSuitesInProcess(ForkedBooter.java:153)<br />
              org.apache.maven.surefire.booter.ForkedBooter.main(ForkedBooter.java:103)<br />
                    <b>Caused by: </b> <a href="javascript:toggleElement('exception-1', 'block')" title="Click to expand/collapse">org.openqa.selenium.NoSuchElementException: no such element: Unable to locate element: {"method":"id","selector":"login-username-inputEl"}<br/>
&nbsp; (Session info: chrome=57.0.2987.133)<br/>
&nbsp; (Driver info: chromedriver=2.29.461591 (62ebf098771772160f391d75e589dc567915b233),platform=Windows NT 6.1.7601 SP1 x86_64) (WARNING: The server did not provide any stacktrace information)<br/>
Command duration or timeout: 27 milliseconds<br/>
For documentation on this error, please visit: http://seleniumhq.org/exceptions/no_such_element.html<br/>
Build info: version: '2.53.1', revision: 'a36b8b1cd5757287168e54b817830adce9b0158d', time: '2016-06-30 19:26:09'<br/>
System info: host: 'Yeastar-PC', ip: '192.168.7.14', os.name: 'Windows 7', os.arch: 'x86', os.version: '6.1', java.version: '1.8.0_121'<br/>
Driver info: org.openqa.selenium.chrome.ChromeDriver<br/>
Capabilities [{applicationCacheEnabled=false, rotatable=false, mobileEmulationEnabled=false, networkConnectionEnabled=false, chrome={chromedriverVersion=2.29.461591 (62ebf098771772160f391d75e589dc567915b233), userDataDir=C:\Users\Yeastar\AppData\Local\Temp\scoped_dir15752_18228}, takesHeapSnapshot=true, pageLoadStrategy=normal, databaseEnabled=false, handlesAlerts=true, hasTouchScreen=false, version=57.0.2987.133, platform=XP, browserConnectionEnabled=false, nativeEvents=true, acceptSslCerts=true, locationContextEnabled=true, webStorageEnabled=true, browserName=chrome, takesScreenshot=true, javascriptEnabled=true, cssSelectorsEnabled=true, unexpectedAlertBehaviour=}]<br/>
Session ID: b3444bb6d41f1022a267b91855636a51<br/>
*** Element info: {Using=id, value=login-username-inputEl}</a><br />
        <div class="stackTrace" id="exception-1">
                      sun.reflect.GeneratedConstructorAccessor26.newInstance(Unknown Source)<br />
                      sun.reflect.DelegatingConstructorAccessorImpl.newInstance(DelegatingConstructorAccessorImpl.java:45)<br />
                      java.lang.reflect.Constructor.newInstance(Constructor.java:423)<br />
                      org.openqa.selenium.remote.ErrorHandler.createThrowable(ErrorHandler.java:206)<br />
                      org.openqa.selenium.remote.ErrorHandler.throwIfResponseFailed(ErrorHandler.java:158)<br />
                      org.openqa.selenium.remote.RemoteWebDriver.execute(RemoteWebDriver.java:678)<br />
                      org.openqa.selenium.remote.RemoteWebDriver.findElement(RemoteWebDriver.java:363)<br />
                      org.openqa.selenium.remote.RemoteWebDriver.findElementById(RemoteWebDriver.java:413)<br />
                      org.openqa.selenium.By$ById.findElement(By.java:218)<br />
                      org.openqa.selenium.remote.RemoteWebDriver.findElement(RemoteWebDriver.java:355)<br />
                      com.codeborne.selenide.impl.WebElementSelector.findElement(WebElementSelector.java:28)<br />
                      com.codeborne.selenide.impl.ElementFinder.getWebElement(ElementFinder.java:56)<br />
                      com.codeborne.selenide.impl.WebElementSource.checkCondition(WebElementSource.java:44)<br />
                      com.codeborne.selenide.impl.WebElementSource.findAndAssertElementIsVisible(WebElementSource.java:72)<br />
                      com.codeborne.selenide.commands.SetValue.execute(SetValue.java:20)<br />
                      com.codeborne.selenide.commands.SetValue.execute(SetValue.java:13)<br />
                      com.codeborne.selenide.commands.Commands.execute(Commands.java:140)<br />
                      com.codeborne.selenide.impl.SelenideElementProxy.dispatchAndRetry(SelenideElementProxy.java:86)<br />
                      com.codeborne.selenide.impl.SelenideElementProxy.invoke(SelenideElementProxy.java:62)<br />
                      com.sun.proxy.$Proxy5.setValue(Unknown Source)<br />
                      com.yeastar.swebtest.driver.SwebDriver.login(SwebDriver.java:112)<br />
                      com.yeastar.swebtest.driver.SwebDriver.login(SwebDriver.java:95)<br />
                      com.yeastar.swebtest.testcase.smokecase.syscase.DateTime.A_SetTimeZone(DateTime.java:58)<br />
                      sun.reflect.NativeMethodAccessorImpl.invoke0(Native Method)<br />
                      sun.reflect.NativeMethodAccessorImpl.invoke(NativeMethodAccessorImpl.java:62)<br />
                      sun.reflect.DelegatingMethodAccessorImpl.invoke(DelegatingMethodAccessorImpl.java:43)<br />
                      java.lang.reflect.Method.invoke(Method.java:498)<br />
                      org.testng.internal.MethodInvocationHelper.invokeMethod(MethodInvocationHelper.java:85)<br />
                      org.testng.internal.Invoker.invokeMethod(Invoker.java:639)<br />
                      org.testng.internal.Invoker.invokeTestMethod(Invoker.java:816)<br />
                      org.testng.internal.Invoker.invokeTestMethods(Invoker.java:1124)<br />
                      org.testng.internal.TestMethodWorker.invokeTestMethods(TestMethodWorker.java:125)<br />
                      org.testng.internal.TestMethodWorker.run(TestMethodWorker.java:108)<br />
                      org.testng.TestRunner.privateRun(TestRunner.java:774)<br />
                      org.testng.TestRunner.run(TestRunner.java:624)<br />
                      org.testng.SuiteRunner.runTest(SuiteRunner.java:359)<br />
                      org.testng.SuiteRunner.runSequentially(SuiteRunner.java:354)<br />
                      org.testng.SuiteRunner.privateRun(SuiteRunner.java:312)<br />
                      org.testng.SuiteRunner.run(SuiteRunner.java:261)<br />
                      org.testng.SuiteRunnerWorker.runSuite(SuiteRunnerWorker.java:52)<br />
                      org.testng.SuiteRunnerWorker.run(SuiteRunnerWorker.java:86)<br />
                      org.testng.TestNG.runSuitesSequentially(TestNG.java:1215)<br />
                      org.testng.TestNG.runSuitesLocally(TestNG.java:1140)<br />
                      org.testng.TestNG.run(TestNG.java:1048)<br />
                      org.apache.maven.surefire.testng.TestNGExecutor.run(TestNGExecutor.java:293)<br />
                      org.apache.maven.surefire.testng.TestNGXmlTestSuite.execute(TestNGXmlTestSuite.java:84)<br />
                      org.apache.maven.surefire.testng.TestNGProvider.invoke(TestNGProvider.java:91)<br />
                      org.apache.maven.surefire.booter.ForkedBooter.invokeProviderInSameClassLoader(ForkedBooter.java:200)<br />
                      org.apache.maven.surefire.booter.ForkedBooter.runSuitesInProcess(ForkedBooter.java:153)<br />
                      org.apache.maven.surefire.booter.ForkedBooter.main(ForkedBooter.java:103)<br />
                  </div>
          </div>
      </td>
</tr>
<tr>
  <td class="method">
                  B_CallTest
      </td>
  <td class="duration">
    40.926s
  </td>
  <td class="result">
        
    
            <div class="testOutput">
                        &nbsp; 【执行操作】分机A打给分机B，通话10s<br />
                                &nbsp;&nbsp;&nbsp; Pass: 1100分机注册<br />
                                &nbsp;&nbsp;&nbsp; Pass: 1101分机注册<br />
                                &nbsp;&nbsp;&nbsp; <a href="file:///F:\pic\CDR呼叫时间检测 【预期： 实际：2017-08-24 10】.jpg" target="_blank">Error: CDR呼叫时间检测 【预期： 实际：2017-08-24 10】</a><br />
                  </div>
    

        <a href="javascript:toggleElement('exception-2', 'block')" title="Click to expand/collapse"><b>java.lang.AssertionError: CDR呼叫时间检测 【预期： 实际：2017-08-24 10】</b></a><br />
    <div class="stackTrace" id="exception-2">
              com.yeastar.swebtest.tools.ysassert.YsAssert.fail(YsAssert.java:1086)<br />
              com.yeastar.swebtest.tools.ysassert.YsAssert.failNotEquals(YsAssert.java:579)<br />
              com.yeastar.swebtest.tools.ysassert.YsAssert.assertEqualsImpl(YsAssert.java:142)<br />
              com.yeastar.swebtest.tools.ysassert.YsAssert.assertEquals(YsAssert.java:116)<br />
              com.yeastar.swebtest.tools.ysassert.YsAssert.assertEquals(YsAssert.java:199)<br />
              com.yeastar.swebtest.driver.YSMethod.YS_Extension.checkCDR(YS_Extension.java:302)<br />
              com.yeastar.swebtest.testcase.smokecase.syscase.DateTime.B_CallTest(DateTime.java:82)<br />
              sun.reflect.NativeMethodAccessorImpl.invoke0(Native Method)<br />
              sun.reflect.NativeMethodAccessorImpl.invoke(NativeMethodAccessorImpl.java:62)<br />
              sun.reflect.DelegatingMethodAccessorImpl.invoke(DelegatingMethodAccessorImpl.java:43)<br />
              java.lang.reflect.Method.invoke(Method.java:498)<br />
              org.testng.internal.MethodInvocationHelper.invokeMethod(MethodInvocationHelper.java:85)<br />
              org.testng.internal.Invoker.invokeMethod(Invoker.java:639)<br />
              org.testng.internal.Invoker.invokeTestMethod(Invoker.java:816)<br />
              org.testng.internal.Invoker.invokeTestMethods(Invoker.java:1124)<br />
              org.testng.internal.TestMethodWorker.invokeTestMethods(TestMethodWorker.java:125)<br />
              org.testng.internal.TestMethodWorker.run(TestMethodWorker.java:108)<br />
              org.testng.TestRunner.privateRun(TestRunner.java:774)<br />
              org.testng.TestRunner.run(TestRunner.java:624)<br />
              org.testng.SuiteRunner.runTest(SuiteRunner.java:359)<br />
              org.testng.SuiteRunner.runSequentially(SuiteRunner.java:354)<br />
              org.testng.SuiteRunner.privateRun(SuiteRunner.java:312)<br />
              org.testng.SuiteRunner.run(SuiteRunner.java:261)<br />
              org.testng.SuiteRunnerWorker.runSuite(SuiteRunnerWorker.java:52)<br />
              org.testng.SuiteRunnerWorker.run(SuiteRunnerWorker.java:86)<br />
              org.testng.TestNG.runSuitesSequentially(TestNG.java:1215)<br />
              org.testng.TestNG.runSuitesLocally(TestNG.java:1140)<br />
              org.testng.TestNG.run(TestNG.java:1048)<br />
              org.apache.maven.surefire.testng.TestNGExecutor.run(TestNGExecutor.java:293)<br />
              org.apache.maven.surefire.testng.TestNGXmlTestSuite.execute(TestNGXmlTestSuite.java:84)<br />
              org.apache.maven.surefire.testng.TestNGProvider.invoke(TestNGProvider.java:91)<br />
              org.apache.maven.surefire.booter.ForkedBooter.invokeProviderInSameClassLoader(ForkedBooter.java:200)<br />
              org.apache.maven.surefire.booter.ForkedBooter.runSuitesInProcess(ForkedBooter.java:153)<br />
              org.apache.maven.surefire.booter.ForkedBooter.main(ForkedBooter.java:103)<br />
                </div>
      </td>
</tr>
          <tr>
        <td colspan="3" class="group">com.yeastar.swebtest.testcase.smokecase.syscase.Maintain</td>
      </tr>
            
<tr>
  <td class="method">
                  O_OperateLog
      </td>
  <td class="duration">
    30.048s
  </td>
  <td class="result">
        
    
            <div class="testOutput">
                        &nbsp; 【执行操作】添加一个分机，检测操作日志<br />
                                &nbsp;&nbsp;&nbsp; Pass: 操作日志User<br />
                  </div>
    

        <a href="javascript:toggleElement('exception-3', 'block')" title="Click to expand/collapse"><b>java.lang.NullPointerException</b></a><br />
    <div class="stackTrace" id="exception-3">
              javax.imageio.ImageIO.write(ImageIO.java:1538)<br />
              com.yeastar.swebtest.tools.ScreenShot.screenShotAsFile(ScreenShot.java:48)<br />
              com.yeastar.swebtest.tools.ScreenShot.takeScreenshotByAll(ScreenShot.java:38)<br />
              com.yeastar.swebtest.tools.ysassert.YsAssert.fail(YsAssert.java:1083)<br />
              com.yeastar.swebtest.tools.ysassert.YsAssert.failNotEquals(YsAssert.java:579)<br />
              com.yeastar.swebtest.tools.ysassert.YsAssert.assertEqualsImpl(YsAssert.java:142)<br />
              com.yeastar.swebtest.tools.ysassert.YsAssert.assertEquals(YsAssert.java:116)<br />
              com.yeastar.swebtest.tools.ysassert.YsAssert.assertEquals(YsAssert.java:199)<br />
              com.yeastar.swebtest.tools.ysassert.YsAssert.assertEquals(YsAssert.java:210)<br />
              com.yeastar.swebtest.testcase.smokecase.syscase.Maintain.O_OperateLog(Maintain.java:194)<br />
              sun.reflect.NativeMethodAccessorImpl.invoke0(Native Method)<br />
              sun.reflect.NativeMethodAccessorImpl.invoke(NativeMethodAccessorImpl.java:62)<br />
              sun.reflect.DelegatingMethodAccessorImpl.invoke(DelegatingMethodAccessorImpl.java:43)<br />
              java.lang.reflect.Method.invoke(Method.java:498)<br />
              org.testng.internal.MethodInvocationHelper.invokeMethod(MethodInvocationHelper.java:85)<br />
              org.testng.internal.Invoker.invokeMethod(Invoker.java:639)<br />
              org.testng.internal.Invoker.invokeTestMethod(Invoker.java:816)<br />
              org.testng.internal.Invoker.invokeTestMethods(Invoker.java:1124)<br />
              org.testng.internal.TestMethodWorker.invokeTestMethods(TestMethodWorker.java:125)<br />
              org.testng.internal.TestMethodWorker.run(TestMethodWorker.java:108)<br />
              org.testng.TestRunner.privateRun(TestRunner.java:774)<br />
              org.testng.TestRunner.run(TestRunner.java:624)<br />
              org.testng.SuiteRunner.runTest(SuiteRunner.java:359)<br />
              org.testng.SuiteRunner.runSequentially(SuiteRunner.java:354)<br />
              org.testng.SuiteRunner.privateRun(SuiteRunner.java:312)<br />
              org.testng.SuiteRunner.run(SuiteRunner.java:261)<br />
              org.testng.SuiteRunnerWorker.runSuite(SuiteRunnerWorker.java:52)<br />
              org.testng.SuiteRunnerWorker.run(SuiteRunnerWorker.java:86)<br />
              org.testng.TestNG.runSuitesSequentially(TestNG.java:1215)<br />
              org.testng.TestNG.runSuitesLocally(TestNG.java:1140)<br />
              org.testng.TestNG.run(TestNG.java:1048)<br />
              org.apache.maven.surefire.testng.TestNGExecutor.run(TestNGExecutor.java:293)<br />
              org.apache.maven.surefire.testng.TestNGXmlTestSuite.execute(TestNGXmlTestSuite.java:84)<br />
              org.apache.maven.surefire.testng.TestNGProvider.invoke(TestNGProvider.java:91)<br />
              org.apache.maven.surefire.booter.ForkedBooter.invokeProviderInSameClassLoader(ForkedBooter.java:200)<br />
              org.apache.maven.surefire.booter.ForkedBooter.runSuitesInProcess(ForkedBooter.java:153)<br />
              org.apache.maven.surefire.booter.ForkedBooter.main(ForkedBooter.java:103)<br />
                </div>
      </td>
</tr>
      </table>


  <table class="resultsTable">
    <tr><th colspan="3" class="header passed">Passed Tests</th></tr>
          <tr>
        <td colspan="3" class="group">com.yeastar.swebtest.testcase.smokecase.syscase.EventCenter</td>
      </tr>
            
<tr>
  <td class="method">
                  A_AddContact
      </td>
  <td class="duration">
    18.531s
  </td>
  <td class="result">
        
    
            <div class="testOutput">
                        &nbsp; 【执行操作】Add Contact<br />
                                &nbsp;&nbsp;&nbsp; Pass: 事件通知分机号<br />
                                &nbsp;&nbsp;&nbsp; Pass: 事件通知方式<br />
                  </div>
    

      </td>
</tr>
<tr>
  <td class="method">
                  B_EventSettings
      </td>
  <td class="duration">
    6.305s
  </td>
  <td class="result">
        
    
            <div class="testOutput">
                        &nbsp; 【执行操作】执行的操作<br />
                  </div>
    

      </td>
</tr>
<tr>
  <td class="method">
                  C_Answer
      </td>
  <td class="duration">
    24.657s
  </td>
  <td class="result">
        
    
            <div class="testOutput">
                        &nbsp; 【执行操作】分机1100响铃接听<br />
                                &nbsp;&nbsp;&nbsp; Pass: 分机1100接听<br />
                  </div>
    

      </td>
</tr>
<tr>
  <td class="method">
                  D_CheckEventLog
      </td>
  <td class="duration">
    11.799s
  </td>
  <td class="result">
        
    
            <div class="testOutput">
                        &nbsp; 【执行操作】查看Event log<br />
                  </div>
    

      </td>
</tr>
<tr>
  <td class="method">
                  E_DeleteNotification
      </td>
  <td class="duration">
    8.240s
  </td>
  <td class="result">
        
    
            <div class="testOutput">
                        &nbsp; 【执行操作】删除Notification列表<br />
                  </div>
    

      </td>
</tr>
<tr>
  <td class="method">
                  F_CheckLog
      </td>
  <td class="duration">
    22.916s
  </td>
  <td class="result">
        
    
            <div class="testOutput">
                        &nbsp; 【执行操作】删除Notification分机1100不响铃<br />
                                &nbsp;&nbsp;&nbsp; Pass: 分机1100未接听<br />
                  </div>
    

      </td>
</tr>
<tr>
  <td class="method">
                  G_CheckLog
      </td>
  <td class="duration">
    11.850s
  </td>
  <td class="result">
        
    
            <div class="testOutput">
                        &nbsp; 【执行操作】删除Notification后查看Event log<br />
                  </div>
    

      </td>
</tr>
          <tr>
        <td colspan="3" class="group">com.yeastar.swebtest.testcase.smokecase.syscase.Maintain</td>
      </tr>
            
<tr>
  <td class="method">
                  A_BackupRestore
      </td>
  <td class="duration">
    13.676s
  </td>
  <td class="result">
        
    
            <div class="testOutput">
                        &nbsp; 【执行操作】添加备份文件<br />
                  </div>
    

      </td>
</tr>
<tr>
  <td class="method">
                  B_DownloadBackUptar
      </td>
  <td class="duration">
    6.227s
  </td>
  <td class="result">
        
    
            <div class="testOutput">
                        &nbsp; 【执行操作】下载备份包<br />
                  </div>
    

      </td>
</tr>
<tr>
  <td class="method">
                  E_DeleteBackUp
      </td>
  <td class="duration">
    17.319s
  </td>
  <td class="result">
        
    
            <div class="testOutput">
                        &nbsp; 【执行操作】删除备份文件<br />
                  </div>
    

      </td>
</tr>
<tr>
  <td class="method">
                  F_UploadBackUp
      </td>
  <td class="duration">
    0.000s
  </td>
  <td class="result">
        
    
            <div class="testOutput">
                        &nbsp; 【执行操作】点击“Upload”，选择刚下载的备份包，点击“Upload”<br />
                  </div>
    

      </td>
</tr>
<tr>
  <td class="method">
                  H_BackupSchedule
      </td>
  <td class="duration">
    7.629s
  </td>
  <td class="result">
        
    
            <div class="testOutput">
                        &nbsp; 【执行操作】设置BackupSchedule<br />
                  </div>
    

      </td>
</tr>
<tr>
  <td class="method">
                  L_DeleteSystemLog
      </td>
  <td class="duration">
    10.637s
  </td>
  <td class="result">
        
    
            <div class="testOutput">
                        &nbsp; 【执行操作】选择当前日期的系前一天的系统日志,删除<br />
                  </div>
    

      </td>
</tr>
<tr>
  <td class="method">
                  M_DownloadSystemLog
      </td>
  <td class="duration">
    6.173s
  </td>
  <td class="result">
        
    
            <div class="testOutput">
                        &nbsp; 【执行操作】下载全部日志<br />
                  </div>
    

      </td>
</tr>
<tr>
  <td class="method">
                  N_DeleteAllSystemLog
      </td>
  <td class="duration">
    15.087s
  </td>
  <td class="result">
        
    
            <div class="testOutput">
                        &nbsp; 【执行操作】删除全部系统日志<br />
                  </div>
    

      </td>
</tr>
          <tr>
        <td colspan="3" class="group">com.yeastar.swebtest.testcase.smokecase.syscase.Network</td>
      </tr>
            
<tr>
  <td class="method">
                  A_DualSetting
      </td>
  <td class="duration">
    115.154s
  </td>
  <td class="result">
        
    
            <div class="testOutput">
                        &nbsp; 【执行操作】修改网络设置<br />
                                &nbsp;&nbsp;&nbsp; Pass: 重启<br />
                  </div>
    

      </td>
</tr>
<tr>
  <td class="method">
                  B_DualSetting
      </td>
  <td class="duration">
    23.735s
  </td>
  <td class="result">
        
    
            <div class="testOutput">
                        &nbsp; 【执行操作】从wan口IP登录<br />
                  </div>
    

      </td>
</tr>
          <tr>
        <td colspan="3" class="group">com.yeastar.swebtest.testcase.smokecase.syscase.Security</td>
      </tr>
            
<tr>
  <td class="method">
                  B_SetService
      </td>
  <td class="duration">
    16.549s
  </td>
  <td class="result">
        
    
            <div class="testOutput">
                        &nbsp; 【执行操作】网页访问协议设置HTTP，开启ssh端口22<br />
                  </div>
    

      </td>
</tr>
<tr>
  <td class="method">
                  C_ConnectToSSH
      </td>
  <td class="duration">
    0.574s
  </td>
  <td class="result">
        
    
            <div class="testOutput">
                        &nbsp; 【执行操作】连接SSH<br />
                                &nbsp;&nbsp;&nbsp; Pass: 连接SSH<br />
                  </div>
    

      </td>
</tr>
          <tr>
        <td colspan="3" class="group">com.yeastar.swebtest.testcase.smokecase.syscase.UserPermission</td>
      </tr>
            
<tr>
  <td class="method">
                  A_AddUserPermissionAdmin
      </td>
  <td class="duration">
    21.531s
  </td>
  <td class="result">
        
    
            <div class="testOutput">
                        &nbsp; 【执行操作】添加UserPermession,admin权限<br />
                                &nbsp;&nbsp;&nbsp; Pass: 新添加的User<br />
                                &nbsp;&nbsp;&nbsp; Pass: 新添加的Role<br />
                  </div>
    

      </td>
</tr>
<tr>
  <td class="method">
                  B_CheckUserPermisson
      </td>
  <td class="duration">
    3.660s
  </td>
  <td class="result">
        
    
            <div class="testOutput">
                        &nbsp; 【执行操作】登录分机A 1100的页面，检查主菜单内所有勾选功能<br />
                  </div>
    

      </td>
</tr>
<tr>
  <td class="method">
                  C_AddUserPermissionCustom
      </td>
  <td class="duration">
    37.178s
  </td>
  <td class="result">
        
    
            <div class="testOutput">
                        &nbsp; 【执行操作】User设置为分机B 1101，Set Privilege As为Custom，网页设置项默认未勾选，勾选PBX、Auto Provisioning<br />
                  </div>
    

      </td>
</tr>
<tr>
  <td class="method">
                  D_CheckUserPerssion
      </td>
  <td class="duration">
    5.712s
  </td>
  <td class="result">
        
    
            <div class="testOutput">
                        &nbsp; 【执行操作】登录分机A 1101的页面，检查主菜单内所有勾选功能<br />
                                &nbsp;&nbsp;&nbsp; Pass: Setting界面只有PBX<br />
                                &nbsp;&nbsp;&nbsp; Pass: Setting界面只有PBX<br />
                  </div>
    

      </td>
</tr>
<tr>
  <td class="method">
                  E_Delete
      </td>
  <td class="duration">
    11.104s
  </td>
  <td class="result">
        
    
            <div class="testOutput">
                        &nbsp; 【执行操作】选择User为分机A的数据，点击“Delete”图标，点击yes<br />
                  </div>
    

      </td>
</tr>
<tr>
  <td class="method">
                  F_CheckUserPerssion
      </td>
  <td class="duration">
    3.241s
  </td>
  <td class="result">
        
    
            <div class="testOutput">
                        &nbsp; 【执行操作】登录分机A 1101的页面，检查主菜单内只有ME功能<br />
                  </div>
    

      </td>
</tr>
<tr>
  <td class="method">
                  G_DeleteAll
      </td>
  <td class="duration">
    11.174s
  </td>
  <td class="result">
        
    
            <div class="testOutput">
                        &nbsp; 【执行操作】勾选全部UserPermission,删除<br />
                                &nbsp;&nbsp;&nbsp; Pass: 全部UserPermission,删除<br />
                  </div>
    

      </td>
</tr>
      </table>
  
</body>
</html>
