<?xml version="1.0" encoding="UTF-8"?>
<testsuite name="pbxcore"
           tests="26"
           failures="3"
           errors="0"
           skipped="0"
           time="18457.429">
  <properties />
            <testcase name="X_AddSpeedDial" time="59.925" classname="com.yeastar.swebtest.testcase.smokecase.pbxcase.PagingFunction.CallFunction">
                <failure type="org.openqa.selenium.WebDriverException"
                  message="unknown error: Cannot read property 'id' of undefined
  (Session info: chrome=57.0.2987.133)
  (Driver info: chromedriver=2.29.461591 (62ebf098771772160f391d75e589dc567915b233),platform=Windows NT 6.1.7601 SP1 x86_64) (WARNING: The server did not provide any stacktrace information)
Command duration or timeout: 16 milliseconds
Build info: version: '2.53.1', revision: 'a36b8b1cd5757287168e54b817830adce9b0158d', time: '2016-06-30 19:26:09'
System info: host: 'Yeastar-PC', ip: '192.168.7.14', os.name: 'Windows 7', os.arch: 'x86', os.version: '6.1', java.version: '1.8.0_121'
Driver info: org.openqa.selenium.chrome.ChromeDriver
Capabilities [{applicationCacheEnabled=false, rotatable=false, mobileEmulationEnabled=false, networkConnectionEnabled=false, chrome={chromedriverVersion=2.29.461591 (62ebf098771772160f391d75e589dc567915b233), userDataDir=C:\Users\Yeastar\AppData\Local\Temp\scoped_dir15156_27232}, takesHeapSnapshot=true, pageLoadStrategy=normal, databaseEnabled=false, handlesAlerts=true, hasTouchScreen=false, version=57.0.2987.133, platform=XP, browserConnectionEnabled=false, nativeEvents=true, acceptSslCerts=true, locationContextEnabled=true, webStorageEnabled=true, browserName=chrome, takesScreenshot=true, javascriptEnabled=true, cssSelectorsEnabled=true, unexpectedAlertBehaviour=}]
Session ID: 4a48a9aea8dbbd898a4b15b0ccdd044e"
              >
<![CDATA[org.openqa.selenium.WebDriverException: unknown error: Cannot read property 'id' of undefined
  (Session info: chrome=57.0.2987.133)
  (Driver info: chromedriver=2.29.461591 (62ebf098771772160f391d75e589dc567915b233),platform=Windows NT 6.1.7601 SP1 x86_64) (WARNING: The server did not provide any stacktrace information)
Command duration or timeout: 16 milliseconds
Build info: version: '2.53.1', revision: 'a36b8b1cd5757287168e54b817830adce9b0158d', time: '2016-06-30 19:26:09'
System info: host: 'Yeastar-PC', ip: '192.168.7.14', os.name: 'Windows 7', os.arch: 'x86', os.version: '6.1', java.version: '1.8.0_121'
Driver info: org.openqa.selenium.chrome.ChromeDriver
Capabilities [{applicationCacheEnabled=false, rotatable=false, mobileEmulationEnabled=false, networkConnectionEnabled=false, chrome={chromedriverVersion=2.29.461591 (62ebf098771772160f391d75e589dc567915b233), userDataDir=C:\Users\Yeastar\AppData\Local\Temp\scoped_dir15156_27232}, takesHeapSnapshot=true, pageLoadStrategy=normal, databaseEnabled=false, handlesAlerts=true, hasTouchScreen=false, version=57.0.2987.133, platform=XP, browserConnectionEnabled=false, nativeEvents=true, acceptSslCerts=true, locationContextEnabled=true, webStorageEnabled=true, browserName=chrome, takesScreenshot=true, javascriptEnabled=true, cssSelectorsEnabled=true, unexpectedAlertBehaviour=}]
Session ID: 4a48a9aea8dbbd898a4b15b0ccdd044e
  sun.reflect.NativeConstructorAccessorImpl.newInstance0(Native Method)
  sun.reflect.NativeConstructorAccessorImpl.newInstance(NativeConstructorAccessorImpl.java:62)
  sun.reflect.DelegatingConstructorAccessorImpl.newInstance(DelegatingConstructorAccessorImpl.java:45)
  java.lang.reflect.Constructor.newInstance(Constructor.java:423)
  org.openqa.selenium.remote.ErrorHandler.createThrowable(ErrorHandler.java:206)
  org.openqa.selenium.remote.ErrorHandler.throwIfResponseFailed(ErrorHandler.java:158)
  org.openqa.selenium.remote.RemoteWebDriver.execute(RemoteWebDriver.java:678)
  org.openqa.selenium.remote.RemoteWebDriver.executeScript(RemoteWebDriver.java:577)
  com.yeastar.swebtest.driver.SwebDriver.executeJs(SwebDriver.java:358)
  com.yeastar.swebtest.driver.SwebDriver.gridContent(SwebDriver.java:190)
  com.yeastar.swebtest.driver.YSMethod.YS_Extension.checkCDR(YS_Extension.java:303)
  com.yeastar.swebtest.testcase.smokecase.pbxcase.PagingFunction.CallFunction.X_AddSpeedDial(CallFunction.java:376)
  sun.reflect.NativeMethodAccessorImpl.invoke0(Native Method)
  sun.reflect.NativeMethodAccessorImpl.invoke(NativeMethodAccessorImpl.java:62)
  sun.reflect.DelegatingMethodAccessorImpl.invoke(DelegatingMethodAccessorImpl.java:43)
  java.lang.reflect.Method.invoke(Method.java:498)
  org.testng.internal.MethodInvocationHelper.invokeMethod(MethodInvocationHelper.java:85)
  org.testng.internal.Invoker.invokeMethod(Invoker.java:639)
  org.testng.internal.Invoker.invokeTestMethod(Invoker.java:816)
  org.testng.internal.Invoker.invokeTestMethods(Invoker.java:1124)
  org.testng.internal.TestMethodWorker.invokeTestMethods(TestMethodWorker.java:125)
  org.testng.internal.TestMethodWorker.run(TestMethodWorker.java:108)
  org.testng.TestRunner.privateRun(TestRunner.java:774)
  org.testng.TestRunner.run(TestRunner.java:624)
  org.testng.SuiteRunner.runTest(SuiteRunner.java:359)
  org.testng.SuiteRunner.runSequentially(SuiteRunner.java:354)
  org.testng.SuiteRunner.privateRun(SuiteRunner.java:312)
  org.testng.SuiteRunner.run(SuiteRunner.java:261)
  org.testng.SuiteRunnerWorker.runSuite(SuiteRunnerWorker.java:52)
  org.testng.SuiteRunnerWorker.run(SuiteRunnerWorker.java:86)
  org.testng.TestNG.runSuitesSequentially(TestNG.java:1215)
  org.testng.TestNG.runSuitesLocally(TestNG.java:1140)
  org.testng.TestNG.run(TestNG.java:1048)
  org.apache.maven.surefire.testng.TestNGExecutor.run(TestNGExecutor.java:293)
  org.apache.maven.surefire.testng.TestNGXmlTestSuite.execute(TestNGXmlTestSuite.java:84)
  org.apache.maven.surefire.testng.TestNGProvider.invoke(TestNGProvider.java:91)
  org.apache.maven.surefire.booter.ForkedBooter.invokeProviderInSameClassLoader(ForkedBooter.java:200)
  org.apache.maven.surefire.booter.ForkedBooter.runSuitesInProcess(ForkedBooter.java:153)
  org.apache.maven.surefire.booter.ForkedBooter.main(ForkedBooter.java:103)
]]>
      </failure>

          </testcase>
            <testcase name="F_AddWhitelist" time="52.939" classname="com.yeastar.swebtest.testcase.smokecase.pbxcase.PagingFunction.CallFunction">
                <failure type="java.lang.AssertionError"
                  message="CDR被叫方检测错误 【预期：1100 实际：6400】"
              >
<![CDATA[java.lang.AssertionError: CDR被叫方检测错误 【预期：1100 实际：6400】
  com.yeastar.swebtest.tools.ysassert.YsAssert.fail(YsAssert.java:1086)
  com.yeastar.swebtest.tools.ysassert.YsAssert.failNotEquals(YsAssert.java:579)
  com.yeastar.swebtest.tools.ysassert.YsAssert.assertEqualsImpl(YsAssert.java:142)
  com.yeastar.swebtest.tools.ysassert.YsAssert.assertEquals(YsAssert.java:116)
  com.yeastar.swebtest.tools.ysassert.YsAssert.assertEquals(YsAssert.java:199)
  com.yeastar.swebtest.driver.YSMethod.YS_Extension.checkCDR(YS_Extension.java:276)
  com.yeastar.swebtest.testcase.smokecase.pbxcase.PagingFunction.CallFunction.F_AddWhitelist(CallFunction.java:143)
  sun.reflect.NativeMethodAccessorImpl.invoke0(Native Method)
  sun.reflect.NativeMethodAccessorImpl.invoke(NativeMethodAccessorImpl.java:62)
  sun.reflect.DelegatingMethodAccessorImpl.invoke(DelegatingMethodAccessorImpl.java:43)
  java.lang.reflect.Method.invoke(Method.java:498)
  org.testng.internal.MethodInvocationHelper.invokeMethod(MethodInvocationHelper.java:85)
  org.testng.internal.Invoker.invokeMethod(Invoker.java:639)
  org.testng.internal.Invoker.invokeTestMethod(Invoker.java:816)
  org.testng.internal.Invoker.invokeTestMethods(Invoker.java:1124)
  org.testng.internal.TestMethodWorker.invokeTestMethods(TestMethodWorker.java:125)
  org.testng.internal.TestMethodWorker.run(TestMethodWorker.java:108)
  org.testng.TestRunner.privateRun(TestRunner.java:774)
  org.testng.TestRunner.run(TestRunner.java:624)
  org.testng.SuiteRunner.runTest(SuiteRunner.java:359)
  org.testng.SuiteRunner.runSequentially(SuiteRunner.java:354)
  org.testng.SuiteRunner.privateRun(SuiteRunner.java:312)
  org.testng.SuiteRunner.run(SuiteRunner.java:261)
  org.testng.SuiteRunnerWorker.runSuite(SuiteRunnerWorker.java:52)
  org.testng.SuiteRunnerWorker.run(SuiteRunnerWorker.java:86)
  org.testng.TestNG.runSuitesSequentially(TestNG.java:1215)
  org.testng.TestNG.runSuitesLocally(TestNG.java:1140)
  org.testng.TestNG.run(TestNG.java:1048)
  org.apache.maven.surefire.testng.TestNGExecutor.run(TestNGExecutor.java:293)
  org.apache.maven.surefire.testng.TestNGXmlTestSuite.execute(TestNGXmlTestSuite.java:84)
  org.apache.maven.surefire.testng.TestNGProvider.invoke(TestNGProvider.java:91)
  org.apache.maven.surefire.booter.ForkedBooter.invokeProviderInSameClassLoader(ForkedBooter.java:200)
  org.apache.maven.surefire.booter.ForkedBooter.runSuitesInProcess(ForkedBooter.java:153)
  org.apache.maven.surefire.booter.ForkedBooter.main(ForkedBooter.java:103)
]]>
      </failure>

          </testcase>
            <testcase name="A_PagingIntercom" time="35.231" classname="com.yeastar.swebtest.testcase.smokecase.pbxcase.PagingFunction.CallFunction">
                <failure type="java.lang.AssertionError"
                  message="CDR被叫方检测 【预期：1100 [6300(1100)] 实际：1102 [6300(1102)]】"
              >
<![CDATA[java.lang.AssertionError: CDR被叫方检测 【预期：1100 [6300(1100)] 实际：1102 [6300(1102)]】
  com.yeastar.swebtest.tools.ysassert.YsAssert.fail(YsAssert.java:1086)
  com.yeastar.swebtest.tools.ysassert.YsAssert.failNotEquals(YsAssert.java:579)
  com.yeastar.swebtest.tools.ysassert.YsAssert.assertEqualsImpl(YsAssert.java:142)
  com.yeastar.swebtest.tools.ysassert.YsAssert.assertEquals(YsAssert.java:116)
  com.yeastar.swebtest.tools.ysassert.YsAssert.assertEquals(YsAssert.java:199)
  com.yeastar.swebtest.driver.YSMethod.YS_Extension.checkCDR(YS_Extension.java:336)
  com.yeastar.swebtest.testcase.smokecase.pbxcase.PagingFunction.CallFunction.A_PagingIntercom(CallFunction.java:57)
  sun.reflect.NativeMethodAccessorImpl.invoke0(Native Method)
  sun.reflect.NativeMethodAccessorImpl.invoke(NativeMethodAccessorImpl.java:62)
  sun.reflect.DelegatingMethodAccessorImpl.invoke(DelegatingMethodAccessorImpl.java:43)
  java.lang.reflect.Method.invoke(Method.java:498)
  org.testng.internal.MethodInvocationHelper.invokeMethod(MethodInvocationHelper.java:85)
  org.testng.internal.Invoker.invokeMethod(Invoker.java:639)
  org.testng.internal.Invoker.invokeTestMethod(Invoker.java:816)
  org.testng.internal.Invoker.invokeTestMethods(Invoker.java:1124)
  org.testng.internal.TestMethodWorker.invokeTestMethods(TestMethodWorker.java:125)
  org.testng.internal.TestMethodWorker.run(TestMethodWorker.java:108)
  org.testng.TestRunner.privateRun(TestRunner.java:774)
  org.testng.TestRunner.run(TestRunner.java:624)
  org.testng.SuiteRunner.runTest(SuiteRunner.java:359)
  org.testng.SuiteRunner.runSequentially(SuiteRunner.java:354)
  org.testng.SuiteRunner.privateRun(SuiteRunner.java:312)
  org.testng.SuiteRunner.run(SuiteRunner.java:261)
  org.testng.SuiteRunnerWorker.runSuite(SuiteRunnerWorker.java:52)
  org.testng.SuiteRunnerWorker.run(SuiteRunnerWorker.java:86)
  org.testng.TestNG.runSuitesSequentially(TestNG.java:1215)
  org.testng.TestNG.runSuitesLocally(TestNG.java:1140)
  org.testng.TestNG.run(TestNG.java:1048)
  org.apache.maven.surefire.testng.TestNGExecutor.run(TestNGExecutor.java:293)
  org.apache.maven.surefire.testng.TestNGXmlTestSuite.execute(TestNGXmlTestSuite.java:84)
  org.apache.maven.surefire.testng.TestNGProvider.invoke(TestNGProvider.java:91)
  org.apache.maven.surefire.booter.ForkedBooter.invokeProviderInSameClassLoader(ForkedBooter.java:200)
  org.apache.maven.surefire.booter.ForkedBooter.runSuitesInProcess(ForkedBooter.java:153)
  org.apache.maven.surefire.booter.ForkedBooter.main(ForkedBooter.java:103)
]]>
      </failure>

          </testcase>
  
  
            <testcase name="Q_ExtensionExport" time="0.466" classname="com.yeastar.swebtest.testcase.smokecase.pbxcase.PagingFunction.CallFunction" />
                <testcase name="J_DelAllBlacklist" time="10.249" classname="com.yeastar.swebtest.testcase.smokecase.pbxcase.PagingFunction.CallFunction" />
                <testcase name="E_ImportBlacklist" time="0.001" classname="com.yeastar.swebtest.testcase.smokecase.pbxcase.PagingFunction.CallFunction" />
                <testcase name="L_ExtensionPage" time="39.672" classname="com.yeastar.swebtest.testcase.smokecase.pbxcase.PagingFunction.CallFunction" />
                <testcase name="M_ExtensionExport" time="0.389" classname="com.yeastar.swebtest.testcase.smokecase.pbxcase.PagingFunction.CallFunction" />
                <testcase name="G_ExportWhitelist" time="1.156" classname="com.yeastar.swebtest.testcase.smokecase.pbxcase.PagingFunction.CallFunction" />
                <testcase name="I_ImportWhitelist" time="0.000" classname="com.yeastar.swebtest.testcase.smokecase.pbxcase.PagingFunction.CallFunction" />
                <testcase name="a_ImportSpeedDial" time="0.265" classname="com.yeastar.swebtest.testcase.smokecase.pbxcase.PagingFunction.CallFunction" />
                <testcase name="V_OnlyWhitelistCheck" time="7.477" classname="com.yeastar.swebtest.testcase.smokecase.pbxcase.PagingFunction.CallFunction" />
                <testcase name="Z_DeleteSpeedDial" time="37.800" classname="com.yeastar.swebtest.testcase.smokecase.pbxcase.PagingFunction.CallFunction" />
                <testcase name="T_BlacklistDeleteAll" time="16.208" classname="com.yeastar.swebtest.testcase.smokecase.pbxcase.PagingFunction.CallFunction" />
                <testcase name="C_ExportBlacklist" time="1.121" classname="com.yeastar.swebtest.testcase.smokecase.pbxcase.PagingFunction.CallFunction" />
                <testcase name="S_WhiteImport" time="0.312" classname="com.yeastar.swebtest.testcase.smokecase.pbxcase.PagingFunction.CallFunction" />
                <testcase name="Y_ExportSpeedDial" time="0.826" classname="com.yeastar.swebtest.testcase.smokecase.pbxcase.PagingFunction.CallFunction" />
                <testcase name="O_ExtensionImport" time="13.272" classname="com.yeastar.swebtest.testcase.smokecase.pbxcase.PagingFunction.CallFunction" />
                <testcase name="K_DelAllWhitelist" time="17.579" classname="com.yeastar.swebtest.testcase.smokecase.pbxcase.PagingFunction.CallFunction" />
                <testcase name="b_DeleteAllSpeedDial" time="25.979" classname="com.yeastar.swebtest.testcase.smokecase.pbxcase.PagingFunction.CallFunction" />
                <testcase name="W_OnlyWhitelistUnCheck" time="6012.766" classname="com.yeastar.swebtest.testcase.smokecase.pbxcase.PagingFunction.CallFunction" />
                <testcase name="B_AddBlacklist" time="45.225" classname="com.yeastar.swebtest.testcase.smokecase.pbxcase.PagingFunction.CallFunction" />
                <testcase name="N_DeleteTest1Sps" time="6016.191" classname="com.yeastar.swebtest.testcase.smokecase.pbxcase.PagingFunction.CallFunction" />
                <testcase name="U_WhitelistDeleteAll" time="17.552" classname="com.yeastar.swebtest.testcase.smokecase.pbxcase.PagingFunction.CallFunction" />
                <testcase name="P_ExtensionWhitelist" time="6037.468" classname="com.yeastar.swebtest.testcase.smokecase.pbxcase.PagingFunction.CallFunction" />
                <testcase name="R_WhiteTest1Delete" time="7.360" classname="com.yeastar.swebtest.testcase.smokecase.pbxcase.PagingFunction.CallFunction" />
      
</testsuite>
