<?xml version="1.0" encoding="UTF-8"?>
<testsuite name="pbxcore"
           tests="26"
           failures="4"
           errors="0"
           skipped="0"
           time="165.221">
  <properties />
            <testcase name="U_WhitelistDeleteAll" time="11.597" classname="com.yeastar.swebtest.testcase.smokecase.pbxcase.PagingFunction.PagingFunction">
                <failure type="com.codeborne.selenide.ex.ElementShould"
                  message="Element should be visible {By.xpath: .//span[starts-with(@class,"x-btn-inner x-btn-inner-default-small") and text()="Yes"]}
Element: '<span class="x-btn-inner x-btn-inner-default-small" data-ref="btnInnerEl" id="button-1006-btnInnerEl" unselectable="on" displayed:false></span>'"
              >
<![CDATA[Element should be visible {By.xpath: .//span[starts-with(@class,"x-btn-inner x-btn-inner-default-small") and text()="Yes"]}
Element: '<span class="x-btn-inner x-btn-inner-default-small" data-ref="btnInnerEl" id="button-1006-btnInnerEl" unselectable="on" displayed:false></span>'
Screenshot: file:/F:/MyProject/0GitProject/swebtest/SwebTest/build/reports/tests/1501824032725.5.png
Timeout: 10 s.
  com.codeborne.selenide.impl.WebElementSource.checkCondition(WebElementSource.java:66)
  com.codeborne.selenide.impl.WebElementSource.findAndAssertElementIsVisible(WebElementSource.java:72)
  com.codeborne.selenide.commands.Click.execute(Click.java:14)
  com.codeborne.selenide.commands.Click.execute(Click.java:11)
  com.codeborne.selenide.commands.Commands.execute(Commands.java:140)
  com.codeborne.selenide.impl.SelenideElementProxy.dispatchAndRetry(SelenideElementProxy.java:86)
  com.codeborne.selenide.impl.SelenideElementProxy.invoke(SelenideElementProxy.java:62)
  com.sun.proxy.$Proxy4.click(Unknown Source)
  com.yeastar.swebtest.testcase.smokecase.pbxcase.PagingFunction.PagingFunction.U_WhitelistDeleteAll(PagingFunction.java:200)
  sun.reflect.NativeMethodAccessorImpl.invoke0(Native Method)
  sun.reflect.NativeMethodAccessorImpl.invoke(NativeMethodAccessorImpl.java:62)
  sun.reflect.DelegatingMethodAccessorImpl.invoke(DelegatingMethodAccessorImpl.java:43)
  java.lang.reflect.Method.invoke(Method.java:498)
  org.testng.internal.MethodInvocationHelper.invokeMethod(MethodInvocationHelper.java:85)
  org.testng.internal.Invoker.invokeMethod(Invoker.java:639)
  org.testng.internal.Invoker.invokeTestMethod(Invoker.java:816)
  org.testng.internal.Invoker.invokeTestMethods(Invoker.java:1124)
  org.testng.internal.TestMethodWorker.invokeTestMethods(TestMethodWorker.java:125)
  org.testng.internal.TestMethodWorker.run(TestMethodWorker.java:108)
  org.testng.TestRunner.privateRun(TestRunner.java:774)
  org.testng.TestRunner.run(TestRunner.java:624)
  org.testng.SuiteRunner.runTest(SuiteRunner.java:359)
  org.testng.SuiteRunner.runSequentially(SuiteRunner.java:354)
  org.testng.SuiteRunner.privateRun(SuiteRunner.java:312)
  org.testng.SuiteRunner.run(SuiteRunner.java:261)
  org.testng.SuiteRunnerWorker.runSuite(SuiteRunnerWorker.java:52)
  org.testng.SuiteRunnerWorker.run(SuiteRunnerWorker.java:86)
  org.testng.TestNG.runSuitesSequentially(TestNG.java:1215)
  org.testng.TestNG.runSuitesLocally(TestNG.java:1140)
  org.testng.TestNG.run(TestNG.java:1048)
  org.apache.maven.surefire.testng.TestNGExecutor.run(TestNGExecutor.java:293)
  org.apache.maven.surefire.testng.TestNGXmlTestSuite.execute(TestNGXmlTestSuite.java:84)
  org.apache.maven.surefire.testng.TestNGProvider.invoke(TestNGProvider.java:91)
  org.apache.maven.surefire.booter.ForkedBooter.invokeProviderInSameClassLoader(ForkedBooter.java:200)
  org.apache.maven.surefire.booter.ForkedBooter.runSuitesInProcess(ForkedBooter.java:153)
  org.apache.maven.surefire.booter.ForkedBooter.main(ForkedBooter.java:103)
]]>
      </failure>

          </testcase>
            <testcase name="b_DeleteAllSpeedDial" time="10.448" classname="com.yeastar.swebtest.testcase.smokecase.pbxcase.PagingFunction.PagingFunction">
                <failure type="com.codeborne.selenide.ex.ElementNotFound"
                  message="Element not found {By.id: st-speeddial-srcnumber-inputEl}
Expected: visible"
              >
<![CDATA[Element not found {By.id: st-speeddial-srcnumber-inputEl}
Expected: visible
Screenshot: file:/F:/MyProject/0GitProject/swebtest/SwebTest/build/reports/tests/1501824071911.6.png
Timeout: 10 s.
Caused by: NoSuchElementException: no such element: Unable to locate element: {"method":"id","selector":"st-speeddial-srcnumber-inputEl"}
  com.codeborne.selenide.impl.WebElementSource.createElementNotFoundError(WebElementSource.java:31)
  com.codeborne.selenide.impl.ElementFinder.createElementNotFoundError(ElementFinder.java:82)
  com.codeborne.selenide.impl.WebElementSource.checkCondition(WebElementSource.java:59)
  com.codeborne.selenide.impl.WebElementSource.findAndAssertElementIsVisible(WebElementSource.java:72)
  com.codeborne.selenide.commands.SetValue.execute(SetValue.java:20)
  com.codeborne.selenide.commands.SetValue.execute(SetValue.java:13)
  com.codeborne.selenide.commands.Commands.execute(Commands.java:140)
  com.codeborne.selenide.impl.SelenideElementProxy.dispatchAndRetry(SelenideElementProxy.java:86)
  com.codeborne.selenide.impl.SelenideElementProxy.invoke(SelenideElementProxy.java:62)
  com.sun.proxy.$Proxy4.setValue(Unknown Source)
  com.yeastar.swebtest.driver.YSMethod.YS_CallFeature.addSpeedDial(YS_CallFeature.java:327)
  com.yeastar.swebtest.testcase.smokecase.pbxcase.PagingFunction.PagingFunction.b_DeleteAllSpeedDial(PagingFunction.java:250)
  sun.reflect.NativeMethodAccessorImpl.invoke0(Native Method)
  sun.reflect.NativeMethodAccessorImpl.invoke(NativeMethodAccessorImpl.java:62)
  sun.reflect.DelegatingMethodAccessorImpl.invoke(DelegatingMethodAccessorImpl.java:43)
  java.lang.reflect.Method.invoke(Method.java:498)
  org.testng.internal.MethodInvocationHelper.invokeMethod(MethodInvocationHelper.java:85)
  org.testng.internal.Invoker.invokeMethod(Invoker.java:639)
  org.testng.internal.Invoker.invokeTestMethod(Invoker.java:816)
  org.testng.internal.Invoker.invokeTestMethods(Invoker.java:1124)
  org.testng.internal.TestMethodWorker.invokeTestMethods(TestMethodWorker.java:125)
  org.testng.internal.TestMethodWorker.run(TestMethodWorker.java:108)
  org.testng.TestRunner.privateRun(TestRunner.java:774)
  org.testng.TestRunner.run(TestRunner.java:624)
  org.testng.SuiteRunner.runTest(SuiteRunner.java:359)
  org.testng.SuiteRunner.runSequentially(SuiteRunner.java:354)
  org.testng.SuiteRunner.privateRun(SuiteRunner.java:312)
  org.testng.SuiteRunner.run(SuiteRunner.java:261)
  org.testng.SuiteRunnerWorker.runSuite(SuiteRunnerWorker.java:52)
  org.testng.SuiteRunnerWorker.run(SuiteRunnerWorker.java:86)
  org.testng.TestNG.runSuitesSequentially(TestNG.java:1215)
  org.testng.TestNG.runSuitesLocally(TestNG.java:1140)
  org.testng.TestNG.run(TestNG.java:1048)
  org.apache.maven.surefire.testng.TestNGExecutor.run(TestNGExecutor.java:293)
  org.apache.maven.surefire.testng.TestNGXmlTestSuite.execute(TestNGXmlTestSuite.java:84)
  org.apache.maven.surefire.testng.TestNGProvider.invoke(TestNGProvider.java:91)
  org.apache.maven.surefire.booter.ForkedBooter.invokeProviderInSameClassLoader(ForkedBooter.java:200)
  org.apache.maven.surefire.booter.ForkedBooter.runSuitesInProcess(ForkedBooter.java:153)
  org.apache.maven.surefire.booter.ForkedBooter.main(ForkedBooter.java:103)
Caused by: org.openqa.selenium.NoSuchElementException: no such element: Unable to locate element: {"method":"id","selector":"st-speeddial-srcnumber-inputEl"}
  (Session info: chrome=57.0.2987.133)
  (Driver info: chromedriver=2.29.461591 (62ebf098771772160f391d75e589dc567915b233),platform=Windows NT 6.1.7601 SP1 x86_64) (WARNING: The server did not provide any stacktrace information)
Command duration or timeout: 27 milliseconds
For documentation on this error, please visit: http://seleniumhq.org/exceptions/no_such_element.html
Build info: version: '2.53.1', revision: 'a36b8b1cd5757287168e54b817830adce9b0158d', time: '2016-06-30 19:26:09'
System info: host: 'Yeastar-PC', ip: '192.168.7.14', os.name: 'Windows 7', os.arch: 'x86', os.version: '6.1', java.version: '1.8.0_121'
Driver info: org.openqa.selenium.chrome.ChromeDriver
Capabilities [{applicationCacheEnabled=false, rotatable=false, mobileEmulationEnabled=false, networkConnectionEnabled=false, chrome={chromedriverVersion=2.29.461591 (62ebf098771772160f391d75e589dc567915b233), userDataDir=C:\Users\Yeastar\AppData\Local\Temp\scoped_dir5956_14411}, takesHeapSnapshot=true, pageLoadStrategy=normal, databaseEnabled=false, handlesAlerts=true, hasTouchScreen=false, version=57.0.2987.133, platform=XP, browserConnectionEnabled=false, nativeEvents=true, acceptSslCerts=true, locationContextEnabled=true, webStorageEnabled=true, browserName=chrome, takesScreenshot=true, javascriptEnabled=true, cssSelectorsEnabled=true, unexpectedAlertBehaviour=}]
Session ID: 035b39cd7a025cbdd4be9dbf14e927c4
*** Element info: {Using=id, value=st-speeddial-srcnumber-inputEl}
  sun.reflect.GeneratedConstructorAccessor20.newInstance(Unknown Source)
  sun.reflect.DelegatingConstructorAccessorImpl.newInstance(DelegatingConstructorAccessorImpl.java:45)
  java.lang.reflect.Constructor.newInstance(Constructor.java:423)
  org.openqa.selenium.remote.ErrorHandler.createThrowable(ErrorHandler.java:206)
  org.openqa.selenium.remote.ErrorHandler.throwIfResponseFailed(ErrorHandler.java:158)
  org.openqa.selenium.remote.RemoteWebDriver.execute(RemoteWebDriver.java:678)
  org.openqa.selenium.remote.RemoteWebDriver.findElement(RemoteWebDriver.java:363)
  org.openqa.selenium.remote.RemoteWebDriver.findElementById(RemoteWebDriver.java:413)
  org.openqa.selenium.By$ById.findElement(By.java:218)
  org.openqa.selenium.remote.RemoteWebDriver.findElement(RemoteWebDriver.java:355)
  com.codeborne.selenide.impl.WebElementSelector.findElement(WebElementSelector.java:28)
  com.codeborne.selenide.impl.ElementFinder.getWebElement(ElementFinder.java:56)
  com.codeborne.selenide.impl.WebElementSource.checkCondition(WebElementSource.java:44)
  com.codeborne.selenide.impl.WebElementSource.findAndAssertElementIsVisible(WebElementSource.java:72)
  com.codeborne.selenide.commands.SetValue.execute(SetValue.java:20)
  com.codeborne.selenide.commands.SetValue.execute(SetValue.java:13)
  com.codeborne.selenide.commands.Commands.execute(Commands.java:140)
  com.codeborne.selenide.impl.SelenideElementProxy.dispatchAndRetry(SelenideElementProxy.java:86)
  com.codeborne.selenide.impl.SelenideElementProxy.invoke(SelenideElementProxy.java:62)
  com.sun.proxy.$Proxy4.setValue(Unknown Source)
  com.yeastar.swebtest.driver.YSMethod.YS_CallFeature.addSpeedDial(YS_CallFeature.java:327)
  com.yeastar.swebtest.testcase.smokecase.pbxcase.PagingFunction.PagingFunction.b_DeleteAllSpeedDial(PagingFunction.java:250)
  sun.reflect.NativeMethodAccessorImpl.invoke0(Native Method)
  sun.reflect.NativeMethodAccessorImpl.invoke(NativeMethodAccessorImpl.java:62)
  sun.reflect.DelegatingMethodAccessorImpl.invoke(DelegatingMethodAccessorImpl.java:43)
  java.lang.reflect.Method.invoke(Method.java:498)
  org.testng.internal.MethodInvocationHelper.invokeMethod(MethodInvocationHelper.java:85)
  org.testng.internal.Invoker.invokeMethod(Invoker.java:639)
  org.testng.internal.Invoker.invokeTestMethod(Invoker.java:816)
  org.testng.internal.Invoker.invokeTestMethods(Invoker.java:1124)
  org.testng.internal.TestMethodWorker.invokeTestMethods(TestMethodWorker.java:125)
  org.testng.internal.TestMethodWorker.run(TestMethodWorker.java:108)
  org.testng.TestRunner.privateRun(TestRunner.java:774)
  org.testng.TestRunner.run(TestRunner.java:624)
  org.testng.SuiteRunner.runTest(SuiteRunner.java:359)
  org.testng.SuiteRunner.runSequentially(SuiteRunner.java:354)
  org.testng.SuiteRunner.privateRun(SuiteRunner.java:312)
  org.testng.SuiteRunner.run(SuiteRunner.java:261)
  org.testng.SuiteRunnerWorker.runSuite(SuiteRunnerWorker.java:52)
  org.testng.SuiteRunnerWorker.run(SuiteRunnerWorker.java:86)
  org.testng.TestNG.runSuitesSequentially(TestNG.java:1215)
  org.testng.TestNG.runSuitesLocally(TestNG.java:1140)
  org.testng.TestNG.run(TestNG.java:1048)
  org.apache.maven.surefire.testng.TestNGExecutor.run(TestNGExecutor.java:293)
  org.apache.maven.surefire.testng.TestNGXmlTestSuite.execute(TestNGXmlTestSuite.java:84)
  org.apache.maven.surefire.testng.TestNGProvider.invoke(TestNGProvider.java:91)
  org.apache.maven.surefire.booter.ForkedBooter.invokeProviderInSameClassLoader(ForkedBooter.java:200)
  org.apache.maven.surefire.booter.ForkedBooter.runSuitesInProcess(ForkedBooter.java:153)
  org.apache.maven.surefire.booter.ForkedBooter.main(ForkedBooter.java:103)
]]>
      </failure>

          </testcase>
            <testcase name="X_AddSpeedDial" time="17.994" classname="com.yeastar.swebtest.testcase.smokecase.pbxcase.PagingFunction.PagingFunction">
                <failure type="java.lang.AssertionError"
                  message="speed_dial添加错误 【预期：90200 实际：1】"
              >
<![CDATA[java.lang.AssertionError: speed_dial添加错误 【预期：90200 实际：1】
  com.yeastar.swebtest.tools.ysassert.YsAssert.fail(YsAssert.java:1082)
  com.yeastar.swebtest.tools.ysassert.YsAssert.failNotEquals(YsAssert.java:579)
  com.yeastar.swebtest.tools.ysassert.YsAssert.assertEqualsImpl(YsAssert.java:142)
  com.yeastar.swebtest.tools.ysassert.YsAssert.assertEquals(YsAssert.java:116)
  com.yeastar.swebtest.driver.YSMethod.YS_CallFeature.addSpeedDial(YS_CallFeature.java:337)
  com.yeastar.swebtest.testcase.smokecase.pbxcase.PagingFunction.PagingFunction.X_AddSpeedDial(PagingFunction.java:229)
  sun.reflect.NativeMethodAccessorImpl.invoke0(Native Method)
  sun.reflect.NativeMethodAccessorImpl.invoke(NativeMethodAccessorImpl.java:62)
  sun.reflect.DelegatingMethodAccessorImpl.invoke(DelegatingMethodAccessorImpl.java:43)
  java.lang.reflect.Method.invoke(Method.java:498)
  org.testng.internal.MethodInvocationHelper.invokeMethod(MethodInvocationHelper.java:85)
  org.testng.internal.Invoker.invokeMethod(Invoker.java:639)
  org.testng.internal.Invoker.invokeTestMethod(Invoker.java:816)
  org.testng.internal.Invoker.invokeTestMethods(Invoker.java:1124)
  org.testng.internal.TestMethodWorker.invokeTestMethods(TestMethodWorker.java:125)
  org.testng.internal.TestMethodWorker.run(TestMethodWorker.java:108)
  org.testng.TestRunner.privateRun(TestRunner.java:774)
  org.testng.TestRunner.run(TestRunner.java:624)
  org.testng.SuiteRunner.runTest(SuiteRunner.java:359)
  org.testng.SuiteRunner.runSequentially(SuiteRunner.java:354)
  org.testng.SuiteRunner.privateRun(SuiteRunner.java:312)
  org.testng.SuiteRunner.run(SuiteRunner.java:261)
  org.testng.SuiteRunnerWorker.runSuite(SuiteRunnerWorker.java:52)
  org.testng.SuiteRunnerWorker.run(SuiteRunnerWorker.java:86)
  org.testng.TestNG.runSuitesSequentially(TestNG.java:1215)
  org.testng.TestNG.runSuitesLocally(TestNG.java:1140)
  org.testng.TestNG.run(TestNG.java:1048)
  org.apache.maven.surefire.testng.TestNGExecutor.run(TestNGExecutor.java:293)
  org.apache.maven.surefire.testng.TestNGXmlTestSuite.execute(TestNGXmlTestSuite.java:84)
  org.apache.maven.surefire.testng.TestNGProvider.invoke(TestNGProvider.java:91)
  org.apache.maven.surefire.booter.ForkedBooter.invokeProviderInSameClassLoader(ForkedBooter.java:200)
  org.apache.maven.surefire.booter.ForkedBooter.runSuitesInProcess(ForkedBooter.java:153)
  org.apache.maven.surefire.booter.ForkedBooter.main(ForkedBooter.java:103)
]]>
      </failure>

          </testcase>
            <testcase name="T_BlacklistDeleteAll" time="11.811" classname="com.yeastar.swebtest.testcase.smokecase.pbxcase.PagingFunction.PagingFunction">
                <failure type="com.codeborne.selenide.ex.ElementShould"
                  message="Element should be visible {By.xpath: .//span[starts-with(@class,"x-btn-inner x-btn-inner-default-small") and text()="Yes"]}
Element: '<span class="x-btn-inner x-btn-inner-default-small" data-ref="btnInnerEl" id="button-1006-btnInnerEl" unselectable="on" displayed:false></span>'"
              >
<![CDATA[Element should be visible {By.xpath: .//span[starts-with(@class,"x-btn-inner x-btn-inner-default-small") and text()="Yes"]}
Element: '<span class="x-btn-inner x-btn-inner-default-small" data-ref="btnInnerEl" id="button-1006-btnInnerEl" unselectable="on" displayed:false></span>'
Screenshot: file:/F:/MyProject/0GitProject/swebtest/SwebTest/build/reports/tests/1501824021088.4.png
Timeout: 10 s.
  com.codeborne.selenide.impl.WebElementSource.checkCondition(WebElementSource.java:66)
  com.codeborne.selenide.impl.WebElementSource.findAndAssertElementIsVisible(WebElementSource.java:72)
  com.codeborne.selenide.commands.Click.execute(Click.java:14)
  com.codeborne.selenide.commands.Click.execute(Click.java:11)
  com.codeborne.selenide.commands.Commands.execute(Commands.java:140)
  com.codeborne.selenide.impl.SelenideElementProxy.dispatchAndRetry(SelenideElementProxy.java:86)
  com.codeborne.selenide.impl.SelenideElementProxy.invoke(SelenideElementProxy.java:62)
  com.sun.proxy.$Proxy4.click(Unknown Source)
  com.yeastar.swebtest.testcase.smokecase.pbxcase.PagingFunction.PagingFunction.T_BlacklistDeleteAll(PagingFunction.java:192)
  sun.reflect.NativeMethodAccessorImpl.invoke0(Native Method)
  sun.reflect.NativeMethodAccessorImpl.invoke(NativeMethodAccessorImpl.java:62)
  sun.reflect.DelegatingMethodAccessorImpl.invoke(DelegatingMethodAccessorImpl.java:43)
  java.lang.reflect.Method.invoke(Method.java:498)
  org.testng.internal.MethodInvocationHelper.invokeMethod(MethodInvocationHelper.java:85)
  org.testng.internal.Invoker.invokeMethod(Invoker.java:639)
  org.testng.internal.Invoker.invokeTestMethod(Invoker.java:816)
  org.testng.internal.Invoker.invokeTestMethods(Invoker.java:1124)
  org.testng.internal.TestMethodWorker.invokeTestMethods(TestMethodWorker.java:125)
  org.testng.internal.TestMethodWorker.run(TestMethodWorker.java:108)
  org.testng.TestRunner.privateRun(TestRunner.java:774)
  org.testng.TestRunner.run(TestRunner.java:624)
  org.testng.SuiteRunner.runTest(SuiteRunner.java:359)
  org.testng.SuiteRunner.runSequentially(SuiteRunner.java:354)
  org.testng.SuiteRunner.privateRun(SuiteRunner.java:312)
  org.testng.SuiteRunner.run(SuiteRunner.java:261)
  org.testng.SuiteRunnerWorker.runSuite(SuiteRunnerWorker.java:52)
  org.testng.SuiteRunnerWorker.run(SuiteRunnerWorker.java:86)
  org.testng.TestNG.runSuitesSequentially(TestNG.java:1215)
  org.testng.TestNG.runSuitesLocally(TestNG.java:1140)
  org.testng.TestNG.run(TestNG.java:1048)
  org.apache.maven.surefire.testng.TestNGExecutor.run(TestNGExecutor.java:293)
  org.apache.maven.surefire.testng.TestNGXmlTestSuite.execute(TestNGXmlTestSuite.java:84)
  org.apache.maven.surefire.testng.TestNGProvider.invoke(TestNGProvider.java:91)
  org.apache.maven.surefire.booter.ForkedBooter.invokeProviderInSameClassLoader(ForkedBooter.java:200)
  org.apache.maven.surefire.booter.ForkedBooter.runSuitesInProcess(ForkedBooter.java:153)
  org.apache.maven.surefire.booter.ForkedBooter.main(ForkedBooter.java:103)
]]>
      </failure>

          </testcase>
  
  
            <testcase name="P_ExtensionWhitelist" time="22.952" classname="com.yeastar.swebtest.testcase.smokecase.pbxcase.PagingFunction.PagingFunction" />
                <testcase name="I_ImportWhitelist" time="0.000" classname="com.yeastar.swebtest.testcase.smokecase.pbxcase.PagingFunction.PagingFunction" />
                <testcase name="Q_ExtensionExport" time="0.000" classname="com.yeastar.swebtest.testcase.smokecase.pbxcase.PagingFunction.PagingFunction" />
                <testcase name="C_ExportBlacklist" time="0.444" classname="com.yeastar.swebtest.testcase.smokecase.pbxcase.PagingFunction.PagingFunction" />
                <testcase name="Y_ExportSpeedDial" time="0.138" classname="com.yeastar.swebtest.testcase.smokecase.pbxcase.PagingFunction.PagingFunction" />
                <testcase name="R_WhiteTest1Delete" time="1.187" classname="com.yeastar.swebtest.testcase.smokecase.pbxcase.PagingFunction.PagingFunction" />
                <testcase name="B_AddBlacklist" time="25.522" classname="com.yeastar.swebtest.testcase.smokecase.pbxcase.PagingFunction.PagingFunction" />
                <testcase name="O_ExtensionImport" time="0.000" classname="com.yeastar.swebtest.testcase.smokecase.pbxcase.PagingFunction.PagingFunction" />
                <testcase name="E_ImportBlacklist" time="0.000" classname="com.yeastar.swebtest.testcase.smokecase.pbxcase.PagingFunction.PagingFunction" />
                <testcase name="a_ImportSpeedDial" time="0.000" classname="com.yeastar.swebtest.testcase.smokecase.pbxcase.PagingFunction.PagingFunction" />
                <testcase name="V_OnlyWhitelistUnCheck" time="8.318" classname="com.yeastar.swebtest.testcase.smokecase.pbxcase.PagingFunction.PagingFunction" />
                <testcase name="G_ExportWhitelist" time="0.136" classname="com.yeastar.swebtest.testcase.smokecase.pbxcase.PagingFunction.PagingFunction" />
                <testcase name="V_OnlyWhitelistCheck" time="0.656" classname="com.yeastar.swebtest.testcase.smokecase.pbxcase.PagingFunction.PagingFunction" />
                <testcase name="M_ExtensionExport" time="0.000" classname="com.yeastar.swebtest.testcase.smokecase.pbxcase.PagingFunction.PagingFunction" />
                <testcase name="F_AddWhitelist" time="11.336" classname="com.yeastar.swebtest.testcase.smokecase.pbxcase.PagingFunction.PagingFunction" />
                <testcase name="L_ExtensionPage" time="22.500" classname="com.yeastar.swebtest.testcase.smokecase.pbxcase.PagingFunction.PagingFunction" />
                <testcase name="N_DeleteTest1Sps" time="2.219" classname="com.yeastar.swebtest.testcase.smokecase.pbxcase.PagingFunction.PagingFunction" />
                <testcase name="S_WhiteImport" time="0.000" classname="com.yeastar.swebtest.testcase.smokecase.pbxcase.PagingFunction.PagingFunction" />
                <testcase name="Z_DeleteSpeedDial" time="1.700" classname="com.yeastar.swebtest.testcase.smokecase.pbxcase.PagingFunction.PagingFunction" />
                <testcase name="J_DelAllBlacklist" time="8.402" classname="com.yeastar.swebtest.testcase.smokecase.pbxcase.PagingFunction.PagingFunction" />
                <testcase name="K_DelAllBlacklist" time="7.861" classname="com.yeastar.swebtest.testcase.smokecase.pbxcase.PagingFunction.PagingFunction" />
                <testcase name="A_PagingIntercom" time="0.000" classname="com.yeastar.swebtest.testcase.smokecase.pbxcase.PagingFunction.PagingFunction" />
      
</testsuite>
