<?xml version="1.0" encoding="UTF-8"?>
<testsuite name="pbxcore"
           tests="102"
           failures="6"
           errors="0"
           skipped="0"
           time="4449.562">
  <properties />
            <testcase name="G8_AgentTimeout_Retry" time="26.840" classname="com.yeastar.swebtest.testcase.DetailCase.pbxcase.Queue">
                <failure type="java.lang.AssertionError"
                  message="预期1105会同时Ring 【预期：2 实际：4】"
              >
<![CDATA[java.lang.AssertionError: 预期1105会同时Ring 【预期：2 实际：4】
  com.yeastar.swebtest.tools.ysassert.YsAssert.fail(YsAssert.java:1086)
  com.yeastar.swebtest.tools.ysassert.YsAssert.failNotEquals(YsAssert.java:579)
  com.yeastar.swebtest.tools.ysassert.YsAssert.assertEqualsImpl(YsAssert.java:142)
  com.yeastar.swebtest.tools.ysassert.YsAssert.assertEquals(YsAssert.java:116)
  com.yeastar.swebtest.tools.ysassert.YsAssert.assertEquals(YsAssert.java:425)
  com.yeastar.swebtest.testcase.DetailCase.pbxcase.Queue.G8_AgentTimeout_Retry(Queue.java:878)
  sun.reflect.NativeMethodAccessorImpl.invoke0(Native Method)
  sun.reflect.NativeMethodAccessorImpl.invoke(NativeMethodAccessorImpl.java:62)
  sun.reflect.DelegatingMethodAccessorImpl.invoke(DelegatingMethodAccessorImpl.java:43)
  java.lang.reflect.Method.invoke(Method.java:498)
  org.testng.internal.MethodInvocationHelper.invokeMethod(MethodInvocationHelper.java:85)
  org.testng.internal.Invoker.invokeMethod(Invoker.java:639)
  org.testng.internal.Invoker.invokeTestMethod(Invoker.java:816)
  org.testng.internal.Invoker.invokeTestMethods(Invoker.java:1124)
  org.testng.internal.TestMethodWorker.invokeTestMethods(TestMethodWorker.java:125)
  org.testng.internal.TestMethodWorker.run(TestMethodWorker.java:108)
  org.testng.TestRunner.privateRun(TestRunner.java:774)
  org.testng.TestRunner.run(TestRunner.java:624)
  org.testng.SuiteRunner.runTest(SuiteRunner.java:359)
  org.testng.SuiteRunner.runSequentially(SuiteRunner.java:354)
  org.testng.SuiteRunner.privateRun(SuiteRunner.java:312)
  org.testng.SuiteRunner.run(SuiteRunner.java:261)
  org.testng.SuiteRunnerWorker.runSuite(SuiteRunnerWorker.java:52)
  org.testng.SuiteRunnerWorker.run(SuiteRunnerWorker.java:86)
  org.testng.TestNG.runSuitesSequentially(TestNG.java:1215)
  org.testng.TestNG.runSuitesLocally(TestNG.java:1140)
  org.testng.TestNG.run(TestNG.java:1048)
  org.apache.maven.surefire.testng.TestNGExecutor.run(TestNGExecutor.java:293)
  org.apache.maven.surefire.testng.TestNGXmlTestSuite.execute(TestNGXmlTestSuite.java:84)
  org.apache.maven.surefire.testng.TestNGProvider.invoke(TestNGProvider.java:91)
  org.apache.maven.surefire.booter.ForkedBooter.invokeProviderInSameClassLoader(ForkedBooter.java:200)
  org.apache.maven.surefire.booter.ForkedBooter.runSuitesInProcess(ForkedBooter.java:153)
  org.apache.maven.surefire.booter.ForkedBooter.main(ForkedBooter.java:103)
]]>
      </failure>

          </testcase>
            <testcase name="G5_Satisfaction" time="130.355" classname="com.yeastar.swebtest.testcase.DetailCase.pbxcase.Queue">
                <failure type="java.lang.AssertionError"
                  message="坐席挂断时播放满意度调查提示音satisfaction 【预期：true 实际：false】"
              >
<![CDATA[java.lang.AssertionError: 坐席挂断时播放满意度调查提示音satisfaction 【预期：true 实际：false】
  com.yeastar.swebtest.tools.ysassert.YsAssert.fail(YsAssert.java:1086)
  com.yeastar.swebtest.tools.ysassert.YsAssert.failNotEquals(YsAssert.java:579)
  com.yeastar.swebtest.tools.ysassert.YsAssert.assertEqualsImpl(YsAssert.java:142)
  com.yeastar.swebtest.tools.ysassert.YsAssert.assertEquals(YsAssert.java:116)
  com.yeastar.swebtest.tools.ysassert.YsAssert.assertEquals(YsAssert.java:333)
  com.yeastar.swebtest.testcase.DetailCase.pbxcase.Queue.G5_Satisfaction(Queue.java:850)
  sun.reflect.NativeMethodAccessorImpl.invoke0(Native Method)
  sun.reflect.NativeMethodAccessorImpl.invoke(NativeMethodAccessorImpl.java:62)
  sun.reflect.DelegatingMethodAccessorImpl.invoke(DelegatingMethodAccessorImpl.java:43)
  java.lang.reflect.Method.invoke(Method.java:498)
  org.testng.internal.MethodInvocationHelper.invokeMethod(MethodInvocationHelper.java:85)
  org.testng.internal.Invoker.invokeMethod(Invoker.java:639)
  org.testng.internal.Invoker.invokeTestMethod(Invoker.java:816)
  org.testng.internal.Invoker.invokeTestMethods(Invoker.java:1124)
  org.testng.internal.TestMethodWorker.invokeTestMethods(TestMethodWorker.java:125)
  org.testng.internal.TestMethodWorker.run(TestMethodWorker.java:108)
  org.testng.TestRunner.privateRun(TestRunner.java:774)
  org.testng.TestRunner.run(TestRunner.java:624)
  org.testng.SuiteRunner.runTest(SuiteRunner.java:359)
  org.testng.SuiteRunner.runSequentially(SuiteRunner.java:354)
  org.testng.SuiteRunner.privateRun(SuiteRunner.java:312)
  org.testng.SuiteRunner.run(SuiteRunner.java:261)
  org.testng.SuiteRunnerWorker.runSuite(SuiteRunnerWorker.java:52)
  org.testng.SuiteRunnerWorker.run(SuiteRunnerWorker.java:86)
  org.testng.TestNG.runSuitesSequentially(TestNG.java:1215)
  org.testng.TestNG.runSuitesLocally(TestNG.java:1140)
  org.testng.TestNG.run(TestNG.java:1048)
  org.apache.maven.surefire.testng.TestNGExecutor.run(TestNGExecutor.java:293)
  org.apache.maven.surefire.testng.TestNGXmlTestSuite.execute(TestNGXmlTestSuite.java:84)
  org.apache.maven.surefire.testng.TestNGProvider.invoke(TestNGProvider.java:91)
  org.apache.maven.surefire.booter.ForkedBooter.invokeProviderInSameClassLoader(ForkedBooter.java:200)
  org.apache.maven.surefire.booter.ForkedBooter.runSuitesInProcess(ForkedBooter.java:153)
  org.apache.maven.surefire.booter.ForkedBooter.main(ForkedBooter.java:103)
]]>
      </failure>

          </testcase>
            <testcase name="N8_leave_join_empty" time="11.947" classname="com.yeastar.swebtest.testcase.DetailCase.pbxcase.Queue">
                <failure type="java.lang.AssertionError"
                  message="预期1102不会被直接挂断 【预期：3 实际：4】"
              >
<![CDATA[java.lang.AssertionError: 预期1102不会被直接挂断 【预期：3 实际：4】
  com.yeastar.swebtest.tools.ysassert.YsAssert.fail(YsAssert.java:1086)
  com.yeastar.swebtest.tools.ysassert.YsAssert.failNotEquals(YsAssert.java:579)
  com.yeastar.swebtest.tools.ysassert.YsAssert.assertEqualsImpl(YsAssert.java:142)
  com.yeastar.swebtest.tools.ysassert.YsAssert.assertEquals(YsAssert.java:116)
  com.yeastar.swebtest.tools.ysassert.YsAssert.assertEquals(YsAssert.java:425)
  com.yeastar.swebtest.testcase.DetailCase.pbxcase.Queue.N8_leave_join_empty(Queue.java:1326)
  sun.reflect.NativeMethodAccessorImpl.invoke0(Native Method)
  sun.reflect.NativeMethodAccessorImpl.invoke(NativeMethodAccessorImpl.java:62)
  sun.reflect.DelegatingMethodAccessorImpl.invoke(DelegatingMethodAccessorImpl.java:43)
  java.lang.reflect.Method.invoke(Method.java:498)
  org.testng.internal.MethodInvocationHelper.invokeMethod(MethodInvocationHelper.java:85)
  org.testng.internal.Invoker.invokeMethod(Invoker.java:639)
  org.testng.internal.Invoker.invokeTestMethod(Invoker.java:816)
  org.testng.internal.Invoker.invokeTestMethods(Invoker.java:1124)
  org.testng.internal.TestMethodWorker.invokeTestMethods(TestMethodWorker.java:125)
  org.testng.internal.TestMethodWorker.run(TestMethodWorker.java:108)
  org.testng.TestRunner.privateRun(TestRunner.java:774)
  org.testng.TestRunner.run(TestRunner.java:624)
  org.testng.SuiteRunner.runTest(SuiteRunner.java:359)
  org.testng.SuiteRunner.runSequentially(SuiteRunner.java:354)
  org.testng.SuiteRunner.privateRun(SuiteRunner.java:312)
  org.testng.SuiteRunner.run(SuiteRunner.java:261)
  org.testng.SuiteRunnerWorker.runSuite(SuiteRunnerWorker.java:52)
  org.testng.SuiteRunnerWorker.run(SuiteRunnerWorker.java:86)
  org.testng.TestNG.runSuitesSequentially(TestNG.java:1215)
  org.testng.TestNG.runSuitesLocally(TestNG.java:1140)
  org.testng.TestNG.run(TestNG.java:1048)
  org.apache.maven.surefire.testng.TestNGExecutor.run(TestNGExecutor.java:293)
  org.apache.maven.surefire.testng.TestNGXmlTestSuite.execute(TestNGXmlTestSuite.java:84)
  org.apache.maven.surefire.testng.TestNGProvider.invoke(TestNGProvider.java:91)
  org.apache.maven.surefire.booter.ForkedBooter.invokeProviderInSameClassLoader(ForkedBooter.java:200)
  org.apache.maven.surefire.booter.ForkedBooter.runSuitesInProcess(ForkedBooter.java:153)
  org.apache.maven.surefire.booter.ForkedBooter.main(ForkedBooter.java:103)
]]>
      </failure>

          </testcase>
            <testcase name="H3_leastRecent" time="26.763" classname="com.yeastar.swebtest.testcase.DetailCase.pbxcase.Queue">
                <failure type="org.openqa.selenium.WebDriverException"
                  message="unknown error: Cannot read property 'id' of undefined
  (Session info: chrome=64.0.3282.140)
  (Driver info: chromedriver=2.33.506120 (e3e53437346286c0bc2d2dc9aa4915ba81d9023f),platform=Windows NT 6.1.7601 SP1 x86_64) (WARNING: The server did not provide any stacktrace information)
Command duration or timeout: 9 milliseconds
Build info: version: '2.53.1', revision: 'a36b8b1cd5757287168e54b817830adce9b0158d', time: '2016-06-30 19:26:09'
System info: host: 'Yeastar-PC', ip: '192.168.11.194', os.name: 'Windows 7', os.arch: 'x86', os.version: '6.1', java.version: '1.8.0_121'
Driver info: org.openqa.selenium.chrome.ChromeDriver
Capabilities [{applicationCacheEnabled=false, rotatable=false, mobileEmulationEnabled=false, networkConnectionEnabled=false, chrome={chromedriverVersion=2.33.506120 (e3e53437346286c0bc2d2dc9aa4915ba81d9023f), userDataDir=C:\Users\Yeastar\AppData\Local\Temp\scoped_dir10460_4345}, takesHeapSnapshot=true, pageLoadStrategy=normal, databaseEnabled=false, handlesAlerts=true, hasTouchScreen=false, version=64.0.3282.140, platform=XP, browserConnectionEnabled=false, nativeEvents=true, acceptSslCerts=true, locationContextEnabled=true, webStorageEnabled=true, browserName=chrome, takesScreenshot=true, javascriptEnabled=true, cssSelectorsEnabled=true, setWindowRect=true, unexpectedAlertBehaviour=}]
Session ID: 896925c02902af0e6988098a91961fa7"
              >
<![CDATA[org.openqa.selenium.WebDriverException: unknown error: Cannot read property 'id' of undefined
  (Session info: chrome=64.0.3282.140)
  (Driver info: chromedriver=2.33.506120 (e3e53437346286c0bc2d2dc9aa4915ba81d9023f),platform=Windows NT 6.1.7601 SP1 x86_64) (WARNING: The server did not provide any stacktrace information)
Command duration or timeout: 9 milliseconds
Build info: version: '2.53.1', revision: 'a36b8b1cd5757287168e54b817830adce9b0158d', time: '2016-06-30 19:26:09'
System info: host: 'Yeastar-PC', ip: '192.168.11.194', os.name: 'Windows 7', os.arch: 'x86', os.version: '6.1', java.version: '1.8.0_121'
Driver info: org.openqa.selenium.chrome.ChromeDriver
Capabilities [{applicationCacheEnabled=false, rotatable=false, mobileEmulationEnabled=false, networkConnectionEnabled=false, chrome={chromedriverVersion=2.33.506120 (e3e53437346286c0bc2d2dc9aa4915ba81d9023f), userDataDir=C:\Users\Yeastar\AppData\Local\Temp\scoped_dir10460_4345}, takesHeapSnapshot=true, pageLoadStrategy=normal, databaseEnabled=false, handlesAlerts=true, hasTouchScreen=false, version=64.0.3282.140, platform=XP, browserConnectionEnabled=false, nativeEvents=true, acceptSslCerts=true, locationContextEnabled=true, webStorageEnabled=true, browserName=chrome, takesScreenshot=true, javascriptEnabled=true, cssSelectorsEnabled=true, setWindowRect=true, unexpectedAlertBehaviour=}]
Session ID: 896925c02902af0e6988098a91961fa7
  sun.reflect.NativeConstructorAccessorImpl.newInstance0(Native Method)
  sun.reflect.NativeConstructorAccessorImpl.newInstance(NativeConstructorAccessorImpl.java:62)
  sun.reflect.DelegatingConstructorAccessorImpl.newInstance(DelegatingConstructorAccessorImpl.java:45)
  java.lang.reflect.Constructor.newInstance(Constructor.java:423)
  org.openqa.selenium.remote.ErrorHandler.createThrowable(ErrorHandler.java:206)
  org.openqa.selenium.remote.ErrorHandler.throwIfResponseFailed(ErrorHandler.java:158)
  org.openqa.selenium.remote.RemoteWebDriver.execute(RemoteWebDriver.java:678)
  org.openqa.selenium.remote.RemoteWebDriver.executeScript(RemoteWebDriver.java:577)
  com.yeastar.swebtest.driver.SwebDriver.executeJs(SwebDriver.java:669)
  com.yeastar.swebtest.driver.SwebDriver.gridContent(SwebDriver.java:234)
  com.yeastar.swebtest.driver.YSMethod.YS_Extension.checkCDR(YS_Extension.java:302)
  com.yeastar.swebtest.testcase.DetailCase.pbxcase.Queue.H3_leastRecent(Queue.java:1002)
  sun.reflect.NativeMethodAccessorImpl.invoke0(Native Method)
  sun.reflect.NativeMethodAccessorImpl.invoke(NativeMethodAccessorImpl.java:62)
  sun.reflect.DelegatingMethodAccessorImpl.invoke(DelegatingMethodAccessorImpl.java:43)
  java.lang.reflect.Method.invoke(Method.java:498)
  org.testng.internal.MethodInvocationHelper.invokeMethod(MethodInvocationHelper.java:85)
  org.testng.internal.Invoker.invokeMethod(Invoker.java:639)
  org.testng.internal.Invoker.invokeTestMethod(Invoker.java:816)
  org.testng.internal.Invoker.invokeTestMethods(Invoker.java:1124)
  org.testng.internal.TestMethodWorker.invokeTestMethods(TestMethodWorker.java:125)
  org.testng.internal.TestMethodWorker.run(TestMethodWorker.java:108)
  org.testng.TestRunner.privateRun(TestRunner.java:774)
  org.testng.TestRunner.run(TestRunner.java:624)
  org.testng.SuiteRunner.runTest(SuiteRunner.java:359)
  org.testng.SuiteRunner.runSequentially(SuiteRunner.java:354)
  org.testng.SuiteRunner.privateRun(SuiteRunner.java:312)
  org.testng.SuiteRunner.run(SuiteRunner.java:261)
  org.testng.SuiteRunnerWorker.runSuite(SuiteRunnerWorker.java:52)
  org.testng.SuiteRunnerWorker.run(SuiteRunnerWorker.java:86)
  org.testng.TestNG.runSuitesSequentially(TestNG.java:1215)
  org.testng.TestNG.runSuitesLocally(TestNG.java:1140)
  org.testng.TestNG.run(TestNG.java:1048)
  org.apache.maven.surefire.testng.TestNGExecutor.run(TestNGExecutor.java:293)
  org.apache.maven.surefire.testng.TestNGXmlTestSuite.execute(TestNGXmlTestSuite.java:84)
  org.apache.maven.surefire.testng.TestNGProvider.invoke(TestNGProvider.java:91)
  org.apache.maven.surefire.booter.ForkedBooter.invokeProviderInSameClassLoader(ForkedBooter.java:200)
  org.apache.maven.surefire.booter.ForkedBooter.runSuitesInProcess(ForkedBooter.java:153)
  org.apache.maven.surefire.booter.ForkedBooter.main(ForkedBooter.java:103)
]]>
      </failure>

          </testcase>
            <testcase name="F4_dynamic_call6701" time="62.554" classname="com.yeastar.swebtest.testcase.DetailCase.pbxcase.Queue">
                <failure type="java.lang.AssertionError"
                  message="CDR被叫方检测 【预期：xlq [6701(1103)] 实际：1105 [6701(1105)]】"
              >
<![CDATA[java.lang.AssertionError: CDR被叫方检测 【预期：xlq [6701(1103)] 实际：1105 [6701(1105)]】
  com.yeastar.swebtest.tools.ysassert.YsAssert.fail(YsAssert.java:1086)
  com.yeastar.swebtest.tools.ysassert.YsAssert.failNotEquals(YsAssert.java:579)
  com.yeastar.swebtest.tools.ysassert.YsAssert.assertEqualsImpl(YsAssert.java:142)
  com.yeastar.swebtest.tools.ysassert.YsAssert.assertEquals(YsAssert.java:116)
  com.yeastar.swebtest.tools.ysassert.YsAssert.assertEquals(YsAssert.java:199)
  com.yeastar.swebtest.driver.YSMethod.YS_Extension.checkCDR(YS_Extension.java:263)
  com.yeastar.swebtest.driver.YSMethod.YS_Extension.checkCDR(YS_Extension.java:252)
  com.yeastar.swebtest.testcase.DetailCase.pbxcase.Queue.F4_dynamic_call6701(Queue.java:656)
  sun.reflect.NativeMethodAccessorImpl.invoke0(Native Method)
  sun.reflect.NativeMethodAccessorImpl.invoke(NativeMethodAccessorImpl.java:62)
  sun.reflect.DelegatingMethodAccessorImpl.invoke(DelegatingMethodAccessorImpl.java:43)
  java.lang.reflect.Method.invoke(Method.java:498)
  org.testng.internal.MethodInvocationHelper.invokeMethod(MethodInvocationHelper.java:85)
  org.testng.internal.Invoker.invokeMethod(Invoker.java:639)
  org.testng.internal.Invoker.invokeTestMethod(Invoker.java:816)
  org.testng.internal.Invoker.invokeTestMethods(Invoker.java:1124)
  org.testng.internal.TestMethodWorker.invokeTestMethods(TestMethodWorker.java:125)
  org.testng.internal.TestMethodWorker.run(TestMethodWorker.java:108)
  org.testng.TestRunner.privateRun(TestRunner.java:774)
  org.testng.TestRunner.run(TestRunner.java:624)
  org.testng.SuiteRunner.runTest(SuiteRunner.java:359)
  org.testng.SuiteRunner.runSequentially(SuiteRunner.java:354)
  org.testng.SuiteRunner.privateRun(SuiteRunner.java:312)
  org.testng.SuiteRunner.run(SuiteRunner.java:261)
  org.testng.SuiteRunnerWorker.runSuite(SuiteRunnerWorker.java:52)
  org.testng.SuiteRunnerWorker.run(SuiteRunnerWorker.java:86)
  org.testng.TestNG.runSuitesSequentially(TestNG.java:1215)
  org.testng.TestNG.runSuitesLocally(TestNG.java:1140)
  org.testng.TestNG.run(TestNG.java:1048)
  org.apache.maven.surefire.testng.TestNGExecutor.run(TestNGExecutor.java:293)
  org.apache.maven.surefire.testng.TestNGXmlTestSuite.execute(TestNGXmlTestSuite.java:84)
  org.apache.maven.surefire.testng.TestNGProvider.invoke(TestNGProvider.java:91)
  org.apache.maven.surefire.booter.ForkedBooter.invokeProviderInSameClassLoader(ForkedBooter.java:200)
  org.apache.maven.surefire.booter.ForkedBooter.runSuitesInProcess(ForkedBooter.java:153)
  org.apache.maven.surefire.booter.ForkedBooter.main(ForkedBooter.java:103)
]]>
      </failure>

          </testcase>
            <testcase name="G3_MusicOnHold1" time="111.770" classname="com.yeastar.swebtest.testcase.DetailCase.pbxcase.Queue">
                <failure type="java.lang.AssertionError"
                  message="2000呼入时播放Music on hold ：Autotest 【预期：true 实际：false】"
              >
<![CDATA[java.lang.AssertionError: 2000呼入时播放Music on hold ：Autotest 【预期：true 实际：false】
  com.yeastar.swebtest.tools.ysassert.YsAssert.fail(YsAssert.java:1086)
  com.yeastar.swebtest.tools.ysassert.YsAssert.failNotEquals(YsAssert.java:579)
  com.yeastar.swebtest.tools.ysassert.YsAssert.assertEqualsImpl(YsAssert.java:142)
  com.yeastar.swebtest.tools.ysassert.YsAssert.assertEquals(YsAssert.java:116)
  com.yeastar.swebtest.tools.ysassert.YsAssert.assertEquals(YsAssert.java:333)
  com.yeastar.swebtest.testcase.DetailCase.pbxcase.Queue.G3_MusicOnHold1(Queue.java:814)
  sun.reflect.NativeMethodAccessorImpl.invoke0(Native Method)
  sun.reflect.NativeMethodAccessorImpl.invoke(NativeMethodAccessorImpl.java:62)
  sun.reflect.DelegatingMethodAccessorImpl.invoke(DelegatingMethodAccessorImpl.java:43)
  java.lang.reflect.Method.invoke(Method.java:498)
  org.testng.internal.MethodInvocationHelper.invokeMethod(MethodInvocationHelper.java:85)
  org.testng.internal.Invoker.invokeMethod(Invoker.java:639)
  org.testng.internal.Invoker.invokeTestMethod(Invoker.java:816)
  org.testng.internal.Invoker.invokeTestMethods(Invoker.java:1124)
  org.testng.internal.TestMethodWorker.invokeTestMethods(TestMethodWorker.java:125)
  org.testng.internal.TestMethodWorker.run(TestMethodWorker.java:108)
  org.testng.TestRunner.privateRun(TestRunner.java:774)
  org.testng.TestRunner.run(TestRunner.java:624)
  org.testng.SuiteRunner.runTest(SuiteRunner.java:359)
  org.testng.SuiteRunner.runSequentially(SuiteRunner.java:354)
  org.testng.SuiteRunner.privateRun(SuiteRunner.java:312)
  org.testng.SuiteRunner.run(SuiteRunner.java:261)
  org.testng.SuiteRunnerWorker.runSuite(SuiteRunnerWorker.java:52)
  org.testng.SuiteRunnerWorker.run(SuiteRunnerWorker.java:86)
  org.testng.TestNG.runSuitesSequentially(TestNG.java:1215)
  org.testng.TestNG.runSuitesLocally(TestNG.java:1140)
  org.testng.TestNG.run(TestNG.java:1048)
  org.apache.maven.surefire.testng.TestNGExecutor.run(TestNGExecutor.java:293)
  org.apache.maven.surefire.testng.TestNGXmlTestSuite.execute(TestNGXmlTestSuite.java:84)
  org.apache.maven.surefire.testng.TestNGProvider.invoke(TestNGProvider.java:91)
  org.apache.maven.surefire.booter.ForkedBooter.invokeProviderInSameClassLoader(ForkedBooter.java:200)
  org.apache.maven.surefire.booter.ForkedBooter.runSuitesInProcess(ForkedBooter.java:153)
  org.apache.maven.surefire.booter.ForkedBooter.main(ForkedBooter.java:103)
]]>
      </failure>

          </testcase>
  
  
            <testcase name="F7_dynamic_login6712" time="40.745" classname="com.yeastar.swebtest.testcase.DetailCase.pbxcase.Queue" />
                <testcase name="N6_leave_join_empty" time="1.081" classname="com.yeastar.swebtest.testcase.DetailCase.pbxcase.Queue" />
                <testcase name="C7_e1_6701" time="0.000" classname="com.yeastar.swebtest.testcase.DetailCase.pbxcase.Queue" />
                <testcase name="A2_AddQueues" time="47.441" classname="com.yeastar.swebtest.testcase.DetailCase.pbxcase.Queue" />
                <testcase name="N1_leave_join_empty" time="30.985" classname="com.yeastar.swebtest.testcase.DetailCase.pbxcase.Queue" />
                <testcase name="B2_AddInbound" time="30.984" classname="com.yeastar.swebtest.testcase.DetailCase.pbxcase.Queue" />
                <testcase name="B2_AddInbound" time="30.276" classname="com.yeastar.swebtest.testcase.DetailCase.pbxcase.Queue" />
                <testcase name="B2_AddInbound" time="30.673" classname="com.yeastar.swebtest.testcase.DetailCase.pbxcase.Queue" />
                <testcase name="D8_fail_DialbyName" time="55.043" classname="com.yeastar.swebtest.testcase.DetailCase.pbxcase.Queue" />
                <testcase name="A1_Init" time="29.919" classname="com.yeastar.swebtest.testcase.DetailCase.pbxcase.Queue" />
                <testcase name="F8_dynamic_login6713" time="26.966" classname="com.yeastar.swebtest.testcase.DetailCase.pbxcase.Queue" />
                <testcase name="G4_AgentID" time="0.000" classname="com.yeastar.swebtest.testcase.DetailCase.pbxcase.Queue" />
                <testcase name="B2_AddInbound" time="30.932" classname="com.yeastar.swebtest.testcase.DetailCase.pbxcase.Queue" />
                <testcase name="E2_key1_extension" time="43.591" classname="com.yeastar.swebtest.testcase.DetailCase.pbxcase.Queue" />
                <testcase name="A2_AddQueues" time="49.931" classname="com.yeastar.swebtest.testcase.DetailCase.pbxcase.Queue" />
                <testcase name="A2_AddQueues" time="49.207" classname="com.yeastar.swebtest.testcase.DetailCase.pbxcase.Queue" />
                <testcase name="Fa_dynamic_login6714" time="23.397" classname="com.yeastar.swebtest.testcase.DetailCase.pbxcase.Queue" />
                <testcase name="C3_iax_6701" time="55.293" classname="com.yeastar.swebtest.testcase.DetailCase.pbxcase.Queue" />
                <testcase name="E4_key3_ivr" time="45.806" classname="com.yeastar.swebtest.testcase.DetailCase.pbxcase.Queue" />
                <testcase name="F3_dynamic_logoff6701" time="17.490" classname="com.yeastar.swebtest.testcase.DetailCase.pbxcase.Queue" />
                <testcase name="P2_recovery" time="58.585" classname="com.yeastar.swebtest.testcase.DetailCase.pbxcase.Queue" />
                <testcase name="A2_AddQueues" time="39.952" classname="com.yeastar.swebtest.testcase.DetailCase.pbxcase.Queue" />
                <testcase name="D2_fail_extension" time="47.771" classname="com.yeastar.swebtest.testcase.DetailCase.pbxcase.Queue" />
                <testcase name="D3_fail_voicemail1" time="61.608" classname="com.yeastar.swebtest.testcase.DetailCase.pbxcase.Queue" />
                <testcase name="E1_key0_hangup" time="34.539" classname="com.yeastar.swebtest.testcase.DetailCase.pbxcase.Queue" />
                <testcase name="B2_AddInbound" time="31.084" classname="com.yeastar.swebtest.testcase.DetailCase.pbxcase.Queue" />
                <testcase name="I2_fewestcalls" time="51.128" classname="com.yeastar.swebtest.testcase.DetailCase.pbxcase.Queue" />
                <testcase name="D5_fail_ringgroup" time="45.548" classname="com.yeastar.swebtest.testcase.DetailCase.pbxcase.Queue" />
                <testcase name="E8_key7_DialbyName" time="53.572" classname="com.yeastar.swebtest.testcase.DetailCase.pbxcase.Queue" />
                <testcase name="G9_warp_time20" time="105.678" classname="com.yeastar.swebtest.testcase.DetailCase.pbxcase.Queue" />
                <testcase name="E3_key2_voicemail3_login" time="21.011" classname="com.yeastar.swebtest.testcase.DetailCase.pbxcase.Queue" />
                <testcase name="J1_random" time="0.001" classname="com.yeastar.swebtest.testcase.DetailCase.pbxcase.Queue" />
                <testcase name="C2_sip_6701" time="55.091" classname="com.yeastar.swebtest.testcase.DetailCase.pbxcase.Queue" />
                <testcase name="B2_AddInbound" time="30.595" classname="com.yeastar.swebtest.testcase.DetailCase.pbxcase.Queue" />
                <testcase name="A2_AddQueues" time="45.592" classname="com.yeastar.swebtest.testcase.DetailCase.pbxcase.Queue" />
                <testcase name="G2_JoinAnnouncement" time="113.618" classname="com.yeastar.swebtest.testcase.DetailCase.pbxcase.Queue" />
                <testcase name="C4_spx_6701" time="49.165" classname="com.yeastar.swebtest.testcase.DetailCase.pbxcase.Queue" />
                <testcase name="N3_leave_join_empty" time="28.925" classname="com.yeastar.swebtest.testcase.DetailCase.pbxcase.Queue" />
                <testcase name="L2_linear" time="143.648" classname="com.yeastar.swebtest.testcase.DetailCase.pbxcase.Queue" />
                <testcase name="A2_AddQueues" time="46.663" classname="com.yeastar.swebtest.testcase.DetailCase.pbxcase.Queue" />
                <testcase name="G9_warp_time0" time="71.831" classname="com.yeastar.swebtest.testcase.DetailCase.pbxcase.Queue" />
                <testcase name="C6_bri_6701" time="57.373" classname="com.yeastar.swebtest.testcase.DetailCase.pbxcase.Queue" />
                <testcase name="E5_key4_ringgroup" time="45.557" classname="com.yeastar.swebtest.testcase.DetailCase.pbxcase.Queue" />
                <testcase name="A2_AddQueues" time="43.924" classname="com.yeastar.swebtest.testcase.DetailCase.pbxcase.Queue" />
                <testcase name="N2_leave_join_empty" time="10.076" classname="com.yeastar.swebtest.testcase.DetailCase.pbxcase.Queue" />
                <testcase name="H2_leastRecent" time="39.596" classname="com.yeastar.swebtest.testcase.DetailCase.pbxcase.Queue" />
                <testcase name="O1_delete" time="70.037" classname="com.yeastar.swebtest.testcase.DetailCase.pbxcase.Queue" />
                <testcase name="G6_CallerPosition" time="0.000" classname="com.yeastar.swebtest.testcase.DetailCase.pbxcase.Queue" />
                <testcase name="K2_rrmemory" time="43.111" classname="com.yeastar.swebtest.testcase.DetailCase.pbxcase.Queue" />
                <testcase name="B2_AddInbound" time="30.938" classname="com.yeastar.swebtest.testcase.DetailCase.pbxcase.Queue" />
                <testcase name="B1_AddInbound" time="20.204" classname="com.yeastar.swebtest.testcase.DetailCase.pbxcase.Queue" />
                <testcase name="B2_AddInbound" time="30.963" classname="com.yeastar.swebtest.testcase.DetailCase.pbxcase.Queue" />
                <testcase name="M1_ringall" time="124.172" classname="com.yeastar.swebtest.testcase.DetailCase.pbxcase.Queue" />
                <testcase name="N7_leave_join_empty" time="28.790" classname="com.yeastar.swebtest.testcase.DetailCase.pbxcase.Queue" />
                <testcase name="D4_fail_ivr" time="49.168" classname="com.yeastar.swebtest.testcase.DetailCase.pbxcase.Queue" />
                <testcase name="C5_fxo_6701" time="54.709" classname="com.yeastar.swebtest.testcase.DetailCase.pbxcase.Queue" />
                <testcase name="N4_leave_join_empty" time="1.161" classname="com.yeastar.swebtest.testcase.DetailCase.pbxcase.Queue" />
                <testcase name="A2_AddQueues" time="50.437" classname="com.yeastar.swebtest.testcase.DetailCase.pbxcase.Queue" />
                <testcase name="G7_PeriodicAnnouncements" time="0.000" classname="com.yeastar.swebtest.testcase.DetailCase.pbxcase.Queue" />
                <testcase name="A2_AddQueues" time="49.551" classname="com.yeastar.swebtest.testcase.DetailCase.pbxcase.Queue" />
                <testcase name="F5_dynamic_login6710" time="23.460" classname="com.yeastar.swebtest.testcase.DetailCase.pbxcase.Queue" />
                <testcase name="D6_fail_queue" time="48.837" classname="com.yeastar.swebtest.testcase.DetailCase.pbxcase.Queue" />
                <testcase name="A2_AddQueues" time="45.759" classname="com.yeastar.swebtest.testcase.DetailCase.pbxcase.Queue" />
                <testcase name="P1_recovery" time="37.479" classname="com.yeastar.swebtest.testcase.DetailCase.pbxcase.Queue" />
                <testcase name="A2_AddQueues" time="42.155" classname="com.yeastar.swebtest.testcase.DetailCase.pbxcase.Queue" />
                <testcase name="B3_Apply" time="8.087" classname="com.yeastar.swebtest.testcase.DetailCase.pbxcase.Queue" />
                <testcase name="A2_AddQueues" time="37.399" classname="com.yeastar.swebtest.testcase.DetailCase.pbxcase.Queue" />
                <testcase name="A2_AddQueues" time="37.118" classname="com.yeastar.swebtest.testcase.DetailCase.pbxcase.Queue" />
                <testcase name="F9_dynamic_login6714" time="30.548" classname="com.yeastar.swebtest.testcase.DetailCase.pbxcase.Queue" />
                <testcase name="B2_AddInbound" time="31.003" classname="com.yeastar.swebtest.testcase.DetailCase.pbxcase.Queue" />
                <testcase name="B2_AddInbound" time="29.920" classname="com.yeastar.swebtest.testcase.DetailCase.pbxcase.Queue" />
                <testcase name="B2_AddInbound" time="31.764" classname="com.yeastar.swebtest.testcase.DetailCase.pbxcase.Queue" />
                <testcase name="E7_key6_conference" time="50.533" classname="com.yeastar.swebtest.testcase.DetailCase.pbxcase.Queue" />
                <testcase name="I1_fewestcalls" time="77.984" classname="com.yeastar.swebtest.testcase.DetailCase.pbxcase.Queue" />
                <testcase name="F2_dynamic_call6701" time="45.855" classname="com.yeastar.swebtest.testcase.DetailCase.pbxcase.Queue" />
                <testcase name="B2_AddInbound" time="32.392" classname="com.yeastar.swebtest.testcase.DetailCase.pbxcase.Queue" />
                <testcase name="B2_AddInbound" time="30.864" classname="com.yeastar.swebtest.testcase.DetailCase.pbxcase.Queue" />
                <testcase name="E6_key5_queue" time="42.371" classname="com.yeastar.swebtest.testcase.DetailCase.pbxcase.Queue" />
                <testcase name="A2_AddQueues" time="47.258" classname="com.yeastar.swebtest.testcase.DetailCase.pbxcase.Queue" />
                <testcase name="L1_linear" time="186.948" classname="com.yeastar.swebtest.testcase.DetailCase.pbxcase.Queue" />
                <testcase name="E3_key2_voicemail1" time="59.510" classname="com.yeastar.swebtest.testcase.DetailCase.pbxcase.Queue" />
                <testcase name="N5_leave_join_empty" time="32.492" classname="com.yeastar.swebtest.testcase.DetailCase.pbxcase.Queue" />
                <testcase name="D3_fail_voicemail2_check" time="25.010" classname="com.yeastar.swebtest.testcase.DetailCase.pbxcase.Queue" />
                <testcase name="F6_dynamic_login6711" time="38.954" classname="com.yeastar.swebtest.testcase.DetailCase.pbxcase.Queue" />
                <testcase name="C8_gsm_6701" time="0.000" classname="com.yeastar.swebtest.testcase.DetailCase.pbxcase.Queue" />
                <testcase name="C1_sps_6701" time="49.590" classname="com.yeastar.swebtest.testcase.DetailCase.pbxcase.Queue" />
                <testcase name="K1_rrmemory" time="94.066" classname="com.yeastar.swebtest.testcase.DetailCase.pbxcase.Queue" />
                <testcase name="G3_MusicOnHold2" time="42.384" classname="com.yeastar.swebtest.testcase.DetailCase.pbxcase.Queue" />
                <testcase name="H1_leastRecent" time="70.959" classname="com.yeastar.swebtest.testcase.DetailCase.pbxcase.Queue" />
                <testcase name="D3_fail_voicemail3_login" time="21.595" classname="com.yeastar.swebtest.testcase.DetailCase.pbxcase.Queue" />
                <testcase name="D7_fail_conference" time="51.970" classname="com.yeastar.swebtest.testcase.DetailCase.pbxcase.Queue" />
                <testcase name="F1_dynamic_login6701" time="32.265" classname="com.yeastar.swebtest.testcase.DetailCase.pbxcase.Queue" />
                <testcase name="B2_AddInbound" time="31.669" classname="com.yeastar.swebtest.testcase.DetailCase.pbxcase.Queue" />
                <testcase name="I3_fewestcalls" time="48.371" classname="com.yeastar.swebtest.testcase.DetailCase.pbxcase.Queue" />
                <testcase name="E3_key2_voicemail2_check" time="25.497" classname="com.yeastar.swebtest.testcase.DetailCase.pbxcase.Queue" />
                <testcase name="D1_fail_hangup" time="12.135" classname="com.yeastar.swebtest.testcase.DetailCase.pbxcase.Queue" />
      
</testsuite>
