<?xml version="1.0" encoding="UTF-8"?>
<testsuite name="pbxcore"
           tests="88"
           failures="2"
           errors="0"
           skipped="0"
           time="5590.645">
  <properties />
            <testcase name="B1_checkTrunk" time="41.140" classname="com.yeastar.swebtest.testcase.DetailCase.pbxcase.InboundRoutes">
                <failure type="java.lang.AssertionError"
                  message=" 录音失败"
              >
<![CDATA[java.lang.AssertionError:  录音失败
  com.yeastar.swebtest.tools.ysassert.YsAssert.fail(YsAssert.java:1086)
  com.yeastar.swebtest.testcase.RegressionCase.pbxcase.Inbound.A_callfrom1_sip(Inbound.java:66)
  com.yeastar.swebtest.testcase.DetailCase.pbxcase.InboundRoutes.B1_checkTrunk(InboundRoutes.java:105)
  sun.reflect.NativeMethodAccessorImpl.invoke0(Native Method)
  sun.reflect.NativeMethodAccessorImpl.invoke(NativeMethodAccessorImpl.java:62)
  sun.reflect.DelegatingMethodAccessorImpl.invoke(DelegatingMethodAccessorImpl.java:43)
  java.lang.reflect.Method.invoke(Method.java:498)
  org.testng.internal.MethodInvocationHelper.invokeMethod(MethodInvocationHelper.java:85)
  org.testng.internal.Invoker.invokeMethod(Invoker.java:639)
  org.testng.internal.Invoker.invokeTestMethod(Invoker.java:816)
  org.testng.internal.Invoker.invokeTestMethods(Invoker.java:1124)
  org.testng.internal.TestMethodWorker.invokeTestMethods(TestMethodWorker.java:125)
  org.testng.internal.TestMethodWorker.run(TestMethodWorker.java:108)
  org.testng.TestRunner.privateRun(TestRunner.java:774)
  org.testng.TestRunner.run(TestRunner.java:624)
  org.testng.SuiteRunner.runTest(SuiteRunner.java:359)
  org.testng.SuiteRunner.runSequentially(SuiteRunner.java:354)
  org.testng.SuiteRunner.privateRun(SuiteRunner.java:312)
  org.testng.SuiteRunner.run(SuiteRunner.java:261)
  org.testng.SuiteRunnerWorker.runSuite(SuiteRunnerWorker.java:52)
  org.testng.SuiteRunnerWorker.run(SuiteRunnerWorker.java:86)
  org.testng.TestNG.runSuitesSequentially(TestNG.java:1215)
  org.testng.TestNG.runSuitesLocally(TestNG.java:1140)
  org.testng.TestNG.run(TestNG.java:1048)
  org.apache.maven.surefire.testng.TestNGExecutor.run(TestNGExecutor.java:293)
  org.apache.maven.surefire.testng.TestNGXmlTestSuite.execute(TestNGXmlTestSuite.java:84)
  org.apache.maven.surefire.testng.TestNGProvider.invoke(TestNGProvider.java:91)
  org.apache.maven.surefire.booter.ForkedBooter.invokeProviderInSameClassLoader(ForkedBooter.java:200)
  org.apache.maven.surefire.booter.ForkedBooter.runSuitesInProcess(ForkedBooter.java:153)
  org.apache.maven.surefire.booter.ForkedBooter.main(ForkedBooter.java:103)
]]>
      </failure>

          </testcase>
            <testcase name="Q_recovery5" time="23.236" classname="com.yeastar.swebtest.testcase.DetailCase.pbxcase.InboundRoutes">
                <failure type="com.codeborne.selenide.ex.ElementNotFound"
                  message="Element not found {By.xpath: .//div[@id='st-feature-extenspermission']//a[@data-qtip='Remove All from Selected']}
Expected: exist"
              >
<![CDATA[Element not found {By.xpath: .//div[@id='st-feature-extenspermission']//a[@data-qtip='Remove All from Selected']}
Expected: exist
Screenshot: file:/F:/MyProject/SwebTest/build/reports/tests/1524177716733.2.png
Timeout: 15 s.
Caused by: WebDriverException: unknown error: Element <a class="x-btn x-form-itemselector-btn x-unselectable x-box-item x-toolbar-item x-btn-default-small" style="margin: 0px; right: auto; left: 0px; top: 149px;" hidefocus="on" unselectable="on" role="button" aria-hidden="false" aria-disabled="false" aria-label="Remove All from Selected" id="button-14338" tabindex="-1" data-qtip="Remove All from Selected" data-componentid="button-14338">...</a> is not clickable at point (941, 573). Other element would receive the click: <div class="x-css-shadow" role="presentation" id="ext-element-82" style="box-shadow: rgb(136, 136, 136) 0px 0px 6px; right: auto; left: 602px; top: 315px; width: 700px; height: 396px; z-index: 29000;"></div>
  com.codeborne.selenide.impl.WebElementSource.createElementNotFoundError(WebElementSource.java:31)
  com.codeborne.selenide.impl.ElementFinder.createElementNotFoundError(ElementFinder.java:82)
  com.codeborne.selenide.impl.SelenideElementProxy.dispatchAndRetry(SelenideElementProxy.java:115)
  com.codeborne.selenide.impl.SelenideElementProxy.invoke(SelenideElementProxy.java:62)
  com.sun.proxy.$Proxy6.click(Unknown Source)
  com.yeastar.swebtest.testcase.DetailCase.pbxcase.InboundRoutes.Q_recovery5(InboundRoutes.java:2431)
  sun.reflect.NativeMethodAccessorImpl.invoke0(Native Method)
  sun.reflect.NativeMethodAccessorImpl.invoke(NativeMethodAccessorImpl.java:62)
  sun.reflect.DelegatingMethodAccessorImpl.invoke(DelegatingMethodAccessorImpl.java:43)
  java.lang.reflect.Method.invoke(Method.java:498)
  org.testng.internal.MethodInvocationHelper.invokeMethod(MethodInvocationHelper.java:85)
  org.testng.internal.Invoker.invokeMethod(Invoker.java:639)
  org.testng.internal.Invoker.invokeTestMethod(Invoker.java:816)
  org.testng.internal.Invoker.invokeTestMethods(Invoker.java:1124)
  org.testng.internal.TestMethodWorker.invokeTestMethods(TestMethodWorker.java:125)
  org.testng.internal.TestMethodWorker.run(TestMethodWorker.java:108)
  org.testng.TestRunner.privateRun(TestRunner.java:774)
  org.testng.TestRunner.run(TestRunner.java:624)
  org.testng.SuiteRunner.runTest(SuiteRunner.java:359)
  org.testng.SuiteRunner.runSequentially(SuiteRunner.java:354)
  org.testng.SuiteRunner.privateRun(SuiteRunner.java:312)
  org.testng.SuiteRunner.run(SuiteRunner.java:261)
  org.testng.SuiteRunnerWorker.runSuite(SuiteRunnerWorker.java:52)
  org.testng.SuiteRunnerWorker.run(SuiteRunnerWorker.java:86)
  org.testng.TestNG.runSuitesSequentially(TestNG.java:1215)
  org.testng.TestNG.runSuitesLocally(TestNG.java:1140)
  org.testng.TestNG.run(TestNG.java:1048)
  org.apache.maven.surefire.testng.TestNGExecutor.run(TestNGExecutor.java:293)
  org.apache.maven.surefire.testng.TestNGXmlTestSuite.execute(TestNGXmlTestSuite.java:84)
  org.apache.maven.surefire.testng.TestNGProvider.invoke(TestNGProvider.java:91)
  org.apache.maven.surefire.booter.ForkedBooter.invokeProviderInSameClassLoader(ForkedBooter.java:200)
  org.apache.maven.surefire.booter.ForkedBooter.runSuitesInProcess(ForkedBooter.java:153)
  org.apache.maven.surefire.booter.ForkedBooter.main(ForkedBooter.java:103)
Caused by: org.openqa.selenium.WebDriverException: unknown error: Element <a class="x-btn x-form-itemselector-btn x-unselectable x-box-item x-toolbar-item x-btn-default-small" style="margin: 0px; right: auto; left: 0px; top: 149px;" hidefocus="on" unselectable="on" role="button" aria-hidden="false" aria-disabled="false" aria-label="Remove All from Selected" id="button-14338" tabindex="-1" data-qtip="Remove All from Selected" data-componentid="button-14338">...</a> is not clickable at point (941, 573). Other element would receive the click: <div class="x-css-shadow" role="presentation" id="ext-element-82" style="box-shadow: rgb(136, 136, 136) 0px 0px 6px; right: auto; left: 602px; top: 315px; width: 700px; height: 396px; z-index: 29000;"></div>
  (Session info: chrome=64.0.3282.140)
  (Driver info: chromedriver=2.33.506120 (e3e53437346286c0bc2d2dc9aa4915ba81d9023f),platform=Windows NT 6.1.7601 SP1 x86_64) (WARNING: The server did not provide any stacktrace information)
Command duration or timeout: 25 milliseconds
Build info: version: '2.53.1', revision: 'a36b8b1cd5757287168e54b817830adce9b0158d', time: '2016-06-30 19:26:09'
System info: host: 'Yeastar-PC', ip: '192.168.11.194', os.name: 'Windows 7', os.arch: 'x86', os.version: '6.1', java.version: '1.8.0_121'
Driver info: org.openqa.selenium.chrome.ChromeDriver
Capabilities [{applicationCacheEnabled=false, rotatable=false, mobileEmulationEnabled=false, networkConnectionEnabled=false, chrome={chromedriverVersion=2.33.506120 (e3e53437346286c0bc2d2dc9aa4915ba81d9023f), userDataDir=C:\Users\Yeastar\AppData\Local\Temp\scoped_dir4436_23960}, takesHeapSnapshot=true, pageLoadStrategy=normal, databaseEnabled=false, handlesAlerts=true, hasTouchScreen=false, version=64.0.3282.140, platform=XP, browserConnectionEnabled=false, nativeEvents=true, acceptSslCerts=true, locationContextEnabled=true, webStorageEnabled=true, browserName=chrome, takesScreenshot=true, javascriptEnabled=true, cssSelectorsEnabled=true, setWindowRect=true, unexpectedAlertBehaviour=}]
Session ID: 9445b6fcc672cdee9106bcaae1758c58
  sun.reflect.GeneratedConstructorAccessor39.newInstance(Unknown Source)
  sun.reflect.DelegatingConstructorAccessorImpl.newInstance(DelegatingConstructorAccessorImpl.java:45)
  java.lang.reflect.Constructor.newInstance(Constructor.java:423)
  org.openqa.selenium.remote.ErrorHandler.createThrowable(ErrorHandler.java:206)
  org.openqa.selenium.remote.ErrorHandler.throwIfResponseFailed(ErrorHandler.java:158)
  org.openqa.selenium.remote.RemoteWebDriver.execute(RemoteWebDriver.java:678)
  org.openqa.selenium.remote.RemoteWebElement.execute(RemoteWebElement.java:327)
  org.openqa.selenium.remote.RemoteWebElement.click(RemoteWebElement.java:85)
  com.codeborne.selenide.commands.Click.click(Click.java:22)
  com.codeborne.selenide.commands.Click.execute(Click.java:14)
  com.codeborne.selenide.commands.Click.execute(Click.java:11)
  com.codeborne.selenide.commands.Commands.execute(Commands.java:140)
  com.codeborne.selenide.impl.SelenideElementProxy.dispatchAndRetry(SelenideElementProxy.java:86)
  com.codeborne.selenide.impl.SelenideElementProxy.invoke(SelenideElementProxy.java:62)
  com.sun.proxy.$Proxy6.click(Unknown Source)
  com.yeastar.swebtest.testcase.DetailCase.pbxcase.InboundRoutes.Q_recovery5(InboundRoutes.java:2431)
  sun.reflect.NativeMethodAccessorImpl.invoke0(Native Method)
  sun.reflect.NativeMethodAccessorImpl.invoke(NativeMethodAccessorImpl.java:62)
  sun.reflect.DelegatingMethodAccessorImpl.invoke(DelegatingMethodAccessorImpl.java:43)
  java.lang.reflect.Method.invoke(Method.java:498)
  org.testng.internal.MethodInvocationHelper.invokeMethod(MethodInvocationHelper.java:85)
  org.testng.internal.Invoker.invokeMethod(Invoker.java:639)
  org.testng.internal.Invoker.invokeTestMethod(Invoker.java:816)
  org.testng.internal.Invoker.invokeTestMethods(Invoker.java:1124)
  org.testng.internal.TestMethodWorker.invokeTestMethods(TestMethodWorker.java:125)
  org.testng.internal.TestMethodWorker.run(TestMethodWorker.java:108)
  org.testng.TestRunner.privateRun(TestRunner.java:774)
  org.testng.TestRunner.run(TestRunner.java:624)
  org.testng.SuiteRunner.runTest(SuiteRunner.java:359)
  org.testng.SuiteRunner.runSequentially(SuiteRunner.java:354)
  org.testng.SuiteRunner.privateRun(SuiteRunner.java:312)
  org.testng.SuiteRunner.run(SuiteRunner.java:261)
  org.testng.SuiteRunnerWorker.runSuite(SuiteRunnerWorker.java:52)
  org.testng.SuiteRunnerWorker.run(SuiteRunnerWorker.java:86)
  org.testng.TestNG.runSuitesSequentially(TestNG.java:1215)
  org.testng.TestNG.runSuitesLocally(TestNG.java:1140)
  org.testng.TestNG.run(TestNG.java:1048)
  org.apache.maven.surefire.testng.TestNGExecutor.run(TestNGExecutor.java:293)
  org.apache.maven.surefire.testng.TestNGXmlTestSuite.execute(TestNGXmlTestSuite.java:84)
  org.apache.maven.surefire.testng.TestNGProvider.invoke(TestNGProvider.java:91)
  org.apache.maven.surefire.booter.ForkedBooter.invokeProviderInSameClassLoader(ForkedBooter.java:200)
  org.apache.maven.surefire.booter.ForkedBooter.runSuitesInProcess(ForkedBooter.java:153)
  org.apache.maven.surefire.booter.ForkedBooter.main(ForkedBooter.java:103)
]]>
      </failure>

          </testcase>
  
  
            <testcase name="I6_timecondition_outbound_spx" time="84.033" classname="com.yeastar.swebtest.testcase.DetailCase.pbxcase.InboundRoutes" />
                <testcase name="B2_checkDID" time="78.547" classname="com.yeastar.swebtest.testcase.DetailCase.pbxcase.InboundRoutes" />
                <testcase name="I9_timecondition_extensionRange" time="118.200" classname="com.yeastar.swebtest.testcase.DetailCase.pbxcase.InboundRoutes" />
                <testcase name="E1_Outbound_sip" time="66.961" classname="com.yeastar.swebtest.testcase.DetailCase.pbxcase.InboundRoutes" />
                <testcase name="K4_deleteAllRoute_yes" time="13.406" classname="com.yeastar.swebtest.testcase.DetailCase.pbxcase.InboundRoutes" />
                <testcase name="K2_deletePartRoute_yes" time="13.377" classname="com.yeastar.swebtest.testcase.DetailCase.pbxcase.InboundRoutes" />
                <testcase name="I8_timecondition_outbound_e1" time="0.000" classname="com.yeastar.swebtest.testcase.DetailCase.pbxcase.InboundRoutes" />
                <testcase name="C2_checkPriority1" time="65.275" classname="com.yeastar.swebtest.testcase.DetailCase.pbxcase.InboundRoutes" />
                <testcase name="B2_checkDID" time="80.670" classname="com.yeastar.swebtest.testcase.DetailCase.pbxcase.InboundRoutes" />
                <testcase name="M2_deleteOneRoute_yes" time="27.805" classname="com.yeastar.swebtest.testcase.DetailCase.pbxcase.InboundRoutes" />
                <testcase name="I4_timecondition_outbound_sip" time="47.759" classname="com.yeastar.swebtest.testcase.DetailCase.pbxcase.InboundRoutes" />
                <testcase name="P2_checkSPX" time="28.820" classname="com.yeastar.swebtest.testcase.DetailCase.pbxcase.InboundRoutes" />
                <testcase name="Q_recovery4" time="15.947" classname="com.yeastar.swebtest.testcase.DetailCase.pbxcase.InboundRoutes" />
                <testcase name="B2_checkDID" time="78.495" classname="com.yeastar.swebtest.testcase.DetailCase.pbxcase.InboundRoutes" />
                <testcase name="G2_otherTime1" time="85.392" classname="com.yeastar.swebtest.testcase.DetailCase.pbxcase.InboundRoutes" />
                <testcase name="H2_checkFeatureCode3" time="61.360" classname="com.yeastar.swebtest.testcase.DetailCase.pbxcase.InboundRoutes" />
                <testcase name="G9_timeOrder1" time="74.362" classname="com.yeastar.swebtest.testcase.DetailCase.pbxcase.InboundRoutes" />
                <testcase name="L2_checkDIDPriority1" time="29.808" classname="com.yeastar.swebtest.testcase.DetailCase.pbxcase.InboundRoutes" />
                <testcase name="B5_checkDIDAndCaller" time="103.160" classname="com.yeastar.swebtest.testcase.DetailCase.pbxcase.InboundRoutes" />
                <testcase name="C2_checkPriority3" time="102.428" classname="com.yeastar.swebtest.testcase.DetailCase.pbxcase.InboundRoutes" />
                <testcase name="B6_editDIDAndCaller" time="31.455" classname="com.yeastar.swebtest.testcase.DetailCase.pbxcase.InboundRoutes" />
                <testcase name="E5_Outbound_e1" time="0.001" classname="com.yeastar.swebtest.testcase.DetailCase.pbxcase.InboundRoutes" />
                <testcase name="I1_Disa" time="36.460" classname="com.yeastar.swebtest.testcase.DetailCase.pbxcase.InboundRoutes" />
                <testcase name="K1_deletePartRoute_no" time="53.542" classname="com.yeastar.swebtest.testcase.DetailCase.pbxcase.InboundRoutes" />
                <testcase name="I5_timecondition_outbound_iax" time="70.083" classname="com.yeastar.swebtest.testcase.DetailCase.pbxcase.InboundRoutes" />
                <testcase name="G6_checkPriority_NoHoliday" time="32.016" classname="com.yeastar.swebtest.testcase.DetailCase.pbxcase.InboundRoutes" />
                <testcase name="G2_otherTime2" time="240.582" classname="com.yeastar.swebtest.testcase.DetailCase.pbxcase.InboundRoutes" />
                <testcase name="H2_checkFeatureCode2" time="57.511" classname="com.yeastar.swebtest.testcase.DetailCase.pbxcase.InboundRoutes" />
                <testcase name="C1_addRoute" time="444.205" classname="com.yeastar.swebtest.testcase.DetailCase.pbxcase.InboundRoutes" />
                <testcase name="N_checkCallerIDPriority2" time="28.906" classname="com.yeastar.swebtest.testcase.DetailCase.pbxcase.InboundRoutes" />
                <testcase name="G1_addTimeCondition" time="51.322" classname="com.yeastar.swebtest.testcase.DetailCase.pbxcase.InboundRoutes" />
                <testcase name="M3_editRoute" time="62.788" classname="com.yeastar.swebtest.testcase.DetailCase.pbxcase.InboundRoutes" />
                <testcase name="E3_Outbound_spx" time="69.896" classname="com.yeastar.swebtest.testcase.DetailCase.pbxcase.InboundRoutes" />
                <testcase name="A_addExtensions" time="48.059" classname="com.yeastar.swebtest.testcase.DetailCase.pbxcase.InboundRoutes" />
                <testcase name="B2_checkDID" time="78.581" classname="com.yeastar.swebtest.testcase.DetailCase.pbxcase.InboundRoutes" />
                <testcase name="Q_recovery" time="56.648" classname="com.yeastar.swebtest.testcase.DetailCase.pbxcase.InboundRoutes" />
                <testcase name="I2_callBack" time="72.885" classname="com.yeastar.swebtest.testcase.DetailCase.pbxcase.InboundRoutes" />
                <testcase name="D2_FxsExtensions" time="53.111" classname="com.yeastar.swebtest.testcase.DetailCase.pbxcase.InboundRoutes" />
                <testcase name="B2_checkDID" time="78.465" classname="com.yeastar.swebtest.testcase.DetailCase.pbxcase.InboundRoutes" />
                <testcase name="C2_checkPriority4_deleteRoute" time="22.812" classname="com.yeastar.swebtest.testcase.DetailCase.pbxcase.InboundRoutes" />
                <testcase name="L1_import" time="16.661" classname="com.yeastar.swebtest.testcase.DetailCase.pbxcase.InboundRoutes" />
                <testcase name="B2_checkDID" time="77.185" classname="com.yeastar.swebtest.testcase.DetailCase.pbxcase.InboundRoutes" />
                <testcase name="G5_addTime1_noWorkday" time="33.222" classname="com.yeastar.swebtest.testcase.DetailCase.pbxcase.InboundRoutes" />
                <testcase name="M1_deleteOneRoute_no" time="19.752" classname="com.yeastar.swebtest.testcase.DetailCase.pbxcase.InboundRoutes" />
                <testcase name="B2_checkDID" time="77.181" classname="com.yeastar.swebtest.testcase.DetailCase.pbxcase.InboundRoutes" />
                <testcase name="E4_Outbound_bri" time="103.087" classname="com.yeastar.swebtest.testcase.DetailCase.pbxcase.InboundRoutes" />
                <testcase name="B2_checkDID" time="77.287" classname="com.yeastar.swebtest.testcase.DetailCase.pbxcase.InboundRoutes" />
                <testcase name="J1_disTimeCondition" time="64.364" classname="com.yeastar.swebtest.testcase.DetailCase.pbxcase.InboundRoutes" />
                <testcase name="N_checkCallerIDPriority1" time="30.030" classname="com.yeastar.swebtest.testcase.DetailCase.pbxcase.InboundRoutes" />
                <testcase name="D4_Voicemail" time="56.368" classname="com.yeastar.swebtest.testcase.DetailCase.pbxcase.InboundRoutes" />
                <testcase name="C2_checkPriority2" time="84.516" classname="com.yeastar.swebtest.testcase.DetailCase.pbxcase.InboundRoutes" />
                <testcase name="B2_checkDID" time="78.493" classname="com.yeastar.swebtest.testcase.DetailCase.pbxcase.InboundRoutes" />
                <testcase name="L3_checkDIDPriority2" time="47.200" classname="com.yeastar.swebtest.testcase.DetailCase.pbxcase.InboundRoutes" />
                <testcase name="B2_checkDID" time="80.294" classname="com.yeastar.swebtest.testcase.DetailCase.pbxcase.InboundRoutes" />
                <testcase name="I7_timecondition_outbound_bri" time="67.444" classname="com.yeastar.swebtest.testcase.DetailCase.pbxcase.InboundRoutes" />
                <testcase name="B3_checkCaller1" time="77.470" classname="com.yeastar.swebtest.testcase.DetailCase.pbxcase.InboundRoutes" />
                <testcase name="G4_holiday" time="81.458" classname="com.yeastar.swebtest.testcase.DetailCase.pbxcase.InboundRoutes" />
                <testcase name="C2_checkPriority5" time="63.467" classname="com.yeastar.swebtest.testcase.DetailCase.pbxcase.InboundRoutes" />
                <testcase name="J2_deleteConference" time="20.936" classname="com.yeastar.swebtest.testcase.DetailCase.pbxcase.InboundRoutes" />
                <testcase name="C3_recoveryRingGroup" time="30.673" classname="com.yeastar.swebtest.testcase.DetailCase.pbxcase.InboundRoutes" />
                <testcase name="G7_checkPriority_NoWorkday" time="64.595" classname="com.yeastar.swebtest.testcase.DetailCase.pbxcase.InboundRoutes" />
                <testcase name="I8_timecondition_outbound_account" time="0.000" classname="com.yeastar.swebtest.testcase.DetailCase.pbxcase.InboundRoutes" />
                <testcase name="H2_checkFeatureCode1" time="19.194" classname="com.yeastar.swebtest.testcase.DetailCase.pbxcase.InboundRoutes" />
                <testcase name="G3_workday" time="75.468" classname="com.yeastar.swebtest.testcase.DetailCase.pbxcase.InboundRoutes" />
                <testcase name="G9_timeOrder3" time="74.900" classname="com.yeastar.swebtest.testcase.DetailCase.pbxcase.InboundRoutes" />
                <testcase name="Q_recovery2" time="27.450" classname="com.yeastar.swebtest.testcase.DetailCase.pbxcase.InboundRoutes" />
                <testcase name="P1_checkSPS" time="32.400" classname="com.yeastar.swebtest.testcase.DetailCase.pbxcase.InboundRoutes" />
                <testcase name="H1_FeatureCode2" time="22.455" classname="com.yeastar.swebtest.testcase.DetailCase.pbxcase.InboundRoutes" />
                <testcase name="G9_timeOrder2" time="68.297" classname="com.yeastar.swebtest.testcase.DetailCase.pbxcase.InboundRoutes" />
                <testcase name="L4_checkDIDPriority3" time="31.883" classname="com.yeastar.swebtest.testcase.DetailCase.pbxcase.InboundRoutes" />
                <testcase name="I3_FxsExtension" time="59.703" classname="com.yeastar.swebtest.testcase.DetailCase.pbxcase.InboundRoutes" />
                <testcase name="D1_Hangup" time="41.787" classname="com.yeastar.swebtest.testcase.DetailCase.pbxcase.InboundRoutes" />
                <testcase name="B2_checkDID" time="95.770" classname="com.yeastar.swebtest.testcase.DetailCase.pbxcase.InboundRoutes" />
                <testcase name="Q_recovery3" time="17.204" classname="com.yeastar.swebtest.testcase.DetailCase.pbxcase.InboundRoutes" />
                <testcase name="O_deleteAllRoute" time="16.979" classname="com.yeastar.swebtest.testcase.DetailCase.pbxcase.InboundRoutes" />
                <testcase name="H2_checkFeatureCode4" time="66.896" classname="com.yeastar.swebtest.testcase.DetailCase.pbxcase.InboundRoutes" />
                <testcase name="J3_checkConference" time="14.755" classname="com.yeastar.swebtest.testcase.DetailCase.pbxcase.InboundRoutes" />
                <testcase name="E2_Outbound_iax" time="68.566" classname="com.yeastar.swebtest.testcase.DetailCase.pbxcase.InboundRoutes" />
                <testcase name="G8_timeDelay" time="334.044" classname="com.yeastar.swebtest.testcase.DetailCase.pbxcase.InboundRoutes" />
                <testcase name="D3_ExtensionRange" time="243.474" classname="com.yeastar.swebtest.testcase.DetailCase.pbxcase.InboundRoutes" />
                <testcase name="H3_editDestination" time="60.196" classname="com.yeastar.swebtest.testcase.DetailCase.pbxcase.InboundRoutes" />
                <testcase name="G5_addTime2_noHoliday" time="27.986" classname="com.yeastar.swebtest.testcase.DetailCase.pbxcase.InboundRoutes" />
                <testcase name="H1_FeatureCode1" time="24.840" classname="com.yeastar.swebtest.testcase.DetailCase.pbxcase.InboundRoutes" />
                <testcase name="E6_Outbound_account" time="0.000" classname="com.yeastar.swebtest.testcase.DetailCase.pbxcase.InboundRoutes" />
                <testcase name="K3_deleteAllRoute_no" time="9.780" classname="com.yeastar.swebtest.testcase.DetailCase.pbxcase.InboundRoutes" />
                <testcase name="B4_checkCaller2" time="75.426" classname="com.yeastar.swebtest.testcase.DetailCase.pbxcase.InboundRoutes" />
      
</testsuite>
