<?xml version="1.0" encoding="UTF-8"?>
<!-- Generated by org.testng.reporters.JUnitReportReporter -->
<testsuite hostname="Yeastar-PC" name="com.yeastar.swebtest.testcase.DetailCase.pbxcase.Paging_Intercom" tests="18" failures="1" timestamp="20 Apr 2018 01:18:00 GMT" time="530.970" errors="0">
  <testcase name="I_Recovery" time="9.090" classname="com.yeastar.swebtest.testcase.DetailCase.pbxcase.Paging_Intercom"/>
  <testcase name="B1_add_Paging6300" time="20.029" classname="com.yeastar.swebtest.testcase.DetailCase.pbxcase.Paging_Intercom"/>
  <testcase name="C1_callforward" time="9.114" classname="com.yeastar.swebtest.testcase.DetailCase.pbxcase.Paging_Intercom"/>
  <testcase name="A1_InitIntercom" time="11.565" classname="com.yeastar.swebtest.testcase.DetailCase.pbxcase.Paging_Intercom"/>
  <testcase name="G2_EditFeatureCode" time="17.061" classname="com.yeastar.swebtest.testcase.DetailCase.pbxcase.Paging_Intercom"/>
  <testcase name="A2_InitPaging" time="25.591" classname="com.yeastar.swebtest.testcase.DetailCase.pbxcase.Paging_Intercom"/>
  <testcase name="G3_newIntercom" time="41.330" classname="com.yeastar.swebtest.testcase.DetailCase.pbxcase.Paging_Intercom"/>
  <testcase name="B4_add_Paging6303" time="20.064" classname="com.yeastar.swebtest.testcase.DetailCase.pbxcase.Paging_Intercom"/>
  <testcase name="G1_intercom" time="33.930" classname="com.yeastar.swebtest.testcase.DetailCase.pbxcase.Paging_Intercom"/>
  <testcase name="B3_add_NewPage6302" time="21.068" classname="com.yeastar.swebtest.testcase.DetailCase.pbxcase.Paging_Intercom"/>
  <testcase name="E2_DisableAnswer" time="61.543" classname="com.yeastar.swebtest.testcase.DetailCase.pbxcase.Paging_Intercom"/>
  <testcase name="F1_followToPaging" time="31.996" classname="com.yeastar.swebtest.testcase.DetailCase.pbxcase.Paging_Intercom">
    <failure type="java.lang.AssertionError" message=" 1100、1105自动应答失败">
      <![CDATA[java.lang.AssertionError:  1100、1105自动应答失败
	at com.yeastar.swebtest.tools.ysassert.YsAssert.fail(YsAssert.java:1086)
	at com.yeastar.swebtest.testcase.DetailCase.pbxcase.Paging_Intercom.F1_followToPaging(Paging_Intercom.java:223)
	at sun.reflect.NativeMethodAccessorImpl.invoke0(Native Method)
	at sun.reflect.NativeMethodAccessorImpl.invoke(NativeMethodAccessorImpl.java:62)
	at sun.reflect.DelegatingMethodAccessorImpl.invoke(DelegatingMethodAccessorImpl.java:43)
	at java.lang.reflect.Method.invoke(Method.java:498)
	at org.testng.internal.MethodInvocationHelper.invokeMethod(MethodInvocationHelper.java:85)
	at org.testng.internal.Invoker.invokeMethod(Invoker.java:639)
	at org.testng.internal.Invoker.invokeTestMethod(Invoker.java:816)
	at org.testng.internal.Invoker.invokeTestMethods(Invoker.java:1124)
	at org.testng.internal.TestMethodWorker.invokeTestMethods(TestMethodWorker.java:125)
	at org.testng.internal.TestMethodWorker.run(TestMethodWorker.java:108)
	at org.testng.TestRunner.privateRun(TestRunner.java:774)
	at org.testng.TestRunner.run(TestRunner.java:624)
	at org.testng.SuiteRunner.runTest(SuiteRunner.java:359)
	at org.testng.SuiteRunner.runSequentially(SuiteRunner.java:354)
	at org.testng.SuiteRunner.privateRun(SuiteRunner.java:312)
	at org.testng.SuiteRunner.run(SuiteRunner.java:261)
	at org.testng.SuiteRunnerWorker.runSuite(SuiteRunnerWorker.java:52)
	at org.testng.SuiteRunnerWorker.run(SuiteRunnerWorker.java:86)
	at org.testng.TestNG.runSuitesSequentially(TestNG.java:1215)
	at org.testng.TestNG.runSuitesLocally(TestNG.java:1140)
	at org.testng.TestNG.run(TestNG.java:1048)
	at org.apache.maven.surefire.testng.TestNGExecutor.run(TestNGExecutor.java:293)
	at org.apache.maven.surefire.testng.TestNGXmlTestSuite.execute(TestNGXmlTestSuite.java:84)
	at org.apache.maven.surefire.testng.TestNGProvider.invoke(TestNGProvider.java:91)
	at org.apache.maven.surefire.booter.ForkedBooter.invokeProviderInSameClassLoader(ForkedBooter.java:200)
	at org.apache.maven.surefire.booter.ForkedBooter.runSuitesInProcess(ForkedBooter.java:153)
	at org.apache.maven.surefire.booter.ForkedBooter.main(ForkedBooter.java:103)
]]>
    </failure>
  </testcase> <!-- F1_followToPaging -->
  <testcase name="D1_1way" time="56.889" classname="com.yeastar.swebtest.testcase.DetailCase.pbxcase.Paging_Intercom"/>
  <testcase name="H_delete" time="60.638" classname="com.yeastar.swebtest.testcase.DetailCase.pbxcase.Paging_Intercom"/>
  <testcase name="E1_EnableAnswer" time="46.471" classname="com.yeastar.swebtest.testcase.DetailCase.pbxcase.Paging_Intercom"/>
  <testcase name="D2_2way" time="37.423" classname="com.yeastar.swebtest.testcase.DetailCase.pbxcase.Paging_Intercom"/>
  <testcase name="B5_Apply" time="8.154" classname="com.yeastar.swebtest.testcase.DetailCase.pbxcase.Paging_Intercom"/>
  <testcase name="B2_add_AutoPag6301" time="19.014" classname="com.yeastar.swebtest.testcase.DetailCase.pbxcase.Paging_Intercom"/>
</testsuite> <!-- com.yeastar.swebtest.testcase.DetailCase.pbxcase.Paging_Intercom -->
