<?xml version="1.0" encoding="UTF-8"?>
<!-- Generated by org.testng.reporters.JUnitReportReporter -->
<testsuite hostname="Yeastar-PC" name="com.yeastar.swebtest.testcase.DetailCase.pbxcase.InboundRoutes" tests="88" failures="2" timestamp="20 Apr 2018 01:18:00 GMT" time="5608.496" errors="0">
  <testcase name="K2_deletePartRoute_yes" time="13.414" classname="com.yeastar.swebtest.testcase.DetailCase.pbxcase.InboundRoutes"/>
  <testcase name="L2_checkDIDPriority1" time="29.830" classname="com.yeastar.swebtest.testcase.DetailCase.pbxcase.InboundRoutes"/>
  <testcase name="E3_Outbound_spx" time="69.917" classname="com.yeastar.swebtest.testcase.DetailCase.pbxcase.InboundRoutes"/>
  <testcase name="I8_timecondition_outbound_e1" time="0.163" classname="com.yeastar.swebtest.testcase.DetailCase.pbxcase.InboundRoutes"/>
  <testcase name="D4_Voicemail" time="56.413" classname="com.yeastar.swebtest.testcase.DetailCase.pbxcase.InboundRoutes"/>
  <testcase name="Q_recovery3" time="19.276" classname="com.yeastar.swebtest.testcase.DetailCase.pbxcase.InboundRoutes"/>
  <testcase name="M2_deleteOneRoute_yes" time="27.842" classname="com.yeastar.swebtest.testcase.DetailCase.pbxcase.InboundRoutes"/>
  <testcase name="G5_addTime1_noWorkday" time="33.256" classname="com.yeastar.swebtest.testcase.DetailCase.pbxcase.InboundRoutes"/>
  <testcase name="A_addExtensions" time="48.083" classname="com.yeastar.swebtest.testcase.DetailCase.pbxcase.InboundRoutes"/>
  <testcase name="H3_editDestination" time="60.231" classname="com.yeastar.swebtest.testcase.DetailCase.pbxcase.InboundRoutes"/>
  <testcase name="G5_addTime2_noHoliday" time="28.012" classname="com.yeastar.swebtest.testcase.DetailCase.pbxcase.InboundRoutes"/>
  <testcase name="C2_checkPriority2" time="84.552" classname="com.yeastar.swebtest.testcase.DetailCase.pbxcase.InboundRoutes"/>
  <testcase name="O_deleteAllRoute" time="17.014" classname="com.yeastar.swebtest.testcase.DetailCase.pbxcase.InboundRoutes"/>
  <testcase name="I8_timecondition_outbound_account" time="0.039" classname="com.yeastar.swebtest.testcase.DetailCase.pbxcase.InboundRoutes"/>
  <testcase name="H1_FeatureCode1" time="24.872" classname="com.yeastar.swebtest.testcase.DetailCase.pbxcase.InboundRoutes"/>
  <testcase name="H2_checkFeatureCode2" time="57.545" classname="com.yeastar.swebtest.testcase.DetailCase.pbxcase.InboundRoutes"/>
  <testcase name="I4_timecondition_outbound_sip" time="47.798" classname="com.yeastar.swebtest.testcase.DetailCase.pbxcase.InboundRoutes"/>
  <testcase name="B2_checkDID" time="80.317" classname="com.yeastar.swebtest.testcase.DetailCase.pbxcase.InboundRoutes"/>
  <testcase name="M1_deleteOneRoute_no" time="19.775" classname="com.yeastar.swebtest.testcase.DetailCase.pbxcase.InboundRoutes"/>
  <testcase name="E6_Outbound_account" time="0.044" classname="com.yeastar.swebtest.testcase.DetailCase.pbxcase.InboundRoutes"/>
  <testcase name="B2_checkDID" time="79.316" classname="com.yeastar.swebtest.testcase.DetailCase.pbxcase.InboundRoutes"/>
  <testcase name="H2_checkFeatureCode1" time="19.229" classname="com.yeastar.swebtest.testcase.DetailCase.pbxcase.InboundRoutes"/>
  <testcase name="I7_timecondition_outbound_bri" time="67.476" classname="com.yeastar.swebtest.testcase.DetailCase.pbxcase.InboundRoutes"/>
  <testcase name="L4_checkDIDPriority3" time="31.911" classname="com.yeastar.swebtest.testcase.DetailCase.pbxcase.InboundRoutes"/>
  <testcase name="C1_addRoute" time="444.238" classname="com.yeastar.swebtest.testcase.DetailCase.pbxcase.InboundRoutes"/>
  <testcase name="E4_Outbound_bri" time="103.114" classname="com.yeastar.swebtest.testcase.DetailCase.pbxcase.InboundRoutes"/>
  <testcase name="I3_FxsExtension" time="59.739" classname="com.yeastar.swebtest.testcase.DetailCase.pbxcase.InboundRoutes"/>
  <testcase name="G3_workday" time="75.503" classname="com.yeastar.swebtest.testcase.DetailCase.pbxcase.InboundRoutes"/>
  <testcase name="N_checkCallerIDPriority2" time="28.947" classname="com.yeastar.swebtest.testcase.DetailCase.pbxcase.InboundRoutes"/>
  <testcase name="B5_checkDIDAndCaller" time="103.208" classname="com.yeastar.swebtest.testcase.DetailCase.pbxcase.InboundRoutes"/>
  <testcase name="B2_checkDID" time="77.308" classname="com.yeastar.swebtest.testcase.DetailCase.pbxcase.InboundRoutes"/>
  <testcase name="I6_timecondition_outbound_spx" time="84.067" classname="com.yeastar.swebtest.testcase.DetailCase.pbxcase.InboundRoutes"/>
  <testcase name="H2_checkFeatureCode4" time="66.946" classname="com.yeastar.swebtest.testcase.DetailCase.pbxcase.InboundRoutes"/>
  <testcase name="B3_checkCaller1" time="77.510" classname="com.yeastar.swebtest.testcase.DetailCase.pbxcase.InboundRoutes"/>
  <testcase name="G4_holiday" time="81.495" classname="com.yeastar.swebtest.testcase.DetailCase.pbxcase.InboundRoutes"/>
  <testcase name="B1_checkTrunk" time="41.178" classname="com.yeastar.swebtest.testcase.DetailCase.pbxcase.InboundRoutes">
    <failure type="java.lang.AssertionError" message=" 录音失败">
      <![CDATA[java.lang.AssertionError:  录音失败
	at com.yeastar.swebtest.tools.ysassert.YsAssert.fail(YsAssert.java:1086)
	at com.yeastar.swebtest.testcase.RegressionCase.pbxcase.Inbound.A_callfrom1_sip(Inbound.java:66)
	at com.yeastar.swebtest.testcase.DetailCase.pbxcase.InboundRoutes.B1_checkTrunk(InboundRoutes.java:105)
	at sun.reflect.NativeMethodAccessorImpl.invoke0(Native Method)
	at sun.reflect.NativeMethodAccessorImpl.invoke(NativeMethodAccessorImpl.java:62)
	at sun.reflect.DelegatingMethodAccessorImpl.invoke(DelegatingMethodAccessorImpl.java:43)
	at java.lang.reflect.Method.invoke(Method.java:498)
	at org.testng.internal.MethodInvocationHelper.invokeMethod(MethodInvocationHelper.java:85)
	at org.testng.internal.Invoker.invokeMethod(Invoker.java:639)
	at org.testng.internal.Invoker.invokeTestMethod(Invoker.java:816)
	at org.testng.internal.Invoker.invokeTestMethods(Invoker.java:1124)
	at org.testng.internal.TestMethodWorker.invokeTestMethods(TestMethodWorker.java:125)
	at org.testng.internal.TestMethodWorker.run(TestMethodWorker.java:108)
	at org.testng.TestRunner.privateRun(TestRunner.java:774)
	at org.testng.TestRunner.run(TestRunner.java:624)
	at org.testng.SuiteRunner.runTest(SuiteRunner.java:359)
	at org.testng.SuiteRunner.runSequentially(SuiteRunner.java:354)
	at org.testng.SuiteRunner.privateRun(SuiteRunner.java:312)
	at org.testng.SuiteRunner.run(SuiteRunner.java:261)
	at org.testng.SuiteRunnerWorker.runSuite(SuiteRunnerWorker.java:52)
	at org.testng.SuiteRunnerWorker.run(SuiteRunnerWorker.java:86)
	at org.testng.TestNG.runSuitesSequentially(TestNG.java:1215)
	at org.testng.TestNG.runSuitesLocally(TestNG.java:1140)
	at org.testng.TestNG.run(TestNG.java:1048)
	at org.apache.maven.surefire.testng.TestNGExecutor.run(TestNGExecutor.java:293)
	at org.apache.maven.surefire.testng.TestNGXmlTestSuite.execute(TestNGXmlTestSuite.java:84)
	at org.apache.maven.surefire.testng.TestNGProvider.invoke(TestNGProvider.java:91)
	at org.apache.maven.surefire.booter.ForkedBooter.invokeProviderInSameClassLoader(ForkedBooter.java:200)
	at org.apache.maven.surefire.booter.ForkedBooter.runSuitesInProcess(ForkedBooter.java:153)
	at org.apache.maven.surefire.booter.ForkedBooter.main(ForkedBooter.java:103)
]]>
    </failure>
  </testcase> <!-- B1_checkTrunk -->
  <testcase name="P2_checkSPX" time="28.853" classname="com.yeastar.swebtest.testcase.DetailCase.pbxcase.InboundRoutes"/>
  <testcase name="Q_recovery4" time="15.969" classname="com.yeastar.swebtest.testcase.DetailCase.pbxcase.InboundRoutes"/>
  <testcase name="B2_checkDID" time="78.497" classname="com.yeastar.swebtest.testcase.DetailCase.pbxcase.InboundRoutes"/>
  <testcase name="C2_checkPriority4_deleteRoute" time="22.848" classname="com.yeastar.swebtest.testcase.DetailCase.pbxcase.InboundRoutes"/>
  <testcase name="C2_checkPriority5" time="63.496" classname="com.yeastar.swebtest.testcase.DetailCase.pbxcase.InboundRoutes"/>
  <testcase name="G2_otherTime1" time="85.425" classname="com.yeastar.swebtest.testcase.DetailCase.pbxcase.InboundRoutes"/>
  <testcase name="K1_deletePartRoute_no" time="53.576" classname="com.yeastar.swebtest.testcase.DetailCase.pbxcase.InboundRoutes"/>
  <testcase name="B2_checkDID" time="78.581" classname="com.yeastar.swebtest.testcase.DetailCase.pbxcase.InboundRoutes"/>
  <testcase name="G9_timeOrder3" time="74.934" classname="com.yeastar.swebtest.testcase.DetailCase.pbxcase.InboundRoutes"/>
  <testcase name="J3_checkConference" time="14.790" classname="com.yeastar.swebtest.testcase.DetailCase.pbxcase.InboundRoutes"/>
  <testcase name="H2_checkFeatureCode3" time="61.391" classname="com.yeastar.swebtest.testcase.DetailCase.pbxcase.InboundRoutes"/>
  <testcase name="I5_timecondition_outbound_iax" time="70.222" classname="com.yeastar.swebtest.testcase.DetailCase.pbxcase.InboundRoutes"/>
  <testcase name="L1_import" time="16.696" classname="com.yeastar.swebtest.testcase.DetailCase.pbxcase.InboundRoutes"/>
  <testcase name="B2_checkDID" time="78.742" classname="com.yeastar.swebtest.testcase.DetailCase.pbxcase.InboundRoutes"/>
  <testcase name="G6_checkPriority_NoHoliday" time="32.046" classname="com.yeastar.swebtest.testcase.DetailCase.pbxcase.InboundRoutes"/>
  <testcase name="C2_checkPriority3" time="102.471" classname="com.yeastar.swebtest.testcase.DetailCase.pbxcase.InboundRoutes"/>
  <testcase name="Q_recovery2" time="27.482" classname="com.yeastar.swebtest.testcase.DetailCase.pbxcase.InboundRoutes"/>
  <testcase name="I9_timecondition_extensionRange" time="118.225" classname="com.yeastar.swebtest.testcase.DetailCase.pbxcase.InboundRoutes"/>
  <testcase name="E1_Outbound_sip" time="66.993" classname="com.yeastar.swebtest.testcase.DetailCase.pbxcase.InboundRoutes"/>
  <testcase name="Q_recovery" time="56.671" classname="com.yeastar.swebtest.testcase.DetailCase.pbxcase.InboundRoutes"/>
  <testcase name="B2_checkDID" time="80.637" classname="com.yeastar.swebtest.testcase.DetailCase.pbxcase.InboundRoutes"/>
  <testcase name="B6_editDIDAndCaller" time="31.479" classname="com.yeastar.swebtest.testcase.DetailCase.pbxcase.InboundRoutes"/>
  <testcase name="J2_deleteConference" time="20.961" classname="com.yeastar.swebtest.testcase.DetailCase.pbxcase.InboundRoutes"/>
  <testcase name="D1_Hangup" time="41.823" classname="com.yeastar.swebtest.testcase.DetailCase.pbxcase.InboundRoutes"/>
  <testcase name="K3_deleteAllRoute_no" time="9.815" classname="com.yeastar.swebtest.testcase.DetailCase.pbxcase.InboundRoutes"/>
  <testcase name="I2_callBack" time="72.919" classname="com.yeastar.swebtest.testcase.DetailCase.pbxcase.InboundRoutes"/>
  <testcase name="E2_Outbound_iax" time="68.611" classname="com.yeastar.swebtest.testcase.DetailCase.pbxcase.InboundRoutes"/>
  <testcase name="B2_checkDID" time="95.797" classname="com.yeastar.swebtest.testcase.DetailCase.pbxcase.InboundRoutes"/>
  <testcase name="G9_timeOrder1" time="74.392" classname="com.yeastar.swebtest.testcase.DetailCase.pbxcase.InboundRoutes"/>
  <testcase name="E5_Outbound_e1" time="0.040" classname="com.yeastar.swebtest.testcase.DetailCase.pbxcase.InboundRoutes"/>
  <testcase name="L3_checkDIDPriority2" time="47.237" classname="com.yeastar.swebtest.testcase.DetailCase.pbxcase.InboundRoutes"/>
  <testcase name="G8_timeDelay" time="334.067" classname="com.yeastar.swebtest.testcase.DetailCase.pbxcase.InboundRoutes"/>
  <testcase name="G1_addTimeCondition" time="51.358" classname="com.yeastar.swebtest.testcase.DetailCase.pbxcase.InboundRoutes"/>
  <testcase name="B2_checkDID" time="77.225" classname="com.yeastar.swebtest.testcase.DetailCase.pbxcase.InboundRoutes"/>
  <testcase name="C3_recoveryRingGroup" time="30.708" classname="com.yeastar.swebtest.testcase.DetailCase.pbxcase.InboundRoutes"/>
  <testcase name="D3_ExtensionRange" time="243.501" classname="com.yeastar.swebtest.testcase.DetailCase.pbxcase.InboundRoutes"/>
  <testcase name="D2_FxsExtensions" time="57.290" classname="com.yeastar.swebtest.testcase.DetailCase.pbxcase.InboundRoutes"/>
  <testcase name="K4_deleteAllRoute_yes" time="15.498" classname="com.yeastar.swebtest.testcase.DetailCase.pbxcase.InboundRoutes"/>
  <testcase name="J1_disTimeCondition" time="64.401" classname="com.yeastar.swebtest.testcase.DetailCase.pbxcase.InboundRoutes"/>
  <testcase name="G7_checkPriority_NoWorkday" time="64.619" classname="com.yeastar.swebtest.testcase.DetailCase.pbxcase.InboundRoutes"/>
  <testcase name="B4_checkCaller2" time="77.515" classname="com.yeastar.swebtest.testcase.DetailCase.pbxcase.InboundRoutes"/>
  <testcase name="C2_checkPriority1" time="65.311" classname="com.yeastar.swebtest.testcase.DetailCase.pbxcase.InboundRoutes"/>
  <testcase name="B2_checkDID" time="78.530" classname="com.yeastar.swebtest.testcase.DetailCase.pbxcase.InboundRoutes"/>
  <testcase name="G2_otherTime2" time="240.616" classname="com.yeastar.swebtest.testcase.DetailCase.pbxcase.InboundRoutes"/>
  <testcase name="P1_checkSPS" time="32.430" classname="com.yeastar.swebtest.testcase.DetailCase.pbxcase.InboundRoutes"/>
  <testcase name="N_checkCallerIDPriority1" time="30.061" classname="com.yeastar.swebtest.testcase.DetailCase.pbxcase.InboundRoutes"/>
  <testcase name="H1_FeatureCode2" time="22.493" classname="com.yeastar.swebtest.testcase.DetailCase.pbxcase.InboundRoutes"/>
  <testcase name="Q_recovery5" time="23.265" classname="com.yeastar.swebtest.testcase.DetailCase.pbxcase.InboundRoutes">
    <failure type="com.codeborne.selenide.ex.ElementNotFound" message="Element not found {By.xpath: .//div[@id=&#039;st-feature-extenspermission&#039;]//a[@data-qtip=&#039;Remove All from Selected&#039;]}
Expected: exist">
      <![CDATA[Element not found {By.xpath: .//div[@id='st-feature-extenspermission']//a[@data-qtip='Remove All from Selected']}
Expected: exist
Screenshot: file:/F:/MyProject/SwebTest/build/reports/tests/1524177716733.2.png
Timeout: 15 s.
Caused by: WebDriverException: unknown error: Element <a class="x-btn x-form-itemselector-btn x-unselectable x-box-item x-toolbar-item x-btn-default-small" style="margin: 0px; right: auto; left: 0px; top: 149px;" hidefocus="on" unselectable="on" role="button" aria-hidden="false" aria-disabled="false" aria-label="Remove All from Selected" id="button-14338" tabindex="-1" data-qtip="Remove All from Selected" data-componentid="button-14338">...</a> is not clickable at point (941, 573). Other element would receive the click: <div class="x-css-shadow" role="presentation" id="ext-element-82" style="box-shadow: rgb(136, 136, 136) 0px 0px 6px; right: auto; left: 602px; top: 315px; width: 700px; height: 396px; z-index: 29000;"></div>
	at com.codeborne.selenide.impl.WebElementSource.createElementNotFoundError(WebElementSource.java:31)
	at com.codeborne.selenide.impl.ElementFinder.createElementNotFoundError(ElementFinder.java:82)
	at com.codeborne.selenide.impl.SelenideElementProxy.dispatchAndRetry(SelenideElementProxy.java:115)
	at com.codeborne.selenide.impl.SelenideElementProxy.invoke(SelenideElementProxy.java:62)
	at com.sun.proxy.$Proxy6.click(Unknown Source)
	at com.yeastar.swebtest.testcase.DetailCase.pbxcase.InboundRoutes.Q_recovery5(InboundRoutes.java:2431)
	at sun.reflect.NativeMethodAccessorImpl.invoke0(Native Method)
	at sun.reflect.NativeMethodAccessorImpl.invoke(NativeMethodAccessorImpl.java:62)
	at sun.reflect.DelegatingMethodAccessorImpl.invoke(DelegatingMethodAccessorImpl.java:43)
	at java.lang.reflect.Method.invoke(Method.java:498)
	at org.testng.internal.MethodInvocationHelper.invokeMethod(MethodInvocationHelper.java:85)
	at org.testng.internal.Invoker.invokeMethod(Invoker.java:639)
	at org.testng.internal.Invoker.invokeTestMethod(Invoker.java:816)
	at org.testng.internal.Invoker.invokeTestMethods(Invoker.java:1124)
	at org.testng.internal.TestMethodWorker.invokeTestMethods(TestMethodWorker.java:125)
	at org.testng.internal.TestMethodWorker.run(TestMethodWorker.java:108)
	at org.testng.TestRunner.privateRun(TestRunner.java:774)
	at org.testng.TestRunner.run(TestRunner.java:624)
	at org.testng.SuiteRunner.runTest(SuiteRunner.java:359)
	at org.testng.SuiteRunner.runSequentially(SuiteRunner.java:354)
	at org.testng.SuiteRunner.privateRun(SuiteRunner.java:312)
	at org.testng.SuiteRunner.run(SuiteRunner.java:261)
	at org.testng.SuiteRunnerWorker.runSuite(SuiteRunnerWorker.java:52)
	at org.testng.SuiteRunnerWorker.run(SuiteRunnerWorker.java:86)
	at org.testng.TestNG.runSuitesSequentially(TestNG.java:1215)
	at org.testng.TestNG.runSuitesLocally(TestNG.java:1140)
	at org.testng.TestNG.run(TestNG.java:1048)
	at org.apache.maven.surefire.testng.TestNGExecutor.run(TestNGExecutor.java:293)
	at org.apache.maven.surefire.testng.TestNGXmlTestSuite.execute(TestNGXmlTestSuite.java:84)
	at org.apache.maven.surefire.testng.TestNGProvider.invoke(TestNGProvider.java:91)
	at org.apache.maven.surefire.booter.ForkedBooter.invokeProviderInSameClassLoader(ForkedBooter.java:200)
	at org.apache.maven.surefire.booter.ForkedBooter.runSuitesInProcess(ForkedBooter.java:153)
	at org.apache.maven.surefire.booter.ForkedBooter.main(ForkedBooter.java:103)
Caused by: org.openqa.selenium.WebDriverException: unknown error: Element <a class="x-btn x-form-itemselector-btn x-unselectable x-box-item x-toolbar-item x-btn-default-small" style="margin: 0px; right: auto; left: 0px; top: 149px;" hidefocus="on" unselectable="on" role="button" aria-hidden="false" aria-disabled="false" aria-label="Remove All from Selected" id="button-14338" tabindex="-1" data-qtip="Remove All from Selected" data-componentid="button-14338">...</a> is not clickable at point (941, 573). Other element would receive the click: <div class="x-css-shadow" role="presentation" id="ext-element-82" style="box-shadow: rgb(136, 136, 136) 0px 0px 6px; right: auto; left: 602px; top: 315px; width: 700px; height: 396px; z-index: 29000;"></div>
  (Session info: chrome=64.0.3282.140)
  (Driver info: chromedriver=2.33.506120 (e3e53437346286c0bc2d2dc9aa4915ba81d9023f),platform=Windows NT 6.1.7601 SP1 x86_64) (WARNING: The server did not provide any stacktrace information)
Command duration or timeout: 25 milliseconds
Build info: version: '2.53.1', revision: 'a36b8b1cd5757287168e54b817830adce9b0158d', time: '2016-06-30 19:26:09'
System info: host: 'Yeastar-PC', ip: '192.168.11.194', os.name: 'Windows 7', os.arch: 'x86', os.version: '6.1', java.version: '1.8.0_121'
Driver info: org.openqa.selenium.chrome.ChromeDriver
Capabilities [{applicationCacheEnabled=false, rotatable=false, mobileEmulationEnabled=false, networkConnectionEnabled=false, chrome={chromedriverVersion=2.33.506120 (e3e53437346286c0bc2d2dc9aa4915ba81d9023f), userDataDir=C:\Users\Yeastar\AppData\Local\Temp\scoped_dir4436_23960}, takesHeapSnapshot=true, pageLoadStrategy=normal, databaseEnabled=false, handlesAlerts=true, hasTouchScreen=false, version=64.0.3282.140, platform=XP, browserConnectionEnabled=false, nativeEvents=true, acceptSslCerts=true, locationContextEnabled=true, webStorageEnabled=true, browserName=chrome, takesScreenshot=true, javascriptEnabled=true, cssSelectorsEnabled=true, setWindowRect=true, unexpectedAlertBehaviour=}]
Session ID: 9445b6fcc672cdee9106bcaae1758c58
	at sun.reflect.GeneratedConstructorAccessor39.newInstance(Unknown Source)
	at sun.reflect.DelegatingConstructorAccessorImpl.newInstance(DelegatingConstructorAccessorImpl.java:45)
	at java.lang.reflect.Constructor.newInstance(Constructor.java:423)
	at org.openqa.selenium.remote.ErrorHandler.createThrowable(ErrorHandler.java:206)
	at org.openqa.selenium.remote.ErrorHandler.throwIfResponseFailed(ErrorHandler.java:158)
	at org.openqa.selenium.remote.RemoteWebDriver.execute(RemoteWebDriver.java:678)
	at org.openqa.selenium.remote.RemoteWebElement.execute(RemoteWebElement.java:327)
	at org.openqa.selenium.remote.RemoteWebElement.click(RemoteWebElement.java:85)
	at com.codeborne.selenide.commands.Click.click(Click.java:22)
	at com.codeborne.selenide.commands.Click.execute(Click.java:14)
	at com.codeborne.selenide.commands.Click.execute(Click.java:11)
	at com.codeborne.selenide.commands.Commands.execute(Commands.java:140)
	at com.codeborne.selenide.impl.SelenideElementProxy.dispatchAndRetry(SelenideElementProxy.java:86)
	... 30 more
]]>
    </failure>
  </testcase> <!-- Q_recovery5 -->
  <testcase name="B2_checkDID" time="80.704" classname="com.yeastar.swebtest.testcase.DetailCase.pbxcase.InboundRoutes"/>
  <testcase name="I1_Disa" time="36.572" classname="com.yeastar.swebtest.testcase.DetailCase.pbxcase.InboundRoutes"/>
  <testcase name="M3_editRoute" time="62.812" classname="com.yeastar.swebtest.testcase.DetailCase.pbxcase.InboundRoutes"/>
  <testcase name="G9_timeOrder2" time="68.323" classname="com.yeastar.swebtest.testcase.DetailCase.pbxcase.InboundRoutes"/>
</testsuite> <!-- com.yeastar.swebtest.testcase.DetailCase.pbxcase.InboundRoutes -->
