<?xml version="1.0" encoding="UTF-8"?>
<testsuite name="pbxcore"
           tests="5"
           failures="1"
           errors="0"
           skipped="0"
           time="260.104">
  <properties />
            <testcase name="A_add_paging2" time="58.343" classname="com.yeastar.swebtest.testcase.RegressionCase.pbxcase.PagingIntercom">
                <failure type="java.lang.AssertionError"
                  message="预计产生多条CDR，但没有找到匹配"
              >
<![CDATA[java.lang.AssertionError: 预计产生多条CDR，但没有找到匹配
  com.yeastar.swebtest.tools.ysassert.YsAssert.fail(YsAssert.java:1092)
  com.yeastar.swebtest.driver.YSMethod.YS_Extension.checkCDR(YS_Extension.java:346)
  com.yeastar.swebtest.testcase.RegressionCase.pbxcase.PagingIntercom.A_add_paging2(PagingIntercom.java:145)
  sun.reflect.NativeMethodAccessorImpl.invoke0(Native Method)
  sun.reflect.NativeMethodAccessorImpl.invoke(NativeMethodAccessorImpl.java:62)
  sun.reflect.DelegatingMethodAccessorImpl.invoke(DelegatingMethodAccessorImpl.java:43)
  java.lang.reflect.Method.invoke(Method.java:498)
  org.testng.internal.MethodInvocationHelper.invokeMethod(MethodInvocationHelper.java:85)
  org.testng.internal.Invoker.invokeMethod(Invoker.java:639)
  org.testng.internal.Invoker.invokeTestMethod(Invoker.java:816)
  org.testng.internal.Invoker.invokeTestMethods(Invoker.java:1124)
  org.testng.internal.TestMethodWorker.invokeTestMethods(TestMethodWorker.java:125)
  org.testng.internal.TestMethodWorker.run(TestMethodWorker.java:108)
  org.testng.TestRunner.privateRun(TestRunner.java:774)
  org.testng.TestRunner.run(TestRunner.java:624)
  org.testng.SuiteRunner.runTest(SuiteRunner.java:359)
  org.testng.SuiteRunner.runSequentially(SuiteRunner.java:354)
  org.testng.SuiteRunner.privateRun(SuiteRunner.java:312)
  org.testng.SuiteRunner.run(SuiteRunner.java:261)
  org.testng.SuiteRunnerWorker.runSuite(SuiteRunnerWorker.java:52)
  org.testng.SuiteRunnerWorker.run(SuiteRunnerWorker.java:86)
  org.testng.TestNG.runSuitesSequentially(TestNG.java:1215)
  org.testng.TestNG.runSuitesLocally(TestNG.java:1140)
  org.testng.TestNG.run(TestNG.java:1048)
  org.apache.maven.surefire.testng.TestNGExecutor.run(TestNGExecutor.java:293)
  org.apache.maven.surefire.testng.TestNGXmlTestSuite.execute(TestNGXmlTestSuite.java:84)
  org.apache.maven.surefire.testng.TestNGProvider.invoke(TestNGProvider.java:91)
  org.apache.maven.surefire.booter.ForkedBooter.invokeProviderInSameClassLoader(ForkedBooter.java:200)
  org.apache.maven.surefire.booter.ForkedBooter.runSuitesInProcess(ForkedBooter.java:153)
  org.apache.maven.surefire.booter.ForkedBooter.main(ForkedBooter.java:103)
]]>
      </failure>

          </testcase>
  
  
            <testcase name="A0_Regist" time="27.232" classname="com.yeastar.swebtest.testcase.RegressionCase.pbxcase.PagingIntercom" />
                <testcase name="A_add_paging1" time="78.397" classname="com.yeastar.swebtest.testcase.RegressionCase.pbxcase.PagingIntercom" />
                <testcase name="C_delete" time="60.621" classname="com.yeastar.swebtest.testcase.RegressionCase.pbxcase.PagingIntercom" />
                <testcase name="B_intercom" time="35.511" classname="com.yeastar.swebtest.testcase.RegressionCase.pbxcase.PagingIntercom" />
      
</testsuite>
