<?xml version="1.0" encoding="UTF-8"?>
<testsuite name="pbxcore"
           tests="86"
           failures="1"
           errors="0"
           skipped="85"
           time="0.003">
  <properties />
            <testcase name="BeforeClass" time="0.000" classname="com.yeastar.swebtest.testcase.DetailCase.pbxcase.Conference">
                <failure type="com.codeborne.selenide.ex.ElementNotFound"
                  message="Element not found {By.id: login-language-inputEl}
Expected: exist"
              >
<![CDATA[Element not found {By.id: login-language-inputEl}
Expected: exist
Screenshot: file:/F:/MyProject/SwebTest/pic/1539861246821.4.png
Timeout: 10 s.
Caused by: NoSuchElementException: no such element: Unable to locate element: {"method":"id","selector":"login-language-inputEl"}
  com.codeborne.selenide.impl.WebElementSource.createElementNotFoundError(WebElementSource.java:31)
  com.codeborne.selenide.impl.ElementFinder.createElementNotFoundError(ElementFinder.java:82)
  com.codeborne.selenide.impl.WebElementSource.checkCondition(WebElementSource.java:59)
  com.codeborne.selenide.commands.Should.should(Should.java:35)
  com.codeborne.selenide.commands.Should.execute(Should.java:29)
  com.codeborne.selenide.commands.Should.execute(Should.java:12)
  com.codeborne.selenide.commands.Commands.execute(Commands.java:140)
  com.codeborne.selenide.impl.SelenideElementProxy.dispatchAndRetry(SelenideElementProxy.java:86)
  com.codeborne.selenide.impl.SelenideElementProxy.invoke(SelenideElementProxy.java:62)
  com.sun.proxy.$Proxy6.should(Unknown Source)
  com.yeastar.swebtest.driver.SwebDriver.click(SwebDriver.java:206)
  com.yeastar.swebtest.driver.SwebDriver.select(SwebDriver.java:197)
  com.yeastar.swebtest.driver.SwebDriver.login(SwebDriver.java:151)
  com.yeastar.swebtest.driver.SwebDriver.login(SwebDriver.java:139)
  com.yeastar.swebtest.testcase.DetailCase.pbxcase.Conference.BeforeClass(Conference.java:27)
  sun.reflect.NativeMethodAccessorImpl.invoke0(Native Method)
  sun.reflect.NativeMethodAccessorImpl.invoke(NativeMethodAccessorImpl.java:62)
  sun.reflect.DelegatingMethodAccessorImpl.invoke(DelegatingMethodAccessorImpl.java:43)
  java.lang.reflect.Method.invoke(Method.java:498)
  org.testng.internal.MethodInvocationHelper.invokeMethod(MethodInvocationHelper.java:85)
  org.testng.internal.Invoker.invokeConfigurationMethod(Invoker.java:510)
  org.testng.internal.Invoker.invokeConfigurations(Invoker.java:211)
  org.testng.internal.Invoker.invokeConfigurations(Invoker.java:138)
  org.testng.internal.TestMethodWorker.invokeBeforeClassMethods(TestMethodWorker.java:170)
  org.testng.internal.TestMethodWorker.run(TestMethodWorker.java:104)
  org.testng.TestRunner.privateRun(TestRunner.java:774)
  org.testng.TestRunner.run(TestRunner.java:624)
  org.testng.SuiteRunner.runTest(SuiteRunner.java:359)
  org.testng.SuiteRunner.runSequentially(SuiteRunner.java:354)
  org.testng.SuiteRunner.privateRun(SuiteRunner.java:312)
  org.testng.SuiteRunner.run(SuiteRunner.java:261)
  org.testng.SuiteRunnerWorker.runSuite(SuiteRunnerWorker.java:52)
  org.testng.SuiteRunnerWorker.run(SuiteRunnerWorker.java:86)
  org.testng.TestNG.runSuitesSequentially(TestNG.java:1215)
  org.testng.TestNG.runSuitesLocally(TestNG.java:1140)
  org.testng.TestNG.run(TestNG.java:1048)
  org.apache.maven.surefire.testng.TestNGExecutor.run(TestNGExecutor.java:293)
  org.apache.maven.surefire.testng.TestNGXmlTestSuite.execute(TestNGXmlTestSuite.java:84)
  org.apache.maven.surefire.testng.TestNGProvider.invoke(TestNGProvider.java:91)
  org.apache.maven.surefire.booter.ForkedBooter.invokeProviderInSameClassLoader(ForkedBooter.java:200)
  org.apache.maven.surefire.booter.ForkedBooter.runSuitesInProcess(ForkedBooter.java:153)
  org.apache.maven.surefire.booter.ForkedBooter.main(ForkedBooter.java:103)
Caused by: org.openqa.selenium.NoSuchElementException: no such element: Unable to locate element: {"method":"id","selector":"login-language-inputEl"}
  (Session info: chrome=69.0.3497.100)
  (Driver info: chromedriver=2.42.591088 (7b2b2dca23cca0862f674758c9a3933e685c27d5),platform=Windows NT 6.1.7601 SP1 x86_64) (WARNING: The server did not provide any stacktrace information)
Command duration or timeout: 27 milliseconds
For documentation on this error, please visit: http://seleniumhq.org/exceptions/no_such_element.html
Build info: version: '2.53.1', revision: 'a36b8b1cd5757287168e54b817830adce9b0158d', time: '2016-06-30 19:26:09'
System info: host: 'Yeastar-PC', ip: '192.168.11.194', os.name: 'Windows 7', os.arch: 'x86', os.version: '6.1', java.version: '1.8.0_121'
Driver info: org.openqa.selenium.chrome.ChromeDriver
Capabilities [{mobileEmulationEnabled=false, hasTouchScreen=false, platform=XP, acceptSslCerts=false, goog:chromeOptions={debuggerAddress=localhost:34708}, acceptInsecureCerts=false, webStorageEnabled=true, browserName=chrome, takesScreenshot=true, javascriptEnabled=true, setWindowRect=true, unexpectedAlertBehaviour=, applicationCacheEnabled=false, rotatable=false, networkConnectionEnabled=false, chrome={chromedriverVersion=2.42.591088 (7b2b2dca23cca0862f674758c9a3933e685c27d5), userDataDir=C:\Users\Yeastar\AppData\Local\Temp\scoped_dir9076_999}, takesHeapSnapshot=true, pageLoadStrategy=normal, databaseEnabled=false, handlesAlerts=true, version=69.0.3497.100, browserConnectionEnabled=false, nativeEvents=true, locationContextEnabled=true, cssSelectorsEnabled=true}]
Session ID: 18246b1244ff909a2427a9ce5754fcbe
*** Element info: {Using=id, value=login-language-inputEl}
  sun.reflect.GeneratedConstructorAccessor17.newInstance(Unknown Source)
  sun.reflect.DelegatingConstructorAccessorImpl.newInstance(DelegatingConstructorAccessorImpl.java:45)
  java.lang.reflect.Constructor.newInstance(Constructor.java:423)
  org.openqa.selenium.remote.ErrorHandler.createThrowable(ErrorHandler.java:206)
  org.openqa.selenium.remote.ErrorHandler.throwIfResponseFailed(ErrorHandler.java:158)
  org.openqa.selenium.remote.RemoteWebDriver.execute(RemoteWebDriver.java:678)
  org.openqa.selenium.remote.RemoteWebDriver.findElement(RemoteWebDriver.java:363)
  org.openqa.selenium.remote.RemoteWebDriver.findElementById(RemoteWebDriver.java:413)
  org.openqa.selenium.By$ById.findElement(By.java:218)
  org.openqa.selenium.remote.RemoteWebDriver.findElement(RemoteWebDriver.java:355)
  com.codeborne.selenide.impl.WebElementSelector.findElement(WebElementSelector.java:28)
  com.codeborne.selenide.impl.ElementFinder.getWebElement(ElementFinder.java:56)
  com.codeborne.selenide.impl.WebElementSource.checkCondition(WebElementSource.java:44)
  com.codeborne.selenide.commands.Should.should(Should.java:35)
  com.codeborne.selenide.commands.Should.execute(Should.java:29)
  com.codeborne.selenide.commands.Should.execute(Should.java:12)
  com.codeborne.selenide.commands.Commands.execute(Commands.java:140)
  com.codeborne.selenide.impl.SelenideElementProxy.dispatchAndRetry(SelenideElementProxy.java:86)
  com.codeborne.selenide.impl.SelenideElementProxy.invoke(SelenideElementProxy.java:62)
  com.sun.proxy.$Proxy6.should(Unknown Source)
  com.yeastar.swebtest.driver.SwebDriver.click(SwebDriver.java:206)
  com.yeastar.swebtest.driver.SwebDriver.select(SwebDriver.java:197)
  com.yeastar.swebtest.driver.SwebDriver.login(SwebDriver.java:151)
  com.yeastar.swebtest.driver.SwebDriver.login(SwebDriver.java:139)
  com.yeastar.swebtest.testcase.DetailCase.pbxcase.Conference.BeforeClass(Conference.java:27)
  sun.reflect.NativeMethodAccessorImpl.invoke0(Native Method)
  sun.reflect.NativeMethodAccessorImpl.invoke(NativeMethodAccessorImpl.java:62)
  sun.reflect.DelegatingMethodAccessorImpl.invoke(DelegatingMethodAccessorImpl.java:43)
  java.lang.reflect.Method.invoke(Method.java:498)
  org.testng.internal.MethodInvocationHelper.invokeMethod(MethodInvocationHelper.java:85)
  org.testng.internal.Invoker.invokeConfigurationMethod(Invoker.java:510)
  org.testng.internal.Invoker.invokeConfigurations(Invoker.java:211)
  org.testng.internal.Invoker.invokeConfigurations(Invoker.java:138)
  org.testng.internal.TestMethodWorker.invokeBeforeClassMethods(TestMethodWorker.java:170)
  org.testng.internal.TestMethodWorker.run(TestMethodWorker.java:104)
  org.testng.TestRunner.privateRun(TestRunner.java:774)
  org.testng.TestRunner.run(TestRunner.java:624)
  org.testng.SuiteRunner.runTest(SuiteRunner.java:359)
  org.testng.SuiteRunner.runSequentially(SuiteRunner.java:354)
  org.testng.SuiteRunner.privateRun(SuiteRunner.java:312)
  org.testng.SuiteRunner.run(SuiteRunner.java:261)
  org.testng.SuiteRunnerWorker.runSuite(SuiteRunnerWorker.java:52)
  org.testng.SuiteRunnerWorker.run(SuiteRunnerWorker.java:86)
  org.testng.TestNG.runSuitesSequentially(TestNG.java:1215)
  org.testng.TestNG.runSuitesLocally(TestNG.java:1140)
  org.testng.TestNG.run(TestNG.java:1048)
  org.apache.maven.surefire.testng.TestNGExecutor.run(TestNGExecutor.java:293)
  org.apache.maven.surefire.testng.TestNGXmlTestSuite.execute(TestNGXmlTestSuite.java:84)
  org.apache.maven.surefire.testng.TestNGProvider.invoke(TestNGProvider.java:91)
  org.apache.maven.surefire.booter.ForkedBooter.invokeProviderInSameClassLoader(ForkedBooter.java:200)
  org.apache.maven.surefire.booter.ForkedBooter.runSuitesInProcess(ForkedBooter.java:153)
  org.apache.maven.surefire.booter.ForkedBooter.main(ForkedBooter.java:103)
]]>
      </failure>

          </testcase>
  
            <testcase name="AfterMethod" time="0.0" classname="com.yeastar.swebtest.testcase.DetailCase.pbxcase.Conference">
          <skipped />
    </testcase>
            <testcase name="AfterMethod" time="0.0" classname="com.yeastar.swebtest.testcase.DetailCase.pbxcase.Conference">
          <skipped />
    </testcase>
            <testcase name="AfterMethod" time="0.0" classname="com.yeastar.swebtest.testcase.DetailCase.pbxcase.Conference">
          <skipped />
    </testcase>
            <testcase name="AfterMethod" time="0.0" classname="com.yeastar.swebtest.testcase.DetailCase.pbxcase.Conference">
          <skipped />
    </testcase>
            <testcase name="AfterMethod" time="0.0" classname="com.yeastar.swebtest.testcase.DetailCase.pbxcase.Conference">
          <skipped />
    </testcase>
            <testcase name="AfterMethod" time="0.0" classname="com.yeastar.swebtest.testcase.DetailCase.pbxcase.Conference">
          <skipped />
    </testcase>
            <testcase name="AfterMethod" time="0.0" classname="com.yeastar.swebtest.testcase.DetailCase.pbxcase.Conference">
          <skipped />
    </testcase>
            <testcase name="AfterClass" time="0.0" classname="com.yeastar.swebtest.testcase.DetailCase.pbxcase.Conference">
          <skipped />
    </testcase>
            <testcase name="AfterMethod" time="0.0" classname="com.yeastar.swebtest.testcase.DetailCase.pbxcase.Conference">
          <skipped />
    </testcase>
            <testcase name="AfterMethod" time="0.0" classname="com.yeastar.swebtest.testcase.DetailCase.pbxcase.Conference">
          <skipped />
    </testcase>
            <testcase name="AfterMethod" time="0.0" classname="com.yeastar.swebtest.testcase.DetailCase.pbxcase.Conference">
          <skipped />
    </testcase>
            <testcase name="AfterMethod" time="0.0" classname="com.yeastar.swebtest.testcase.DetailCase.pbxcase.Conference">
          <skipped />
    </testcase>
            <testcase name="AfterMethod" time="0.0" classname="com.yeastar.swebtest.testcase.DetailCase.pbxcase.Conference">
          <skipped />
    </testcase>
            <testcase name="AfterMethod" time="0.0" classname="com.yeastar.swebtest.testcase.DetailCase.pbxcase.Conference">
          <skipped />
    </testcase>
            <testcase name="AfterMethod" time="0.0" classname="com.yeastar.swebtest.testcase.DetailCase.pbxcase.Conference">
          <skipped />
    </testcase>
            <testcase name="AfterMethod" time="0.0" classname="com.yeastar.swebtest.testcase.DetailCase.pbxcase.Conference">
          <skipped />
    </testcase>
            <testcase name="AfterMethod" time="0.0" classname="com.yeastar.swebtest.testcase.DetailCase.pbxcase.Conference">
          <skipped />
    </testcase>
            <testcase name="AfterMethod" time="0.0" classname="com.yeastar.swebtest.testcase.DetailCase.pbxcase.Conference">
          <skipped />
    </testcase>
            <testcase name="AfterMethod" time="0.0" classname="com.yeastar.swebtest.testcase.DetailCase.pbxcase.Conference">
          <skipped />
    </testcase>
            <testcase name="AfterMethod" time="0.0" classname="com.yeastar.swebtest.testcase.DetailCase.pbxcase.Conference">
          <skipped />
    </testcase>
            <testcase name="AfterMethod" time="0.0" classname="com.yeastar.swebtest.testcase.DetailCase.pbxcase.Conference">
          <skipped />
    </testcase>
            <testcase name="AfterMethod" time="0.0" classname="com.yeastar.swebtest.testcase.DetailCase.pbxcase.Conference">
          <skipped />
    </testcase>
            <testcase name="AfterMethod" time="0.0" classname="com.yeastar.swebtest.testcase.DetailCase.pbxcase.Conference">
          <skipped />
    </testcase>
            <testcase name="AfterMethod" time="0.0" classname="com.yeastar.swebtest.testcase.DetailCase.pbxcase.Conference">
          <skipped />
    </testcase>
            <testcase name="AfterMethod" time="0.0" classname="com.yeastar.swebtest.testcase.DetailCase.pbxcase.Conference">
          <skipped />
    </testcase>
            <testcase name="AfterMethod" time="0.0" classname="com.yeastar.swebtest.testcase.DetailCase.pbxcase.Conference">
          <skipped />
    </testcase>
            <testcase name="AfterMethod" time="0.0" classname="com.yeastar.swebtest.testcase.DetailCase.pbxcase.Conference">
          <skipped />
    </testcase>
            <testcase name="AfterMethod" time="0.0" classname="com.yeastar.swebtest.testcase.DetailCase.pbxcase.Conference">
          <skipped />
    </testcase>
            <testcase name="AfterMethod" time="0.0" classname="com.yeastar.swebtest.testcase.DetailCase.pbxcase.Conference">
          <skipped />
    </testcase>
            <testcase name="AfterMethod" time="0.0" classname="com.yeastar.swebtest.testcase.DetailCase.pbxcase.Conference">
          <skipped />
    </testcase>
            <testcase name="AfterMethod" time="0.0" classname="com.yeastar.swebtest.testcase.DetailCase.pbxcase.Conference">
          <skipped />
    </testcase>
            <testcase name="AfterMethod" time="0.0" classname="com.yeastar.swebtest.testcase.DetailCase.pbxcase.Conference">
          <skipped />
    </testcase>
            <testcase name="AfterMethod" time="0.0" classname="com.yeastar.swebtest.testcase.DetailCase.pbxcase.Conference">
          <skipped />
    </testcase>
            <testcase name="AfterMethod" time="0.0" classname="com.yeastar.swebtest.testcase.DetailCase.pbxcase.Conference">
          <skipped />
    </testcase>
            <testcase name="AfterMethod" time="0.0" classname="com.yeastar.swebtest.testcase.DetailCase.pbxcase.Conference">
          <skipped />
    </testcase>
            <testcase name="AfterMethod" time="0.0" classname="com.yeastar.swebtest.testcase.DetailCase.pbxcase.Conference">
          <skipped />
    </testcase>
            <testcase name="AfterMethod" time="0.0" classname="com.yeastar.swebtest.testcase.DetailCase.pbxcase.Conference">
          <skipped />
    </testcase>
            <testcase name="AfterMethod" time="0.0" classname="com.yeastar.swebtest.testcase.DetailCase.pbxcase.Conference">
          <skipped />
    </testcase>
            <testcase name="AfterMethod" time="0.0" classname="com.yeastar.swebtest.testcase.DetailCase.pbxcase.Conference">
          <skipped />
    </testcase>
            <testcase name="AfterMethod" time="0.0" classname="com.yeastar.swebtest.testcase.DetailCase.pbxcase.Conference">
          <skipped />
    </testcase>
            <testcase name="AfterMethod" time="0.0" classname="com.yeastar.swebtest.testcase.DetailCase.pbxcase.Conference">
          <skipped />
    </testcase>
            <testcase name="AfterMethod" time="0.0" classname="com.yeastar.swebtest.testcase.DetailCase.pbxcase.Conference">
          <skipped />
    </testcase>
            <testcase name="AfterMethod" time="0.0" classname="com.yeastar.swebtest.testcase.DetailCase.pbxcase.Conference">
          <skipped />
    </testcase>
            <testcase name="Ca3_hangup_sip" time="0.0" classname="com.yeastar.swebtest.testcase.DetailCase.pbxcase.Conference">
          <skipped />
    </testcase>
            <testcase name="C2_sps" time="0.0" classname="com.yeastar.swebtest.testcase.DetailCase.pbxcase.Conference">
          <skipped />
    </testcase>
            <testcase name="C1_extension" time="0.0" classname="com.yeastar.swebtest.testcase.DetailCase.pbxcase.Conference">
          <skipped />
    </testcase>
            <testcase name="A2_AddConferences" time="0.0" classname="com.yeastar.swebtest.testcase.DetailCase.pbxcase.Conference">
          <skipped />
    </testcase>
            <testcase name="A2_AddConferences" time="0.0" classname="com.yeastar.swebtest.testcase.DetailCase.pbxcase.Conference">
          <skipped />
    </testcase>
            <testcase name="B3_Apply" time="0.0" classname="com.yeastar.swebtest.testcase.DetailCase.pbxcase.Conference">
          <skipped />
    </testcase>
            <testcase name="A1_Init" time="0.0" classname="com.yeastar.swebtest.testcase.DetailCase.pbxcase.Conference">
          <skipped />
    </testcase>
            <testcase name="Ca1_hangup_extension" time="0.0" classname="com.yeastar.swebtest.testcase.DetailCase.pbxcase.Conference">
          <skipped />
    </testcase>
            <testcase name="C5_iax1" time="0.0" classname="com.yeastar.swebtest.testcase.DetailCase.pbxcase.Conference">
          <skipped />
    </testcase>
            <testcase name="B4_backup" time="0.0" classname="com.yeastar.swebtest.testcase.DetailCase.pbxcase.Conference">
          <skipped />
    </testcase>
            <testcase name="C5_iax2" time="0.0" classname="com.yeastar.swebtest.testcase.DetailCase.pbxcase.Conference">
          <skipped />
    </testcase>
            <testcase name="B2_AddInbound" time="0.0" classname="com.yeastar.swebtest.testcase.DetailCase.pbxcase.Conference">
          <skipped />
    </testcase>
            <testcase name="D4_Participant4" time="0.0" classname="com.yeastar.swebtest.testcase.DetailCase.pbxcase.Conference">
          <skipped />
    </testcase>
            <testcase name="J1_delete" time="0.0" classname="com.yeastar.swebtest.testcase.DetailCase.pbxcase.Conference">
          <skipped />
    </testcase>
            <testcase name="Ca6_hangup_fxo" time="0.0" classname="com.yeastar.swebtest.testcase.DetailCase.pbxcase.Conference">
          <skipped />
    </testcase>
            <testcase name="K1_recovery" time="0.0" classname="com.yeastar.swebtest.testcase.DetailCase.pbxcase.Conference">
          <skipped />
    </testcase>
            <testcase name="C8_e1" time="0.0" classname="com.yeastar.swebtest.testcase.DetailCase.pbxcase.Conference">
          <skipped />
    </testcase>
            <testcase name="Ca7_hangup_bri" time="0.0" classname="com.yeastar.swebtest.testcase.DetailCase.pbxcase.Conference">
          <skipped />
    </testcase>
            <testcase name="D2_Participant2" time="0.0" classname="com.yeastar.swebtest.testcase.DetailCase.pbxcase.Conference">
          <skipped />
    </testcase>
            <testcase name="K2_recovery" time="0.0" classname="com.yeastar.swebtest.testcase.DetailCase.pbxcase.Conference">
          <skipped />
    </testcase>
            <testcase name="Ca8_hangup_e1" time="0.0" classname="com.yeastar.swebtest.testcase.DetailCase.pbxcase.Conference">
          <skipped />
    </testcase>
            <testcase name="H1_AllowInvite" time="0.0" classname="com.yeastar.swebtest.testcase.DetailCase.pbxcase.Conference">
          <skipped />
    </testcase>
            <testcase name="C7_bri" time="0.0" classname="com.yeastar.swebtest.testcase.DetailCase.pbxcase.Conference">
          <skipped />
    </testcase>
            <testcase name="B2_AddInbound" time="0.0" classname="com.yeastar.swebtest.testcase.DetailCase.pbxcase.Conference">
          <skipped />
    </testcase>
            <testcase name="Ca5_hangup_iax" time="0.0" classname="com.yeastar.swebtest.testcase.DetailCase.pbxcase.Conference">
          <skipped />
    </testcase>
            <testcase name="E1_Prompt" time="0.0" classname="com.yeastar.swebtest.testcase.DetailCase.pbxcase.Conference">
          <skipped />
    </testcase>
            <testcase name="C3_sip" time="0.0" classname="com.yeastar.swebtest.testcase.DetailCase.pbxcase.Conference">
          <skipped />
    </testcase>
            <testcase name="A0_Register" time="0.0" classname="com.yeastar.swebtest.testcase.DetailCase.pbxcase.Conference">
          <skipped />
    </testcase>
            <testcase name="B2_AddInbound" time="0.0" classname="com.yeastar.swebtest.testcase.DetailCase.pbxcase.Conference">
          <skipped />
    </testcase>
            <testcase name="Ca9_hangup_gsm" time="0.0" classname="com.yeastar.swebtest.testcase.DetailCase.pbxcase.Conference">
          <skipped />
    </testcase>
            <testcase name="D3_Participant3" time="0.0" classname="com.yeastar.swebtest.testcase.DetailCase.pbxcase.Conference">
          <skipped />
    </testcase>
            <testcase name="C6_fxo" time="0.0" classname="com.yeastar.swebtest.testcase.DetailCase.pbxcase.Conference">
          <skipped />
    </testcase>
            <testcase name="I1_menu" time="0.0" classname="com.yeastar.swebtest.testcase.DetailCase.pbxcase.Conference">
          <skipped />
    </testcase>
            <testcase name="A2_AddConferences" time="0.0" classname="com.yeastar.swebtest.testcase.DetailCase.pbxcase.Conference">
          <skipped />
    </testcase>
            <testcase name="C4_spx" time="0.0" classname="com.yeastar.swebtest.testcase.DetailCase.pbxcase.Conference">
          <skipped />
    </testcase>
            <testcase name="C9_gsm" time="0.0" classname="com.yeastar.swebtest.testcase.DetailCase.pbxcase.Conference">
          <skipped />
    </testcase>
            <testcase name="Ca4_hangup_spx" time="0.0" classname="com.yeastar.swebtest.testcase.DetailCase.pbxcase.Conference">
          <skipped />
    </testcase>
            <testcase name="F1_waitModerator" time="0.0" classname="com.yeastar.swebtest.testcase.DetailCase.pbxcase.Conference">
          <skipped />
    </testcase>
            <testcase name="B1_AddInbound" time="0.0" classname="com.yeastar.swebtest.testcase.DetailCase.pbxcase.Conference">
          <skipped />
    </testcase>
            <testcase name="Ca2_hangup_sps" time="0.0" classname="com.yeastar.swebtest.testcase.DetailCase.pbxcase.Conference">
          <skipped />
    </testcase>
            <testcase name="G1_ModeratorPassword" time="0.0" classname="com.yeastar.swebtest.testcase.DetailCase.pbxcase.Conference">
          <skipped />
    </testcase>
            <testcase name="D1_Participant1" time="0.0" classname="com.yeastar.swebtest.testcase.DetailCase.pbxcase.Conference">
          <skipped />
    </testcase>
  
  
</testsuite>
