<?xml version="1.0" encoding="UTF-8"?>
<testsuite name="pbxcore"
           tests="17"
           failures="5"
           errors="0"
           skipped="0"
           time="816.734">
  <properties />
            <testcase name="A_out1_sip" time="38.241" classname="com.yeastar.swebtest.testcase.RegressionCase.pbxcase.Outbound">
                <failure type="java.lang.AssertionError"
                  message="CDR被叫方检测 【预期：13001 实际：*802】"
              >
<![CDATA[java.lang.AssertionError: CDR被叫方检测 【预期：13001 实际：*802】
  com.yeastar.swebtest.tools.ysassert.YsAssert.fail(YsAssert.java:1092)
  com.yeastar.swebtest.tools.ysassert.YsAssert.failNotEquals(YsAssert.java:583)
  com.yeastar.swebtest.tools.ysassert.YsAssert.assertEqualsImpl(YsAssert.java:146)
  com.yeastar.swebtest.tools.ysassert.YsAssert.assertEquals(YsAssert.java:120)
  com.yeastar.swebtest.tools.ysassert.YsAssert.assertEquals(YsAssert.java:203)
  com.yeastar.swebtest.driver.YSMethod.YS_Extension.checkCDR(YS_Extension.java:291)
  com.yeastar.swebtest.driver.YSMethod.YS_Extension.checkCDR(YS_Extension.java:280)
  com.yeastar.swebtest.testcase.RegressionCase.pbxcase.Outbound.A_out1_sip(Outbound.java:57)
  sun.reflect.NativeMethodAccessorImpl.invoke0(Native Method)
  sun.reflect.NativeMethodAccessorImpl.invoke(NativeMethodAccessorImpl.java:62)
  sun.reflect.DelegatingMethodAccessorImpl.invoke(DelegatingMethodAccessorImpl.java:43)
  java.lang.reflect.Method.invoke(Method.java:498)
  org.testng.internal.MethodInvocationHelper.invokeMethod(MethodInvocationHelper.java:85)
  org.testng.internal.Invoker.invokeMethod(Invoker.java:639)
  org.testng.internal.Invoker.invokeTestMethod(Invoker.java:816)
  org.testng.internal.Invoker.invokeTestMethods(Invoker.java:1124)
  org.testng.internal.TestMethodWorker.invokeTestMethods(TestMethodWorker.java:125)
  org.testng.internal.TestMethodWorker.run(TestMethodWorker.java:108)
  org.testng.TestRunner.privateRun(TestRunner.java:774)
  org.testng.TestRunner.run(TestRunner.java:624)
  org.testng.SuiteRunner.runTest(SuiteRunner.java:359)
  org.testng.SuiteRunner.runSequentially(SuiteRunner.java:354)
  org.testng.SuiteRunner.privateRun(SuiteRunner.java:312)
  org.testng.SuiteRunner.run(SuiteRunner.java:261)
  org.testng.SuiteRunnerWorker.runSuite(SuiteRunnerWorker.java:52)
  org.testng.SuiteRunnerWorker.run(SuiteRunnerWorker.java:86)
  org.testng.TestNG.runSuitesSequentially(TestNG.java:1215)
  org.testng.TestNG.runSuitesLocally(TestNG.java:1140)
  org.testng.TestNG.run(TestNG.java:1048)
  org.apache.maven.surefire.testng.TestNGExecutor.run(TestNGExecutor.java:293)
  org.apache.maven.surefire.testng.TestNGXmlTestSuite.execute(TestNGXmlTestSuite.java:84)
  org.apache.maven.surefire.testng.TestNGProvider.invoke(TestNGProvider.java:91)
  org.apache.maven.surefire.booter.ForkedBooter.invokeProviderInSameClassLoader(ForkedBooter.java:200)
  org.apache.maven.surefire.booter.ForkedBooter.runSuitesInProcess(ForkedBooter.java:153)
  org.apache.maven.surefire.booter.ForkedBooter.main(ForkedBooter.java:103)
]]>
      </failure>

          </testcase>
            <testcase name="A_out2_iax" time="34.726" classname="com.yeastar.swebtest.testcase.RegressionCase.pbxcase.Outbound">
                <failure type="java.lang.AssertionError"
                  message="预期1000为Talking状态 【预期：3 实际：4】"
              >
<![CDATA[java.lang.AssertionError: 预期1000为Talking状态 【预期：3 实际：4】
  com.yeastar.swebtest.tools.ysassert.YsAssert.fail(YsAssert.java:1092)
  com.yeastar.swebtest.tools.ysassert.YsAssert.failNotEquals(YsAssert.java:583)
  com.yeastar.swebtest.tools.ysassert.YsAssert.assertEqualsImpl(YsAssert.java:146)
  com.yeastar.swebtest.tools.ysassert.YsAssert.assertEquals(YsAssert.java:120)
  com.yeastar.swebtest.tools.ysassert.YsAssert.assertEquals(YsAssert.java:429)
  com.yeastar.swebtest.testcase.RegressionCase.pbxcase.Outbound.A_out2_iax(Outbound.java:85)
  sun.reflect.NativeMethodAccessorImpl.invoke0(Native Method)
  sun.reflect.NativeMethodAccessorImpl.invoke(NativeMethodAccessorImpl.java:62)
  sun.reflect.DelegatingMethodAccessorImpl.invoke(DelegatingMethodAccessorImpl.java:43)
  java.lang.reflect.Method.invoke(Method.java:498)
  org.testng.internal.MethodInvocationHelper.invokeMethod(MethodInvocationHelper.java:85)
  org.testng.internal.Invoker.invokeMethod(Invoker.java:639)
  org.testng.internal.Invoker.invokeTestMethod(Invoker.java:816)
  org.testng.internal.Invoker.invokeTestMethods(Invoker.java:1124)
  org.testng.internal.TestMethodWorker.invokeTestMethods(TestMethodWorker.java:125)
  org.testng.internal.TestMethodWorker.run(TestMethodWorker.java:108)
  org.testng.TestRunner.privateRun(TestRunner.java:774)
  org.testng.TestRunner.run(TestRunner.java:624)
  org.testng.SuiteRunner.runTest(SuiteRunner.java:359)
  org.testng.SuiteRunner.runSequentially(SuiteRunner.java:354)
  org.testng.SuiteRunner.privateRun(SuiteRunner.java:312)
  org.testng.SuiteRunner.run(SuiteRunner.java:261)
  org.testng.SuiteRunnerWorker.runSuite(SuiteRunnerWorker.java:52)
  org.testng.SuiteRunnerWorker.run(SuiteRunnerWorker.java:86)
  org.testng.TestNG.runSuitesSequentially(TestNG.java:1215)
  org.testng.TestNG.runSuitesLocally(TestNG.java:1140)
  org.testng.TestNG.run(TestNG.java:1048)
  org.apache.maven.surefire.testng.TestNGExecutor.run(TestNGExecutor.java:293)
  org.apache.maven.surefire.testng.TestNGXmlTestSuite.execute(TestNGXmlTestSuite.java:84)
  org.apache.maven.surefire.testng.TestNGProvider.invoke(TestNGProvider.java:91)
  org.apache.maven.surefire.booter.ForkedBooter.invokeProviderInSameClassLoader(ForkedBooter.java:200)
  org.apache.maven.surefire.booter.ForkedBooter.runSuitesInProcess(ForkedBooter.java:153)
  org.apache.maven.surefire.booter.ForkedBooter.main(ForkedBooter.java:103)
]]>
      </failure>

          </testcase>
            <testcase name="D2_rrmemory_hunt" time="64.264" classname="com.yeastar.swebtest.testcase.RegressionCase.pbxcase.Outbound">
                <failure type="java.lang.AssertionError"
                  message="CDR目的中继检测 【预期：SIP1 实际：SPS1】"
              >
<![CDATA[java.lang.AssertionError: CDR目的中继检测 【预期：SIP1 实际：SPS1】
  com.yeastar.swebtest.tools.ysassert.YsAssert.fail(YsAssert.java:1092)
  com.yeastar.swebtest.tools.ysassert.YsAssert.failNotEquals(YsAssert.java:583)
  com.yeastar.swebtest.tools.ysassert.YsAssert.assertEqualsImpl(YsAssert.java:146)
  com.yeastar.swebtest.tools.ysassert.YsAssert.assertEquals(YsAssert.java:120)
  com.yeastar.swebtest.tools.ysassert.YsAssert.assertEquals(YsAssert.java:203)
  com.yeastar.swebtest.driver.YSMethod.YS_Extension.checkCDR(YS_Extension.java:297)
  com.yeastar.swebtest.driver.YSMethod.YS_Extension.checkCDR(YS_Extension.java:280)
  com.yeastar.swebtest.testcase.RegressionCase.pbxcase.Outbound.D2_rrmemory_hunt(Outbound.java:284)
  sun.reflect.NativeMethodAccessorImpl.invoke0(Native Method)
  sun.reflect.NativeMethodAccessorImpl.invoke(NativeMethodAccessorImpl.java:62)
  sun.reflect.DelegatingMethodAccessorImpl.invoke(DelegatingMethodAccessorImpl.java:43)
  java.lang.reflect.Method.invoke(Method.java:498)
  org.testng.internal.MethodInvocationHelper.invokeMethod(MethodInvocationHelper.java:85)
  org.testng.internal.Invoker.invokeMethod(Invoker.java:639)
  org.testng.internal.Invoker.invokeTestMethod(Invoker.java:816)
  org.testng.internal.Invoker.invokeTestMethods(Invoker.java:1124)
  org.testng.internal.TestMethodWorker.invokeTestMethods(TestMethodWorker.java:125)
  org.testng.internal.TestMethodWorker.run(TestMethodWorker.java:108)
  org.testng.TestRunner.privateRun(TestRunner.java:774)
  org.testng.TestRunner.run(TestRunner.java:624)
  org.testng.SuiteRunner.runTest(SuiteRunner.java:359)
  org.testng.SuiteRunner.runSequentially(SuiteRunner.java:354)
  org.testng.SuiteRunner.privateRun(SuiteRunner.java:312)
  org.testng.SuiteRunner.run(SuiteRunner.java:261)
  org.testng.SuiteRunnerWorker.runSuite(SuiteRunnerWorker.java:52)
  org.testng.SuiteRunnerWorker.run(SuiteRunnerWorker.java:86)
  org.testng.TestNG.runSuitesSequentially(TestNG.java:1215)
  org.testng.TestNG.runSuitesLocally(TestNG.java:1140)
  org.testng.TestNG.run(TestNG.java:1048)
  org.apache.maven.surefire.testng.TestNGExecutor.run(TestNGExecutor.java:293)
  org.apache.maven.surefire.testng.TestNGXmlTestSuite.execute(TestNGXmlTestSuite.java:84)
  org.apache.maven.surefire.testng.TestNGProvider.invoke(TestNGProvider.java:91)
  org.apache.maven.surefire.booter.ForkedBooter.invokeProviderInSameClassLoader(ForkedBooter.java:200)
  org.apache.maven.surefire.booter.ForkedBooter.runSuitesInProcess(ForkedBooter.java:153)
  org.apache.maven.surefire.booter.ForkedBooter.main(ForkedBooter.java:103)
]]>
      </failure>

          </testcase>
            <testcase name="A_out6_bri" time="34.726" classname="com.yeastar.swebtest.testcase.RegressionCase.pbxcase.Outbound">
                <failure type="java.lang.AssertionError"
                  message="预期1000为Talking状态 【预期：3 实际：4】"
              >
<![CDATA[java.lang.AssertionError: 预期1000为Talking状态 【预期：3 实际：4】
  com.yeastar.swebtest.tools.ysassert.YsAssert.fail(YsAssert.java:1092)
  com.yeastar.swebtest.tools.ysassert.YsAssert.failNotEquals(YsAssert.java:583)
  com.yeastar.swebtest.tools.ysassert.YsAssert.assertEqualsImpl(YsAssert.java:146)
  com.yeastar.swebtest.tools.ysassert.YsAssert.assertEquals(YsAssert.java:120)
  com.yeastar.swebtest.tools.ysassert.YsAssert.assertEquals(YsAssert.java:429)
  com.yeastar.swebtest.testcase.RegressionCase.pbxcase.Outbound.A_out6_bri(Outbound.java:142)
  sun.reflect.NativeMethodAccessorImpl.invoke0(Native Method)
  sun.reflect.NativeMethodAccessorImpl.invoke(NativeMethodAccessorImpl.java:62)
  sun.reflect.DelegatingMethodAccessorImpl.invoke(DelegatingMethodAccessorImpl.java:43)
  java.lang.reflect.Method.invoke(Method.java:498)
  org.testng.internal.MethodInvocationHelper.invokeMethod(MethodInvocationHelper.java:85)
  org.testng.internal.Invoker.invokeMethod(Invoker.java:639)
  org.testng.internal.Invoker.invokeTestMethod(Invoker.java:816)
  org.testng.internal.Invoker.invokeTestMethods(Invoker.java:1124)
  org.testng.internal.TestMethodWorker.invokeTestMethods(TestMethodWorker.java:125)
  org.testng.internal.TestMethodWorker.run(TestMethodWorker.java:108)
  org.testng.TestRunner.privateRun(TestRunner.java:774)
  org.testng.TestRunner.run(TestRunner.java:624)
  org.testng.SuiteRunner.runTest(SuiteRunner.java:359)
  org.testng.SuiteRunner.runSequentially(SuiteRunner.java:354)
  org.testng.SuiteRunner.privateRun(SuiteRunner.java:312)
  org.testng.SuiteRunner.run(SuiteRunner.java:261)
  org.testng.SuiteRunnerWorker.runSuite(SuiteRunnerWorker.java:52)
  org.testng.SuiteRunnerWorker.run(SuiteRunnerWorker.java:86)
  org.testng.TestNG.runSuitesSequentially(TestNG.java:1215)
  org.testng.TestNG.runSuitesLocally(TestNG.java:1140)
  org.testng.TestNG.run(TestNG.java:1048)
  org.apache.maven.surefire.testng.TestNGExecutor.run(TestNGExecutor.java:293)
  org.apache.maven.surefire.testng.TestNGXmlTestSuite.execute(TestNGXmlTestSuite.java:84)
  org.apache.maven.surefire.testng.TestNGProvider.invoke(TestNGProvider.java:91)
  org.apache.maven.surefire.booter.ForkedBooter.invokeProviderInSameClassLoader(ForkedBooter.java:200)
  org.apache.maven.surefire.booter.ForkedBooter.runSuitesInProcess(ForkedBooter.java:153)
  org.apache.maven.surefire.booter.ForkedBooter.main(ForkedBooter.java:103)
]]>
      </failure>

          </testcase>
            <testcase name="B2_Prepend" time="34.604" classname="com.yeastar.swebtest.testcase.RegressionCase.pbxcase.Outbound">
                <failure type="java.lang.AssertionError"
                  message="预期1000为Talking状态 【预期：3 实际：4】"
              >
<![CDATA[java.lang.AssertionError: 预期1000为Talking状态 【预期：3 实际：4】
  com.yeastar.swebtest.tools.ysassert.YsAssert.fail(YsAssert.java:1092)
  com.yeastar.swebtest.tools.ysassert.YsAssert.failNotEquals(YsAssert.java:583)
  com.yeastar.swebtest.tools.ysassert.YsAssert.assertEqualsImpl(YsAssert.java:146)
  com.yeastar.swebtest.tools.ysassert.YsAssert.assertEquals(YsAssert.java:120)
  com.yeastar.swebtest.tools.ysassert.YsAssert.assertEquals(YsAssert.java:429)
  com.yeastar.swebtest.testcase.RegressionCase.pbxcase.Outbound.B2_Prepend(Outbound.java:200)
  sun.reflect.NativeMethodAccessorImpl.invoke0(Native Method)
  sun.reflect.NativeMethodAccessorImpl.invoke(NativeMethodAccessorImpl.java:62)
  sun.reflect.DelegatingMethodAccessorImpl.invoke(DelegatingMethodAccessorImpl.java:43)
  java.lang.reflect.Method.invoke(Method.java:498)
  org.testng.internal.MethodInvocationHelper.invokeMethod(MethodInvocationHelper.java:85)
  org.testng.internal.Invoker.invokeMethod(Invoker.java:639)
  org.testng.internal.Invoker.invokeTestMethod(Invoker.java:816)
  org.testng.internal.Invoker.invokeTestMethods(Invoker.java:1124)
  org.testng.internal.TestMethodWorker.invokeTestMethods(TestMethodWorker.java:125)
  org.testng.internal.TestMethodWorker.run(TestMethodWorker.java:108)
  org.testng.TestRunner.privateRun(TestRunner.java:774)
  org.testng.TestRunner.run(TestRunner.java:624)
  org.testng.SuiteRunner.runTest(SuiteRunner.java:359)
  org.testng.SuiteRunner.runSequentially(SuiteRunner.java:354)
  org.testng.SuiteRunner.privateRun(SuiteRunner.java:312)
  org.testng.SuiteRunner.run(SuiteRunner.java:261)
  org.testng.SuiteRunnerWorker.runSuite(SuiteRunnerWorker.java:52)
  org.testng.SuiteRunnerWorker.run(SuiteRunnerWorker.java:86)
  org.testng.TestNG.runSuitesSequentially(TestNG.java:1215)
  org.testng.TestNG.runSuitesLocally(TestNG.java:1140)
  org.testng.TestNG.run(TestNG.java:1048)
  org.apache.maven.surefire.testng.TestNGExecutor.run(TestNGExecutor.java:293)
  org.apache.maven.surefire.testng.TestNGXmlTestSuite.execute(TestNGXmlTestSuite.java:84)
  org.apache.maven.surefire.testng.TestNGProvider.invoke(TestNGProvider.java:91)
  org.apache.maven.surefire.booter.ForkedBooter.invokeProviderInSameClassLoader(ForkedBooter.java:200)
  org.apache.maven.surefire.booter.ForkedBooter.runSuitesInProcess(ForkedBooter.java:153)
  org.apache.maven.surefire.booter.ForkedBooter.main(ForkedBooter.java:103)
]]>
      </failure>

          </testcase>
  
  
            <testcase name="A_out8_gsm" time="0.000" classname="com.yeastar.swebtest.testcase.RegressionCase.pbxcase.Outbound" />
                <testcase name="C2_password" time="50.384" classname="com.yeastar.swebtest.testcase.RegressionCase.pbxcase.Outbound" />
                <testcase name="A_out7_E1" time="47.637" classname="com.yeastar.swebtest.testcase.RegressionCase.pbxcase.Outbound" />
                <testcase name="A0_init" time="14.908" classname="com.yeastar.swebtest.testcase.RegressionCase.pbxcase.Outbound" />
                <testcase name="D1_rrmemory_hunt" time="64.020" classname="com.yeastar.swebtest.testcase.RegressionCase.pbxcase.Outbound" />
                <testcase name="C1_password" time="57.502" classname="com.yeastar.swebtest.testcase.RegressionCase.pbxcase.Outbound" />
                <testcase name="A_out4_spx" time="36.673" classname="com.yeastar.swebtest.testcase.RegressionCase.pbxcase.Outbound" />
                <testcase name="A_out3_sps" time="46.676" classname="com.yeastar.swebtest.testcase.RegressionCase.pbxcase.Outbound" />
                <testcase name="E_timecondition" time="123.963" classname="com.yeastar.swebtest.testcase.RegressionCase.pbxcase.Outbound" />
                <testcase name="F_delete" time="103.784" classname="com.yeastar.swebtest.testcase.RegressionCase.pbxcase.Outbound" />
                <testcase name="A_out5_fxo" time="40.259" classname="com.yeastar.swebtest.testcase.RegressionCase.pbxcase.Outbound" />
                <testcase name="B1_Prepend" time="24.367" classname="com.yeastar.swebtest.testcase.RegressionCase.pbxcase.Outbound" />
      
</testsuite>
