<?xml version="1.0" encoding="UTF-8"?>
<testsuite name="pbxcore"
           tests="30"
           failures="1"
           errors="0"
           skipped="0"
           time="1061.318">
  <properties />
            <testcase name="F1_edit_disablefeaturecode" time="21.584" classname="com.yeastar.swebtest.testcase.DetailCase.pbxcase.PickupGroup">
                <failure type="com.codeborne.selenide.ex.InvalidStateException"
                  message="InvalidElementStateException: invalid element state: Element is not currently interactable and may not be manipulated
  (Session info: chrome=66.0.3359.117)
  (Driver info: chromedriver=2.37.544315 (730aa6a5fdba159ac9f4c1e8cbc59bf1b5ce12b7),platform=Windows NT 6.1.7601 SP1 x86_64) (WARNING: The server did not provide any stacktrace information)
Command duration or timeout: 13 milliseconds
Build info: version: '2.53.1', revision: 'a36b8b1cd5757287168e54b817830adce9b0158d', time: '2016-06-30 19:26:09'
System info: host: 'Yeastar-PC', ip: '192.168.11.194', os.name: 'Windows 7', os.arch: 'x86', os.version: '6.1', java.version: '1.8.0_121'
Driver info: org.openqa.selenium.chrome.ChromeDriver
Capabilities [{applicationCacheEnabled=false, rotatable=false, mobileEmulationEnabled=false, networkConnectionEnabled=false, chrome={chromedriverVersion=2.37.544315 (730aa6a5fdba159ac9f4c1e8cbc59bf1b5ce12b7), userDataDir=C:\Users\Yeastar\AppData\Local\Temp\scoped_dir10876_10622}, takesHeapSnapshot=true, pageLoadStrategy=normal, databaseEnabled=false, handlesAlerts=true, hasTouchScreen=false, version=66.0.3359.117, platform=XP, browserConnectionEnabled=false, nativeEvents=true, acceptSslCerts=false, acceptInsecureCerts=false, locationContextEnabled=true, webStorageEnabled=true, browserName=chrome, takesScreenshot=true, javascriptEnabled=true, cssSelectorsEnabled=true, setWindowRect=true, unexpectedAlertBehaviour=}]
Session ID: d301bca943df6706d34d9a5d46c60dce"
              >
<![CDATA[org.openqa.selenium.InvalidElementStateException: invalid element state: Element is not currently interactable and may not be manipulated
  (Session info: chrome=66.0.3359.117)
  (Driver info: chromedriver=2.37.544315 (730aa6a5fdba159ac9f4c1e8cbc59bf1b5ce12b7),platform=Windows NT 6.1.7601 SP1 x86_64) (WARNING: The server did not provide any stacktrace information)
Command duration or timeout: 13 milliseconds
Build info: version: '2.53.1', revision: 'a36b8b1cd5757287168e54b817830adce9b0158d', time: '2016-06-30 19:26:09'
System info: host: 'Yeastar-PC', ip: '192.168.11.194', os.name: 'Windows 7', os.arch: 'x86', os.version: '6.1', java.version: '1.8.0_121'
Driver info: org.openqa.selenium.chrome.ChromeDriver
Capabilities [{applicationCacheEnabled=false, rotatable=false, mobileEmulationEnabled=false, networkConnectionEnabled=false, chrome={chromedriverVersion=2.37.544315 (730aa6a5fdba159ac9f4c1e8cbc59bf1b5ce12b7), userDataDir=C:\Users\Yeastar\AppData\Local\Temp\scoped_dir10876_10622}, takesHeapSnapshot=true, pageLoadStrategy=normal, databaseEnabled=false, handlesAlerts=true, hasTouchScreen=false, version=66.0.3359.117, platform=XP, browserConnectionEnabled=false, nativeEvents=true, acceptSslCerts=false, acceptInsecureCerts=false, locationContextEnabled=true, webStorageEnabled=true, browserName=chrome, takesScreenshot=true, javascriptEnabled=true, cssSelectorsEnabled=true, setWindowRect=true, unexpectedAlertBehaviour=}]
Session ID: d301bca943df6706d34d9a5d46c60dce
Screenshot: file:/F:/MyProject/SwebTest/build/reports/tests/1525776933686.0.png
Timeout: 15 s.
Caused by: InvalidElementStateException: invalid element state: Element is not currently interactable and may not be manipulated
  com.codeborne.selenide.impl.SelenideElementProxy.dispatchAndRetry(SelenideElementProxy.java:112)
  com.codeborne.selenide.impl.SelenideElementProxy.invoke(SelenideElementProxy.java:62)
  com.sun.proxy.$Proxy6.clear(Unknown Source)
  com.yeastar.swebtest.driver.YSMethod.YS_General.setPickup(YS_General.java:86)
  com.yeastar.swebtest.testcase.DetailCase.pbxcase.PickupGroup.F1_edit_disablefeaturecode(PickupGroup.java:450)
  sun.reflect.NativeMethodAccessorImpl.invoke0(Native Method)
  sun.reflect.NativeMethodAccessorImpl.invoke(NativeMethodAccessorImpl.java:62)
  sun.reflect.DelegatingMethodAccessorImpl.invoke(DelegatingMethodAccessorImpl.java:43)
  java.lang.reflect.Method.invoke(Method.java:498)
  org.testng.internal.MethodInvocationHelper.invokeMethod(MethodInvocationHelper.java:85)
  org.testng.internal.Invoker.invokeMethod(Invoker.java:639)
  org.testng.internal.Invoker.invokeTestMethod(Invoker.java:816)
  org.testng.internal.Invoker.invokeTestMethods(Invoker.java:1124)
  org.testng.internal.TestMethodWorker.invokeTestMethods(TestMethodWorker.java:125)
  org.testng.internal.TestMethodWorker.run(TestMethodWorker.java:108)
  org.testng.TestRunner.privateRun(TestRunner.java:774)
  org.testng.TestRunner.run(TestRunner.java:624)
  org.testng.SuiteRunner.runTest(SuiteRunner.java:359)
  org.testng.SuiteRunner.runSequentially(SuiteRunner.java:354)
  org.testng.SuiteRunner.privateRun(SuiteRunner.java:312)
  org.testng.SuiteRunner.run(SuiteRunner.java:261)
  org.testng.SuiteRunnerWorker.runSuite(SuiteRunnerWorker.java:52)
  org.testng.SuiteRunnerWorker.run(SuiteRunnerWorker.java:86)
  org.testng.TestNG.runSuitesSequentially(TestNG.java:1215)
  org.testng.TestNG.runSuitesLocally(TestNG.java:1140)
  org.testng.TestNG.run(TestNG.java:1048)
  org.apache.maven.surefire.testng.TestNGExecutor.run(TestNGExecutor.java:293)
  org.apache.maven.surefire.testng.TestNGXmlTestSuite.execute(TestNGXmlTestSuite.java:84)
  org.apache.maven.surefire.testng.TestNGProvider.invoke(TestNGProvider.java:91)
  org.apache.maven.surefire.booter.ForkedBooter.invokeProviderInSameClassLoader(ForkedBooter.java:200)
  org.apache.maven.surefire.booter.ForkedBooter.runSuitesInProcess(ForkedBooter.java:153)
  org.apache.maven.surefire.booter.ForkedBooter.main(ForkedBooter.java:103)
Caused by: org.openqa.selenium.InvalidElementStateException: invalid element state: Element is not currently interactable and may not be manipulated
  (Session info: chrome=66.0.3359.117)
  (Driver info: chromedriver=2.37.544315 (730aa6a5fdba159ac9f4c1e8cbc59bf1b5ce12b7),platform=Windows NT 6.1.7601 SP1 x86_64) (WARNING: The server did not provide any stacktrace information)
Command duration or timeout: 13 milliseconds
Build info: version: '2.53.1', revision: 'a36b8b1cd5757287168e54b817830adce9b0158d', time: '2016-06-30 19:26:09'
System info: host: 'Yeastar-PC', ip: '192.168.11.194', os.name: 'Windows 7', os.arch: 'x86', os.version: '6.1', java.version: '1.8.0_121'
Driver info: org.openqa.selenium.chrome.ChromeDriver
Capabilities [{applicationCacheEnabled=false, rotatable=false, mobileEmulationEnabled=false, networkConnectionEnabled=false, chrome={chromedriverVersion=2.37.544315 (730aa6a5fdba159ac9f4c1e8cbc59bf1b5ce12b7), userDataDir=C:\Users\Yeastar\AppData\Local\Temp\scoped_dir10876_10622}, takesHeapSnapshot=true, pageLoadStrategy=normal, databaseEnabled=false, handlesAlerts=true, hasTouchScreen=false, version=66.0.3359.117, platform=XP, browserConnectionEnabled=false, nativeEvents=true, acceptSslCerts=false, acceptInsecureCerts=false, locationContextEnabled=true, webStorageEnabled=true, browserName=chrome, takesScreenshot=true, javascriptEnabled=true, cssSelectorsEnabled=true, setWindowRect=true, unexpectedAlertBehaviour=}]
Session ID: d301bca943df6706d34d9a5d46c60dce
  sun.reflect.GeneratedConstructorAccessor15.newInstance(Unknown Source)
  sun.reflect.DelegatingConstructorAccessorImpl.newInstance(DelegatingConstructorAccessorImpl.java:45)
  java.lang.reflect.Constructor.newInstance(Constructor.java:423)
  org.openqa.selenium.remote.ErrorHandler.createThrowable(ErrorHandler.java:206)
  org.openqa.selenium.remote.ErrorHandler.throwIfResponseFailed(ErrorHandler.java:158)
  org.openqa.selenium.remote.RemoteWebDriver.execute(RemoteWebDriver.java:678)
  org.openqa.selenium.remote.RemoteWebElement.execute(RemoteWebElement.java:327)
  org.openqa.selenium.remote.RemoteWebElement.clear(RemoteWebElement.java:140)
  sun.reflect.GeneratedMethodAccessor5.invoke(Unknown Source)
  sun.reflect.DelegatingMethodAccessorImpl.invoke(DelegatingMethodAccessorImpl.java:43)
  java.lang.reflect.Method.invoke(Method.java:498)
  com.codeborne.selenide.impl.SelenideElementProxy.dispatchAndRetry(SelenideElementProxy.java:89)
  com.codeborne.selenide.impl.SelenideElementProxy.invoke(SelenideElementProxy.java:62)
  com.sun.proxy.$Proxy6.clear(Unknown Source)
  com.yeastar.swebtest.driver.YSMethod.YS_General.setPickup(YS_General.java:86)
  com.yeastar.swebtest.testcase.DetailCase.pbxcase.PickupGroup.F1_edit_disablefeaturecode(PickupGroup.java:450)
  sun.reflect.NativeMethodAccessorImpl.invoke0(Native Method)
  sun.reflect.NativeMethodAccessorImpl.invoke(NativeMethodAccessorImpl.java:62)
  sun.reflect.DelegatingMethodAccessorImpl.invoke(DelegatingMethodAccessorImpl.java:43)
  java.lang.reflect.Method.invoke(Method.java:498)
  org.testng.internal.MethodInvocationHelper.invokeMethod(MethodInvocationHelper.java:85)
  org.testng.internal.Invoker.invokeMethod(Invoker.java:639)
  org.testng.internal.Invoker.invokeTestMethod(Invoker.java:816)
  org.testng.internal.Invoker.invokeTestMethods(Invoker.java:1124)
  org.testng.internal.TestMethodWorker.invokeTestMethods(TestMethodWorker.java:125)
  org.testng.internal.TestMethodWorker.run(TestMethodWorker.java:108)
  org.testng.TestRunner.privateRun(TestRunner.java:774)
  org.testng.TestRunner.run(TestRunner.java:624)
  org.testng.SuiteRunner.runTest(SuiteRunner.java:359)
  org.testng.SuiteRunner.runSequentially(SuiteRunner.java:354)
  org.testng.SuiteRunner.privateRun(SuiteRunner.java:312)
  org.testng.SuiteRunner.run(SuiteRunner.java:261)
  org.testng.SuiteRunnerWorker.runSuite(SuiteRunnerWorker.java:52)
  org.testng.SuiteRunnerWorker.run(SuiteRunnerWorker.java:86)
  org.testng.TestNG.runSuitesSequentially(TestNG.java:1215)
  org.testng.TestNG.runSuitesLocally(TestNG.java:1140)
  org.testng.TestNG.run(TestNG.java:1048)
  org.apache.maven.surefire.testng.TestNGExecutor.run(TestNGExecutor.java:293)
  org.apache.maven.surefire.testng.TestNGXmlTestSuite.execute(TestNGXmlTestSuite.java:84)
  org.apache.maven.surefire.testng.TestNGProvider.invoke(TestNGProvider.java:91)
  org.apache.maven.surefire.booter.ForkedBooter.invokeProviderInSameClassLoader(ForkedBooter.java:200)
  org.apache.maven.surefire.booter.ForkedBooter.runSuitesInProcess(ForkedBooter.java:153)
  org.apache.maven.surefire.booter.ForkedBooter.main(ForkedBooter.java:103)
]]>
      </failure>

          </testcase>
  
  
            <testcase name="E2_pickup" time="36.334" classname="com.yeastar.swebtest.testcase.DetailCase.pbxcase.PickupGroup" />
                <testcase name="C1_sip_4" time="57.620" classname="com.yeastar.swebtest.testcase.DetailCase.pbxcase.PickupGroup" />
                <testcase name="C7_fxo" time="59.709" classname="com.yeastar.swebtest.testcase.DetailCase.pbxcase.PickupGroup" />
                <testcase name="C2_sip_4_1" time="29.883" classname="com.yeastar.swebtest.testcase.DetailCase.pbxcase.PickupGroup" />
                <testcase name="G_recovery_featurecode" time="16.716" classname="com.yeastar.swebtest.testcase.DetailCase.pbxcase.PickupGroup" />
                <testcase name="A2_InitPickupGroup" time="25.969" classname="com.yeastar.swebtest.testcase.DetailCase.pbxcase.PickupGroup" />
                <testcase name="C8_bri" time="56.867" classname="com.yeastar.swebtest.testcase.DetailCase.pbxcase.PickupGroup" />
                <testcase name="C4_sps" time="56.930" classname="com.yeastar.swebtest.testcase.DetailCase.pbxcase.PickupGroup" />
                <testcase name="C2_sip_4_2" time="56.800" classname="com.yeastar.swebtest.testcase.DetailCase.pbxcase.PickupGroup" />
                <testcase name="E1_editfeaturecode" time="21.779" classname="com.yeastar.swebtest.testcase.DetailCase.pbxcase.PickupGroup" />
                <testcase name="Ca_gsm" time="0.000" classname="com.yeastar.swebtest.testcase.DetailCase.pbxcase.PickupGroup" />
                <testcase name="C9_e1" time="0.000" classname="com.yeastar.swebtest.testcase.DetailCase.pbxcase.PickupGroup" />
                <testcase name="D1_ivr" time="39.880" classname="com.yeastar.swebtest.testcase.DetailCase.pbxcase.PickupGroup" />
                <testcase name="D3_queue" time="36.485" classname="com.yeastar.swebtest.testcase.DetailCase.pbxcase.PickupGroup" />
                <testcase name="B4_apply" time="8.137" classname="com.yeastar.swebtest.testcase.DetailCase.pbxcase.PickupGroup" />
                <testcase name="Cb_fxs" time="44.953" classname="com.yeastar.swebtest.testcase.DetailCase.pbxcase.PickupGroup" />
                <testcase name="D2_ringgroup" time="34.586" classname="com.yeastar.swebtest.testcase.DetailCase.pbxcase.PickupGroup" />
                <testcase name="F2_pickup" time="30.189" classname="com.yeastar.swebtest.testcase.DetailCase.pbxcase.PickupGroup" />
                <testcase name="C3_sip_04_2" time="57.136" classname="com.yeastar.swebtest.testcase.DetailCase.pbxcase.PickupGroup" />
                <testcase name="F3_pickup_ex" time="33.409" classname="com.yeastar.swebtest.testcase.DetailCase.pbxcase.PickupGroup" />
                <testcase name="B1_AddPickupGroup1" time="14.631" classname="com.yeastar.swebtest.testcase.DetailCase.pbxcase.PickupGroup" />
                <testcase name="G1_delete" time="61.517" classname="com.yeastar.swebtest.testcase.DetailCase.pbxcase.PickupGroup" />
                <testcase name="B2_AddPickupGroup2" time="14.564" classname="com.yeastar.swebtest.testcase.DetailCase.pbxcase.PickupGroup" />
                <testcase name="A1_InitFeatureCode" time="16.749" classname="com.yeastar.swebtest.testcase.DetailCase.pbxcase.PickupGroup" />
                <testcase name="B3_EditPickupGroup1" time="22.071" classname="com.yeastar.swebtest.testcase.DetailCase.pbxcase.PickupGroup" />
                <testcase name="E3_pickup_ex" time="36.594" classname="com.yeastar.swebtest.testcase.DetailCase.pbxcase.PickupGroup" />
                <testcase name="C3_sip_04_1" time="56.654" classname="com.yeastar.swebtest.testcase.DetailCase.pbxcase.PickupGroup" />
                <testcase name="C6_spx" time="56.806" classname="com.yeastar.swebtest.testcase.DetailCase.pbxcase.PickupGroup" />
                <testcase name="C5_iax" time="56.766" classname="com.yeastar.swebtest.testcase.DetailCase.pbxcase.PickupGroup" />
      
</testsuite>
