<?xml version="1.0" encoding="UTF-8"?>
<testsuite name="pbxcore"
           tests="6"
           failures="1"
           errors="0"
           skipped="0"
           time="271.703">
  <properties />
            <testcase name="B_add_pickupgroup2" time="54.665" classname="com.yeastar.swebtest.testcase.RegressionCase.pbxcase.PickupGroup">
                <failure type="java.lang.AssertionError"
                  message="预期1105为Talking状态 【预期：3 实际：4】"
              >
<![CDATA[java.lang.AssertionError: 预期1105为Talking状态 【预期：3 实际：4】
  com.yeastar.swebtest.tools.ysassert.YsAssert.fail(YsAssert.java:1092)
  com.yeastar.swebtest.tools.ysassert.YsAssert.failNotEquals(YsAssert.java:583)
  com.yeastar.swebtest.tools.ysassert.YsAssert.assertEqualsImpl(YsAssert.java:146)
  com.yeastar.swebtest.tools.ysassert.YsAssert.assertEquals(YsAssert.java:120)
  com.yeastar.swebtest.tools.ysassert.YsAssert.assertEquals(YsAssert.java:429)
  com.yeastar.swebtest.testcase.RegressionCase.pbxcase.PickupGroup.B_add_pickupgroup2(PickupGroup.java:131)
  sun.reflect.NativeMethodAccessorImpl.invoke0(Native Method)
  sun.reflect.NativeMethodAccessorImpl.invoke(NativeMethodAccessorImpl.java:62)
  sun.reflect.DelegatingMethodAccessorImpl.invoke(DelegatingMethodAccessorImpl.java:43)
  java.lang.reflect.Method.invoke(Method.java:498)
  org.testng.internal.MethodInvocationHelper.invokeMethod(MethodInvocationHelper.java:85)
  org.testng.internal.Invoker.invokeMethod(Invoker.java:639)
  org.testng.internal.Invoker.invokeTestMethod(Invoker.java:816)
  org.testng.internal.Invoker.invokeTestMethods(Invoker.java:1124)
  org.testng.internal.TestMethodWorker.invokeTestMethods(TestMethodWorker.java:125)
  org.testng.internal.TestMethodWorker.run(TestMethodWorker.java:108)
  org.testng.TestRunner.privateRun(TestRunner.java:774)
  org.testng.TestRunner.run(TestRunner.java:624)
  org.testng.SuiteRunner.runTest(SuiteRunner.java:359)
  org.testng.SuiteRunner.runSequentially(SuiteRunner.java:354)
  org.testng.SuiteRunner.privateRun(SuiteRunner.java:312)
  org.testng.SuiteRunner.run(SuiteRunner.java:261)
  org.testng.SuiteRunnerWorker.runSuite(SuiteRunnerWorker.java:52)
  org.testng.SuiteRunnerWorker.run(SuiteRunnerWorker.java:86)
  org.testng.TestNG.runSuitesSequentially(TestNG.java:1215)
  org.testng.TestNG.runSuitesLocally(TestNG.java:1140)
  org.testng.TestNG.run(TestNG.java:1048)
  org.apache.maven.surefire.testng.TestNGExecutor.run(TestNGExecutor.java:293)
  org.apache.maven.surefire.testng.TestNGXmlTestSuite.execute(TestNGXmlTestSuite.java:84)
  org.apache.maven.surefire.testng.TestNGProvider.invoke(TestNGProvider.java:91)
  org.apache.maven.surefire.booter.ForkedBooter.invokeProviderInSameClassLoader(ForkedBooter.java:200)
  org.apache.maven.surefire.booter.ForkedBooter.runSuitesInProcess(ForkedBooter.java:153)
  org.apache.maven.surefire.booter.ForkedBooter.main(ForkedBooter.java:103)
]]>
      </failure>

          </testcase>
  
  
            <testcase name="C_delete" time="54.647" classname="com.yeastar.swebtest.testcase.RegressionCase.pbxcase.PickupGroup" />
                <testcase name="A0_init" time="18.864" classname="com.yeastar.swebtest.testcase.RegressionCase.pbxcase.PickupGroup" />
                <testcase name="A_add_pickupgroup3" time="31.727" classname="com.yeastar.swebtest.testcase.RegressionCase.pbxcase.PickupGroup" />
                <testcase name="A1_add_pickupgroup1" time="90.015" classname="com.yeastar.swebtest.testcase.RegressionCase.pbxcase.PickupGroup" />
                <testcase name="A_add_pickupgroup2" time="21.785" classname="com.yeastar.swebtest.testcase.RegressionCase.pbxcase.PickupGroup" />
      
</testsuite>
