<?xml version="1.0" encoding="UTF-8"?>
<testsuite name="pbxcore"
           tests="37"
           failures="1"
           errors="0"
           skipped="0"
           time="1159.469">
  <properties />
            <testcase name="T_backup" time="7.593" classname="com.yeastar.swebtest.testcase.DetailCase.pbxcase.BeforeTest">
                <failure type="org.openqa.selenium.WebDriverException"
                  message="unknown error: Ext.getCmp(...).down(...).down(...).down is not a function
  (Session info: chrome=66.0.3359.117)
  (Driver info: chromedriver=2.37.544315 (730aa6a5fdba159ac9f4c1e8cbc59bf1b5ce12b7),platform=Windows NT 6.1.7601 SP1 x86_64) (WARNING: The server did not provide any stacktrace information)
Command duration or timeout: 10 milliseconds
Build info: version: '2.53.1', revision: 'a36b8b1cd5757287168e54b817830adce9b0158d', time: '2016-06-30 19:26:09'
System info: host: 'Yeastar-PC', ip: '192.168.11.194', os.name: 'Windows 7', os.arch: 'x86', os.version: '6.1', java.version: '1.8.0_121'
Driver info: org.openqa.selenium.chrome.ChromeDriver
Capabilities [{applicationCacheEnabled=false, rotatable=false, mobileEmulationEnabled=false, networkConnectionEnabled=false, chrome={chromedriverVersion=2.37.544315 (730aa6a5fdba159ac9f4c1e8cbc59bf1b5ce12b7), userDataDir=C:\Users\Yeastar\AppData\Local\Temp\scoped_dir6260_28976}, takesHeapSnapshot=true, pageLoadStrategy=normal, databaseEnabled=false, handlesAlerts=true, hasTouchScreen=false, version=66.0.3359.117, platform=XP, browserConnectionEnabled=false, nativeEvents=true, acceptSslCerts=false, acceptInsecureCerts=false, locationContextEnabled=true, webStorageEnabled=true, browserName=chrome, takesScreenshot=true, javascriptEnabled=true, cssSelectorsEnabled=true, setWindowRect=true, unexpectedAlertBehaviour=}]
Session ID: 67d62e02f943bf1fdd8d43e51141f1f8"
              >
<![CDATA[org.openqa.selenium.WebDriverException: unknown error: Ext.getCmp(...).down(...).down(...).down is not a function
  (Session info: chrome=66.0.3359.117)
  (Driver info: chromedriver=2.37.544315 (730aa6a5fdba159ac9f4c1e8cbc59bf1b5ce12b7),platform=Windows NT 6.1.7601 SP1 x86_64) (WARNING: The server did not provide any stacktrace information)
Command duration or timeout: 10 milliseconds
Build info: version: '2.53.1', revision: 'a36b8b1cd5757287168e54b817830adce9b0158d', time: '2016-06-30 19:26:09'
System info: host: 'Yeastar-PC', ip: '192.168.11.194', os.name: 'Windows 7', os.arch: 'x86', os.version: '6.1', java.version: '1.8.0_121'
Driver info: org.openqa.selenium.chrome.ChromeDriver
Capabilities [{applicationCacheEnabled=false, rotatable=false, mobileEmulationEnabled=false, networkConnectionEnabled=false, chrome={chromedriverVersion=2.37.544315 (730aa6a5fdba159ac9f4c1e8cbc59bf1b5ce12b7), userDataDir=C:\Users\Yeastar\AppData\Local\Temp\scoped_dir6260_28976}, takesHeapSnapshot=true, pageLoadStrategy=normal, databaseEnabled=false, handlesAlerts=true, hasTouchScreen=false, version=66.0.3359.117, platform=XP, browserConnectionEnabled=false, nativeEvents=true, acceptSslCerts=false, acceptInsecureCerts=false, locationContextEnabled=true, webStorageEnabled=true, browserName=chrome, takesScreenshot=true, javascriptEnabled=true, cssSelectorsEnabled=true, setWindowRect=true, unexpectedAlertBehaviour=}]
Session ID: 67d62e02f943bf1fdd8d43e51141f1f8
  sun.reflect.NativeConstructorAccessorImpl.newInstance0(Native Method)
  sun.reflect.NativeConstructorAccessorImpl.newInstance(NativeConstructorAccessorImpl.java:62)
  sun.reflect.DelegatingConstructorAccessorImpl.newInstance(DelegatingConstructorAccessorImpl.java:45)
  java.lang.reflect.Constructor.newInstance(Constructor.java:423)
  org.openqa.selenium.remote.ErrorHandler.createThrowable(ErrorHandler.java:206)
  org.openqa.selenium.remote.ErrorHandler.throwIfResponseFailed(ErrorHandler.java:158)
  org.openqa.selenium.remote.RemoteWebDriver.execute(RemoteWebDriver.java:678)
  org.openqa.selenium.remote.RemoteWebDriver.executeScript(RemoteWebDriver.java:577)
  com.yeastar.swebtest.driver.SwebDriver.executeJs(SwebDriver.java:668)
  com.yeastar.swebtest.driver.SwebDriver.setPageShowNum(SwebDriver.java:709)
  com.yeastar.swebtest.driver.SwebDriver.deletes(SwebDriver.java:722)
  com.yeastar.swebtest.testcase.DetailCase.pbxcase.BeforeTest.T_backup(BeforeTest.java:539)
  sun.reflect.NativeMethodAccessorImpl.invoke0(Native Method)
  sun.reflect.NativeMethodAccessorImpl.invoke(NativeMethodAccessorImpl.java:62)
  sun.reflect.DelegatingMethodAccessorImpl.invoke(DelegatingMethodAccessorImpl.java:43)
  java.lang.reflect.Method.invoke(Method.java:498)
  org.testng.internal.MethodInvocationHelper.invokeMethod(MethodInvocationHelper.java:85)
  org.testng.internal.Invoker.invokeMethod(Invoker.java:639)
  org.testng.internal.Invoker.invokeTestMethod(Invoker.java:816)
  org.testng.internal.Invoker.invokeTestMethods(Invoker.java:1124)
  org.testng.internal.TestMethodWorker.invokeTestMethods(TestMethodWorker.java:125)
  org.testng.internal.TestMethodWorker.run(TestMethodWorker.java:108)
  org.testng.TestRunner.privateRun(TestRunner.java:774)
  org.testng.TestRunner.run(TestRunner.java:624)
  org.testng.SuiteRunner.runTest(SuiteRunner.java:359)
  org.testng.SuiteRunner.runSequentially(SuiteRunner.java:354)
  org.testng.SuiteRunner.privateRun(SuiteRunner.java:312)
  org.testng.SuiteRunner.run(SuiteRunner.java:261)
  org.testng.SuiteRunnerWorker.runSuite(SuiteRunnerWorker.java:52)
  org.testng.SuiteRunnerWorker.run(SuiteRunnerWorker.java:86)
  org.testng.TestNG.runSuitesSequentially(TestNG.java:1215)
  org.testng.TestNG.runSuitesLocally(TestNG.java:1140)
  org.testng.TestNG.run(TestNG.java:1048)
  org.apache.maven.surefire.testng.TestNGExecutor.run(TestNGExecutor.java:293)
  org.apache.maven.surefire.testng.TestNGXmlTestSuite.execute(TestNGXmlTestSuite.java:84)
  org.apache.maven.surefire.testng.TestNGProvider.invoke(TestNGProvider.java:91)
  org.apache.maven.surefire.booter.ForkedBooter.invokeProviderInSameClassLoader(ForkedBooter.java:200)
  org.apache.maven.surefire.booter.ForkedBooter.runSuitesInProcess(ForkedBooter.java:153)
  org.apache.maven.surefire.booter.ForkedBooter.main(ForkedBooter.java:103)
]]>
      </failure>

          </testcase>
  
  
            <testcase name="M_adddisa" time="38.273" classname="com.yeastar.swebtest.testcase.DetailCase.pbxcase.BeforeTest" />
                <testcase name="C_addtrunk" time="42.436" classname="com.yeastar.swebtest.testcase.DetailCase.pbxcase.BeforeTest" />
                <testcase name="H_addivr" time="50.971" classname="com.yeastar.swebtest.testcase.DetailCase.pbxcase.BeforeTest" />
                <testcase name="A3_editExtenName2" time="26.766" classname="com.yeastar.swebtest.testcase.DetailCase.pbxcase.BeforeTest" />
                <testcase name="A2_editExtenName1" time="25.362" classname="com.yeastar.swebtest.testcase.DetailCase.pbxcase.BeforeTest" />
                <testcase name="K_addconference" time="26.949" classname="com.yeastar.swebtest.testcase.DetailCase.pbxcase.BeforeTest" />
                <testcase name="I_addringgroup" time="34.713" classname="com.yeastar.swebtest.testcase.DetailCase.pbxcase.BeforeTest" />
                <testcase name="A1_addExtension" time="78.808" classname="com.yeastar.swebtest.testcase.DetailCase.pbxcase.BeforeTest" />
                <testcase name="P1_setRegistrationTime" time="7.873" classname="com.yeastar.swebtest.testcase.DetailCase.pbxcase.BeforeTest" />
                <testcase name="G_addOutRoute9" time="0.000" classname="com.yeastar.swebtest.testcase.DetailCase.pbxcase.BeforeTest" />
                <testcase name="J_addqueue" time="39.565" classname="com.yeastar.swebtest.testcase.DetailCase.pbxcase.BeforeTest" />
                <testcase name="G_addOutRoute7" time="0.000" classname="com.yeastar.swebtest.testcase.DetailCase.pbxcase.BeforeTest" />
                <testcase name="R_UserPermission" time="38.719" classname="com.yeastar.swebtest.testcase.DetailCase.pbxcase.BeforeTest" />
                <testcase name="G_addOutRoute8" time="0.000" classname="com.yeastar.swebtest.testcase.DetailCase.pbxcase.BeforeTest" />
                <testcase name="G_addOutRoute5" time="15.422" classname="com.yeastar.swebtest.testcase.DetailCase.pbxcase.BeforeTest" />
                <testcase name="D_addtrunk" time="42.572" classname="com.yeastar.swebtest.testcase.DetailCase.pbxcase.BeforeTest" />
                <testcase name="L_addcallback" time="41.494" classname="com.yeastar.swebtest.testcase.DetailCase.pbxcase.BeforeTest" />
                <testcase name="G_addOutRoute1" time="33.271" classname="com.yeastar.swebtest.testcase.DetailCase.pbxcase.BeforeTest" />
                <testcase name="A4_addExtensionGroup" time="34.507" classname="com.yeastar.swebtest.testcase.DetailCase.pbxcase.BeforeTest" />
                <testcase name="G_addOutRoute2" time="15.418" classname="com.yeastar.swebtest.testcase.DetailCase.pbxcase.BeforeTest" />
                <testcase name="Q_setAMI" time="22.215" classname="com.yeastar.swebtest.testcase.DetailCase.pbxcase.BeforeTest" />
                <testcase name="P2_setCode" time="7.563" classname="com.yeastar.swebtest.testcase.DetailCase.pbxcase.BeforeTest" />
                <testcase name="G_addOutRoute6" time="15.708" classname="com.yeastar.swebtest.testcase.DetailCase.pbxcase.BeforeTest" />
                <testcase name="G_addOutRoute4" time="15.525" classname="com.yeastar.swebtest.testcase.DetailCase.pbxcase.BeforeTest" />
                <testcase name="S_setSystemTime" time="123.378" classname="com.yeastar.swebtest.testcase.DetailCase.pbxcase.BeforeTest" />
                <testcase name="B_addtrunk" time="44.637" classname="com.yeastar.swebtest.testcase.DetailCase.pbxcase.BeforeTest" />
                <testcase name="B1_addtrunk" time="59.205" classname="com.yeastar.swebtest.testcase.DetailCase.pbxcase.BeforeTest" />
                <testcase name="F_addInRoute" time="52.976" classname="com.yeastar.swebtest.testcase.DetailCase.pbxcase.BeforeTest" />
                <testcase name="N_addPin" time="49.744" classname="com.yeastar.swebtest.testcase.DetailCase.pbxcase.BeforeTest" />
                <testcase name="G_addOutRoute3" time="15.584" classname="com.yeastar.swebtest.testcase.DetailCase.pbxcase.BeforeTest" />
                <testcase name="A3_editExtenEmail1" time="20.217" classname="com.yeastar.swebtest.testcase.DetailCase.pbxcase.BeforeTest" />
                <testcase name="O2_setRecord" time="48.888" classname="com.yeastar.swebtest.testcase.DetailCase.pbxcase.BeforeTest" />
                <testcase name="C1_addtrunk" time="0.000" classname="com.yeastar.swebtest.testcase.DetailCase.pbxcase.BeforeTest" />
                <testcase name="O1_setRecord" time="9.038" classname="com.yeastar.swebtest.testcase.DetailCase.pbxcase.BeforeTest" />
                <testcase name="A3_editExtenEmail2" time="29.755" classname="com.yeastar.swebtest.testcase.DetailCase.pbxcase.BeforeTest" />
                <testcase name="E_addtrunk" time="44.324" classname="com.yeastar.swebtest.testcase.DetailCase.pbxcase.BeforeTest" />
      
</testsuite>
