<?xml version="1.0" encoding="UTF-8"?>
<testsuite name="pbxcore"
           tests="43"
           failures="1"
           errors="0"
           skipped="42"
           time="0.004">
  <properties />
            <testcase name="A_Login" time="0.000" classname="com.yeastar.swebtest.testcase.RegressionCase.pbxcase.Blacklist_Whitelist">
                <failure type="org.openqa.selenium.WebDriverException"
                  message="chrome not reachable
  (Session info: chrome=69.0.3497.100)
  (Driver info: chromedriver=2.42.591088 (7b2b2dca23cca0862f674758c9a3933e685c27d5),platform=Windows NT 6.1.7601 SP1 x86_64) (WARNING: The server did not provide any stacktrace information)
Command duration or timeout: 6.01 seconds
Build info: version: '2.53.1', revision: 'a36b8b1cd5757287168e54b817830adce9b0158d', time: '2016-06-30 19:26:09'
System info: host: 'Yeastar-PC', ip: '192.168.11.194', os.name: 'Windows 7', os.arch: 'x86', os.version: '6.1', java.version: '1.8.0_121'
Driver info: org.openqa.selenium.chrome.ChromeDriver
selenide.url: https://192.168.12.212:8088/
Capabilities [{mobileEmulationEnabled=false, hasTouchScreen=false, platform=XP, acceptSslCerts=false, goog:chromeOptions={debuggerAddress=localhost:33155}, acceptInsecureCerts=false, webStorageEnabled=true, browserName=chrome, takesScreenshot=true, javascriptEnabled=true, setWindowRect=true, unexpectedAlertBehaviour=, applicationCacheEnabled=false, rotatable=false, networkConnectionEnabled=false, chrome={chromedriverVersion=2.42.591088 (7b2b2dca23cca0862f674758c9a3933e685c27d5), userDataDir=C:\Users\Yeastar\AppData\Local\Temp\scoped_dir3572_9137}, takesHeapSnapshot=true, pageLoadStrategy=normal, databaseEnabled=false, handlesAlerts=true, version=69.0.3497.100, browserConnectionEnabled=false, nativeEvents=true, locationContextEnabled=true, cssSelectorsEnabled=true}]
selenide.baseUrl: http://localhost:8080
Session ID: ba12679c59a3aca59820d3d47009e594"
              >
<![CDATA[org.openqa.selenium.WebDriverException: chrome not reachable
  (Session info: chrome=69.0.3497.100)
  (Driver info: chromedriver=2.42.591088 (7b2b2dca23cca0862f674758c9a3933e685c27d5),platform=Windows NT 6.1.7601 SP1 x86_64) (WARNING: The server did not provide any stacktrace information)
Command duration or timeout: 6.01 seconds
Build info: version: '2.53.1', revision: 'a36b8b1cd5757287168e54b817830adce9b0158d', time: '2016-06-30 19:26:09'
System info: host: 'Yeastar-PC', ip: '192.168.11.194', os.name: 'Windows 7', os.arch: 'x86', os.version: '6.1', java.version: '1.8.0_121'
Driver info: org.openqa.selenium.chrome.ChromeDriver
selenide.url: https://192.168.12.212:8088/
Capabilities [{mobileEmulationEnabled=false, hasTouchScreen=false, platform=XP, acceptSslCerts=false, goog:chromeOptions={debuggerAddress=localhost:33155}, acceptInsecureCerts=false, webStorageEnabled=true, browserName=chrome, takesScreenshot=true, javascriptEnabled=true, setWindowRect=true, unexpectedAlertBehaviour=, applicationCacheEnabled=false, rotatable=false, networkConnectionEnabled=false, chrome={chromedriverVersion=2.42.591088 (7b2b2dca23cca0862f674758c9a3933e685c27d5), userDataDir=C:\Users\Yeastar\AppData\Local\Temp\scoped_dir3572_9137}, takesHeapSnapshot=true, pageLoadStrategy=normal, databaseEnabled=false, handlesAlerts=true, version=69.0.3497.100, browserConnectionEnabled=false, nativeEvents=true, locationContextEnabled=true, cssSelectorsEnabled=true}]
selenide.baseUrl: http://localhost:8080
Session ID: ba12679c59a3aca59820d3d47009e594
  sun.reflect.NativeConstructorAccessorImpl.newInstance0(Native Method)
  sun.reflect.NativeConstructorAccessorImpl.newInstance(NativeConstructorAccessorImpl.java:62)
  sun.reflect.DelegatingConstructorAccessorImpl.newInstance(DelegatingConstructorAccessorImpl.java:45)
  java.lang.reflect.Constructor.newInstance(Constructor.java:423)
  org.openqa.selenium.remote.ErrorHandler.createThrowable(ErrorHandler.java:206)
  org.openqa.selenium.remote.ErrorHandler.throwIfResponseFailed(ErrorHandler.java:158)
  org.openqa.selenium.remote.RemoteWebDriver.execute(RemoteWebDriver.java:678)
  org.openqa.selenium.remote.RemoteWebDriver.get(RemoteWebDriver.java:316)
  org.openqa.selenium.remote.RemoteWebDriver$RemoteNavigation.to(RemoteWebDriver.java:969)
  com.codeborne.selenide.impl.Navigator.navigateToAbsoluteUrl(Navigator.java:70)
  com.codeborne.selenide.impl.Navigator.open(Navigator.java:32)
  com.codeborne.selenide.Selenide.open(Selenide.java:82)
  com.codeborne.selenide.Selenide.open(Selenide.java:56)
  com.yeastar.swebtest.driver.SwebDriver.initialDriver(SwebDriver.java:72)
  com.yeastar.swebtest.driver.SwebDriver.initialDriver(SwebDriver.java:33)
  com.yeastar.swebtest.testcase.RegressionCase.pbxcase.Blacklist_Whitelist.A_Login(Blacklist_Whitelist.java:16)
  sun.reflect.NativeMethodAccessorImpl.invoke0(Native Method)
  sun.reflect.NativeMethodAccessorImpl.invoke(NativeMethodAccessorImpl.java:62)
  sun.reflect.DelegatingMethodAccessorImpl.invoke(DelegatingMethodAccessorImpl.java:43)
  java.lang.reflect.Method.invoke(Method.java:498)
  org.testng.internal.MethodInvocationHelper.invokeMethod(MethodInvocationHelper.java:85)
  org.testng.internal.Invoker.invokeConfigurationMethod(Invoker.java:510)
  org.testng.internal.Invoker.invokeConfigurations(Invoker.java:211)
  org.testng.internal.Invoker.invokeConfigurations(Invoker.java:138)
  org.testng.internal.TestMethodWorker.invokeBeforeClassMethods(TestMethodWorker.java:170)
  org.testng.internal.TestMethodWorker.run(TestMethodWorker.java:104)
  org.testng.TestRunner.privateRun(TestRunner.java:774)
  org.testng.TestRunner.run(TestRunner.java:624)
  org.testng.SuiteRunner.runTest(SuiteRunner.java:359)
  org.testng.SuiteRunner.runSequentially(SuiteRunner.java:354)
  org.testng.SuiteRunner.privateRun(SuiteRunner.java:312)
  org.testng.SuiteRunner.run(SuiteRunner.java:261)
  org.testng.SuiteRunnerWorker.runSuite(SuiteRunnerWorker.java:52)
  org.testng.SuiteRunnerWorker.run(SuiteRunnerWorker.java:86)
  org.testng.TestNG.runSuitesSequentially(TestNG.java:1215)
  org.testng.TestNG.runSuitesLocally(TestNG.java:1140)
  org.testng.TestNG.run(TestNG.java:1048)
  org.apache.maven.surefire.testng.TestNGExecutor.run(TestNGExecutor.java:293)
  org.apache.maven.surefire.testng.TestNGXmlTestSuite.execute(TestNGXmlTestSuite.java:84)
  org.apache.maven.surefire.testng.TestNGProvider.invoke(TestNGProvider.java:91)
  org.apache.maven.surefire.booter.ForkedBooter.invokeProviderInSameClassLoader(ForkedBooter.java:200)
  org.apache.maven.surefire.booter.ForkedBooter.runSuitesInProcess(ForkedBooter.java:153)
  org.apache.maven.surefire.booter.ForkedBooter.main(ForkedBooter.java:103)
]]>
      </failure>

          </testcase>
  
            <testcase name="AfterMethod" time="0.0" classname="com.yeastar.swebtest.testcase.RegressionCase.pbxcase.Blacklist_Whitelist">
          <skipped />
    </testcase>
            <testcase name="AfterMethod" time="0.0" classname="com.yeastar.swebtest.testcase.RegressionCase.pbxcase.Blacklist_Whitelist">
          <skipped />
    </testcase>
            <testcase name="AfterMethod" time="0.0" classname="com.yeastar.swebtest.testcase.RegressionCase.pbxcase.Blacklist_Whitelist">
          <skipped />
    </testcase>
            <testcase name="AfterMethod" time="0.0" classname="com.yeastar.swebtest.testcase.RegressionCase.pbxcase.Blacklist_Whitelist">
          <skipped />
    </testcase>
            <testcase name="AfterMethod" time="0.0" classname="com.yeastar.swebtest.testcase.RegressionCase.pbxcase.Blacklist_Whitelist">
          <skipped />
    </testcase>
            <testcase name="C_InitBlackList_WhiteList" time="0.0" classname="com.yeastar.swebtest.testcase.RegressionCase.pbxcase.Blacklist_Whitelist">
          <skipped />
    </testcase>
            <testcase name="AfterMethod" time="0.0" classname="com.yeastar.swebtest.testcase.RegressionCase.pbxcase.Blacklist_Whitelist">
          <skipped />
    </testcase>
            <testcase name="AfterClass" time="0.0" classname="com.yeastar.swebtest.testcase.RegressionCase.pbxcase.Blacklist_Whitelist">
          <skipped />
    </testcase>
            <testcase name="AfterMethod" time="0.0" classname="com.yeastar.swebtest.testcase.RegressionCase.pbxcase.Blacklist_Whitelist">
          <skipped />
    </testcase>
            <testcase name="AfterMethod" time="0.0" classname="com.yeastar.swebtest.testcase.RegressionCase.pbxcase.Blacklist_Whitelist">
          <skipped />
    </testcase>
            <testcase name="AfterMethod" time="0.0" classname="com.yeastar.swebtest.testcase.RegressionCase.pbxcase.Blacklist_Whitelist">
          <skipped />
    </testcase>
            <testcase name="AfterMethod" time="0.0" classname="com.yeastar.swebtest.testcase.RegressionCase.pbxcase.Blacklist_Whitelist">
          <skipped />
    </testcase>
            <testcase name="AfterMethod" time="0.0" classname="com.yeastar.swebtest.testcase.RegressionCase.pbxcase.Blacklist_Whitelist">
          <skipped />
    </testcase>
            <testcase name="AfterMethod" time="0.0" classname="com.yeastar.swebtest.testcase.RegressionCase.pbxcase.Blacklist_Whitelist">
          <skipped />
    </testcase>
            <testcase name="AfterMethod" time="0.0" classname="com.yeastar.swebtest.testcase.RegressionCase.pbxcase.Blacklist_Whitelist">
          <skipped />
    </testcase>
            <testcase name="AfterMethod" time="0.0" classname="com.yeastar.swebtest.testcase.RegressionCase.pbxcase.Blacklist_Whitelist">
          <skipped />
    </testcase>
            <testcase name="AfterMethod" time="0.0" classname="com.yeastar.swebtest.testcase.RegressionCase.pbxcase.Blacklist_Whitelist">
          <skipped />
    </testcase>
            <testcase name="AfterMethod" time="0.0" classname="com.yeastar.swebtest.testcase.RegressionCase.pbxcase.Blacklist_Whitelist">
          <skipped />
    </testcase>
            <testcase name="AfterMethod" time="0.0" classname="com.yeastar.swebtest.testcase.RegressionCase.pbxcase.Blacklist_Whitelist">
          <skipped />
    </testcase>
            <testcase name="AfterMethod" time="0.0" classname="com.yeastar.swebtest.testcase.RegressionCase.pbxcase.Blacklist_Whitelist">
          <skipped />
    </testcase>
            <testcase name="AfterMethod" time="0.0" classname="com.yeastar.swebtest.testcase.RegressionCase.pbxcase.Blacklist_Whitelist">
          <skipped />
    </testcase>
            <testcase name="AfterMethod" time="0.0" classname="com.yeastar.swebtest.testcase.RegressionCase.pbxcase.Blacklist_Whitelist">
          <skipped />
    </testcase>
            <testcase name="G2_whiteList1_Out_2001_callin" time="0.0" classname="com.yeastar.swebtest.testcase.RegressionCase.pbxcase.Blacklist_Whitelist">
          <skipped />
    </testcase>
            <testcase name="F3_blackList2_In_3001_callin" time="0.0" classname="com.yeastar.swebtest.testcase.RegressionCase.pbxcase.Blacklist_Whitelist">
          <skipped />
    </testcase>
            <testcase name="B2_blackList1_In_2001_call" time="0.0" classname="com.yeastar.swebtest.testcase.RegressionCase.pbxcase.Blacklist_Whitelist">
          <skipped />
    </testcase>
            <testcase name="K_Recovery" time="0.0" classname="com.yeastar.swebtest.testcase.RegressionCase.pbxcase.Blacklist_Whitelist">
          <skipped />
    </testcase>
            <testcase name="F2_blackList2_In_3001_callout" time="0.0" classname="com.yeastar.swebtest.testcase.RegressionCase.pbxcase.Blacklist_Whitelist">
          <skipped />
    </testcase>
            <testcase name="A0_Register" time="0.0" classname="com.yeastar.swebtest.testcase.RegressionCase.pbxcase.Blacklist_Whitelist">
          <skipped />
    </testcase>
            <testcase name="B1_blackList1_In_2001_add" time="0.0" classname="com.yeastar.swebtest.testcase.RegressionCase.pbxcase.Blacklist_Whitelist">
          <skipped />
    </testcase>
            <testcase name="E1_whiteList2_Out_3001_add" time="0.0" classname="com.yeastar.swebtest.testcase.RegressionCase.pbxcase.Blacklist_Whitelist">
          <skipped />
    </testcase>
            <testcase name="F1_blackList2_In_3001_edit" time="0.0" classname="com.yeastar.swebtest.testcase.RegressionCase.pbxcase.Blacklist_Whitelist">
          <skipped />
    </testcase>
            <testcase name="A1_EditInRoute1" time="0.0" classname="com.yeastar.swebtest.testcase.RegressionCase.pbxcase.Blacklist_Whitelist">
          <skipped />
    </testcase>
            <testcase name="J_DeleteWhiteList" time="0.0" classname="com.yeastar.swebtest.testcase.RegressionCase.pbxcase.Blacklist_Whitelist">
          <skipped />
    </testcase>
            <testcase name="C2_blackList2_Out_3001_call" time="0.0" classname="com.yeastar.swebtest.testcase.RegressionCase.pbxcase.Blacklist_Whitelist">
          <skipped />
    </testcase>
            <testcase name="D1_whiteList1_Both_2001_add" time="0.0" classname="com.yeastar.swebtest.testcase.RegressionCase.pbxcase.Blacklist_Whitelist">
          <skipped />
    </testcase>
            <testcase name="G1_whiteList1_Out_2001_edit" time="0.0" classname="com.yeastar.swebtest.testcase.RegressionCase.pbxcase.Blacklist_Whitelist">
          <skipped />
    </testcase>
            <testcase name="I_DeleteBlackList" time="0.0" classname="com.yeastar.swebtest.testcase.RegressionCase.pbxcase.Blacklist_Whitelist">
          <skipped />
    </testcase>
            <testcase name="H_Export" time="0.0" classname="com.yeastar.swebtest.testcase.RegressionCase.pbxcase.Blacklist_Whitelist">
          <skipped />
    </testcase>
            <testcase name="C1_blackList2_Out_3001_add" time="0.0" classname="com.yeastar.swebtest.testcase.RegressionCase.pbxcase.Blacklist_Whitelist">
          <skipped />
    </testcase>
            <testcase name="D2_whiteList1_Both_2001_call" time="0.0" classname="com.yeastar.swebtest.testcase.RegressionCase.pbxcase.Blacklist_Whitelist">
          <skipped />
    </testcase>
            <testcase name="G3_whiteList1_Out_2001_callout" time="0.0" classname="com.yeastar.swebtest.testcase.RegressionCase.pbxcase.Blacklist_Whitelist">
          <skipped />
    </testcase>
            <testcase name="E2_whiteList2_Out_3001_call" time="0.0" classname="com.yeastar.swebtest.testcase.RegressionCase.pbxcase.Blacklist_Whitelist">
          <skipped />
    </testcase>
  
  
</testsuite>
