<?xml version="1.0" encoding="UTF-8"?>
<testsuite name="pbxcore"
           tests="91"
           failures="12"
           errors="0"
           skipped="0"
           time="5406.220">
  <properties />
            <testcase name="G8_timeDelay" time="485.290" classname="com.yeastar.swebtest.testcase.DetailCase.pbxcase.InboundRoutes">
                <failure type="java.lang.AssertionError"
                  message="CDR被叫方检测 【预期：1105 [6200(1105)] 实际：6200】"
              >
<![CDATA[java.lang.AssertionError: CDR被叫方检测 【预期：1105 [6200(1105)] 实际：6200】
  com.yeastar.swebtest.tools.ysassert.YsAssert.fail(YsAssert.java:1092)
  com.yeastar.swebtest.tools.ysassert.YsAssert.failNotEquals(YsAssert.java:583)
  com.yeastar.swebtest.tools.ysassert.YsAssert.assertEqualsImpl(YsAssert.java:146)
  com.yeastar.swebtest.tools.ysassert.YsAssert.assertEquals(YsAssert.java:120)
  com.yeastar.swebtest.tools.ysassert.YsAssert.assertEquals(YsAssert.java:203)
  com.yeastar.swebtest.driver.YSMethod.YS_Extension.checkCDR(YS_Extension.java:289)
  com.yeastar.swebtest.driver.YSMethod.YS_Extension.checkCDR(YS_Extension.java:278)
  com.yeastar.swebtest.testcase.DetailCase.pbxcase.InboundRoutes.G8_timeDelay(InboundRoutes.java:1392)
  sun.reflect.NativeMethodAccessorImpl.invoke0(Native Method)
  sun.reflect.NativeMethodAccessorImpl.invoke(NativeMethodAccessorImpl.java:62)
  sun.reflect.DelegatingMethodAccessorImpl.invoke(DelegatingMethodAccessorImpl.java:43)
  java.lang.reflect.Method.invoke(Method.java:498)
  org.testng.internal.MethodInvocationHelper.invokeMethod(MethodInvocationHelper.java:85)
  org.testng.internal.Invoker.invokeMethod(Invoker.java:639)
  org.testng.internal.Invoker.invokeTestMethod(Invoker.java:816)
  org.testng.internal.Invoker.invokeTestMethods(Invoker.java:1124)
  org.testng.internal.TestMethodWorker.invokeTestMethods(TestMethodWorker.java:125)
  org.testng.internal.TestMethodWorker.run(TestMethodWorker.java:108)
  org.testng.TestRunner.privateRun(TestRunner.java:774)
  org.testng.TestRunner.run(TestRunner.java:624)
  org.testng.SuiteRunner.runTest(SuiteRunner.java:359)
  org.testng.SuiteRunner.runSequentially(SuiteRunner.java:354)
  org.testng.SuiteRunner.privateRun(SuiteRunner.java:312)
  org.testng.SuiteRunner.run(SuiteRunner.java:261)
  org.testng.SuiteRunnerWorker.runSuite(SuiteRunnerWorker.java:52)
  org.testng.SuiteRunnerWorker.run(SuiteRunnerWorker.java:86)
  org.testng.TestNG.runSuitesSequentially(TestNG.java:1215)
  org.testng.TestNG.runSuitesLocally(TestNG.java:1140)
  org.testng.TestNG.run(TestNG.java:1048)
  org.apache.maven.surefire.testng.TestNGExecutor.run(TestNGExecutor.java:293)
  org.apache.maven.surefire.testng.TestNGXmlTestSuite.execute(TestNGXmlTestSuite.java:84)
  org.apache.maven.surefire.testng.TestNGProvider.invoke(TestNGProvider.java:91)
  org.apache.maven.surefire.booter.ForkedBooter.invokeProviderInSameClassLoader(ForkedBooter.java:200)
  org.apache.maven.surefire.booter.ForkedBooter.runSuitesInProcess(ForkedBooter.java:153)
  org.apache.maven.surefire.booter.ForkedBooter.main(ForkedBooter.java:103)
]]>
      </failure>

          </testcase>
            <testcase name="I8_timecondition_outbound_account" time="74.847" classname="com.yeastar.swebtest.testcase.DetailCase.pbxcase.InboundRoutes">
                <failure type="java.lang.AssertionError"
                  message="CDR_Status检测 【预期：Answered 实际：No Answer】"
              >
<![CDATA[java.lang.AssertionError: CDR_Status检测 【预期：Answered 实际：No Answer】
  com.yeastar.swebtest.tools.ysassert.YsAssert.fail(YsAssert.java:1092)
  com.yeastar.swebtest.tools.ysassert.YsAssert.failNotEquals(YsAssert.java:583)
  com.yeastar.swebtest.tools.ysassert.YsAssert.assertEqualsImpl(YsAssert.java:146)
  com.yeastar.swebtest.tools.ysassert.YsAssert.assertEquals(YsAssert.java:120)
  com.yeastar.swebtest.tools.ysassert.YsAssert.assertEquals(YsAssert.java:203)
  com.yeastar.swebtest.driver.YSMethod.YS_Extension.checkCDR(YS_Extension.java:290)
  com.yeastar.swebtest.driver.YSMethod.YS_Extension.checkCDR(YS_Extension.java:278)
  com.yeastar.swebtest.testcase.DetailCase.pbxcase.InboundRoutes.I8_timecondition_outbound_account(InboundRoutes.java:1957)
  sun.reflect.NativeMethodAccessorImpl.invoke0(Native Method)
  sun.reflect.NativeMethodAccessorImpl.invoke(NativeMethodAccessorImpl.java:62)
  sun.reflect.DelegatingMethodAccessorImpl.invoke(DelegatingMethodAccessorImpl.java:43)
  java.lang.reflect.Method.invoke(Method.java:498)
  org.testng.internal.MethodInvocationHelper.invokeMethod(MethodInvocationHelper.java:85)
  org.testng.internal.Invoker.invokeMethod(Invoker.java:639)
  org.testng.internal.Invoker.invokeTestMethod(Invoker.java:816)
  org.testng.internal.Invoker.invokeTestMethods(Invoker.java:1124)
  org.testng.internal.TestMethodWorker.invokeTestMethods(TestMethodWorker.java:125)
  org.testng.internal.TestMethodWorker.run(TestMethodWorker.java:108)
  org.testng.TestRunner.privateRun(TestRunner.java:774)
  org.testng.TestRunner.run(TestRunner.java:624)
  org.testng.SuiteRunner.runTest(SuiteRunner.java:359)
  org.testng.SuiteRunner.runSequentially(SuiteRunner.java:354)
  org.testng.SuiteRunner.privateRun(SuiteRunner.java:312)
  org.testng.SuiteRunner.run(SuiteRunner.java:261)
  org.testng.SuiteRunnerWorker.runSuite(SuiteRunnerWorker.java:52)
  org.testng.SuiteRunnerWorker.run(SuiteRunnerWorker.java:86)
  org.testng.TestNG.runSuitesSequentially(TestNG.java:1215)
  org.testng.TestNG.runSuitesLocally(TestNG.java:1140)
  org.testng.TestNG.run(TestNG.java:1048)
  org.apache.maven.surefire.testng.TestNGExecutor.run(TestNGExecutor.java:293)
  org.apache.maven.surefire.testng.TestNGXmlTestSuite.execute(TestNGXmlTestSuite.java:84)
  org.apache.maven.surefire.testng.TestNGProvider.invoke(TestNGProvider.java:91)
  org.apache.maven.surefire.booter.ForkedBooter.invokeProviderInSameClassLoader(ForkedBooter.java:200)
  org.apache.maven.surefire.booter.ForkedBooter.runSuitesInProcess(ForkedBooter.java:153)
  org.apache.maven.surefire.booter.ForkedBooter.main(ForkedBooter.java:103)
]]>
      </failure>

          </testcase>
            <testcase name="D3_ExtensionRange" time="100.910" classname="com.yeastar.swebtest.testcase.DetailCase.pbxcase.InboundRoutes">
                <failure type="java.lang.AssertionError"
                  message="CDR_Status检测 【预期：Busy 实际：Voicemail】"
              >
<![CDATA[java.lang.AssertionError: CDR_Status检测 【预期：Busy 实际：Voicemail】
  com.yeastar.swebtest.tools.ysassert.YsAssert.fail(YsAssert.java:1092)
  com.yeastar.swebtest.tools.ysassert.YsAssert.failNotEquals(YsAssert.java:583)
  com.yeastar.swebtest.tools.ysassert.YsAssert.assertEqualsImpl(YsAssert.java:146)
  com.yeastar.swebtest.tools.ysassert.YsAssert.assertEquals(YsAssert.java:120)
  com.yeastar.swebtest.tools.ysassert.YsAssert.assertEquals(YsAssert.java:203)
  com.yeastar.swebtest.driver.YSMethod.YS_Extension.checkCDR(YS_Extension.java:290)
  com.yeastar.swebtest.testcase.DetailCase.pbxcase.InboundRoutes.D3_ExtensionRange(InboundRoutes.java:735)
  sun.reflect.NativeMethodAccessorImpl.invoke0(Native Method)
  sun.reflect.NativeMethodAccessorImpl.invoke(NativeMethodAccessorImpl.java:62)
  sun.reflect.DelegatingMethodAccessorImpl.invoke(DelegatingMethodAccessorImpl.java:43)
  java.lang.reflect.Method.invoke(Method.java:498)
  org.testng.internal.MethodInvocationHelper.invokeMethod(MethodInvocationHelper.java:85)
  org.testng.internal.Invoker.invokeMethod(Invoker.java:639)
  org.testng.internal.Invoker.invokeTestMethod(Invoker.java:816)
  org.testng.internal.Invoker.invokeTestMethods(Invoker.java:1124)
  org.testng.internal.TestMethodWorker.invokeTestMethods(TestMethodWorker.java:125)
  org.testng.internal.TestMethodWorker.run(TestMethodWorker.java:108)
  org.testng.TestRunner.privateRun(TestRunner.java:774)
  org.testng.TestRunner.run(TestRunner.java:624)
  org.testng.SuiteRunner.runTest(SuiteRunner.java:359)
  org.testng.SuiteRunner.runSequentially(SuiteRunner.java:354)
  org.testng.SuiteRunner.privateRun(SuiteRunner.java:312)
  org.testng.SuiteRunner.run(SuiteRunner.java:261)
  org.testng.SuiteRunnerWorker.runSuite(SuiteRunnerWorker.java:52)
  org.testng.SuiteRunnerWorker.run(SuiteRunnerWorker.java:86)
  org.testng.TestNG.runSuitesSequentially(TestNG.java:1215)
  org.testng.TestNG.runSuitesLocally(TestNG.java:1140)
  org.testng.TestNG.run(TestNG.java:1048)
  org.apache.maven.surefire.testng.TestNGExecutor.run(TestNGExecutor.java:293)
  org.apache.maven.surefire.testng.TestNGXmlTestSuite.execute(TestNGXmlTestSuite.java:84)
  org.apache.maven.surefire.testng.TestNGProvider.invoke(TestNGProvider.java:91)
  org.apache.maven.surefire.booter.ForkedBooter.invokeProviderInSameClassLoader(ForkedBooter.java:200)
  org.apache.maven.surefire.booter.ForkedBooter.runSuitesInProcess(ForkedBooter.java:153)
  org.apache.maven.surefire.booter.ForkedBooter.main(ForkedBooter.java:103)
]]>
      </failure>

          </testcase>
            <testcase name="B1_checkTrunk" time="30.032" classname="com.yeastar.swebtest.testcase.DetailCase.pbxcase.InboundRoutes">
                <failure type="java.lang.AssertionError"
                  message="CDR呼叫方检测 【预期：3001 [3001] 实际：callback3001】"
              >
<![CDATA[java.lang.AssertionError: CDR呼叫方检测 【预期：3001 [3001] 实际：callback3001】
  com.yeastar.swebtest.tools.ysassert.YsAssert.fail(YsAssert.java:1092)
  com.yeastar.swebtest.tools.ysassert.YsAssert.failNotEquals(YsAssert.java:583)
  com.yeastar.swebtest.tools.ysassert.YsAssert.assertEqualsImpl(YsAssert.java:146)
  com.yeastar.swebtest.tools.ysassert.YsAssert.assertEquals(YsAssert.java:120)
  com.yeastar.swebtest.tools.ysassert.YsAssert.assertEquals(YsAssert.java:203)
  com.yeastar.swebtest.driver.YSMethod.YS_Extension.checkCDR(YS_Extension.java:288)
  com.yeastar.swebtest.driver.YSMethod.YS_Extension.checkCDR(YS_Extension.java:278)
  com.yeastar.swebtest.testcase.RegressionCase.pbxcase.Inbound.A_callfrom1_sip(Inbound.java:58)
  com.yeastar.swebtest.testcase.DetailCase.pbxcase.InboundRoutes.B1_checkTrunk(InboundRoutes.java:127)
  sun.reflect.NativeMethodAccessorImpl.invoke0(Native Method)
  sun.reflect.NativeMethodAccessorImpl.invoke(NativeMethodAccessorImpl.java:62)
  sun.reflect.DelegatingMethodAccessorImpl.invoke(DelegatingMethodAccessorImpl.java:43)
  java.lang.reflect.Method.invoke(Method.java:498)
  org.testng.internal.MethodInvocationHelper.invokeMethod(MethodInvocationHelper.java:85)
  org.testng.internal.Invoker.invokeMethod(Invoker.java:639)
  org.testng.internal.Invoker.invokeTestMethod(Invoker.java:816)
  org.testng.internal.Invoker.invokeTestMethods(Invoker.java:1124)
  org.testng.internal.TestMethodWorker.invokeTestMethods(TestMethodWorker.java:125)
  org.testng.internal.TestMethodWorker.run(TestMethodWorker.java:108)
  org.testng.TestRunner.privateRun(TestRunner.java:774)
  org.testng.TestRunner.run(TestRunner.java:624)
  org.testng.SuiteRunner.runTest(SuiteRunner.java:359)
  org.testng.SuiteRunner.runSequentially(SuiteRunner.java:354)
  org.testng.SuiteRunner.privateRun(SuiteRunner.java:312)
  org.testng.SuiteRunner.run(SuiteRunner.java:261)
  org.testng.SuiteRunnerWorker.runSuite(SuiteRunnerWorker.java:52)
  org.testng.SuiteRunnerWorker.run(SuiteRunnerWorker.java:86)
  org.testng.TestNG.runSuitesSequentially(TestNG.java:1215)
  org.testng.TestNG.runSuitesLocally(TestNG.java:1140)
  org.testng.TestNG.run(TestNG.java:1048)
  org.apache.maven.surefire.testng.TestNGExecutor.run(TestNGExecutor.java:293)
  org.apache.maven.surefire.testng.TestNGXmlTestSuite.execute(TestNGXmlTestSuite.java:84)
  org.apache.maven.surefire.testng.TestNGProvider.invoke(TestNGProvider.java:91)
  org.apache.maven.surefire.booter.ForkedBooter.invokeProviderInSameClassLoader(ForkedBooter.java:200)
  org.apache.maven.surefire.booter.ForkedBooter.runSuitesInProcess(ForkedBooter.java:153)
  org.apache.maven.surefire.booter.ForkedBooter.main(ForkedBooter.java:103)
]]>
      </failure>

          </testcase>
            <testcase name="B3_checkCaller1" time="66.663" classname="com.yeastar.swebtest.testcase.DetailCase.pbxcase.InboundRoutes">
                <failure type="java.lang.AssertionError"
                  message="CDR呼叫方检测 【预期：2005 [2X612] 实际：2001 [2001]】"
              >
<![CDATA[java.lang.AssertionError: CDR呼叫方检测 【预期：2005 [2X612] 实际：2001 [2001]】
  com.yeastar.swebtest.tools.ysassert.YsAssert.fail(YsAssert.java:1092)
  com.yeastar.swebtest.tools.ysassert.YsAssert.failNotEquals(YsAssert.java:583)
  com.yeastar.swebtest.tools.ysassert.YsAssert.assertEqualsImpl(YsAssert.java:146)
  com.yeastar.swebtest.tools.ysassert.YsAssert.assertEquals(YsAssert.java:120)
  com.yeastar.swebtest.tools.ysassert.YsAssert.assertEquals(YsAssert.java:203)
  com.yeastar.swebtest.driver.YSMethod.YS_Extension.checkCDR(YS_Extension.java:288)
  com.yeastar.swebtest.driver.YSMethod.YS_Extension.checkCDR(YS_Extension.java:278)
  com.yeastar.swebtest.testcase.DetailCase.pbxcase.InboundRoutes.B3_checkCaller1(InboundRoutes.java:245)
  sun.reflect.NativeMethodAccessorImpl.invoke0(Native Method)
  sun.reflect.NativeMethodAccessorImpl.invoke(NativeMethodAccessorImpl.java:62)
  sun.reflect.DelegatingMethodAccessorImpl.invoke(DelegatingMethodAccessorImpl.java:43)
  java.lang.reflect.Method.invoke(Method.java:498)
  org.testng.internal.MethodInvocationHelper.invokeMethod(MethodInvocationHelper.java:85)
  org.testng.internal.Invoker.invokeMethod(Invoker.java:639)
  org.testng.internal.Invoker.invokeTestMethod(Invoker.java:816)
  org.testng.internal.Invoker.invokeTestMethods(Invoker.java:1124)
  org.testng.internal.TestMethodWorker.invokeTestMethods(TestMethodWorker.java:125)
  org.testng.internal.TestMethodWorker.run(TestMethodWorker.java:108)
  org.testng.TestRunner.privateRun(TestRunner.java:774)
  org.testng.TestRunner.run(TestRunner.java:624)
  org.testng.SuiteRunner.runTest(SuiteRunner.java:359)
  org.testng.SuiteRunner.runSequentially(SuiteRunner.java:354)
  org.testng.SuiteRunner.privateRun(SuiteRunner.java:312)
  org.testng.SuiteRunner.run(SuiteRunner.java:261)
  org.testng.SuiteRunnerWorker.runSuite(SuiteRunnerWorker.java:52)
  org.testng.SuiteRunnerWorker.run(SuiteRunnerWorker.java:86)
  org.testng.TestNG.runSuitesSequentially(TestNG.java:1215)
  org.testng.TestNG.runSuitesLocally(TestNG.java:1140)
  org.testng.TestNG.run(TestNG.java:1048)
  org.apache.maven.surefire.testng.TestNGExecutor.run(TestNGExecutor.java:293)
  org.apache.maven.surefire.testng.TestNGXmlTestSuite.execute(TestNGXmlTestSuite.java:84)
  org.apache.maven.surefire.testng.TestNGProvider.invoke(TestNGProvider.java:91)
  org.apache.maven.surefire.booter.ForkedBooter.invokeProviderInSameClassLoader(ForkedBooter.java:200)
  org.apache.maven.surefire.booter.ForkedBooter.runSuitesInProcess(ForkedBooter.java:153)
  org.apache.maven.surefire.booter.ForkedBooter.main(ForkedBooter.java:103)
]]>
      </failure>

          </testcase>
            <testcase name="G2_otherTime2" time="138.435" classname="com.yeastar.swebtest.testcase.DetailCase.pbxcase.InboundRoutes">
                <failure type="java.lang.AssertionError"
                  message="CDR呼叫方检测 【预期：4001 [6100] 实际：2001 [2001]】"
              >
<![CDATA[java.lang.AssertionError: CDR呼叫方检测 【预期：4001 [6100] 实际：2001 [2001]】
  com.yeastar.swebtest.tools.ysassert.YsAssert.fail(YsAssert.java:1092)
  com.yeastar.swebtest.tools.ysassert.YsAssert.failNotEquals(YsAssert.java:583)
  com.yeastar.swebtest.tools.ysassert.YsAssert.assertEqualsImpl(YsAssert.java:146)
  com.yeastar.swebtest.tools.ysassert.YsAssert.assertEquals(YsAssert.java:120)
  com.yeastar.swebtest.tools.ysassert.YsAssert.assertEquals(YsAssert.java:203)
  com.yeastar.swebtest.driver.YSMethod.YS_Extension.checkCDR(YS_Extension.java:288)
  com.yeastar.swebtest.driver.YSMethod.YS_Extension.checkCDR(YS_Extension.java:278)
  com.yeastar.swebtest.testcase.DetailCase.pbxcase.InboundRoutes.G2_otherTime2(InboundRoutes.java:1102)
  sun.reflect.NativeMethodAccessorImpl.invoke0(Native Method)
  sun.reflect.NativeMethodAccessorImpl.invoke(NativeMethodAccessorImpl.java:62)
  sun.reflect.DelegatingMethodAccessorImpl.invoke(DelegatingMethodAccessorImpl.java:43)
  java.lang.reflect.Method.invoke(Method.java:498)
  org.testng.internal.MethodInvocationHelper.invokeMethod(MethodInvocationHelper.java:85)
  org.testng.internal.Invoker.invokeMethod(Invoker.java:639)
  org.testng.internal.Invoker.invokeTestMethod(Invoker.java:816)
  org.testng.internal.Invoker.invokeTestMethods(Invoker.java:1124)
  org.testng.internal.TestMethodWorker.invokeTestMethods(TestMethodWorker.java:125)
  org.testng.internal.TestMethodWorker.run(TestMethodWorker.java:108)
  org.testng.TestRunner.privateRun(TestRunner.java:774)
  org.testng.TestRunner.run(TestRunner.java:624)
  org.testng.SuiteRunner.runTest(SuiteRunner.java:359)
  org.testng.SuiteRunner.runSequentially(SuiteRunner.java:354)
  org.testng.SuiteRunner.privateRun(SuiteRunner.java:312)
  org.testng.SuiteRunner.run(SuiteRunner.java:261)
  org.testng.SuiteRunnerWorker.runSuite(SuiteRunnerWorker.java:52)
  org.testng.SuiteRunnerWorker.run(SuiteRunnerWorker.java:86)
  org.testng.TestNG.runSuitesSequentially(TestNG.java:1215)
  org.testng.TestNG.runSuitesLocally(TestNG.java:1140)
  org.testng.TestNG.run(TestNG.java:1048)
  org.apache.maven.surefire.testng.TestNGExecutor.run(TestNGExecutor.java:293)
  org.apache.maven.surefire.testng.TestNGXmlTestSuite.execute(TestNGXmlTestSuite.java:84)
  org.apache.maven.surefire.testng.TestNGProvider.invoke(TestNGProvider.java:91)
  org.apache.maven.surefire.booter.ForkedBooter.invokeProviderInSameClassLoader(ForkedBooter.java:200)
  org.apache.maven.surefire.booter.ForkedBooter.runSuitesInProcess(ForkedBooter.java:153)
  org.apache.maven.surefire.booter.ForkedBooter.main(ForkedBooter.java:103)
]]>
      </failure>

          </testcase>
            <testcase name="B4_checkCaller2" time="66.259" classname="com.yeastar.swebtest.testcase.DetailCase.pbxcase.InboundRoutes">
                <failure type="java.lang.AssertionError"
                  message="CDR呼叫方检测 【预期：2005 [2X612] 实际：2001 [2001]】"
              >
<![CDATA[java.lang.AssertionError: CDR呼叫方检测 【预期：2005 [2X612] 实际：2001 [2001]】
  com.yeastar.swebtest.tools.ysassert.YsAssert.fail(YsAssert.java:1092)
  com.yeastar.swebtest.tools.ysassert.YsAssert.failNotEquals(YsAssert.java:583)
  com.yeastar.swebtest.tools.ysassert.YsAssert.assertEqualsImpl(YsAssert.java:146)
  com.yeastar.swebtest.tools.ysassert.YsAssert.assertEquals(YsAssert.java:120)
  com.yeastar.swebtest.tools.ysassert.YsAssert.assertEquals(YsAssert.java:203)
  com.yeastar.swebtest.driver.YSMethod.YS_Extension.checkCDR(YS_Extension.java:288)
  com.yeastar.swebtest.driver.YSMethod.YS_Extension.checkCDR(YS_Extension.java:278)
  com.yeastar.swebtest.testcase.DetailCase.pbxcase.InboundRoutes.B4_checkCaller2(InboundRoutes.java:285)
  sun.reflect.NativeMethodAccessorImpl.invoke0(Native Method)
  sun.reflect.NativeMethodAccessorImpl.invoke(NativeMethodAccessorImpl.java:62)
  sun.reflect.DelegatingMethodAccessorImpl.invoke(DelegatingMethodAccessorImpl.java:43)
  java.lang.reflect.Method.invoke(Method.java:498)
  org.testng.internal.MethodInvocationHelper.invokeMethod(MethodInvocationHelper.java:85)
  org.testng.internal.Invoker.invokeMethod(Invoker.java:639)
  org.testng.internal.Invoker.invokeTestMethod(Invoker.java:816)
  org.testng.internal.Invoker.invokeTestMethods(Invoker.java:1124)
  org.testng.internal.TestMethodWorker.invokeTestMethods(TestMethodWorker.java:125)
  org.testng.internal.TestMethodWorker.run(TestMethodWorker.java:108)
  org.testng.TestRunner.privateRun(TestRunner.java:774)
  org.testng.TestRunner.run(TestRunner.java:624)
  org.testng.SuiteRunner.runTest(SuiteRunner.java:359)
  org.testng.SuiteRunner.runSequentially(SuiteRunner.java:354)
  org.testng.SuiteRunner.privateRun(SuiteRunner.java:312)
  org.testng.SuiteRunner.run(SuiteRunner.java:261)
  org.testng.SuiteRunnerWorker.runSuite(SuiteRunnerWorker.java:52)
  org.testng.SuiteRunnerWorker.run(SuiteRunnerWorker.java:86)
  org.testng.TestNG.runSuitesSequentially(TestNG.java:1215)
  org.testng.TestNG.runSuitesLocally(TestNG.java:1140)
  org.testng.TestNG.run(TestNG.java:1048)
  org.apache.maven.surefire.testng.TestNGExecutor.run(TestNGExecutor.java:293)
  org.apache.maven.surefire.testng.TestNGXmlTestSuite.execute(TestNGXmlTestSuite.java:84)
  org.apache.maven.surefire.testng.TestNGProvider.invoke(TestNGProvider.java:91)
  org.apache.maven.surefire.booter.ForkedBooter.invokeProviderInSameClassLoader(ForkedBooter.java:200)
  org.apache.maven.surefire.booter.ForkedBooter.runSuitesInProcess(ForkedBooter.java:153)
  org.apache.maven.surefire.booter.ForkedBooter.main(ForkedBooter.java:103)
]]>
      </failure>

          </testcase>
            <testcase name="G9_timeOrder3" time="124.910" classname="com.yeastar.swebtest.testcase.DetailCase.pbxcase.InboundRoutes">
                <failure type="java.lang.AssertionError"
                  message="CDR被叫方检测 【预期：1105 [6200(1105)] 实际：6200】"
              >
<![CDATA[java.lang.AssertionError: CDR被叫方检测 【预期：1105 [6200(1105)] 实际：6200】
  com.yeastar.swebtest.tools.ysassert.YsAssert.fail(YsAssert.java:1092)
  com.yeastar.swebtest.tools.ysassert.YsAssert.failNotEquals(YsAssert.java:583)
  com.yeastar.swebtest.tools.ysassert.YsAssert.assertEqualsImpl(YsAssert.java:146)
  com.yeastar.swebtest.tools.ysassert.YsAssert.assertEquals(YsAssert.java:120)
  com.yeastar.swebtest.tools.ysassert.YsAssert.assertEquals(YsAssert.java:203)
  com.yeastar.swebtest.driver.YSMethod.YS_Extension.checkCDR(YS_Extension.java:289)
  com.yeastar.swebtest.driver.YSMethod.YS_Extension.checkCDR(YS_Extension.java:278)
  com.yeastar.swebtest.testcase.DetailCase.pbxcase.InboundRoutes.G9_timeOrder3(InboundRoutes.java:1481)
  sun.reflect.NativeMethodAccessorImpl.invoke0(Native Method)
  sun.reflect.NativeMethodAccessorImpl.invoke(NativeMethodAccessorImpl.java:62)
  sun.reflect.DelegatingMethodAccessorImpl.invoke(DelegatingMethodAccessorImpl.java:43)
  java.lang.reflect.Method.invoke(Method.java:498)
  org.testng.internal.MethodInvocationHelper.invokeMethod(MethodInvocationHelper.java:85)
  org.testng.internal.Invoker.invokeMethod(Invoker.java:639)
  org.testng.internal.Invoker.invokeTestMethod(Invoker.java:816)
  org.testng.internal.Invoker.invokeTestMethods(Invoker.java:1124)
  org.testng.internal.TestMethodWorker.invokeTestMethods(TestMethodWorker.java:125)
  org.testng.internal.TestMethodWorker.run(TestMethodWorker.java:108)
  org.testng.TestRunner.privateRun(TestRunner.java:774)
  org.testng.TestRunner.run(TestRunner.java:624)
  org.testng.SuiteRunner.runTest(SuiteRunner.java:359)
  org.testng.SuiteRunner.runSequentially(SuiteRunner.java:354)
  org.testng.SuiteRunner.privateRun(SuiteRunner.java:312)
  org.testng.SuiteRunner.run(SuiteRunner.java:261)
  org.testng.SuiteRunnerWorker.runSuite(SuiteRunnerWorker.java:52)
  org.testng.SuiteRunnerWorker.run(SuiteRunnerWorker.java:86)
  org.testng.TestNG.runSuitesSequentially(TestNG.java:1215)
  org.testng.TestNG.runSuitesLocally(TestNG.java:1140)
  org.testng.TestNG.run(TestNG.java:1048)
  org.apache.maven.surefire.testng.TestNGExecutor.run(TestNGExecutor.java:293)
  org.apache.maven.surefire.testng.TestNGXmlTestSuite.execute(TestNGXmlTestSuite.java:84)
  org.apache.maven.surefire.testng.TestNGProvider.invoke(TestNGProvider.java:91)
  org.apache.maven.surefire.booter.ForkedBooter.invokeProviderInSameClassLoader(ForkedBooter.java:200)
  org.apache.maven.surefire.booter.ForkedBooter.runSuitesInProcess(ForkedBooter.java:153)
  org.apache.maven.surefire.booter.ForkedBooter.main(ForkedBooter.java:103)
]]>
      </failure>

          </testcase>
            <testcase name="E6_Outbound_account" time="78.099" classname="com.yeastar.swebtest.testcase.DetailCase.pbxcase.InboundRoutes">
                <failure type="java.lang.AssertionError"
                  message="CDR_Status检测 【预期：Answered 实际：No Answer】"
              >
<![CDATA[java.lang.AssertionError: CDR_Status检测 【预期：Answered 实际：No Answer】
  com.yeastar.swebtest.tools.ysassert.YsAssert.fail(YsAssert.java:1092)
  com.yeastar.swebtest.tools.ysassert.YsAssert.failNotEquals(YsAssert.java:583)
  com.yeastar.swebtest.tools.ysassert.YsAssert.assertEqualsImpl(YsAssert.java:146)
  com.yeastar.swebtest.tools.ysassert.YsAssert.assertEquals(YsAssert.java:120)
  com.yeastar.swebtest.tools.ysassert.YsAssert.assertEquals(YsAssert.java:203)
  com.yeastar.swebtest.driver.YSMethod.YS_Extension.checkCDR(YS_Extension.java:290)
  com.yeastar.swebtest.driver.YSMethod.YS_Extension.checkCDR(YS_Extension.java:278)
  com.yeastar.swebtest.testcase.DetailCase.pbxcase.InboundRoutes.E6_Outbound_account(InboundRoutes.java:1000)
  sun.reflect.NativeMethodAccessorImpl.invoke0(Native Method)
  sun.reflect.NativeMethodAccessorImpl.invoke(NativeMethodAccessorImpl.java:62)
  sun.reflect.DelegatingMethodAccessorImpl.invoke(DelegatingMethodAccessorImpl.java:43)
  java.lang.reflect.Method.invoke(Method.java:498)
  org.testng.internal.MethodInvocationHelper.invokeMethod(MethodInvocationHelper.java:85)
  org.testng.internal.Invoker.invokeMethod(Invoker.java:639)
  org.testng.internal.Invoker.invokeTestMethod(Invoker.java:816)
  org.testng.internal.Invoker.invokeTestMethods(Invoker.java:1124)
  org.testng.internal.TestMethodWorker.invokeTestMethods(TestMethodWorker.java:125)
  org.testng.internal.TestMethodWorker.run(TestMethodWorker.java:108)
  org.testng.TestRunner.privateRun(TestRunner.java:774)
  org.testng.TestRunner.run(TestRunner.java:624)
  org.testng.SuiteRunner.runTest(SuiteRunner.java:359)
  org.testng.SuiteRunner.runSequentially(SuiteRunner.java:354)
  org.testng.SuiteRunner.privateRun(SuiteRunner.java:312)
  org.testng.SuiteRunner.run(SuiteRunner.java:261)
  org.testng.SuiteRunnerWorker.runSuite(SuiteRunnerWorker.java:52)
  org.testng.SuiteRunnerWorker.run(SuiteRunnerWorker.java:86)
  org.testng.TestNG.runSuitesSequentially(TestNG.java:1215)
  org.testng.TestNG.runSuitesLocally(TestNG.java:1140)
  org.testng.TestNG.run(TestNG.java:1048)
  org.apache.maven.surefire.testng.TestNGExecutor.run(TestNGExecutor.java:293)
  org.apache.maven.surefire.testng.TestNGXmlTestSuite.execute(TestNGXmlTestSuite.java:84)
  org.apache.maven.surefire.testng.TestNGProvider.invoke(TestNGProvider.java:91)
  org.apache.maven.surefire.booter.ForkedBooter.invokeProviderInSameClassLoader(ForkedBooter.java:200)
  org.apache.maven.surefire.booter.ForkedBooter.runSuitesInProcess(ForkedBooter.java:153)
  org.apache.maven.surefire.booter.ForkedBooter.main(ForkedBooter.java:103)
]]>
      </failure>

          </testcase>
            <testcase name="I2_callBack" time="40.810" classname="com.yeastar.swebtest.testcase.DetailCase.pbxcase.InboundRoutes">
                <failure type="java.lang.AssertionError"
                  message="预期2000会响铃 【预期：2 实际：4】"
              >
<![CDATA[java.lang.AssertionError: 预期2000会响铃 【预期：2 实际：4】
  com.yeastar.swebtest.tools.ysassert.YsAssert.fail(YsAssert.java:1092)
  com.yeastar.swebtest.tools.ysassert.YsAssert.failNotEquals(YsAssert.java:583)
  com.yeastar.swebtest.tools.ysassert.YsAssert.assertEqualsImpl(YsAssert.java:146)
  com.yeastar.swebtest.tools.ysassert.YsAssert.assertEquals(YsAssert.java:120)
  com.yeastar.swebtest.tools.ysassert.YsAssert.assertEquals(YsAssert.java:429)
  com.yeastar.swebtest.testcase.DetailCase.pbxcase.InboundRoutes.I2_callBack(InboundRoutes.java:1752)
  sun.reflect.NativeMethodAccessorImpl.invoke0(Native Method)
  sun.reflect.NativeMethodAccessorImpl.invoke(NativeMethodAccessorImpl.java:62)
  sun.reflect.DelegatingMethodAccessorImpl.invoke(DelegatingMethodAccessorImpl.java:43)
  java.lang.reflect.Method.invoke(Method.java:498)
  org.testng.internal.MethodInvocationHelper.invokeMethod(MethodInvocationHelper.java:85)
  org.testng.internal.Invoker.invokeMethod(Invoker.java:639)
  org.testng.internal.Invoker.invokeTestMethod(Invoker.java:816)
  org.testng.internal.Invoker.invokeTestMethods(Invoker.java:1124)
  org.testng.internal.TestMethodWorker.invokeTestMethods(TestMethodWorker.java:125)
  org.testng.internal.TestMethodWorker.run(TestMethodWorker.java:108)
  org.testng.TestRunner.privateRun(TestRunner.java:774)
  org.testng.TestRunner.run(TestRunner.java:624)
  org.testng.SuiteRunner.runTest(SuiteRunner.java:359)
  org.testng.SuiteRunner.runSequentially(SuiteRunner.java:354)
  org.testng.SuiteRunner.privateRun(SuiteRunner.java:312)
  org.testng.SuiteRunner.run(SuiteRunner.java:261)
  org.testng.SuiteRunnerWorker.runSuite(SuiteRunnerWorker.java:52)
  org.testng.SuiteRunnerWorker.run(SuiteRunnerWorker.java:86)
  org.testng.TestNG.runSuitesSequentially(TestNG.java:1215)
  org.testng.TestNG.runSuitesLocally(TestNG.java:1140)
  org.testng.TestNG.run(TestNG.java:1048)
  org.apache.maven.surefire.testng.TestNGExecutor.run(TestNGExecutor.java:293)
  org.apache.maven.surefire.testng.TestNGXmlTestSuite.execute(TestNGXmlTestSuite.java:84)
  org.apache.maven.surefire.testng.TestNGProvider.invoke(TestNGProvider.java:91)
  org.apache.maven.surefire.booter.ForkedBooter.invokeProviderInSameClassLoader(ForkedBooter.java:200)
  org.apache.maven.surefire.booter.ForkedBooter.runSuitesInProcess(ForkedBooter.java:153)
  org.apache.maven.surefire.booter.ForkedBooter.main(ForkedBooter.java:103)
]]>
      </failure>

          </testcase>
            <testcase name="H2_checkFeatureCode3" time="127.386" classname="com.yeastar.swebtest.testcase.DetailCase.pbxcase.InboundRoutes">
                <failure type="java.lang.AssertionError"
                  message="CDR被叫方检测 【预期：1105 [6200(1105)] 实际：6200】"
              >
<![CDATA[java.lang.AssertionError: CDR被叫方检测 【预期：1105 [6200(1105)] 实际：6200】
  com.yeastar.swebtest.tools.ysassert.YsAssert.fail(YsAssert.java:1092)
  com.yeastar.swebtest.tools.ysassert.YsAssert.failNotEquals(YsAssert.java:583)
  com.yeastar.swebtest.tools.ysassert.YsAssert.assertEqualsImpl(YsAssert.java:146)
  com.yeastar.swebtest.tools.ysassert.YsAssert.assertEquals(YsAssert.java:120)
  com.yeastar.swebtest.tools.ysassert.YsAssert.assertEquals(YsAssert.java:203)
  com.yeastar.swebtest.driver.YSMethod.YS_Extension.checkCDR(YS_Extension.java:289)
  com.yeastar.swebtest.driver.YSMethod.YS_Extension.checkCDR(YS_Extension.java:278)
  com.yeastar.swebtest.testcase.DetailCase.pbxcase.InboundRoutes.H2_checkFeatureCode3(InboundRoutes.java:1670)
  sun.reflect.NativeMethodAccessorImpl.invoke0(Native Method)
  sun.reflect.NativeMethodAccessorImpl.invoke(NativeMethodAccessorImpl.java:62)
  sun.reflect.DelegatingMethodAccessorImpl.invoke(DelegatingMethodAccessorImpl.java:43)
  java.lang.reflect.Method.invoke(Method.java:498)
  org.testng.internal.MethodInvocationHelper.invokeMethod(MethodInvocationHelper.java:85)
  org.testng.internal.Invoker.invokeMethod(Invoker.java:639)
  org.testng.internal.Invoker.invokeTestMethod(Invoker.java:816)
  org.testng.internal.Invoker.invokeTestMethods(Invoker.java:1124)
  org.testng.internal.TestMethodWorker.invokeTestMethods(TestMethodWorker.java:125)
  org.testng.internal.TestMethodWorker.run(TestMethodWorker.java:108)
  org.testng.TestRunner.privateRun(TestRunner.java:774)
  org.testng.TestRunner.run(TestRunner.java:624)
  org.testng.SuiteRunner.runTest(SuiteRunner.java:359)
  org.testng.SuiteRunner.runSequentially(SuiteRunner.java:354)
  org.testng.SuiteRunner.privateRun(SuiteRunner.java:312)
  org.testng.SuiteRunner.run(SuiteRunner.java:261)
  org.testng.SuiteRunnerWorker.runSuite(SuiteRunnerWorker.java:52)
  org.testng.SuiteRunnerWorker.run(SuiteRunnerWorker.java:86)
  org.testng.TestNG.runSuitesSequentially(TestNG.java:1215)
  org.testng.TestNG.runSuitesLocally(TestNG.java:1140)
  org.testng.TestNG.run(TestNG.java:1048)
  org.apache.maven.surefire.testng.TestNGExecutor.run(TestNGExecutor.java:293)
  org.apache.maven.surefire.testng.TestNGXmlTestSuite.execute(TestNGXmlTestSuite.java:84)
  org.apache.maven.surefire.testng.TestNGProvider.invoke(TestNGProvider.java:91)
  org.apache.maven.surefire.booter.ForkedBooter.invokeProviderInSameClassLoader(ForkedBooter.java:200)
  org.apache.maven.surefire.booter.ForkedBooter.runSuitesInProcess(ForkedBooter.java:153)
  org.apache.maven.surefire.booter.ForkedBooter.main(ForkedBooter.java:103)
]]>
      </failure>

          </testcase>
            <testcase name="B5_checkDIDAndCaller" time="87.789" classname="com.yeastar.swebtest.testcase.DetailCase.pbxcase.InboundRoutes">
                <failure type="java.lang.AssertionError"
                  message="CDR呼叫方检测 【预期：2005 [2X612] 实际：2001 [2001]】"
              >
<![CDATA[java.lang.AssertionError: CDR呼叫方检测 【预期：2005 [2X612] 实际：2001 [2001]】
  com.yeastar.swebtest.tools.ysassert.YsAssert.fail(YsAssert.java:1092)
  com.yeastar.swebtest.tools.ysassert.YsAssert.failNotEquals(YsAssert.java:583)
  com.yeastar.swebtest.tools.ysassert.YsAssert.assertEqualsImpl(YsAssert.java:146)
  com.yeastar.swebtest.tools.ysassert.YsAssert.assertEquals(YsAssert.java:120)
  com.yeastar.swebtest.tools.ysassert.YsAssert.assertEquals(YsAssert.java:203)
  com.yeastar.swebtest.driver.YSMethod.YS_Extension.checkCDR(YS_Extension.java:288)
  com.yeastar.swebtest.driver.YSMethod.YS_Extension.checkCDR(YS_Extension.java:278)
  com.yeastar.swebtest.testcase.DetailCase.pbxcase.InboundRoutes.B5_checkDIDAndCaller(InboundRoutes.java:326)
  sun.reflect.NativeMethodAccessorImpl.invoke0(Native Method)
  sun.reflect.NativeMethodAccessorImpl.invoke(NativeMethodAccessorImpl.java:62)
  sun.reflect.DelegatingMethodAccessorImpl.invoke(DelegatingMethodAccessorImpl.java:43)
  java.lang.reflect.Method.invoke(Method.java:498)
  org.testng.internal.MethodInvocationHelper.invokeMethod(MethodInvocationHelper.java:85)
  org.testng.internal.Invoker.invokeMethod(Invoker.java:639)
  org.testng.internal.Invoker.invokeTestMethod(Invoker.java:816)
  org.testng.internal.Invoker.invokeTestMethods(Invoker.java:1124)
  org.testng.internal.TestMethodWorker.invokeTestMethods(TestMethodWorker.java:125)
  org.testng.internal.TestMethodWorker.run(TestMethodWorker.java:108)
  org.testng.TestRunner.privateRun(TestRunner.java:774)
  org.testng.TestRunner.run(TestRunner.java:624)
  org.testng.SuiteRunner.runTest(SuiteRunner.java:359)
  org.testng.SuiteRunner.runSequentially(SuiteRunner.java:354)
  org.testng.SuiteRunner.privateRun(SuiteRunner.java:312)
  org.testng.SuiteRunner.run(SuiteRunner.java:261)
  org.testng.SuiteRunnerWorker.runSuite(SuiteRunnerWorker.java:52)
  org.testng.SuiteRunnerWorker.run(SuiteRunnerWorker.java:86)
  org.testng.TestNG.runSuitesSequentially(TestNG.java:1215)
  org.testng.TestNG.runSuitesLocally(TestNG.java:1140)
  org.testng.TestNG.run(TestNG.java:1048)
  org.apache.maven.surefire.testng.TestNGExecutor.run(TestNGExecutor.java:293)
  org.apache.maven.surefire.testng.TestNGXmlTestSuite.execute(TestNGXmlTestSuite.java:84)
  org.apache.maven.surefire.testng.TestNGProvider.invoke(TestNGProvider.java:91)
  org.apache.maven.surefire.booter.ForkedBooter.invokeProviderInSameClassLoader(ForkedBooter.java:200)
  org.apache.maven.surefire.booter.ForkedBooter.runSuitesInProcess(ForkedBooter.java:153)
  org.apache.maven.surefire.booter.ForkedBooter.main(ForkedBooter.java:103)
]]>
      </failure>

          </testcase>
  
  
            <testcase name="G2_otherTime1" time="74.932" classname="com.yeastar.swebtest.testcase.DetailCase.pbxcase.InboundRoutes" />
                <testcase name="Q_recovery2" time="27.119" classname="com.yeastar.swebtest.testcase.DetailCase.pbxcase.InboundRoutes" />
                <testcase name="M2_deleteOneRoute_yes" time="28.008" classname="com.yeastar.swebtest.testcase.DetailCase.pbxcase.InboundRoutes" />
                <testcase name="L1_import" time="16.916" classname="com.yeastar.swebtest.testcase.DetailCase.pbxcase.InboundRoutes" />
                <testcase name="I9_timecondition_extensionRange" time="132.558" classname="com.yeastar.swebtest.testcase.DetailCase.pbxcase.InboundRoutes" />
                <testcase name="G3_workday" time="72.618" classname="com.yeastar.swebtest.testcase.DetailCase.pbxcase.InboundRoutes" />
                <testcase name="B2_checkDID" time="71.374" classname="com.yeastar.swebtest.testcase.DetailCase.pbxcase.InboundRoutes" />
                <testcase name="C2_checkPriority4_deleteRoute" time="22.827" classname="com.yeastar.swebtest.testcase.DetailCase.pbxcase.InboundRoutes" />
                <testcase name="G1_addTimeCondition" time="97.651" classname="com.yeastar.swebtest.testcase.DetailCase.pbxcase.InboundRoutes" />
                <testcase name="I1_Disa" time="53.745" classname="com.yeastar.swebtest.testcase.DetailCase.pbxcase.InboundRoutes" />
                <testcase name="B2_checkDID" time="71.646" classname="com.yeastar.swebtest.testcase.DetailCase.pbxcase.InboundRoutes" />
                <testcase name="M1_deleteOneRoute_no" time="19.896" classname="com.yeastar.swebtest.testcase.DetailCase.pbxcase.InboundRoutes" />
                <testcase name="J1_disTimeCondition" time="61.270" classname="com.yeastar.swebtest.testcase.DetailCase.pbxcase.InboundRoutes" />
                <testcase name="H1_FeatureCode3" time="18.161" classname="com.yeastar.swebtest.testcase.DetailCase.pbxcase.InboundRoutes" />
                <testcase name="I8_timecondition_outbound_e1" time="0.000" classname="com.yeastar.swebtest.testcase.DetailCase.pbxcase.InboundRoutes" />
                <testcase name="B2_checkDID" time="71.230" classname="com.yeastar.swebtest.testcase.DetailCase.pbxcase.InboundRoutes" />
                <testcase name="B2_checkDID" time="90.300" classname="com.yeastar.swebtest.testcase.DetailCase.pbxcase.InboundRoutes" />
                <testcase name="K3_deleteAllRoute_no" time="9.796" classname="com.yeastar.swebtest.testcase.DetailCase.pbxcase.InboundRoutes" />
                <testcase name="P1_checkSPS" time="48.944" classname="com.yeastar.swebtest.testcase.DetailCase.pbxcase.InboundRoutes" />
                <testcase name="G7_checkPriority_NoWorkday" time="98.507" classname="com.yeastar.swebtest.testcase.DetailCase.pbxcase.InboundRoutes" />
                <testcase name="B2_checkDID" time="71.241" classname="com.yeastar.swebtest.testcase.DetailCase.pbxcase.InboundRoutes" />
                <testcase name="J2_deleteConference" time="18.437" classname="com.yeastar.swebtest.testcase.DetailCase.pbxcase.InboundRoutes" />
                <testcase name="Q_recovery5" time="30.477" classname="com.yeastar.swebtest.testcase.DetailCase.pbxcase.InboundRoutes" />
                <testcase name="B2_checkDID" time="72.763" classname="com.yeastar.swebtest.testcase.DetailCase.pbxcase.InboundRoutes" />
                <testcase name="A1_addExtensions" time="44.220" classname="com.yeastar.swebtest.testcase.DetailCase.pbxcase.InboundRoutes" />
                <testcase name="I6_timecondition_outbound_spx" time="0.000" classname="com.yeastar.swebtest.testcase.DetailCase.pbxcase.InboundRoutes" />
                <testcase name="H2_checkFeatureCode2" time="57.591" classname="com.yeastar.swebtest.testcase.DetailCase.pbxcase.InboundRoutes" />
                <testcase name="B6_editDIDAndCaller" time="28.402" classname="com.yeastar.swebtest.testcase.DetailCase.pbxcase.InboundRoutes" />
                <testcase name="G6_checkPriority_NoHoliday" time="31.961" classname="com.yeastar.swebtest.testcase.DetailCase.pbxcase.InboundRoutes" />
                <testcase name="K4_deleteAllRoute_yes" time="13.308" classname="com.yeastar.swebtest.testcase.DetailCase.pbxcase.InboundRoutes" />
                <testcase name="K1_deletePartRoute_no" time="44.692" classname="com.yeastar.swebtest.testcase.DetailCase.pbxcase.InboundRoutes" />
                <testcase name="Q_recovery4" time="23.958" classname="com.yeastar.swebtest.testcase.DetailCase.pbxcase.InboundRoutes" />
                <testcase name="H1_FeatureCode1" time="25.726" classname="com.yeastar.swebtest.testcase.DetailCase.pbxcase.InboundRoutes" />
                <testcase name="E2_Outbound_iax" time="0.000" classname="com.yeastar.swebtest.testcase.DetailCase.pbxcase.InboundRoutes" />
                <testcase name="E5_Outbound_e1" time="0.000" classname="com.yeastar.swebtest.testcase.DetailCase.pbxcase.InboundRoutes" />
                <testcase name="N_checkCallerIDPriority1" time="45.875" classname="com.yeastar.swebtest.testcase.DetailCase.pbxcase.InboundRoutes" />
                <testcase name="G5_addTime1_noWorkday" time="33.085" classname="com.yeastar.swebtest.testcase.DetailCase.pbxcase.InboundRoutes" />
                <testcase name="J3_checkConference" time="11.738" classname="com.yeastar.swebtest.testcase.DetailCase.pbxcase.InboundRoutes" />
                <testcase name="B2_checkDID" time="71.162" classname="com.yeastar.swebtest.testcase.DetailCase.pbxcase.InboundRoutes" />
                <testcase name="E1_Outbound_sip" time="65.972" classname="com.yeastar.swebtest.testcase.DetailCase.pbxcase.InboundRoutes" />
                <testcase name="D1_Hangup" time="38.952" classname="com.yeastar.swebtest.testcase.DetailCase.pbxcase.InboundRoutes" />
                <testcase name="G9_timeOrder2" time="106.097" classname="com.yeastar.swebtest.testcase.DetailCase.pbxcase.InboundRoutes" />
                <testcase name="C2_checkPriority1" time="67.744" classname="com.yeastar.swebtest.testcase.DetailCase.pbxcase.InboundRoutes" />
                <testcase name="J4_backup" time="41.330" classname="com.yeastar.swebtest.testcase.DetailCase.pbxcase.InboundRoutes" />
                <testcase name="N_checkCallerIDPriority2" time="46.245" classname="com.yeastar.swebtest.testcase.DetailCase.pbxcase.InboundRoutes" />
                <testcase name="C2_checkPriority3" time="101.201" classname="com.yeastar.swebtest.testcase.DetailCase.pbxcase.InboundRoutes" />
                <testcase name="A2_init" time="42.564" classname="com.yeastar.swebtest.testcase.DetailCase.pbxcase.InboundRoutes" />
                <testcase name="C3_recoveryRingGroup" time="57.319" classname="com.yeastar.swebtest.testcase.DetailCase.pbxcase.InboundRoutes" />
                <testcase name="I7_timecondition_outbound_bri" time="0.001" classname="com.yeastar.swebtest.testcase.DetailCase.pbxcase.InboundRoutes" />
                <testcase name="E4_Outbound_bri" time="0.000" classname="com.yeastar.swebtest.testcase.DetailCase.pbxcase.InboundRoutes" />
                <testcase name="I4_timecondition_outbound_sip" time="61.917" classname="com.yeastar.swebtest.testcase.DetailCase.pbxcase.InboundRoutes" />
                <testcase name="Q_recovery3" time="58.490" classname="com.yeastar.swebtest.testcase.DetailCase.pbxcase.InboundRoutes" />
                <testcase name="C1_addRoute" time="235.017" classname="com.yeastar.swebtest.testcase.DetailCase.pbxcase.InboundRoutes" />
                <testcase name="L3_checkDIDPriority2" time="60.984" classname="com.yeastar.swebtest.testcase.DetailCase.pbxcase.InboundRoutes" />
                <testcase name="G5_addTime2_noHoliday" time="69.189" classname="com.yeastar.swebtest.testcase.DetailCase.pbxcase.InboundRoutes" />
                <testcase name="D4_Voicemail" time="54.775" classname="com.yeastar.swebtest.testcase.DetailCase.pbxcase.InboundRoutes" />
                <testcase name="I5_timecondition_outbound_iax" time="0.000" classname="com.yeastar.swebtest.testcase.DetailCase.pbxcase.InboundRoutes" />
                <testcase name="Q_recovery" time="93.610" classname="com.yeastar.swebtest.testcase.DetailCase.pbxcase.InboundRoutes" />
                <testcase name="H1_FeatureCode2" time="39.827" classname="com.yeastar.swebtest.testcase.DetailCase.pbxcase.InboundRoutes" />
                <testcase name="A3_init" time="99.904" classname="com.yeastar.swebtest.testcase.DetailCase.pbxcase.InboundRoutes" />
                <testcase name="L4_checkDIDPriority3" time="49.043" classname="com.yeastar.swebtest.testcase.DetailCase.pbxcase.InboundRoutes" />
                <testcase name="M3_editRoute" time="56.650" classname="com.yeastar.swebtest.testcase.DetailCase.pbxcase.InboundRoutes" />
                <testcase name="G9_timeOrder1" time="71.498" classname="com.yeastar.swebtest.testcase.DetailCase.pbxcase.InboundRoutes" />
                <testcase name="B2_checkDID" time="73.520" classname="com.yeastar.swebtest.testcase.DetailCase.pbxcase.InboundRoutes" />
                <testcase name="D2_FxsExtensions" time="0.000" classname="com.yeastar.swebtest.testcase.DetailCase.pbxcase.InboundRoutes" />
                <testcase name="O_deleteAllRoute" time="16.971" classname="com.yeastar.swebtest.testcase.DetailCase.pbxcase.InboundRoutes" />
                <testcase name="H3_editDestination2" time="51.320" classname="com.yeastar.swebtest.testcase.DetailCase.pbxcase.InboundRoutes" />
                <testcase name="L2_checkDIDPriority1" time="46.898" classname="com.yeastar.swebtest.testcase.DetailCase.pbxcase.InboundRoutes" />
                <testcase name="B2_checkDID" time="72.692" classname="com.yeastar.swebtest.testcase.DetailCase.pbxcase.InboundRoutes" />
                <testcase name="C2_checkPriority2" time="86.140" classname="com.yeastar.swebtest.testcase.DetailCase.pbxcase.InboundRoutes" />
                <testcase name="G4_holiday" time="78.010" classname="com.yeastar.swebtest.testcase.DetailCase.pbxcase.InboundRoutes" />
                <testcase name="H2_checkFeatureCode1" time="53.921" classname="com.yeastar.swebtest.testcase.DetailCase.pbxcase.InboundRoutes" />
                <testcase name="B2_checkDID" time="72.368" classname="com.yeastar.swebtest.testcase.DetailCase.pbxcase.InboundRoutes" />
                <testcase name="B2_checkDID" time="71.394" classname="com.yeastar.swebtest.testcase.DetailCase.pbxcase.InboundRoutes" />
                <testcase name="H3_editDestination1" time="26.280" classname="com.yeastar.swebtest.testcase.DetailCase.pbxcase.InboundRoutes" />
                <testcase name="K2_deletePartRoute_yes" time="13.430" classname="com.yeastar.swebtest.testcase.DetailCase.pbxcase.InboundRoutes" />
                <testcase name="C2_checkPriority5" time="66.321" classname="com.yeastar.swebtest.testcase.DetailCase.pbxcase.InboundRoutes" />
                <testcase name="I3_FxsExtension" time="25.062" classname="com.yeastar.swebtest.testcase.DetailCase.pbxcase.InboundRoutes" />
                <testcase name="P2_checkSPX" time="0.000" classname="com.yeastar.swebtest.testcase.DetailCase.pbxcase.InboundRoutes" />
      
</testsuite>
