<?xml version="1.0" encoding="UTF-8"?>
<testsuite name="pbxcore"
           tests="105"
           failures="15"
           errors="0"
           skipped="0"
           time="3447.298">
  <properties />
            <testcase name="G5_Satisfaction" time="130.055" classname="com.yeastar.swebtest.testcase.DetailCase.pbxcase.Queue">
                <failure type="java.lang.AssertionError"
                  message="坐席挂断时播放满意度调查提示音satisfaction 【预期：true 实际：false】"
              >
<![CDATA[java.lang.AssertionError: 坐席挂断时播放满意度调查提示音satisfaction 【预期：true 实际：false】
  com.yeastar.swebtest.tools.ysassert.YsAssert.fail(YsAssert.java:1092)
  com.yeastar.swebtest.tools.ysassert.YsAssert.failNotEquals(YsAssert.java:583)
  com.yeastar.swebtest.tools.ysassert.YsAssert.assertEqualsImpl(YsAssert.java:146)
  com.yeastar.swebtest.tools.ysassert.YsAssert.assertEquals(YsAssert.java:120)
  com.yeastar.swebtest.tools.ysassert.YsAssert.assertEquals(YsAssert.java:337)
  com.yeastar.swebtest.testcase.DetailCase.pbxcase.Queue.G5_Satisfaction(Queue.java:904)
  sun.reflect.NativeMethodAccessorImpl.invoke0(Native Method)
  sun.reflect.NativeMethodAccessorImpl.invoke(NativeMethodAccessorImpl.java:62)
  sun.reflect.DelegatingMethodAccessorImpl.invoke(DelegatingMethodAccessorImpl.java:43)
  java.lang.reflect.Method.invoke(Method.java:498)
  org.testng.internal.MethodInvocationHelper.invokeMethod(MethodInvocationHelper.java:85)
  org.testng.internal.Invoker.invokeMethod(Invoker.java:639)
  org.testng.internal.Invoker.invokeTestMethod(Invoker.java:816)
  org.testng.internal.Invoker.invokeTestMethods(Invoker.java:1124)
  org.testng.internal.TestMethodWorker.invokeTestMethods(TestMethodWorker.java:125)
  org.testng.internal.TestMethodWorker.run(TestMethodWorker.java:108)
  org.testng.TestRunner.privateRun(TestRunner.java:774)
  org.testng.TestRunner.run(TestRunner.java:624)
  org.testng.SuiteRunner.runTest(SuiteRunner.java:359)
  org.testng.SuiteRunner.runSequentially(SuiteRunner.java:354)
  org.testng.SuiteRunner.privateRun(SuiteRunner.java:312)
  org.testng.SuiteRunner.run(SuiteRunner.java:261)
  org.testng.SuiteRunnerWorker.runSuite(SuiteRunnerWorker.java:52)
  org.testng.SuiteRunnerWorker.run(SuiteRunnerWorker.java:86)
  org.testng.TestNG.runSuitesSequentially(TestNG.java:1215)
  org.testng.TestNG.runSuitesLocally(TestNG.java:1140)
  org.testng.TestNG.run(TestNG.java:1048)
  org.apache.maven.surefire.testng.TestNGExecutor.run(TestNGExecutor.java:293)
  org.apache.maven.surefire.testng.TestNGXmlTestSuite.execute(TestNGXmlTestSuite.java:84)
  org.apache.maven.surefire.testng.TestNGProvider.invoke(TestNGProvider.java:91)
  org.apache.maven.surefire.booter.ForkedBooter.invokeProviderInSameClassLoader(ForkedBooter.java:200)
  org.apache.maven.surefire.booter.ForkedBooter.runSuitesInProcess(ForkedBooter.java:153)
  org.apache.maven.surefire.booter.ForkedBooter.main(ForkedBooter.java:103)
]]>
      </failure>

          </testcase>
            <testcase name="K2_rrmemory" time="29.112" classname="com.yeastar.swebtest.testcase.DetailCase.pbxcase.Queue">
                <failure type="java.lang.AssertionError"
                  message="CDR被叫方检测 【预期：1105 [6713(1105)] 实际：6713】"
              >
<![CDATA[java.lang.AssertionError: CDR被叫方检测 【预期：1105 [6713(1105)] 实际：6713】
  com.yeastar.swebtest.tools.ysassert.YsAssert.fail(YsAssert.java:1092)
  com.yeastar.swebtest.tools.ysassert.YsAssert.failNotEquals(YsAssert.java:583)
  com.yeastar.swebtest.tools.ysassert.YsAssert.assertEqualsImpl(YsAssert.java:146)
  com.yeastar.swebtest.tools.ysassert.YsAssert.assertEquals(YsAssert.java:120)
  com.yeastar.swebtest.tools.ysassert.YsAssert.assertEquals(YsAssert.java:203)
  com.yeastar.swebtest.driver.YSMethod.YS_Extension.checkCDR(YS_Extension.java:289)
  com.yeastar.swebtest.driver.YSMethod.YS_Extension.checkCDR(YS_Extension.java:278)
  com.yeastar.swebtest.testcase.DetailCase.pbxcase.Queue.K2_rrmemory(Queue.java:1131)
  sun.reflect.NativeMethodAccessorImpl.invoke0(Native Method)
  sun.reflect.NativeMethodAccessorImpl.invoke(NativeMethodAccessorImpl.java:62)
  sun.reflect.DelegatingMethodAccessorImpl.invoke(DelegatingMethodAccessorImpl.java:43)
  java.lang.reflect.Method.invoke(Method.java:498)
  org.testng.internal.MethodInvocationHelper.invokeMethod(MethodInvocationHelper.java:85)
  org.testng.internal.Invoker.invokeMethod(Invoker.java:639)
  org.testng.internal.Invoker.invokeTestMethod(Invoker.java:816)
  org.testng.internal.Invoker.invokeTestMethods(Invoker.java:1124)
  org.testng.internal.TestMethodWorker.invokeTestMethods(TestMethodWorker.java:125)
  org.testng.internal.TestMethodWorker.run(TestMethodWorker.java:108)
  org.testng.TestRunner.privateRun(TestRunner.java:774)
  org.testng.TestRunner.run(TestRunner.java:624)
  org.testng.SuiteRunner.runTest(SuiteRunner.java:359)
  org.testng.SuiteRunner.runSequentially(SuiteRunner.java:354)
  org.testng.SuiteRunner.privateRun(SuiteRunner.java:312)
  org.testng.SuiteRunner.run(SuiteRunner.java:261)
  org.testng.SuiteRunnerWorker.runSuite(SuiteRunnerWorker.java:52)
  org.testng.SuiteRunnerWorker.run(SuiteRunnerWorker.java:86)
  org.testng.TestNG.runSuitesSequentially(TestNG.java:1215)
  org.testng.TestNG.runSuitesLocally(TestNG.java:1140)
  org.testng.TestNG.run(TestNG.java:1048)
  org.apache.maven.surefire.testng.TestNGExecutor.run(TestNGExecutor.java:293)
  org.apache.maven.surefire.testng.TestNGXmlTestSuite.execute(TestNGXmlTestSuite.java:84)
  org.apache.maven.surefire.testng.TestNGProvider.invoke(TestNGProvider.java:91)
  org.apache.maven.surefire.booter.ForkedBooter.invokeProviderInSameClassLoader(ForkedBooter.java:200)
  org.apache.maven.surefire.booter.ForkedBooter.runSuitesInProcess(ForkedBooter.java:153)
  org.apache.maven.surefire.booter.ForkedBooter.main(ForkedBooter.java:103)
]]>
      </failure>

          </testcase>
            <testcase name="L1_linear" time="28.747" classname="com.yeastar.swebtest.testcase.DetailCase.pbxcase.Queue">
                <failure type="java.lang.AssertionError"
                  message="预期1000第1个Ring 【预期：2 实际：4】"
              >
<![CDATA[java.lang.AssertionError: 预期1000第1个Ring 【预期：2 实际：4】
  com.yeastar.swebtest.tools.ysassert.YsAssert.fail(YsAssert.java:1092)
  com.yeastar.swebtest.tools.ysassert.YsAssert.failNotEquals(YsAssert.java:583)
  com.yeastar.swebtest.tools.ysassert.YsAssert.assertEqualsImpl(YsAssert.java:146)
  com.yeastar.swebtest.tools.ysassert.YsAssert.assertEquals(YsAssert.java:120)
  com.yeastar.swebtest.tools.ysassert.YsAssert.assertEquals(YsAssert.java:429)
  com.yeastar.swebtest.testcase.DetailCase.pbxcase.Queue.L1_linear(Queue.java:1139)
  sun.reflect.NativeMethodAccessorImpl.invoke0(Native Method)
  sun.reflect.NativeMethodAccessorImpl.invoke(NativeMethodAccessorImpl.java:62)
  sun.reflect.DelegatingMethodAccessorImpl.invoke(DelegatingMethodAccessorImpl.java:43)
  java.lang.reflect.Method.invoke(Method.java:498)
  org.testng.internal.MethodInvocationHelper.invokeMethod(MethodInvocationHelper.java:85)
  org.testng.internal.Invoker.invokeMethod(Invoker.java:639)
  org.testng.internal.Invoker.invokeTestMethod(Invoker.java:816)
  org.testng.internal.Invoker.invokeTestMethods(Invoker.java:1124)
  org.testng.internal.TestMethodWorker.invokeTestMethods(TestMethodWorker.java:125)
  org.testng.internal.TestMethodWorker.run(TestMethodWorker.java:108)
  org.testng.TestRunner.privateRun(TestRunner.java:774)
  org.testng.TestRunner.run(TestRunner.java:624)
  org.testng.SuiteRunner.runTest(SuiteRunner.java:359)
  org.testng.SuiteRunner.runSequentially(SuiteRunner.java:354)
  org.testng.SuiteRunner.privateRun(SuiteRunner.java:312)
  org.testng.SuiteRunner.run(SuiteRunner.java:261)
  org.testng.SuiteRunnerWorker.runSuite(SuiteRunnerWorker.java:52)
  org.testng.SuiteRunnerWorker.run(SuiteRunnerWorker.java:86)
  org.testng.TestNG.runSuitesSequentially(TestNG.java:1215)
  org.testng.TestNG.runSuitesLocally(TestNG.java:1140)
  org.testng.TestNG.run(TestNG.java:1048)
  org.apache.maven.surefire.testng.TestNGExecutor.run(TestNGExecutor.java:293)
  org.apache.maven.surefire.testng.TestNGXmlTestSuite.execute(TestNGXmlTestSuite.java:84)
  org.apache.maven.surefire.testng.TestNGProvider.invoke(TestNGProvider.java:91)
  org.apache.maven.surefire.booter.ForkedBooter.invokeProviderInSameClassLoader(ForkedBooter.java:200)
  org.apache.maven.surefire.booter.ForkedBooter.runSuitesInProcess(ForkedBooter.java:153)
  org.apache.maven.surefire.booter.ForkedBooter.main(ForkedBooter.java:103)
]]>
      </failure>

          </testcase>
            <testcase name="G8_AgentTimeout_Retry" time="11.618" classname="com.yeastar.swebtest.testcase.DetailCase.pbxcase.Queue">
                <failure type="java.lang.AssertionError"
                  message="预期1101会同时Ring 【预期：2 实际：4】"
              >
<![CDATA[java.lang.AssertionError: 预期1101会同时Ring 【预期：2 实际：4】
  com.yeastar.swebtest.tools.ysassert.YsAssert.fail(YsAssert.java:1092)
  com.yeastar.swebtest.tools.ysassert.YsAssert.failNotEquals(YsAssert.java:583)
  com.yeastar.swebtest.tools.ysassert.YsAssert.assertEqualsImpl(YsAssert.java:146)
  com.yeastar.swebtest.tools.ysassert.YsAssert.assertEquals(YsAssert.java:120)
  com.yeastar.swebtest.tools.ysassert.YsAssert.assertEquals(YsAssert.java:429)
  com.yeastar.swebtest.testcase.DetailCase.pbxcase.Queue.G8_AgentTimeout_Retry(Queue.java:928)
  sun.reflect.NativeMethodAccessorImpl.invoke0(Native Method)
  sun.reflect.NativeMethodAccessorImpl.invoke(NativeMethodAccessorImpl.java:62)
  sun.reflect.DelegatingMethodAccessorImpl.invoke(DelegatingMethodAccessorImpl.java:43)
  java.lang.reflect.Method.invoke(Method.java:498)
  org.testng.internal.MethodInvocationHelper.invokeMethod(MethodInvocationHelper.java:85)
  org.testng.internal.Invoker.invokeMethod(Invoker.java:639)
  org.testng.internal.Invoker.invokeTestMethod(Invoker.java:816)
  org.testng.internal.Invoker.invokeTestMethods(Invoker.java:1124)
  org.testng.internal.TestMethodWorker.invokeTestMethods(TestMethodWorker.java:125)
  org.testng.internal.TestMethodWorker.run(TestMethodWorker.java:108)
  org.testng.TestRunner.privateRun(TestRunner.java:774)
  org.testng.TestRunner.run(TestRunner.java:624)
  org.testng.SuiteRunner.runTest(SuiteRunner.java:359)
  org.testng.SuiteRunner.runSequentially(SuiteRunner.java:354)
  org.testng.SuiteRunner.privateRun(SuiteRunner.java:312)
  org.testng.SuiteRunner.run(SuiteRunner.java:261)
  org.testng.SuiteRunnerWorker.runSuite(SuiteRunnerWorker.java:52)
  org.testng.SuiteRunnerWorker.run(SuiteRunnerWorker.java:86)
  org.testng.TestNG.runSuitesSequentially(TestNG.java:1215)
  org.testng.TestNG.runSuitesLocally(TestNG.java:1140)
  org.testng.TestNG.run(TestNG.java:1048)
  org.apache.maven.surefire.testng.TestNGExecutor.run(TestNGExecutor.java:293)
  org.apache.maven.surefire.testng.TestNGXmlTestSuite.execute(TestNGXmlTestSuite.java:84)
  org.apache.maven.surefire.testng.TestNGProvider.invoke(TestNGProvider.java:91)
  org.apache.maven.surefire.booter.ForkedBooter.invokeProviderInSameClassLoader(ForkedBooter.java:200)
  org.apache.maven.surefire.booter.ForkedBooter.runSuitesInProcess(ForkedBooter.java:153)
  org.apache.maven.surefire.booter.ForkedBooter.main(ForkedBooter.java:103)
]]>
      </failure>

          </testcase>
            <testcase name="I3_fewestcalls" time="21.553" classname="com.yeastar.swebtest.testcase.DetailCase.pbxcase.Queue">
                <failure type="java.lang.AssertionError"
                  message="预期1000会Ring 【预期：2 实际：4】"
              >
<![CDATA[java.lang.AssertionError: 预期1000会Ring 【预期：2 实际：4】
  com.yeastar.swebtest.tools.ysassert.YsAssert.fail(YsAssert.java:1092)
  com.yeastar.swebtest.tools.ysassert.YsAssert.failNotEquals(YsAssert.java:583)
  com.yeastar.swebtest.tools.ysassert.YsAssert.assertEqualsImpl(YsAssert.java:146)
  com.yeastar.swebtest.tools.ysassert.YsAssert.assertEquals(YsAssert.java:120)
  com.yeastar.swebtest.tools.ysassert.YsAssert.assertEquals(YsAssert.java:429)
  com.yeastar.swebtest.testcase.DetailCase.pbxcase.Queue.I3_fewestcalls(Queue.java:1090)
  sun.reflect.NativeMethodAccessorImpl.invoke0(Native Method)
  sun.reflect.NativeMethodAccessorImpl.invoke(NativeMethodAccessorImpl.java:62)
  sun.reflect.DelegatingMethodAccessorImpl.invoke(DelegatingMethodAccessorImpl.java:43)
  java.lang.reflect.Method.invoke(Method.java:498)
  org.testng.internal.MethodInvocationHelper.invokeMethod(MethodInvocationHelper.java:85)
  org.testng.internal.Invoker.invokeMethod(Invoker.java:639)
  org.testng.internal.Invoker.invokeTestMethod(Invoker.java:816)
  org.testng.internal.Invoker.invokeTestMethods(Invoker.java:1124)
  org.testng.internal.TestMethodWorker.invokeTestMethods(TestMethodWorker.java:125)
  org.testng.internal.TestMethodWorker.run(TestMethodWorker.java:108)
  org.testng.TestRunner.privateRun(TestRunner.java:774)
  org.testng.TestRunner.run(TestRunner.java:624)
  org.testng.SuiteRunner.runTest(SuiteRunner.java:359)
  org.testng.SuiteRunner.runSequentially(SuiteRunner.java:354)
  org.testng.SuiteRunner.privateRun(SuiteRunner.java:312)
  org.testng.SuiteRunner.run(SuiteRunner.java:261)
  org.testng.SuiteRunnerWorker.runSuite(SuiteRunnerWorker.java:52)
  org.testng.SuiteRunnerWorker.run(SuiteRunnerWorker.java:86)
  org.testng.TestNG.runSuitesSequentially(TestNG.java:1215)
  org.testng.TestNG.runSuitesLocally(TestNG.java:1140)
  org.testng.TestNG.run(TestNG.java:1048)
  org.apache.maven.surefire.testng.TestNGExecutor.run(TestNGExecutor.java:293)
  org.apache.maven.surefire.testng.TestNGXmlTestSuite.execute(TestNGXmlTestSuite.java:84)
  org.apache.maven.surefire.testng.TestNGProvider.invoke(TestNGProvider.java:91)
  org.apache.maven.surefire.booter.ForkedBooter.invokeProviderInSameClassLoader(ForkedBooter.java:200)
  org.apache.maven.surefire.booter.ForkedBooter.runSuitesInProcess(ForkedBooter.java:153)
  org.apache.maven.surefire.booter.ForkedBooter.main(ForkedBooter.java:103)
]]>
      </failure>

          </testcase>
            <testcase name="I2_fewestcalls" time="21.647" classname="com.yeastar.swebtest.testcase.DetailCase.pbxcase.Queue">
                <failure type="java.lang.AssertionError"
                  message="预期1105会Ring 【预期：2 实际：4】"
              >
<![CDATA[java.lang.AssertionError: 预期1105会Ring 【预期：2 实际：4】
  com.yeastar.swebtest.tools.ysassert.YsAssert.fail(YsAssert.java:1092)
  com.yeastar.swebtest.tools.ysassert.YsAssert.failNotEquals(YsAssert.java:583)
  com.yeastar.swebtest.tools.ysassert.YsAssert.assertEqualsImpl(YsAssert.java:146)
  com.yeastar.swebtest.tools.ysassert.YsAssert.assertEquals(YsAssert.java:120)
  com.yeastar.swebtest.tools.ysassert.YsAssert.assertEquals(YsAssert.java:429)
  com.yeastar.swebtest.testcase.DetailCase.pbxcase.Queue.I2_fewestcalls(Queue.java:1075)
  sun.reflect.NativeMethodAccessorImpl.invoke0(Native Method)
  sun.reflect.NativeMethodAccessorImpl.invoke(NativeMethodAccessorImpl.java:62)
  sun.reflect.DelegatingMethodAccessorImpl.invoke(DelegatingMethodAccessorImpl.java:43)
  java.lang.reflect.Method.invoke(Method.java:498)
  org.testng.internal.MethodInvocationHelper.invokeMethod(MethodInvocationHelper.java:85)
  org.testng.internal.Invoker.invokeMethod(Invoker.java:639)
  org.testng.internal.Invoker.invokeTestMethod(Invoker.java:816)
  org.testng.internal.Invoker.invokeTestMethods(Invoker.java:1124)
  org.testng.internal.TestMethodWorker.invokeTestMethods(TestMethodWorker.java:125)
  org.testng.internal.TestMethodWorker.run(TestMethodWorker.java:108)
  org.testng.TestRunner.privateRun(TestRunner.java:774)
  org.testng.TestRunner.run(TestRunner.java:624)
  org.testng.SuiteRunner.runTest(SuiteRunner.java:359)
  org.testng.SuiteRunner.runSequentially(SuiteRunner.java:354)
  org.testng.SuiteRunner.privateRun(SuiteRunner.java:312)
  org.testng.SuiteRunner.run(SuiteRunner.java:261)
  org.testng.SuiteRunnerWorker.runSuite(SuiteRunnerWorker.java:52)
  org.testng.SuiteRunnerWorker.run(SuiteRunnerWorker.java:86)
  org.testng.TestNG.runSuitesSequentially(TestNG.java:1215)
  org.testng.TestNG.runSuitesLocally(TestNG.java:1140)
  org.testng.TestNG.run(TestNG.java:1048)
  org.apache.maven.surefire.testng.TestNGExecutor.run(TestNGExecutor.java:293)
  org.apache.maven.surefire.testng.TestNGXmlTestSuite.execute(TestNGXmlTestSuite.java:84)
  org.apache.maven.surefire.testng.TestNGProvider.invoke(TestNGProvider.java:91)
  org.apache.maven.surefire.booter.ForkedBooter.invokeProviderInSameClassLoader(ForkedBooter.java:200)
  org.apache.maven.surefire.booter.ForkedBooter.runSuitesInProcess(ForkedBooter.java:153)
  org.apache.maven.surefire.booter.ForkedBooter.main(ForkedBooter.java:103)
]]>
      </failure>

          </testcase>
            <testcase name="G9_warp_time20" time="26.000" classname="com.yeastar.swebtest.testcase.DetailCase.pbxcase.Queue">
                <failure type="java.lang.AssertionError"
                  message="预期1101会Ring 【预期：2 实际：4】"
              >
<![CDATA[java.lang.AssertionError: 预期1101会Ring 【预期：2 实际：4】
  com.yeastar.swebtest.tools.ysassert.YsAssert.fail(YsAssert.java:1092)
  com.yeastar.swebtest.tools.ysassert.YsAssert.failNotEquals(YsAssert.java:583)
  com.yeastar.swebtest.tools.ysassert.YsAssert.assertEqualsImpl(YsAssert.java:146)
  com.yeastar.swebtest.tools.ysassert.YsAssert.assertEquals(YsAssert.java:120)
  com.yeastar.swebtest.tools.ysassert.YsAssert.assertEquals(YsAssert.java:429)
  com.yeastar.swebtest.testcase.DetailCase.pbxcase.Queue.G9_warp_time20(Queue.java:990)
  sun.reflect.NativeMethodAccessorImpl.invoke0(Native Method)
  sun.reflect.NativeMethodAccessorImpl.invoke(NativeMethodAccessorImpl.java:62)
  sun.reflect.DelegatingMethodAccessorImpl.invoke(DelegatingMethodAccessorImpl.java:43)
  java.lang.reflect.Method.invoke(Method.java:498)
  org.testng.internal.MethodInvocationHelper.invokeMethod(MethodInvocationHelper.java:85)
  org.testng.internal.Invoker.invokeMethod(Invoker.java:639)
  org.testng.internal.Invoker.invokeTestMethod(Invoker.java:816)
  org.testng.internal.Invoker.invokeTestMethods(Invoker.java:1124)
  org.testng.internal.TestMethodWorker.invokeTestMethods(TestMethodWorker.java:125)
  org.testng.internal.TestMethodWorker.run(TestMethodWorker.java:108)
  org.testng.TestRunner.privateRun(TestRunner.java:774)
  org.testng.TestRunner.run(TestRunner.java:624)
  org.testng.SuiteRunner.runTest(SuiteRunner.java:359)
  org.testng.SuiteRunner.runSequentially(SuiteRunner.java:354)
  org.testng.SuiteRunner.privateRun(SuiteRunner.java:312)
  org.testng.SuiteRunner.run(SuiteRunner.java:261)
  org.testng.SuiteRunnerWorker.runSuite(SuiteRunnerWorker.java:52)
  org.testng.SuiteRunnerWorker.run(SuiteRunnerWorker.java:86)
  org.testng.TestNG.runSuitesSequentially(TestNG.java:1215)
  org.testng.TestNG.runSuitesLocally(TestNG.java:1140)
  org.testng.TestNG.run(TestNG.java:1048)
  org.apache.maven.surefire.testng.TestNGExecutor.run(TestNGExecutor.java:293)
  org.apache.maven.surefire.testng.TestNGXmlTestSuite.execute(TestNGXmlTestSuite.java:84)
  org.apache.maven.surefire.testng.TestNGProvider.invoke(TestNGProvider.java:91)
  org.apache.maven.surefire.booter.ForkedBooter.invokeProviderInSameClassLoader(ForkedBooter.java:200)
  org.apache.maven.surefire.booter.ForkedBooter.runSuitesInProcess(ForkedBooter.java:153)
  org.apache.maven.surefire.booter.ForkedBooter.main(ForkedBooter.java:103)
]]>
      </failure>

          </testcase>
            <testcase name="I1_fewestcalls" time="21.608" classname="com.yeastar.swebtest.testcase.DetailCase.pbxcase.Queue">
                <failure type="java.lang.AssertionError"
                  message="预期1102会Ring 【预期：2 实际：4】"
              >
<![CDATA[java.lang.AssertionError: 预期1102会Ring 【预期：2 实际：4】
  com.yeastar.swebtest.tools.ysassert.YsAssert.fail(YsAssert.java:1092)
  com.yeastar.swebtest.tools.ysassert.YsAssert.failNotEquals(YsAssert.java:583)
  com.yeastar.swebtest.tools.ysassert.YsAssert.assertEqualsImpl(YsAssert.java:146)
  com.yeastar.swebtest.tools.ysassert.YsAssert.assertEquals(YsAssert.java:120)
  com.yeastar.swebtest.tools.ysassert.YsAssert.assertEquals(YsAssert.java:429)
  com.yeastar.swebtest.testcase.DetailCase.pbxcase.Queue.I1_fewestcalls(Queue.java:1062)
  sun.reflect.NativeMethodAccessorImpl.invoke0(Native Method)
  sun.reflect.NativeMethodAccessorImpl.invoke(NativeMethodAccessorImpl.java:62)
  sun.reflect.DelegatingMethodAccessorImpl.invoke(DelegatingMethodAccessorImpl.java:43)
  java.lang.reflect.Method.invoke(Method.java:498)
  org.testng.internal.MethodInvocationHelper.invokeMethod(MethodInvocationHelper.java:85)
  org.testng.internal.Invoker.invokeMethod(Invoker.java:639)
  org.testng.internal.Invoker.invokeTestMethod(Invoker.java:816)
  org.testng.internal.Invoker.invokeTestMethods(Invoker.java:1124)
  org.testng.internal.TestMethodWorker.invokeTestMethods(TestMethodWorker.java:125)
  org.testng.internal.TestMethodWorker.run(TestMethodWorker.java:108)
  org.testng.TestRunner.privateRun(TestRunner.java:774)
  org.testng.TestRunner.run(TestRunner.java:624)
  org.testng.SuiteRunner.runTest(SuiteRunner.java:359)
  org.testng.SuiteRunner.runSequentially(SuiteRunner.java:354)
  org.testng.SuiteRunner.privateRun(SuiteRunner.java:312)
  org.testng.SuiteRunner.run(SuiteRunner.java:261)
  org.testng.SuiteRunnerWorker.runSuite(SuiteRunnerWorker.java:52)
  org.testng.SuiteRunnerWorker.run(SuiteRunnerWorker.java:86)
  org.testng.TestNG.runSuitesSequentially(TestNG.java:1215)
  org.testng.TestNG.runSuitesLocally(TestNG.java:1140)
  org.testng.TestNG.run(TestNG.java:1048)
  org.apache.maven.surefire.testng.TestNGExecutor.run(TestNGExecutor.java:293)
  org.apache.maven.surefire.testng.TestNGXmlTestSuite.execute(TestNGXmlTestSuite.java:84)
  org.apache.maven.surefire.testng.TestNGProvider.invoke(TestNGProvider.java:91)
  org.apache.maven.surefire.booter.ForkedBooter.invokeProviderInSameClassLoader(ForkedBooter.java:200)
  org.apache.maven.surefire.booter.ForkedBooter.runSuitesInProcess(ForkedBooter.java:153)
  org.apache.maven.surefire.booter.ForkedBooter.main(ForkedBooter.java:103)
]]>
      </failure>

          </testcase>
            <testcase name="H2_leastRecent" time="37.029" classname="com.yeastar.swebtest.testcase.DetailCase.pbxcase.Queue">
                <failure type="java.lang.AssertionError"
                  message="CDR被叫方检测 【预期：1105 [6710(1105)] 实际：1100 [6701(1100)]】"
              >
<![CDATA[java.lang.AssertionError: CDR被叫方检测 【预期：1105 [6710(1105)] 实际：1100 [6701(1100)]】
  com.yeastar.swebtest.tools.ysassert.YsAssert.fail(YsAssert.java:1092)
  com.yeastar.swebtest.tools.ysassert.YsAssert.failNotEquals(YsAssert.java:583)
  com.yeastar.swebtest.tools.ysassert.YsAssert.assertEqualsImpl(YsAssert.java:146)
  com.yeastar.swebtest.tools.ysassert.YsAssert.assertEquals(YsAssert.java:120)
  com.yeastar.swebtest.tools.ysassert.YsAssert.assertEquals(YsAssert.java:203)
  com.yeastar.swebtest.driver.YSMethod.YS_Extension.checkCDR(YS_Extension.java:289)
  com.yeastar.swebtest.testcase.DetailCase.pbxcase.Queue.H2_leastRecent(Queue.java:1035)
  sun.reflect.NativeMethodAccessorImpl.invoke0(Native Method)
  sun.reflect.NativeMethodAccessorImpl.invoke(NativeMethodAccessorImpl.java:62)
  sun.reflect.DelegatingMethodAccessorImpl.invoke(DelegatingMethodAccessorImpl.java:43)
  java.lang.reflect.Method.invoke(Method.java:498)
  org.testng.internal.MethodInvocationHelper.invokeMethod(MethodInvocationHelper.java:85)
  org.testng.internal.Invoker.invokeMethod(Invoker.java:639)
  org.testng.internal.Invoker.invokeTestMethod(Invoker.java:816)
  org.testng.internal.Invoker.invokeTestMethods(Invoker.java:1124)
  org.testng.internal.TestMethodWorker.invokeTestMethods(TestMethodWorker.java:125)
  org.testng.internal.TestMethodWorker.run(TestMethodWorker.java:108)
  org.testng.TestRunner.privateRun(TestRunner.java:774)
  org.testng.TestRunner.run(TestRunner.java:624)
  org.testng.SuiteRunner.runTest(SuiteRunner.java:359)
  org.testng.SuiteRunner.runSequentially(SuiteRunner.java:354)
  org.testng.SuiteRunner.privateRun(SuiteRunner.java:312)
  org.testng.SuiteRunner.run(SuiteRunner.java:261)
  org.testng.SuiteRunnerWorker.runSuite(SuiteRunnerWorker.java:52)
  org.testng.SuiteRunnerWorker.run(SuiteRunnerWorker.java:86)
  org.testng.TestNG.runSuitesSequentially(TestNG.java:1215)
  org.testng.TestNG.runSuitesLocally(TestNG.java:1140)
  org.testng.TestNG.run(TestNG.java:1048)
  org.apache.maven.surefire.testng.TestNGExecutor.run(TestNGExecutor.java:293)
  org.apache.maven.surefire.testng.TestNGXmlTestSuite.execute(TestNGXmlTestSuite.java:84)
  org.apache.maven.surefire.testng.TestNGProvider.invoke(TestNGProvider.java:91)
  org.apache.maven.surefire.booter.ForkedBooter.invokeProviderInSameClassLoader(ForkedBooter.java:200)
  org.apache.maven.surefire.booter.ForkedBooter.runSuitesInProcess(ForkedBooter.java:153)
  org.apache.maven.surefire.booter.ForkedBooter.main(ForkedBooter.java:103)
]]>
      </failure>

          </testcase>
            <testcase name="G9_warp_time0" time="5.851" classname="com.yeastar.swebtest.testcase.DetailCase.pbxcase.Queue">
                <failure type="java.lang.AssertionError"
                  message="预期1100会同时Ring 【预期：2 实际：4】"
              >
<![CDATA[java.lang.AssertionError: 预期1100会同时Ring 【预期：2 实际：4】
  com.yeastar.swebtest.tools.ysassert.YsAssert.fail(YsAssert.java:1092)
  com.yeastar.swebtest.tools.ysassert.YsAssert.failNotEquals(YsAssert.java:583)
  com.yeastar.swebtest.tools.ysassert.YsAssert.assertEqualsImpl(YsAssert.java:146)
  com.yeastar.swebtest.tools.ysassert.YsAssert.assertEquals(YsAssert.java:120)
  com.yeastar.swebtest.tools.ysassert.YsAssert.assertEquals(YsAssert.java:429)
  com.yeastar.swebtest.testcase.DetailCase.pbxcase.Queue.G9_warp_time0(Queue.java:968)
  sun.reflect.NativeMethodAccessorImpl.invoke0(Native Method)
  sun.reflect.NativeMethodAccessorImpl.invoke(NativeMethodAccessorImpl.java:62)
  sun.reflect.DelegatingMethodAccessorImpl.invoke(DelegatingMethodAccessorImpl.java:43)
  java.lang.reflect.Method.invoke(Method.java:498)
  org.testng.internal.MethodInvocationHelper.invokeMethod(MethodInvocationHelper.java:85)
  org.testng.internal.Invoker.invokeMethod(Invoker.java:639)
  org.testng.internal.Invoker.invokeTestMethod(Invoker.java:816)
  org.testng.internal.Invoker.invokeTestMethods(Invoker.java:1124)
  org.testng.internal.TestMethodWorker.invokeTestMethods(TestMethodWorker.java:125)
  org.testng.internal.TestMethodWorker.run(TestMethodWorker.java:108)
  org.testng.TestRunner.privateRun(TestRunner.java:774)
  org.testng.TestRunner.run(TestRunner.java:624)
  org.testng.SuiteRunner.runTest(SuiteRunner.java:359)
  org.testng.SuiteRunner.runSequentially(SuiteRunner.java:354)
  org.testng.SuiteRunner.privateRun(SuiteRunner.java:312)
  org.testng.SuiteRunner.run(SuiteRunner.java:261)
  org.testng.SuiteRunnerWorker.runSuite(SuiteRunnerWorker.java:52)
  org.testng.SuiteRunnerWorker.run(SuiteRunnerWorker.java:86)
  org.testng.TestNG.runSuitesSequentially(TestNG.java:1215)
  org.testng.TestNG.runSuitesLocally(TestNG.java:1140)
  org.testng.TestNG.run(TestNG.java:1048)
  org.apache.maven.surefire.testng.TestNGExecutor.run(TestNGExecutor.java:293)
  org.apache.maven.surefire.testng.TestNGXmlTestSuite.execute(TestNGXmlTestSuite.java:84)
  org.apache.maven.surefire.testng.TestNGProvider.invoke(TestNGProvider.java:91)
  org.apache.maven.surefire.booter.ForkedBooter.invokeProviderInSameClassLoader(ForkedBooter.java:200)
  org.apache.maven.surefire.booter.ForkedBooter.runSuitesInProcess(ForkedBooter.java:153)
  org.apache.maven.surefire.booter.ForkedBooter.main(ForkedBooter.java:103)
]]>
      </failure>

          </testcase>
            <testcase name="K1_rrmemory" time="22.007" classname="com.yeastar.swebtest.testcase.DetailCase.pbxcase.Queue">
                <failure type="java.lang.AssertionError"
                  message="预期1000会第1个Ring 【预期：2 实际：4】"
              >
<![CDATA[java.lang.AssertionError: 预期1000会第1个Ring 【预期：2 实际：4】
  com.yeastar.swebtest.tools.ysassert.YsAssert.fail(YsAssert.java:1092)
  com.yeastar.swebtest.tools.ysassert.YsAssert.failNotEquals(YsAssert.java:583)
  com.yeastar.swebtest.tools.ysassert.YsAssert.assertEqualsImpl(YsAssert.java:146)
  com.yeastar.swebtest.tools.ysassert.YsAssert.assertEquals(YsAssert.java:120)
  com.yeastar.swebtest.tools.ysassert.YsAssert.assertEquals(YsAssert.java:429)
  com.yeastar.swebtest.testcase.DetailCase.pbxcase.Queue.K1_rrmemory(Queue.java:1112)
  sun.reflect.NativeMethodAccessorImpl.invoke0(Native Method)
  sun.reflect.NativeMethodAccessorImpl.invoke(NativeMethodAccessorImpl.java:62)
  sun.reflect.DelegatingMethodAccessorImpl.invoke(DelegatingMethodAccessorImpl.java:43)
  java.lang.reflect.Method.invoke(Method.java:498)
  org.testng.internal.MethodInvocationHelper.invokeMethod(MethodInvocationHelper.java:85)
  org.testng.internal.Invoker.invokeMethod(Invoker.java:639)
  org.testng.internal.Invoker.invokeTestMethod(Invoker.java:816)
  org.testng.internal.Invoker.invokeTestMethods(Invoker.java:1124)
  org.testng.internal.TestMethodWorker.invokeTestMethods(TestMethodWorker.java:125)
  org.testng.internal.TestMethodWorker.run(TestMethodWorker.java:108)
  org.testng.TestRunner.privateRun(TestRunner.java:774)
  org.testng.TestRunner.run(TestRunner.java:624)
  org.testng.SuiteRunner.runTest(SuiteRunner.java:359)
  org.testng.SuiteRunner.runSequentially(SuiteRunner.java:354)
  org.testng.SuiteRunner.privateRun(SuiteRunner.java:312)
  org.testng.SuiteRunner.run(SuiteRunner.java:261)
  org.testng.SuiteRunnerWorker.runSuite(SuiteRunnerWorker.java:52)
  org.testng.SuiteRunnerWorker.run(SuiteRunnerWorker.java:86)
  org.testng.TestNG.runSuitesSequentially(TestNG.java:1215)
  org.testng.TestNG.runSuitesLocally(TestNG.java:1140)
  org.testng.TestNG.run(TestNG.java:1048)
  org.apache.maven.surefire.testng.TestNGExecutor.run(TestNGExecutor.java:293)
  org.apache.maven.surefire.testng.TestNGXmlTestSuite.execute(TestNGXmlTestSuite.java:84)
  org.apache.maven.surefire.testng.TestNGProvider.invoke(TestNGProvider.java:91)
  org.apache.maven.surefire.booter.ForkedBooter.invokeProviderInSameClassLoader(ForkedBooter.java:200)
  org.apache.maven.surefire.booter.ForkedBooter.runSuitesInProcess(ForkedBooter.java:153)
  org.apache.maven.surefire.booter.ForkedBooter.main(ForkedBooter.java:103)
]]>
      </failure>

          </testcase>
            <testcase name="H1_leastRecent" time="17.530" classname="com.yeastar.swebtest.testcase.DetailCase.pbxcase.Queue">
                <failure type="java.lang.AssertionError"
                  message="预期1103结束Ring，约响铃10s 【预期：4 实际：2】"
              >
<![CDATA[java.lang.AssertionError: 预期1103结束Ring，约响铃10s 【预期：4 实际：2】
  com.yeastar.swebtest.tools.ysassert.YsAssert.fail(YsAssert.java:1092)
  com.yeastar.swebtest.tools.ysassert.YsAssert.failNotEquals(YsAssert.java:583)
  com.yeastar.swebtest.tools.ysassert.YsAssert.assertEqualsImpl(YsAssert.java:146)
  com.yeastar.swebtest.tools.ysassert.YsAssert.assertEquals(YsAssert.java:120)
  com.yeastar.swebtest.tools.ysassert.YsAssert.assertEquals(YsAssert.java:429)
  com.yeastar.swebtest.testcase.DetailCase.pbxcase.Queue.H1_leastRecent(Queue.java:1011)
  sun.reflect.NativeMethodAccessorImpl.invoke0(Native Method)
  sun.reflect.NativeMethodAccessorImpl.invoke(NativeMethodAccessorImpl.java:62)
  sun.reflect.DelegatingMethodAccessorImpl.invoke(DelegatingMethodAccessorImpl.java:43)
  java.lang.reflect.Method.invoke(Method.java:498)
  org.testng.internal.MethodInvocationHelper.invokeMethod(MethodInvocationHelper.java:85)
  org.testng.internal.Invoker.invokeMethod(Invoker.java:639)
  org.testng.internal.Invoker.invokeTestMethod(Invoker.java:816)
  org.testng.internal.Invoker.invokeTestMethods(Invoker.java:1124)
  org.testng.internal.TestMethodWorker.invokeTestMethods(TestMethodWorker.java:125)
  org.testng.internal.TestMethodWorker.run(TestMethodWorker.java:108)
  org.testng.TestRunner.privateRun(TestRunner.java:774)
  org.testng.TestRunner.run(TestRunner.java:624)
  org.testng.SuiteRunner.runTest(SuiteRunner.java:359)
  org.testng.SuiteRunner.runSequentially(SuiteRunner.java:354)
  org.testng.SuiteRunner.privateRun(SuiteRunner.java:312)
  org.testng.SuiteRunner.run(SuiteRunner.java:261)
  org.testng.SuiteRunnerWorker.runSuite(SuiteRunnerWorker.java:52)
  org.testng.SuiteRunnerWorker.run(SuiteRunnerWorker.java:86)
  org.testng.TestNG.runSuitesSequentially(TestNG.java:1215)
  org.testng.TestNG.runSuitesLocally(TestNG.java:1140)
  org.testng.TestNG.run(TestNG.java:1048)
  org.apache.maven.surefire.testng.TestNGExecutor.run(TestNGExecutor.java:293)
  org.apache.maven.surefire.testng.TestNGXmlTestSuite.execute(TestNGXmlTestSuite.java:84)
  org.apache.maven.surefire.testng.TestNGProvider.invoke(TestNGProvider.java:91)
  org.apache.maven.surefire.booter.ForkedBooter.invokeProviderInSameClassLoader(ForkedBooter.java:200)
  org.apache.maven.surefire.booter.ForkedBooter.runSuitesInProcess(ForkedBooter.java:153)
  org.apache.maven.surefire.booter.ForkedBooter.main(ForkedBooter.java:103)
]]>
      </failure>

          </testcase>
            <testcase name="H3_leastRecent" time="23.817" classname="com.yeastar.swebtest.testcase.DetailCase.pbxcase.Queue">
                <failure type="java.lang.AssertionError"
                  message="预期1100会Ring 【预期：2 实际：4】"
              >
<![CDATA[java.lang.AssertionError: 预期1100会Ring 【预期：2 实际：4】
  com.yeastar.swebtest.tools.ysassert.YsAssert.fail(YsAssert.java:1092)
  com.yeastar.swebtest.tools.ysassert.YsAssert.failNotEquals(YsAssert.java:583)
  com.yeastar.swebtest.tools.ysassert.YsAssert.assertEqualsImpl(YsAssert.java:146)
  com.yeastar.swebtest.tools.ysassert.YsAssert.assertEquals(YsAssert.java:120)
  com.yeastar.swebtest.tools.ysassert.YsAssert.assertEquals(YsAssert.java:429)
  com.yeastar.swebtest.testcase.DetailCase.pbxcase.Queue.H3_leastRecent(Queue.java:1043)
  sun.reflect.NativeMethodAccessorImpl.invoke0(Native Method)
  sun.reflect.NativeMethodAccessorImpl.invoke(NativeMethodAccessorImpl.java:62)
  sun.reflect.DelegatingMethodAccessorImpl.invoke(DelegatingMethodAccessorImpl.java:43)
  java.lang.reflect.Method.invoke(Method.java:498)
  org.testng.internal.MethodInvocationHelper.invokeMethod(MethodInvocationHelper.java:85)
  org.testng.internal.Invoker.invokeMethod(Invoker.java:639)
  org.testng.internal.Invoker.invokeTestMethod(Invoker.java:816)
  org.testng.internal.Invoker.invokeTestMethods(Invoker.java:1124)
  org.testng.internal.TestMethodWorker.invokeTestMethods(TestMethodWorker.java:125)
  org.testng.internal.TestMethodWorker.run(TestMethodWorker.java:108)
  org.testng.TestRunner.privateRun(TestRunner.java:774)
  org.testng.TestRunner.run(TestRunner.java:624)
  org.testng.SuiteRunner.runTest(SuiteRunner.java:359)
  org.testng.SuiteRunner.runSequentially(SuiteRunner.java:354)
  org.testng.SuiteRunner.privateRun(SuiteRunner.java:312)
  org.testng.SuiteRunner.run(SuiteRunner.java:261)
  org.testng.SuiteRunnerWorker.runSuite(SuiteRunnerWorker.java:52)
  org.testng.SuiteRunnerWorker.run(SuiteRunnerWorker.java:86)
  org.testng.TestNG.runSuitesSequentially(TestNG.java:1215)
  org.testng.TestNG.runSuitesLocally(TestNG.java:1140)
  org.testng.TestNG.run(TestNG.java:1048)
  org.apache.maven.surefire.testng.TestNGExecutor.run(TestNGExecutor.java:293)
  org.apache.maven.surefire.testng.TestNGXmlTestSuite.execute(TestNGXmlTestSuite.java:84)
  org.apache.maven.surefire.testng.TestNGProvider.invoke(TestNGProvider.java:91)
  org.apache.maven.surefire.booter.ForkedBooter.invokeProviderInSameClassLoader(ForkedBooter.java:200)
  org.apache.maven.surefire.booter.ForkedBooter.runSuitesInProcess(ForkedBooter.java:153)
  org.apache.maven.surefire.booter.ForkedBooter.main(ForkedBooter.java:103)
]]>
      </failure>

          </testcase>
            <testcase name="M1_ringall" time="85.552" classname="com.yeastar.swebtest.testcase.DetailCase.pbxcase.Queue">
                <failure type="java.lang.AssertionError"
                  message="CDR被叫方检测 【预期：1100 [6701(1100)] 实际：1000 [6714(1000)]】"
              >
<![CDATA[java.lang.AssertionError: CDR被叫方检测 【预期：1100 [6701(1100)] 实际：1000 [6714(1000)]】
  com.yeastar.swebtest.tools.ysassert.YsAssert.fail(YsAssert.java:1092)
  com.yeastar.swebtest.tools.ysassert.YsAssert.failNotEquals(YsAssert.java:583)
  com.yeastar.swebtest.tools.ysassert.YsAssert.assertEqualsImpl(YsAssert.java:146)
  com.yeastar.swebtest.tools.ysassert.YsAssert.assertEquals(YsAssert.java:120)
  com.yeastar.swebtest.tools.ysassert.YsAssert.assertEquals(YsAssert.java:203)
  com.yeastar.swebtest.driver.YSMethod.YS_Extension.checkCDR(YS_Extension.java:289)
  com.yeastar.swebtest.testcase.DetailCase.pbxcase.Queue.M1_ringall(Queue.java:1232)
  sun.reflect.NativeMethodAccessorImpl.invoke0(Native Method)
  sun.reflect.NativeMethodAccessorImpl.invoke(NativeMethodAccessorImpl.java:62)
  sun.reflect.DelegatingMethodAccessorImpl.invoke(DelegatingMethodAccessorImpl.java:43)
  java.lang.reflect.Method.invoke(Method.java:498)
  org.testng.internal.MethodInvocationHelper.invokeMethod(MethodInvocationHelper.java:85)
  org.testng.internal.Invoker.invokeMethod(Invoker.java:639)
  org.testng.internal.Invoker.invokeTestMethod(Invoker.java:816)
  org.testng.internal.Invoker.invokeTestMethods(Invoker.java:1124)
  org.testng.internal.TestMethodWorker.invokeTestMethods(TestMethodWorker.java:125)
  org.testng.internal.TestMethodWorker.run(TestMethodWorker.java:108)
  org.testng.TestRunner.privateRun(TestRunner.java:774)
  org.testng.TestRunner.run(TestRunner.java:624)
  org.testng.SuiteRunner.runTest(SuiteRunner.java:359)
  org.testng.SuiteRunner.runSequentially(SuiteRunner.java:354)
  org.testng.SuiteRunner.privateRun(SuiteRunner.java:312)
  org.testng.SuiteRunner.run(SuiteRunner.java:261)
  org.testng.SuiteRunnerWorker.runSuite(SuiteRunnerWorker.java:52)
  org.testng.SuiteRunnerWorker.run(SuiteRunnerWorker.java:86)
  org.testng.TestNG.runSuitesSequentially(TestNG.java:1215)
  org.testng.TestNG.runSuitesLocally(TestNG.java:1140)
  org.testng.TestNG.run(TestNG.java:1048)
  org.apache.maven.surefire.testng.TestNGExecutor.run(TestNGExecutor.java:293)
  org.apache.maven.surefire.testng.TestNGXmlTestSuite.execute(TestNGXmlTestSuite.java:84)
  org.apache.maven.surefire.testng.TestNGProvider.invoke(TestNGProvider.java:91)
  org.apache.maven.surefire.booter.ForkedBooter.invokeProviderInSameClassLoader(ForkedBooter.java:200)
  org.apache.maven.surefire.booter.ForkedBooter.runSuitesInProcess(ForkedBooter.java:153)
  org.apache.maven.surefire.booter.ForkedBooter.main(ForkedBooter.java:103)
]]>
      </failure>

          </testcase>
            <testcase name="L2_linear" time="95.628" classname="com.yeastar.swebtest.testcase.DetailCase.pbxcase.Queue">
                <failure type="java.lang.AssertionError"
                  message="预期1101第4个Ring 【预期：2 实际：4】"
              >
<![CDATA[java.lang.AssertionError: 预期1101第4个Ring 【预期：2 实际：4】
  com.yeastar.swebtest.tools.ysassert.YsAssert.fail(YsAssert.java:1092)
  com.yeastar.swebtest.tools.ysassert.YsAssert.failNotEquals(YsAssert.java:583)
  com.yeastar.swebtest.tools.ysassert.YsAssert.assertEqualsImpl(YsAssert.java:146)
  com.yeastar.swebtest.tools.ysassert.YsAssert.assertEquals(YsAssert.java:120)
  com.yeastar.swebtest.tools.ysassert.YsAssert.assertEquals(YsAssert.java:429)
  com.yeastar.swebtest.testcase.DetailCase.pbxcase.Queue.L2_linear(Queue.java:1168)
  sun.reflect.NativeMethodAccessorImpl.invoke0(Native Method)
  sun.reflect.NativeMethodAccessorImpl.invoke(NativeMethodAccessorImpl.java:62)
  sun.reflect.DelegatingMethodAccessorImpl.invoke(DelegatingMethodAccessorImpl.java:43)
  java.lang.reflect.Method.invoke(Method.java:498)
  org.testng.internal.MethodInvocationHelper.invokeMethod(MethodInvocationHelper.java:85)
  org.testng.internal.Invoker.invokeMethod(Invoker.java:639)
  org.testng.internal.Invoker.invokeTestMethod(Invoker.java:816)
  org.testng.internal.Invoker.invokeTestMethods(Invoker.java:1124)
  org.testng.internal.TestMethodWorker.invokeTestMethods(TestMethodWorker.java:125)
  org.testng.internal.TestMethodWorker.run(TestMethodWorker.java:108)
  org.testng.TestRunner.privateRun(TestRunner.java:774)
  org.testng.TestRunner.run(TestRunner.java:624)
  org.testng.SuiteRunner.runTest(SuiteRunner.java:359)
  org.testng.SuiteRunner.runSequentially(SuiteRunner.java:354)
  org.testng.SuiteRunner.privateRun(SuiteRunner.java:312)
  org.testng.SuiteRunner.run(SuiteRunner.java:261)
  org.testng.SuiteRunnerWorker.runSuite(SuiteRunnerWorker.java:52)
  org.testng.SuiteRunnerWorker.run(SuiteRunnerWorker.java:86)
  org.testng.TestNG.runSuitesSequentially(TestNG.java:1215)
  org.testng.TestNG.runSuitesLocally(TestNG.java:1140)
  org.testng.TestNG.run(TestNG.java:1048)
  org.apache.maven.surefire.testng.TestNGExecutor.run(TestNGExecutor.java:293)
  org.apache.maven.surefire.testng.TestNGXmlTestSuite.execute(TestNGXmlTestSuite.java:84)
  org.apache.maven.surefire.testng.TestNGProvider.invoke(TestNGProvider.java:91)
  org.apache.maven.surefire.booter.ForkedBooter.invokeProviderInSameClassLoader(ForkedBooter.java:200)
  org.apache.maven.surefire.booter.ForkedBooter.runSuitesInProcess(ForkedBooter.java:153)
  org.apache.maven.surefire.booter.ForkedBooter.main(ForkedBooter.java:103)
]]>
      </failure>

          </testcase>
  
  
            <testcase name="Fa_dynamic_login6714" time="19.284" classname="com.yeastar.swebtest.testcase.DetailCase.pbxcase.Queue" />
                <testcase name="F5_dynamic_login6710" time="15.930" classname="com.yeastar.swebtest.testcase.DetailCase.pbxcase.Queue" />
                <testcase name="A4_AddQueues" time="41.069" classname="com.yeastar.swebtest.testcase.DetailCase.pbxcase.Queue" />
                <testcase name="A4_AddQueues" time="31.590" classname="com.yeastar.swebtest.testcase.DetailCase.pbxcase.Queue" />
                <testcase name="D2_fail_extension" time="50.428" classname="com.yeastar.swebtest.testcase.DetailCase.pbxcase.Queue" />
                <testcase name="B2_AddInbound" time="20.963" classname="com.yeastar.swebtest.testcase.DetailCase.pbxcase.Queue" />
                <testcase name="A3_Init" time="41.552" classname="com.yeastar.swebtest.testcase.DetailCase.pbxcase.Queue" />
                <testcase name="G7_PeriodicAnnouncements" time="0.001" classname="com.yeastar.swebtest.testcase.DetailCase.pbxcase.Queue" />
                <testcase name="E3_key2_voicemail2_check" time="52.419" classname="com.yeastar.swebtest.testcase.DetailCase.pbxcase.Queue" />
                <testcase name="D5_fail_ringgroup" time="45.353" classname="com.yeastar.swebtest.testcase.DetailCase.pbxcase.Queue" />
                <testcase name="A4_AddQueues" time="37.125" classname="com.yeastar.swebtest.testcase.DetailCase.pbxcase.Queue" />
                <testcase name="F8_dynamic_login6713" time="21.016" classname="com.yeastar.swebtest.testcase.DetailCase.pbxcase.Queue" />
                <testcase name="A4_AddQueues" time="31.695" classname="com.yeastar.swebtest.testcase.DetailCase.pbxcase.Queue" />
                <testcase name="A4_AddQueues" time="44.938" classname="com.yeastar.swebtest.testcase.DetailCase.pbxcase.Queue" />
                <testcase name="D4_fail_ivr" time="49.534" classname="com.yeastar.swebtest.testcase.DetailCase.pbxcase.Queue" />
                <testcase name="D7_fail_conference" time="52.033" classname="com.yeastar.swebtest.testcase.DetailCase.pbxcase.Queue" />
                <testcase name="D1_fail_hangup" time="11.067" classname="com.yeastar.swebtest.testcase.DetailCase.pbxcase.Queue" />
                <testcase name="E8_key7_DialbyName" time="53.518" classname="com.yeastar.swebtest.testcase.DetailCase.pbxcase.Queue" />
                <testcase name="A4_AddQueues" time="39.150" classname="com.yeastar.swebtest.testcase.DetailCase.pbxcase.Queue" />
                <testcase name="A4_AddQueues" time="43.683" classname="com.yeastar.swebtest.testcase.DetailCase.pbxcase.Queue" />
                <testcase name="B2_AddInbound" time="20.408" classname="com.yeastar.swebtest.testcase.DetailCase.pbxcase.Queue" />
                <testcase name="A4_AddQueues" time="41.901" classname="com.yeastar.swebtest.testcase.DetailCase.pbxcase.Queue" />
                <testcase name="G4_AgentID" time="0.001" classname="com.yeastar.swebtest.testcase.DetailCase.pbxcase.Queue" />
                <testcase name="N2_leave_join_empty" time="1.081" classname="com.yeastar.swebtest.testcase.DetailCase.pbxcase.Queue" />
                <testcase name="B2_AddInbound" time="20.261" classname="com.yeastar.swebtest.testcase.DetailCase.pbxcase.Queue" />
                <testcase name="J1_random" time="0.001" classname="com.yeastar.swebtest.testcase.DetailCase.pbxcase.Queue" />
                <testcase name="C8_gsm_6701" time="0.000" classname="com.yeastar.swebtest.testcase.DetailCase.pbxcase.Queue" />
                <testcase name="F6_dynamic_login6711" time="15.889" classname="com.yeastar.swebtest.testcase.DetailCase.pbxcase.Queue" />
                <testcase name="F9_dynamic_login6714" time="9.077" classname="com.yeastar.swebtest.testcase.DetailCase.pbxcase.Queue" />
                <testcase name="E3_key2_voicemail3_login" time="30.888" classname="com.yeastar.swebtest.testcase.DetailCase.pbxcase.Queue" />
                <testcase name="E6_key5_queue" time="52.327" classname="com.yeastar.swebtest.testcase.DetailCase.pbxcase.Queue" />
                <testcase name="P1_recovery" time="74.200" classname="com.yeastar.swebtest.testcase.DetailCase.pbxcase.Queue" />
                <testcase name="B2_AddInbound" time="20.596" classname="com.yeastar.swebtest.testcase.DetailCase.pbxcase.Queue" />
                <testcase name="B2_AddInbound" time="20.423" classname="com.yeastar.swebtest.testcase.DetailCase.pbxcase.Queue" />
                <testcase name="B2_AddInbound" time="20.553" classname="com.yeastar.swebtest.testcase.DetailCase.pbxcase.Queue" />
                <testcase name="C6_bri_6701" time="0.000" classname="com.yeastar.swebtest.testcase.DetailCase.pbxcase.Queue" />
                <testcase name="N5_leave_join_empty" time="28.909" classname="com.yeastar.swebtest.testcase.DetailCase.pbxcase.Queue" />
                <testcase name="N4_leave_join_empty" time="1.091" classname="com.yeastar.swebtest.testcase.DetailCase.pbxcase.Queue" />
                <testcase name="B2_AddInbound" time="19.919" classname="com.yeastar.swebtest.testcase.DetailCase.pbxcase.Queue" />
                <testcase name="E2_key1_extension" time="44.035" classname="com.yeastar.swebtest.testcase.DetailCase.pbxcase.Queue" />
                <testcase name="N7_leave_join_empty" time="28.890" classname="com.yeastar.swebtest.testcase.DetailCase.pbxcase.Queue" />
                <testcase name="O1_delete" time="70.271" classname="com.yeastar.swebtest.testcase.DetailCase.pbxcase.Queue" />
                <testcase name="A1_initBeforeTest" time="0.000" classname="com.yeastar.swebtest.testcase.DetailCase.pbxcase.Queue" />
                <testcase name="F7_dynamic_login6712" time="19.420" classname="com.yeastar.swebtest.testcase.DetailCase.pbxcase.Queue" />
                <testcase name="N6_leave_join_empty" time="5.750" classname="com.yeastar.swebtest.testcase.DetailCase.pbxcase.Queue" />
                <testcase name="C3_iax_6701" time="0.000" classname="com.yeastar.swebtest.testcase.DetailCase.pbxcase.Queue" />
                <testcase name="C1_sps_6701" time="46.974" classname="com.yeastar.swebtest.testcase.DetailCase.pbxcase.Queue" />
                <testcase name="G6_CallerPosition" time="0.001" classname="com.yeastar.swebtest.testcase.DetailCase.pbxcase.Queue" />
                <testcase name="G2_JoinAnnouncement" time="14.181" classname="com.yeastar.swebtest.testcase.DetailCase.pbxcase.Queue" />
                <testcase name="A4_AddQueues" time="41.691" classname="com.yeastar.swebtest.testcase.DetailCase.pbxcase.Queue" />
                <testcase name="N8_leave_join_empty" time="23.081" classname="com.yeastar.swebtest.testcase.DetailCase.pbxcase.Queue" />
                <testcase name="P2_recovery" time="88.633" classname="com.yeastar.swebtest.testcase.DetailCase.pbxcase.Queue" />
                <testcase name="G3_MusicOnHold2" time="5.443" classname="com.yeastar.swebtest.testcase.DetailCase.pbxcase.Queue" />
                <testcase name="B2_AddInbound" time="20.337" classname="com.yeastar.swebtest.testcase.DetailCase.pbxcase.Queue" />
                <testcase name="B2_AddInbound" time="20.659" classname="com.yeastar.swebtest.testcase.DetailCase.pbxcase.Queue" />
                <testcase name="B2_AddInbound" time="20.845" classname="com.yeastar.swebtest.testcase.DetailCase.pbxcase.Queue" />
                <testcase name="B3_Apply" time="8.085" classname="com.yeastar.swebtest.testcase.DetailCase.pbxcase.Queue" />
                <testcase name="A4_AddQueues" time="43.920" classname="com.yeastar.swebtest.testcase.DetailCase.pbxcase.Queue" />
                <testcase name="N0_backup" time="42.377" classname="com.yeastar.swebtest.testcase.DetailCase.pbxcase.Queue" />
                <testcase name="G3_MusicOnHold1" time="6.239" classname="com.yeastar.swebtest.testcase.DetailCase.pbxcase.Queue" />
                <testcase name="A4_AddQueues" time="40.110" classname="com.yeastar.swebtest.testcase.DetailCase.pbxcase.Queue" />
                <testcase name="E5_key4_ringgroup" time="45.423" classname="com.yeastar.swebtest.testcase.DetailCase.pbxcase.Queue" />
                <testcase name="F3_dynamic_logoff6701" time="13.132" classname="com.yeastar.swebtest.testcase.DetailCase.pbxcase.Queue" />
                <testcase name="D8_fail_DialbyName" time="54.883" classname="com.yeastar.swebtest.testcase.DetailCase.pbxcase.Queue" />
                <testcase name="A4_AddQueues" time="42.038" classname="com.yeastar.swebtest.testcase.DetailCase.pbxcase.Queue" />
                <testcase name="F1_dynamic_login6701" time="13.195" classname="com.yeastar.swebtest.testcase.DetailCase.pbxcase.Queue" />
                <testcase name="E1_key0_hangup" time="30.449" classname="com.yeastar.swebtest.testcase.DetailCase.pbxcase.Queue" />
                <testcase name="C5_fxo_6701" time="0.000" classname="com.yeastar.swebtest.testcase.DetailCase.pbxcase.Queue" />
                <testcase name="B2_AddInbound" time="20.515" classname="com.yeastar.swebtest.testcase.DetailCase.pbxcase.Queue" />
                <testcase name="E4_key3_ivr" time="45.845" classname="com.yeastar.swebtest.testcase.DetailCase.pbxcase.Queue" />
                <testcase name="D3_fail_voicemail1" time="63.064" classname="com.yeastar.swebtest.testcase.DetailCase.pbxcase.Queue" />
                <testcase name="C4_spx_6701" time="0.000" classname="com.yeastar.swebtest.testcase.DetailCase.pbxcase.Queue" />
                <testcase name="A4_AddQueues" time="44.227" classname="com.yeastar.swebtest.testcase.DetailCase.pbxcase.Queue" />
                <testcase name="E3_key2_voicemail1" time="59.521" classname="com.yeastar.swebtest.testcase.DetailCase.pbxcase.Queue" />
                <testcase name="D3_fail_voicemail2_check" time="47.573" classname="com.yeastar.swebtest.testcase.DetailCase.pbxcase.Queue" />
                <testcase name="B1_AddInbound" time="60.436" classname="com.yeastar.swebtest.testcase.DetailCase.pbxcase.Queue" />
                <testcase name="D6_fail_queue" time="68.941" classname="com.yeastar.swebtest.testcase.DetailCase.pbxcase.Queue" />
                <testcase name="B2_AddInbound" time="20.382" classname="com.yeastar.swebtest.testcase.DetailCase.pbxcase.Queue" />
                <testcase name="F2_dynamic_call6701" time="59.841" classname="com.yeastar.swebtest.testcase.DetailCase.pbxcase.Queue" />
                <testcase name="A4_AddQueues" time="34.602" classname="com.yeastar.swebtest.testcase.DetailCase.pbxcase.Queue" />
                <testcase name="C2_sip_6701" time="48.983" classname="com.yeastar.swebtest.testcase.DetailCase.pbxcase.Queue" />
                <testcase name="D3_fail_voicemail3_login" time="40.927" classname="com.yeastar.swebtest.testcase.DetailCase.pbxcase.Queue" />
                <testcase name="B5_Register" time="176.409" classname="com.yeastar.swebtest.testcase.DetailCase.pbxcase.Queue" />
                <testcase name="B2_AddInbound" time="20.470" classname="com.yeastar.swebtest.testcase.DetailCase.pbxcase.Queue" />
                <testcase name="N1_leave_join_empty" time="35.538" classname="com.yeastar.swebtest.testcase.DetailCase.pbxcase.Queue" />
                <testcase name="N3_leave_join_empty" time="28.936" classname="com.yeastar.swebtest.testcase.DetailCase.pbxcase.Queue" />
                <testcase name="B2_AddInbound" time="20.555" classname="com.yeastar.swebtest.testcase.DetailCase.pbxcase.Queue" />
                <testcase name="F4_dynamic_call6701" time="52.385" classname="com.yeastar.swebtest.testcase.DetailCase.pbxcase.Queue" />
                <testcase name="C7_e1_6701" time="0.000" classname="com.yeastar.swebtest.testcase.DetailCase.pbxcase.Queue" />
                <testcase name="E7_key6_conference" time="50.459" classname="com.yeastar.swebtest.testcase.DetailCase.pbxcase.Queue" />
      
</testsuite>
