<?xml version="1.0" encoding="UTF-8"?>
<testsuite name="pbxcore"
           tests="18"
           failures="2"
           errors="0"
           skipped="0"
           time="506.454">
  <properties />
            <testcase name="F1_followToPaging" time="32.005" classname="com.yeastar.swebtest.testcase.DetailCase.pbxcase.Paging_Intercom">
                <failure type="java.lang.AssertionError"
                  message=" 1100、1105自动应答失败"
              >
<![CDATA[java.lang.AssertionError:  1100、1105自动应答失败
  com.yeastar.swebtest.tools.ysassert.YsAssert.fail(YsAssert.java:1086)
  com.yeastar.swebtest.testcase.DetailCase.pbxcase.Paging_Intercom.F1_followToPaging(Paging_Intercom.java:223)
  sun.reflect.NativeMethodAccessorImpl.invoke0(Native Method)
  sun.reflect.NativeMethodAccessorImpl.invoke(NativeMethodAccessorImpl.java:62)
  sun.reflect.DelegatingMethodAccessorImpl.invoke(DelegatingMethodAccessorImpl.java:43)
  java.lang.reflect.Method.invoke(Method.java:498)
  org.testng.internal.MethodInvocationHelper.invokeMethod(MethodInvocationHelper.java:85)
  org.testng.internal.Invoker.invokeMethod(Invoker.java:639)
  org.testng.internal.Invoker.invokeTestMethod(Invoker.java:816)
  org.testng.internal.Invoker.invokeTestMethods(Invoker.java:1124)
  org.testng.internal.TestMethodWorker.invokeTestMethods(TestMethodWorker.java:125)
  org.testng.internal.TestMethodWorker.run(TestMethodWorker.java:108)
  org.testng.TestRunner.privateRun(TestRunner.java:774)
  org.testng.TestRunner.run(TestRunner.java:624)
  org.testng.SuiteRunner.runTest(SuiteRunner.java:359)
  org.testng.SuiteRunner.runSequentially(SuiteRunner.java:354)
  org.testng.SuiteRunner.privateRun(SuiteRunner.java:312)
  org.testng.SuiteRunner.run(SuiteRunner.java:261)
  org.testng.SuiteRunnerWorker.runSuite(SuiteRunnerWorker.java:52)
  org.testng.SuiteRunnerWorker.run(SuiteRunnerWorker.java:86)
  org.testng.TestNG.runSuitesSequentially(TestNG.java:1215)
  org.testng.TestNG.runSuitesLocally(TestNG.java:1140)
  org.testng.TestNG.run(TestNG.java:1048)
  org.apache.maven.surefire.testng.TestNGExecutor.run(TestNGExecutor.java:293)
  org.apache.maven.surefire.testng.TestNGXmlTestSuite.execute(TestNGXmlTestSuite.java:84)
  org.apache.maven.surefire.testng.TestNGProvider.invoke(TestNGProvider.java:91)
  org.apache.maven.surefire.booter.ForkedBooter.invokeProviderInSameClassLoader(ForkedBooter.java:200)
  org.apache.maven.surefire.booter.ForkedBooter.runSuitesInProcess(ForkedBooter.java:153)
  org.apache.maven.surefire.booter.ForkedBooter.main(ForkedBooter.java:103)
]]>
      </failure>

          </testcase>
            <testcase name="G1_intercom" time="24.640" classname="com.yeastar.swebtest.testcase.DetailCase.pbxcase.Paging_Intercom">
                <failure type="java.lang.AssertionError"
                  message="1105预期：自动应答 【预期：3 实际：4】"
              >
<![CDATA[java.lang.AssertionError: 1105预期：自动应答 【预期：3 实际：4】
  com.yeastar.swebtest.tools.ysassert.YsAssert.fail(YsAssert.java:1086)
  com.yeastar.swebtest.tools.ysassert.YsAssert.failNotEquals(YsAssert.java:579)
  com.yeastar.swebtest.tools.ysassert.YsAssert.assertEqualsImpl(YsAssert.java:142)
  com.yeastar.swebtest.tools.ysassert.YsAssert.assertEquals(YsAssert.java:116)
  com.yeastar.swebtest.tools.ysassert.YsAssert.assertEquals(YsAssert.java:425)
  com.yeastar.swebtest.testcase.DetailCase.pbxcase.Paging_Intercom.G1_intercom(Paging_Intercom.java:235)
  sun.reflect.NativeMethodAccessorImpl.invoke0(Native Method)
  sun.reflect.NativeMethodAccessorImpl.invoke(NativeMethodAccessorImpl.java:62)
  sun.reflect.DelegatingMethodAccessorImpl.invoke(DelegatingMethodAccessorImpl.java:43)
  java.lang.reflect.Method.invoke(Method.java:498)
  org.testng.internal.MethodInvocationHelper.invokeMethod(MethodInvocationHelper.java:85)
  org.testng.internal.Invoker.invokeMethod(Invoker.java:639)
  org.testng.internal.Invoker.invokeTestMethod(Invoker.java:816)
  org.testng.internal.Invoker.invokeTestMethods(Invoker.java:1124)
  org.testng.internal.TestMethodWorker.invokeTestMethods(TestMethodWorker.java:125)
  org.testng.internal.TestMethodWorker.run(TestMethodWorker.java:108)
  org.testng.TestRunner.privateRun(TestRunner.java:774)
  org.testng.TestRunner.run(TestRunner.java:624)
  org.testng.SuiteRunner.runTest(SuiteRunner.java:359)
  org.testng.SuiteRunner.runSequentially(SuiteRunner.java:354)
  org.testng.SuiteRunner.privateRun(SuiteRunner.java:312)
  org.testng.SuiteRunner.run(SuiteRunner.java:261)
  org.testng.SuiteRunnerWorker.runSuite(SuiteRunnerWorker.java:52)
  org.testng.SuiteRunnerWorker.run(SuiteRunnerWorker.java:86)
  org.testng.TestNG.runSuitesSequentially(TestNG.java:1215)
  org.testng.TestNG.runSuitesLocally(TestNG.java:1140)
  org.testng.TestNG.run(TestNG.java:1048)
  org.apache.maven.surefire.testng.TestNGExecutor.run(TestNGExecutor.java:293)
  org.apache.maven.surefire.testng.TestNGXmlTestSuite.execute(TestNGXmlTestSuite.java:84)
  org.apache.maven.surefire.testng.TestNGProvider.invoke(TestNGProvider.java:91)
  org.apache.maven.surefire.booter.ForkedBooter.invokeProviderInSameClassLoader(ForkedBooter.java:200)
  org.apache.maven.surefire.booter.ForkedBooter.runSuitesInProcess(ForkedBooter.java:153)
  org.apache.maven.surefire.booter.ForkedBooter.main(ForkedBooter.java:103)
]]>
      </failure>

          </testcase>
  
  
            <testcase name="D2_2way" time="35.197" classname="com.yeastar.swebtest.testcase.DetailCase.pbxcase.Paging_Intercom" />
                <testcase name="B4_add_Paging6303" time="20.271" classname="com.yeastar.swebtest.testcase.DetailCase.pbxcase.Paging_Intercom" />
                <testcase name="A2_InitPaging" time="24.974" classname="com.yeastar.swebtest.testcase.DetailCase.pbxcase.Paging_Intercom" />
                <testcase name="E2_DisableAnswer" time="58.340" classname="com.yeastar.swebtest.testcase.DetailCase.pbxcase.Paging_Intercom" />
                <testcase name="B5_Apply" time="8.111" classname="com.yeastar.swebtest.testcase.DetailCase.pbxcase.Paging_Intercom" />
                <testcase name="B3_add_NewPage6302" time="21.317" classname="com.yeastar.swebtest.testcase.DetailCase.pbxcase.Paging_Intercom" />
                <testcase name="H_delete" time="60.718" classname="com.yeastar.swebtest.testcase.DetailCase.pbxcase.Paging_Intercom" />
                <testcase name="C1_callforward" time="9.096" classname="com.yeastar.swebtest.testcase.DetailCase.pbxcase.Paging_Intercom" />
                <testcase name="I_Recovery" time="9.085" classname="com.yeastar.swebtest.testcase.DetailCase.pbxcase.Paging_Intercom" />
                <testcase name="E1_EnableAnswer" time="49.549" classname="com.yeastar.swebtest.testcase.DetailCase.pbxcase.Paging_Intercom" />
                <testcase name="B1_add_Paging6300" time="20.401" classname="com.yeastar.swebtest.testcase.DetailCase.pbxcase.Paging_Intercom" />
                <testcase name="A1_InitIntercom" time="11.377" classname="com.yeastar.swebtest.testcase.DetailCase.pbxcase.Paging_Intercom" />
                <testcase name="B2_add_AutoPag6301" time="19.300" classname="com.yeastar.swebtest.testcase.DetailCase.pbxcase.Paging_Intercom" />
                <testcase name="G3_newIntercom" time="33.683" classname="com.yeastar.swebtest.testcase.DetailCase.pbxcase.Paging_Intercom" />
                <testcase name="D1_1way" time="51.119" classname="com.yeastar.swebtest.testcase.DetailCase.pbxcase.Paging_Intercom" />
                <testcase name="G2_EditFeatureCode" time="17.271" classname="com.yeastar.swebtest.testcase.DetailCase.pbxcase.Paging_Intercom" />
      
</testsuite>
