<?xml version="1.0" encoding="UTF-8"?>
<testsuite name="pbxcore"
           tests="62"
           failures="1"
           errors="0"
           skipped="61"
           time="0.000">
  <properties />
            <testcase name="Register" time="0.000" classname="com.yeastar.swebtest.testcase.DetailCase.pbxcase.PickupGroup">
                <failure type="org.openqa.selenium.WebDriverException"
                  message="unknown error: Cannot read property 'id' of undefined
  (Session info: chrome=69.0.3497.100)
  (Driver info: chromedriver=2.42.591088 (7b2b2dca23cca0862f674758c9a3933e685c27d5),platform=Windows NT 6.1.7601 SP1 x86_64) (WARNING: The server did not provide any stacktrace information)
Command duration or timeout: 17 milliseconds
Build info: version: '2.53.1', revision: 'a36b8b1cd5757287168e54b817830adce9b0158d', time: '2016-06-30 19:26:09'
System info: host: 'Yeastar-PC', ip: '192.168.11.194', os.name: 'Windows 7', os.arch: 'x86', os.version: '6.1', java.version: '1.8.0_121'
Driver info: org.openqa.selenium.chrome.ChromeDriver
Capabilities [{mobileEmulationEnabled=false, hasTouchScreen=false, platform=XP, acceptSslCerts=false, goog:chromeOptions={debuggerAddress=localhost:23747}, acceptInsecureCerts=false, webStorageEnabled=true, browserName=chrome, takesScreenshot=true, javascriptEnabled=true, setWindowRect=true, unexpectedAlertBehaviour=, applicationCacheEnabled=false, rotatable=false, networkConnectionEnabled=false, chrome={chromedriverVersion=2.42.591088 (7b2b2dca23cca0862f674758c9a3933e685c27d5), userDataDir=C:\Users\Yeastar\AppData\Local\Temp\scoped_dir3852_3820}, takesHeapSnapshot=true, pageLoadStrategy=normal, databaseEnabled=false, handlesAlerts=true, version=69.0.3497.100, browserConnectionEnabled=false, nativeEvents=true, locationContextEnabled=true, cssSelectorsEnabled=true}]
Session ID: d3be694128271583ac260e31a4722891"
              >
<![CDATA[org.openqa.selenium.WebDriverException: unknown error: Cannot read property 'id' of undefined
  (Session info: chrome=69.0.3497.100)
  (Driver info: chromedriver=2.42.591088 (7b2b2dca23cca0862f674758c9a3933e685c27d5),platform=Windows NT 6.1.7601 SP1 x86_64) (WARNING: The server did not provide any stacktrace information)
Command duration or timeout: 17 milliseconds
Build info: version: '2.53.1', revision: 'a36b8b1cd5757287168e54b817830adce9b0158d', time: '2016-06-30 19:26:09'
System info: host: 'Yeastar-PC', ip: '192.168.11.194', os.name: 'Windows 7', os.arch: 'x86', os.version: '6.1', java.version: '1.8.0_121'
Driver info: org.openqa.selenium.chrome.ChromeDriver
Capabilities [{mobileEmulationEnabled=false, hasTouchScreen=false, platform=XP, acceptSslCerts=false, goog:chromeOptions={debuggerAddress=localhost:23747}, acceptInsecureCerts=false, webStorageEnabled=true, browserName=chrome, takesScreenshot=true, javascriptEnabled=true, setWindowRect=true, unexpectedAlertBehaviour=, applicationCacheEnabled=false, rotatable=false, networkConnectionEnabled=false, chrome={chromedriverVersion=2.42.591088 (7b2b2dca23cca0862f674758c9a3933e685c27d5), userDataDir=C:\Users\Yeastar\AppData\Local\Temp\scoped_dir3852_3820}, takesHeapSnapshot=true, pageLoadStrategy=normal, databaseEnabled=false, handlesAlerts=true, version=69.0.3497.100, browserConnectionEnabled=false, nativeEvents=true, locationContextEnabled=true, cssSelectorsEnabled=true}]
Session ID: d3be694128271583ac260e31a4722891
  sun.reflect.NativeConstructorAccessorImpl.newInstance0(Native Method)
  sun.reflect.NativeConstructorAccessorImpl.newInstance(NativeConstructorAccessorImpl.java:62)
  sun.reflect.DelegatingConstructorAccessorImpl.newInstance(DelegatingConstructorAccessorImpl.java:45)
  java.lang.reflect.Constructor.newInstance(Constructor.java:423)
  org.openqa.selenium.remote.ErrorHandler.createThrowable(ErrorHandler.java:206)
  org.openqa.selenium.remote.ErrorHandler.throwIfResponseFailed(ErrorHandler.java:158)
  org.openqa.selenium.remote.RemoteWebDriver.execute(RemoteWebDriver.java:678)
  org.openqa.selenium.remote.RemoteWebDriver.executeScript(RemoteWebDriver.java:577)
  com.codeborne.selenide.Selenide.executeJavaScript(Selenide.java:468)
  com.yeastar.swebtest.driver.SwebDriver.executeJs(SwebDriver.java:763)
  com.yeastar.swebtest.driver.SwebDriver.gridExtensonStatus(SwebDriver.java:302)
  com.yeastar.swebtest.tools.pjsip.PjsipApp.Pj_Register_Account(PjsipApp.java:103)
  com.yeastar.swebtest.tools.pjsip.PjsipApp.Pj_Register_Account(PjsipApp.java:162)
  com.yeastar.swebtest.testcase.DetailCase.pbxcase.PickupGroup.Register(PickupGroup.java:41)
  sun.reflect.NativeMethodAccessorImpl.invoke0(Native Method)
  sun.reflect.NativeMethodAccessorImpl.invoke(NativeMethodAccessorImpl.java:62)
  sun.reflect.DelegatingMethodAccessorImpl.invoke(DelegatingMethodAccessorImpl.java:43)
  java.lang.reflect.Method.invoke(Method.java:498)
  org.testng.internal.MethodInvocationHelper.invokeMethod(MethodInvocationHelper.java:85)
  org.testng.internal.Invoker.invokeConfigurationMethod(Invoker.java:510)
  org.testng.internal.Invoker.invokeConfigurations(Invoker.java:211)
  org.testng.internal.Invoker.invokeConfigurations(Invoker.java:138)
  org.testng.internal.TestMethodWorker.invokeBeforeClassMethods(TestMethodWorker.java:170)
  org.testng.internal.TestMethodWorker.run(TestMethodWorker.java:104)
  org.testng.TestRunner.privateRun(TestRunner.java:774)
  org.testng.TestRunner.run(TestRunner.java:624)
  org.testng.SuiteRunner.runTest(SuiteRunner.java:359)
  org.testng.SuiteRunner.runSequentially(SuiteRunner.java:354)
  org.testng.SuiteRunner.privateRun(SuiteRunner.java:312)
  org.testng.SuiteRunner.run(SuiteRunner.java:261)
  org.testng.SuiteRunnerWorker.runSuite(SuiteRunnerWorker.java:52)
  org.testng.SuiteRunnerWorker.run(SuiteRunnerWorker.java:86)
  org.testng.TestNG.runSuitesSequentially(TestNG.java:1215)
  org.testng.TestNG.runSuitesLocally(TestNG.java:1140)
  org.testng.TestNG.run(TestNG.java:1048)
  org.apache.maven.surefire.testng.TestNGExecutor.run(TestNGExecutor.java:293)
  org.apache.maven.surefire.testng.TestNGXmlTestSuite.execute(TestNGXmlTestSuite.java:84)
  org.apache.maven.surefire.testng.TestNGProvider.invoke(TestNGProvider.java:91)
  org.apache.maven.surefire.booter.ForkedBooter.invokeProviderInSameClassLoader(ForkedBooter.java:200)
  org.apache.maven.surefire.booter.ForkedBooter.runSuitesInProcess(ForkedBooter.java:153)
  org.apache.maven.surefire.booter.ForkedBooter.main(ForkedBooter.java:103)
]]>
      </failure>

          </testcase>
  
            <testcase name="AfterMethod" time="0.0" classname="com.yeastar.swebtest.testcase.DetailCase.pbxcase.PickupGroup">
          <skipped />
    </testcase>
            <testcase name="AfterMethod" time="0.0" classname="com.yeastar.swebtest.testcase.DetailCase.pbxcase.PickupGroup">
          <skipped />
    </testcase>
            <testcase name="AfterMethod" time="0.0" classname="com.yeastar.swebtest.testcase.DetailCase.pbxcase.PickupGroup">
          <skipped />
    </testcase>
            <testcase name="AfterMethod" time="0.0" classname="com.yeastar.swebtest.testcase.DetailCase.pbxcase.PickupGroup">
          <skipped />
    </testcase>
            <testcase name="AfterMethod" time="0.0" classname="com.yeastar.swebtest.testcase.DetailCase.pbxcase.PickupGroup">
          <skipped />
    </testcase>
            <testcase name="AfterMethod" time="0.0" classname="com.yeastar.swebtest.testcase.DetailCase.pbxcase.PickupGroup">
          <skipped />
    </testcase>
            <testcase name="AfterMethod" time="0.0" classname="com.yeastar.swebtest.testcase.DetailCase.pbxcase.PickupGroup">
          <skipped />
    </testcase>
            <testcase name="AfterMethod" time="0.0" classname="com.yeastar.swebtest.testcase.DetailCase.pbxcase.PickupGroup">
          <skipped />
    </testcase>
            <testcase name="AfterMethod" time="0.0" classname="com.yeastar.swebtest.testcase.DetailCase.pbxcase.PickupGroup">
          <skipped />
    </testcase>
            <testcase name="AfterMethod" time="0.0" classname="com.yeastar.swebtest.testcase.DetailCase.pbxcase.PickupGroup">
          <skipped />
    </testcase>
            <testcase name="AfterMethod" time="0.0" classname="com.yeastar.swebtest.testcase.DetailCase.pbxcase.PickupGroup">
          <skipped />
    </testcase>
            <testcase name="AfterMethod" time="0.0" classname="com.yeastar.swebtest.testcase.DetailCase.pbxcase.PickupGroup">
          <skipped />
    </testcase>
            <testcase name="AfterMethod" time="0.0" classname="com.yeastar.swebtest.testcase.DetailCase.pbxcase.PickupGroup">
          <skipped />
    </testcase>
            <testcase name="AfterMethod" time="0.0" classname="com.yeastar.swebtest.testcase.DetailCase.pbxcase.PickupGroup">
          <skipped />
    </testcase>
            <testcase name="AfterMethod" time="0.0" classname="com.yeastar.swebtest.testcase.DetailCase.pbxcase.PickupGroup">
          <skipped />
    </testcase>
            <testcase name="AfterMethod" time="0.0" classname="com.yeastar.swebtest.testcase.DetailCase.pbxcase.PickupGroup">
          <skipped />
    </testcase>
            <testcase name="AfterMethod" time="0.0" classname="com.yeastar.swebtest.testcase.DetailCase.pbxcase.PickupGroup">
          <skipped />
    </testcase>
            <testcase name="AfterMethod" time="0.0" classname="com.yeastar.swebtest.testcase.DetailCase.pbxcase.PickupGroup">
          <skipped />
    </testcase>
            <testcase name="AfterMethod" time="0.0" classname="com.yeastar.swebtest.testcase.DetailCase.pbxcase.PickupGroup">
          <skipped />
    </testcase>
            <testcase name="AfterMethod" time="0.0" classname="com.yeastar.swebtest.testcase.DetailCase.pbxcase.PickupGroup">
          <skipped />
    </testcase>
            <testcase name="AfterMethod" time="0.0" classname="com.yeastar.swebtest.testcase.DetailCase.pbxcase.PickupGroup">
          <skipped />
    </testcase>
            <testcase name="AfterMethod" time="0.0" classname="com.yeastar.swebtest.testcase.DetailCase.pbxcase.PickupGroup">
          <skipped />
    </testcase>
            <testcase name="AfterMethod" time="0.0" classname="com.yeastar.swebtest.testcase.DetailCase.pbxcase.PickupGroup">
          <skipped />
    </testcase>
            <testcase name="AfterMethod" time="0.0" classname="com.yeastar.swebtest.testcase.DetailCase.pbxcase.PickupGroup">
          <skipped />
    </testcase>
            <testcase name="AfterMethod" time="0.0" classname="com.yeastar.swebtest.testcase.DetailCase.pbxcase.PickupGroup">
          <skipped />
    </testcase>
            <testcase name="AfterMethod" time="0.0" classname="com.yeastar.swebtest.testcase.DetailCase.pbxcase.PickupGroup">
          <skipped />
    </testcase>
            <testcase name="AfterClass" time="0.0" classname="com.yeastar.swebtest.testcase.DetailCase.pbxcase.PickupGroup">
          <skipped />
    </testcase>
            <testcase name="AfterMethod" time="0.0" classname="com.yeastar.swebtest.testcase.DetailCase.pbxcase.PickupGroup">
          <skipped />
    </testcase>
            <testcase name="AfterMethod" time="0.0" classname="com.yeastar.swebtest.testcase.DetailCase.pbxcase.PickupGroup">
          <skipped />
    </testcase>
            <testcase name="AfterMethod" time="0.0" classname="com.yeastar.swebtest.testcase.DetailCase.pbxcase.PickupGroup">
          <skipped />
    </testcase>
            <testcase name="AfterMethod" time="0.0" classname="com.yeastar.swebtest.testcase.DetailCase.pbxcase.PickupGroup">
          <skipped />
    </testcase>
            <testcase name="C5_iax" time="0.0" classname="com.yeastar.swebtest.testcase.DetailCase.pbxcase.PickupGroup">
          <skipped />
    </testcase>
            <testcase name="C6_spx" time="0.0" classname="com.yeastar.swebtest.testcase.DetailCase.pbxcase.PickupGroup">
          <skipped />
    </testcase>
            <testcase name="C2_sip_4_2" time="0.0" classname="com.yeastar.swebtest.testcase.DetailCase.pbxcase.PickupGroup">
          <skipped />
    </testcase>
            <testcase name="C7_fxo" time="0.0" classname="com.yeastar.swebtest.testcase.DetailCase.pbxcase.PickupGroup">
          <skipped />
    </testcase>
            <testcase name="Cb_fxs" time="0.0" classname="com.yeastar.swebtest.testcase.DetailCase.pbxcase.PickupGroup">
          <skipped />
    </testcase>
            <testcase name="A2_InitPickupGroup" time="0.0" classname="com.yeastar.swebtest.testcase.DetailCase.pbxcase.PickupGroup">
          <skipped />
    </testcase>
            <testcase name="F1_edit_disablefeaturecode" time="0.0" classname="com.yeastar.swebtest.testcase.DetailCase.pbxcase.PickupGroup">
          <skipped />
    </testcase>
            <testcase name="C8_bri" time="0.0" classname="com.yeastar.swebtest.testcase.DetailCase.pbxcase.PickupGroup">
          <skipped />
    </testcase>
            <testcase name="B2_AddPickupGroup2" time="0.0" classname="com.yeastar.swebtest.testcase.DetailCase.pbxcase.PickupGroup">
          <skipped />
    </testcase>
            <testcase name="E2_pickup" time="0.0" classname="com.yeastar.swebtest.testcase.DetailCase.pbxcase.PickupGroup">
          <skipped />
    </testcase>
            <testcase name="C3_sip_04_2" time="0.0" classname="com.yeastar.swebtest.testcase.DetailCase.pbxcase.PickupGroup">
          <skipped />
    </testcase>
            <testcase name="B4_apply" time="0.0" classname="com.yeastar.swebtest.testcase.DetailCase.pbxcase.PickupGroup">
          <skipped />
    </testcase>
            <testcase name="G_recovery_featurecode" time="0.0" classname="com.yeastar.swebtest.testcase.DetailCase.pbxcase.PickupGroup">
          <skipped />
    </testcase>
            <testcase name="C4_sps" time="0.0" classname="com.yeastar.swebtest.testcase.DetailCase.pbxcase.PickupGroup">
          <skipped />
    </testcase>
            <testcase name="G1_delete" time="0.0" classname="com.yeastar.swebtest.testcase.DetailCase.pbxcase.PickupGroup">
          <skipped />
    </testcase>
            <testcase name="C9_e1" time="0.0" classname="com.yeastar.swebtest.testcase.DetailCase.pbxcase.PickupGroup">
          <skipped />
    </testcase>
            <testcase name="D3_queue" time="0.0" classname="com.yeastar.swebtest.testcase.DetailCase.pbxcase.PickupGroup">
          <skipped />
    </testcase>
            <testcase name="F2_pickup" time="0.0" classname="com.yeastar.swebtest.testcase.DetailCase.pbxcase.PickupGroup">
          <skipped />
    </testcase>
            <testcase name="A1_InitFeatureCode" time="0.0" classname="com.yeastar.swebtest.testcase.DetailCase.pbxcase.PickupGroup">
          <skipped />
    </testcase>
            <testcase name="F3_pickup_ex" time="0.0" classname="com.yeastar.swebtest.testcase.DetailCase.pbxcase.PickupGroup">
          <skipped />
    </testcase>
            <testcase name="C2_sip_4_1" time="0.0" classname="com.yeastar.swebtest.testcase.DetailCase.pbxcase.PickupGroup">
          <skipped />
    </testcase>
            <testcase name="E1_editfeaturecode" time="0.0" classname="com.yeastar.swebtest.testcase.DetailCase.pbxcase.PickupGroup">
          <skipped />
    </testcase>
            <testcase name="D1_ivr" time="0.0" classname="com.yeastar.swebtest.testcase.DetailCase.pbxcase.PickupGroup">
          <skipped />
    </testcase>
            <testcase name="D2_ringgroup" time="0.0" classname="com.yeastar.swebtest.testcase.DetailCase.pbxcase.PickupGroup">
          <skipped />
    </testcase>
            <testcase name="B1_AddPickupGroup1" time="0.0" classname="com.yeastar.swebtest.testcase.DetailCase.pbxcase.PickupGroup">
          <skipped />
    </testcase>
            <testcase name="C3_sip_04_1" time="0.0" classname="com.yeastar.swebtest.testcase.DetailCase.pbxcase.PickupGroup">
          <skipped />
    </testcase>
            <testcase name="B3_EditPickupGroup1" time="0.0" classname="com.yeastar.swebtest.testcase.DetailCase.pbxcase.PickupGroup">
          <skipped />
    </testcase>
            <testcase name="Ca_gsm" time="0.0" classname="com.yeastar.swebtest.testcase.DetailCase.pbxcase.PickupGroup">
          <skipped />
    </testcase>
            <testcase name="C1_sip_4" time="0.0" classname="com.yeastar.swebtest.testcase.DetailCase.pbxcase.PickupGroup">
          <skipped />
    </testcase>
            <testcase name="E3_pickup_ex" time="0.0" classname="com.yeastar.swebtest.testcase.DetailCase.pbxcase.PickupGroup">
          <skipped />
    </testcase>
  
  
</testsuite>
