<?xml version="1.0" encoding="UTF-8"?>
<!-- Generated by org.testng.reporters.JUnitXMLReporter -->
<testsuite hostname="AutoTest-PC" name="pbxcore" tests="115" failures="24" timestamp="23 Oct 2017 16:54:32 GMT" time="13702.853" errors="0">
  <testcase name="A_addExtension" time="49.062" classname="com.yeastar.swebtest.testcase.RegressionCase.pbxcore.BeforeTest"/>
  <testcase name="A_addExtensionGroup" time="33.912" classname="com.yeastar.swebtest.testcase.RegressionCase.pbxcore.BeforeTest"/>
  <testcase name="A_editExtenName" time="49.348" classname="com.yeastar.swebtest.testcase.RegressionCase.pbxcore.BeforeTest"/>
  <testcase name="B_addtrunk" time="43.079" classname="com.yeastar.swebtest.testcase.RegressionCase.pbxcore.BeforeTest">
    <failure type="java.lang.AssertionError" message="SIP1注册失败">
      <![CDATA[java.lang.AssertionError: SIP1注册失败
	at com.yeastar.swebtest.tools.ysassert.YsAssert.fail(YsAssert.java:1086)
	at com.yeastar.swebtest.tools.ysassert.YsAssert.assertNotEquals(YsAssert.java:912)
	at com.yeastar.swebtest.driver.YSMethod.YS_Trunk.assertTrunkStatus(YS_Trunk.java:223)
	at com.yeastar.swebtest.driver.YSMethod.YS_Trunk.addTrunk(YS_Trunk.java:181)
	at com.yeastar.swebtest.testcase.RegressionCase.pbxcore.BeforeTest.B_addtrunk(BeforeTest.java:89)
... Removed 27 stack frames]]>
    </failure>
  </testcase> <!-- B_addtrunk -->
  <testcase name="C_addtrunk" time="28.44" classname="com.yeastar.swebtest.testcase.RegressionCase.pbxcore.BeforeTest">
    <failure type="java.lang.AssertionError" message="IAX1注册失败">
      <![CDATA[java.lang.AssertionError: IAX1注册失败
	at com.yeastar.swebtest.tools.ysassert.YsAssert.fail(YsAssert.java:1086)
	at com.yeastar.swebtest.tools.ysassert.YsAssert.assertNotEquals(YsAssert.java:912)
	at com.yeastar.swebtest.driver.YSMethod.YS_Trunk.assertTrunkStatus(YS_Trunk.java:223)
	at com.yeastar.swebtest.driver.YSMethod.YS_Trunk.addTrunk(YS_Trunk.java:181)
	at com.yeastar.swebtest.testcase.RegressionCase.pbxcore.BeforeTest.C_addtrunk(BeforeTest.java:95)
... Removed 27 stack frames]]>
    </failure>
  </testcase> <!-- C_addtrunk -->
  <testcase name="D_addtrunk" time="26.769" classname="com.yeastar.swebtest.testcase.RegressionCase.pbxcore.BeforeTest">
    <failure type="java.lang.AssertionError" message="SPS1注册失败">
      <![CDATA[java.lang.AssertionError: SPS1注册失败
	at com.yeastar.swebtest.tools.ysassert.YsAssert.fail(YsAssert.java:1086)
	at com.yeastar.swebtest.tools.ysassert.YsAssert.assertNotEquals(YsAssert.java:912)
	at com.yeastar.swebtest.driver.YSMethod.YS_Trunk.assertTrunkStatus(YS_Trunk.java:223)
	at com.yeastar.swebtest.driver.YSMethod.YS_Trunk.addTrunk(YS_Trunk.java:181)
	at com.yeastar.swebtest.testcase.RegressionCase.pbxcore.BeforeTest.D_addtrunk(BeforeTest.java:100)
... Removed 27 stack frames]]>
    </failure>
  </testcase> <!-- D_addtrunk -->
  <testcase name="E_addtrunk" time="26.652" classname="com.yeastar.swebtest.testcase.RegressionCase.pbxcore.BeforeTest">
    <failure type="java.lang.AssertionError" message="SPX1注册失败">
      <![CDATA[java.lang.AssertionError: SPX1注册失败
	at com.yeastar.swebtest.tools.ysassert.YsAssert.fail(YsAssert.java:1086)
	at com.yeastar.swebtest.tools.ysassert.YsAssert.assertNotEquals(YsAssert.java:912)
	at com.yeastar.swebtest.driver.YSMethod.YS_Trunk.assertTrunkStatus(YS_Trunk.java:223)
	at com.yeastar.swebtest.driver.YSMethod.YS_Trunk.addTrunk(YS_Trunk.java:181)
	at com.yeastar.swebtest.testcase.RegressionCase.pbxcore.BeforeTest.E_addtrunk(BeforeTest.java:106)
... Removed 27 stack frames]]>
    </failure>
  </testcase> <!-- E_addtrunk -->
  <testcase name="F_addInRoute" time="51.023" classname="com.yeastar.swebtest.testcase.RegressionCase.pbxcore.BeforeTest"/>
  <testcase name="G_addOutRoute1" time="31.184" classname="com.yeastar.swebtest.testcase.RegressionCase.pbxcore.BeforeTest"/>
  <testcase name="G_addOutRoute2" time="13.634" classname="com.yeastar.swebtest.testcase.RegressionCase.pbxcore.BeforeTest"/>
  <testcase name="G_addOutRoute3" time="13.748" classname="com.yeastar.swebtest.testcase.RegressionCase.pbxcore.BeforeTest"/>
  <testcase name="G_addOutRoute4" time="13.803" classname="com.yeastar.swebtest.testcase.RegressionCase.pbxcore.BeforeTest"/>
  <testcase name="G_addOutRoute5" time="13.638" classname="com.yeastar.swebtest.testcase.RegressionCase.pbxcore.BeforeTest"/>
  <testcase name="G_addOutRoute6" time="13.67" classname="com.yeastar.swebtest.testcase.RegressionCase.pbxcore.BeforeTest"/>
  <testcase name="G_addOutRoute7" time="13.687" classname="com.yeastar.swebtest.testcase.RegressionCase.pbxcore.BeforeTest"/>
  <testcase name="G_addOutRoute8" time="13.732" classname="com.yeastar.swebtest.testcase.RegressionCase.pbxcore.BeforeTest"/>
  <testcase name="H_addivr" time="46.159" classname="com.yeastar.swebtest.testcase.RegressionCase.pbxcore.BeforeTest"/>
  <testcase name="I_addringgroup" time="30.979" classname="com.yeastar.swebtest.testcase.RegressionCase.pbxcore.BeforeTest"/>
  <testcase name="J_addqueue" time="36.237" classname="com.yeastar.swebtest.testcase.RegressionCase.pbxcore.BeforeTest"/>
  <testcase name="K_addconference" time="35.274" classname="com.yeastar.swebtest.testcase.RegressionCase.pbxcore.BeforeTest"/>
  <testcase name="L_setRecord" time="42.402" classname="com.yeastar.swebtest.testcase.RegressionCase.pbxcore.BeforeTest"/>
  <testcase name="addTimeCondition1" time="41.759" classname="com.yeastar.swebtest.testcase.RegressionCase.pbxcore.TimeCondition"/>
  <testcase name="addTimeCondition2" time="25.33" classname="com.yeastar.swebtest.testcase.RegressionCase.pbxcore.TimeCondition"/>
  <testcase name="addTimeCondition3" time="25.708" classname="com.yeastar.swebtest.testcase.RegressionCase.pbxcore.TimeCondition"/>
  <testcase name="addTimeCondition4" time="58.327" classname="com.yeastar.swebtest.testcase.RegressionCase.pbxcore.TimeCondition"/>
  <testcase name="A_addHoliday1" time="39.482" classname="com.yeastar.swebtest.testcase.RegressionCase.pbxcore.Holiday"/>
  <testcase name="B_editHoliday" time="17.043" classname="com.yeastar.swebtest.testcase.RegressionCase.pbxcore.Holiday"/>
  <testcase name="C_deleteHoliday" time="45.774" classname="com.yeastar.swebtest.testcase.RegressionCase.pbxcore.Holiday"/>
  <testcase name="A_callfrom1_sip" time="36.378" classname="com.yeastar.swebtest.testcase.RegressionCase.pbxcore.Inbound"/>
  <testcase name="A_callfrom2_iax" time="33.382" classname="com.yeastar.swebtest.testcase.RegressionCase.pbxcore.Inbound"/>
  <testcase name="A_callfrom3_sps" time="33.224" classname="com.yeastar.swebtest.testcase.RegressionCase.pbxcore.Inbound"/>
  <testcase name="A_callfrom4_spx" time="33.494" classname="com.yeastar.swebtest.testcase.RegressionCase.pbxcore.Inbound"/>
  <testcase name="A_callfrom5_fxo" time="30.197" classname="com.yeastar.swebtest.testcase.RegressionCase.pbxcore.Inbound">
    <failure type="java.lang.AssertionError" message="CDR目的中继检测 【预期：  实际：FXO2-3】">
      <![CDATA[java.lang.AssertionError: CDR目的中继检测 【预期：  实际：FXO2-3】
	at com.yeastar.swebtest.tools.ysassert.YsAssert.fail(YsAssert.java:1086)
	at com.yeastar.swebtest.tools.ysassert.YsAssert.failNotEquals(YsAssert.java:579)
	at com.yeastar.swebtest.tools.ysassert.YsAssert.assertEqualsImpl(YsAssert.java:142)
	at com.yeastar.swebtest.tools.ysassert.YsAssert.assertEquals(YsAssert.java:116)
	at com.yeastar.swebtest.tools.ysassert.YsAssert.assertEquals(YsAssert.java:199)
	at com.yeastar.swebtest.driver.YSMethod.YS_Extension.checkCDR(YS_Extension.java:257)
	at com.yeastar.swebtest.driver.YSMethod.YS_Extension.checkCDR(YS_Extension.java:242)
	at com.yeastar.swebtest.testcase.RegressionCase.pbxcore.Inbound.A_callfrom5_fxo(Inbound.java:88)
... Removed 27 stack frames]]>
    </failure>
  </testcase> <!-- A_callfrom5_fxo -->
  <testcase name="A_callfrom6_bri" time="30.114" classname="com.yeastar.swebtest.testcase.RegressionCase.pbxcore.Inbound">
    <failure type="java.lang.AssertionError" message="CDR目的中继检测 【预期：  实际：BRI2-1】">
      <![CDATA[java.lang.AssertionError: CDR目的中继检测 【预期：  实际：BRI2-1】
	at com.yeastar.swebtest.tools.ysassert.YsAssert.fail(YsAssert.java:1086)
	at com.yeastar.swebtest.tools.ysassert.YsAssert.failNotEquals(YsAssert.java:579)
	at com.yeastar.swebtest.tools.ysassert.YsAssert.assertEqualsImpl(YsAssert.java:142)
	at com.yeastar.swebtest.tools.ysassert.YsAssert.assertEquals(YsAssert.java:116)
	at com.yeastar.swebtest.tools.ysassert.YsAssert.assertEquals(YsAssert.java:199)
	at com.yeastar.swebtest.driver.YSMethod.YS_Extension.checkCDR(YS_Extension.java:257)
	at com.yeastar.swebtest.driver.YSMethod.YS_Extension.checkCDR(YS_Extension.java:242)
	at com.yeastar.swebtest.testcase.RegressionCase.pbxcore.Inbound.A_callfrom6_bri(Inbound.java:99)
... Removed 27 stack frames]]>
    </failure>
  </testcase> <!-- A_callfrom6_bri -->
  <testcase name="A_callfrom7_e1" time="30.164" classname="com.yeastar.swebtest.testcase.RegressionCase.pbxcore.Inbound">
    <failure type="java.lang.AssertionError" message="CDR目的中继检测 【预期：  实际：DIGIT1】">
      <![CDATA[java.lang.AssertionError: CDR目的中继检测 【预期：  实际：DIGIT1】
	at com.yeastar.swebtest.tools.ysassert.YsAssert.fail(YsAssert.java:1086)
	at com.yeastar.swebtest.tools.ysassert.YsAssert.failNotEquals(YsAssert.java:579)
	at com.yeastar.swebtest.tools.ysassert.YsAssert.assertEqualsImpl(YsAssert.java:142)
	at com.yeastar.swebtest.tools.ysassert.YsAssert.assertEquals(YsAssert.java:116)
	at com.yeastar.swebtest.tools.ysassert.YsAssert.assertEquals(YsAssert.java:199)
	at com.yeastar.swebtest.driver.YSMethod.YS_Extension.checkCDR(YS_Extension.java:257)
	at com.yeastar.swebtest.driver.YSMethod.YS_Extension.checkCDR(YS_Extension.java:242)
	at com.yeastar.swebtest.testcase.RegressionCase.pbxcore.Inbound.A_callfrom7_e1(Inbound.java:111)
... Removed 27 stack frames]]>
    </failure>
  </testcase> <!-- A_callfrom7_e1 -->
  <testcase name="A_callfrom8_gsm" time="29.113" classname="com.yeastar.swebtest.testcase.RegressionCase.pbxcore.Inbound">
    <failure type="java.lang.AssertionError" message="CDR呼叫方检测 【预期：18506938857 实际：18506938857 [18506938857]】">
      <![CDATA[java.lang.AssertionError: CDR呼叫方检测 【预期：18506938857 实际：18506938857 [18506938857]】
	at com.yeastar.swebtest.tools.ysassert.YsAssert.fail(YsAssert.java:1086)
	at com.yeastar.swebtest.tools.ysassert.YsAssert.failNotEquals(YsAssert.java:579)
	at com.yeastar.swebtest.tools.ysassert.YsAssert.assertEqualsImpl(YsAssert.java:142)
	at com.yeastar.swebtest.tools.ysassert.YsAssert.assertEquals(YsAssert.java:116)
	at com.yeastar.swebtest.tools.ysassert.YsAssert.assertEquals(YsAssert.java:199)
	at com.yeastar.swebtest.driver.YSMethod.YS_Extension.checkCDR(YS_Extension.java:250)
	at com.yeastar.swebtest.driver.YSMethod.YS_Extension.checkCDR(YS_Extension.java:242)
	at com.yeastar.swebtest.testcase.RegressionCase.pbxcore.Inbound.A_callfrom8_gsm(Inbound.java:122)
... Removed 27 stack frames]]>
    </failure>
  </testcase> <!-- A_callfrom8_gsm -->
  <testcase name="B_did1_sps" time="98.17" classname="com.yeastar.swebtest.testcase.RegressionCase.pbxcore.Inbound"/>
  <testcase name="C_callerid" time="64.193" classname="com.yeastar.swebtest.testcase.RegressionCase.pbxcore.Inbound">
    <failure type="java.lang.AssertionError" message="CDR呼叫方检测 【预期：2002 [2002] 实际：2001 [2001]】">
      <![CDATA[java.lang.AssertionError: CDR呼叫方检测 【预期：2002 [2002] 实际：2001 [2001]】
	at com.yeastar.swebtest.tools.ysassert.YsAssert.fail(YsAssert.java:1086)
	at com.yeastar.swebtest.tools.ysassert.YsAssert.failNotEquals(YsAssert.java:579)
	at com.yeastar.swebtest.tools.ysassert.YsAssert.assertEqualsImpl(YsAssert.java:142)
	at com.yeastar.swebtest.tools.ysassert.YsAssert.assertEquals(YsAssert.java:116)
	at com.yeastar.swebtest.tools.ysassert.YsAssert.assertEquals(YsAssert.java:199)
	at com.yeastar.swebtest.driver.YSMethod.YS_Extension.checkCDR(YS_Extension.java:250)
	at com.yeastar.swebtest.driver.YSMethod.YS_Extension.checkCDR(YS_Extension.java:242)
	at com.yeastar.swebtest.testcase.RegressionCase.pbxcore.Inbound.C_callerid(Inbound.java:178)
... Removed 27 stack frames]]>
    </failure>
  </testcase> <!-- C_callerid -->
  <testcase name="F_timecondition1" time="9.975" classname="com.yeastar.swebtest.testcase.RegressionCase.pbxcore.Inbound"/>
  <testcase name="F_timecondition2" time="73.826" classname="com.yeastar.swebtest.testcase.RegressionCase.pbxcore.Inbound"/>
  <testcase name="F_timecondition3" time="61.56" classname="com.yeastar.swebtest.testcase.RegressionCase.pbxcore.Inbound">
    <failure type="java.lang.AssertionError" message="CDR呼叫方检测 【预期：3001 [3001] 实际：Unknown】">
      <![CDATA[java.lang.AssertionError: CDR呼叫方检测 【预期：3001 [3001] 实际：Unknown】
	at com.yeastar.swebtest.tools.ysassert.YsAssert.fail(YsAssert.java:1086)
	at com.yeastar.swebtest.tools.ysassert.YsAssert.failNotEquals(YsAssert.java:579)
	at com.yeastar.swebtest.tools.ysassert.YsAssert.assertEqualsImpl(YsAssert.java:142)
	at com.yeastar.swebtest.tools.ysassert.YsAssert.assertEquals(YsAssert.java:116)
	at com.yeastar.swebtest.tools.ysassert.YsAssert.assertEquals(YsAssert.java:199)
	at com.yeastar.swebtest.driver.YSMethod.YS_Extension.checkCDR(YS_Extension.java:250)
	at com.yeastar.swebtest.driver.YSMethod.YS_Extension.checkCDR(YS_Extension.java:242)
	at com.yeastar.swebtest.testcase.RegressionCase.pbxcore.Inbound.F_timecondition3(Inbound.java:249)
... Removed 27 stack frames]]>
    </failure>
  </testcase> <!-- F_timecondition3 -->
  <testcase name="F_timecondition4" time="56.437" classname="com.yeastar.swebtest.testcase.RegressionCase.pbxcore.Inbound"/>
  <testcase name="F_timecondition5" time="58.545" classname="com.yeastar.swebtest.testcase.RegressionCase.pbxcore.Inbound"/>
  <testcase name="G_delete1" time="81.295" classname="com.yeastar.swebtest.testcase.RegressionCase.pbxcore.Inbound"/>
  <testcase name="A_out1_sip" time="36.209" classname="com.yeastar.swebtest.testcase.RegressionCase.pbxcore.Outbound"/>
  <testcase name="A_out2_iax" time="41.1" classname="com.yeastar.swebtest.testcase.RegressionCase.pbxcore.Outbound"/>
  <testcase name="A_out3_sps" time="38.49" classname="com.yeastar.swebtest.testcase.RegressionCase.pbxcore.Outbound"/>
  <testcase name="A_out4_sps" time="41.186" classname="com.yeastar.swebtest.testcase.RegressionCase.pbxcore.Outbound"/>
  <testcase name="A_out5_fxo" time="33.792" classname="com.yeastar.swebtest.testcase.RegressionCase.pbxcore.Outbound">
    <failure type="java.lang.AssertionError" message="CDR源中继检测 【预期：  实际：FXO2-3】">
      <![CDATA[java.lang.AssertionError: CDR源中继检测 【预期：  实际：FXO2-3】
	at com.yeastar.swebtest.tools.ysassert.YsAssert.fail(YsAssert.java:1086)
	at com.yeastar.swebtest.tools.ysassert.YsAssert.failNotEquals(YsAssert.java:579)
	at com.yeastar.swebtest.tools.ysassert.YsAssert.assertEqualsImpl(YsAssert.java:142)
	at com.yeastar.swebtest.tools.ysassert.YsAssert.assertEquals(YsAssert.java:116)
	at com.yeastar.swebtest.tools.ysassert.YsAssert.assertEquals(YsAssert.java:199)
	at com.yeastar.swebtest.driver.YSMethod.YS_Extension.checkCDR(YS_Extension.java:254)
	at com.yeastar.swebtest.driver.YSMethod.YS_Extension.checkCDR(YS_Extension.java:242)
	at com.yeastar.swebtest.testcase.RegressionCase.pbxcore.Outbound.A_out5_fxo(Outbound.java:89)
... Removed 27 stack frames]]>
    </failure>
  </testcase> <!-- A_out5_fxo -->
  <testcase name="A_out6_bri" time="33.729" classname="com.yeastar.swebtest.testcase.RegressionCase.pbxcore.Outbound">
    <failure type="java.lang.AssertionError" message="CDR源中继检测 【预期：  实际：BRI2-1】">
      <![CDATA[java.lang.AssertionError: CDR源中继检测 【预期：  实际：BRI2-1】
	at com.yeastar.swebtest.tools.ysassert.YsAssert.fail(YsAssert.java:1086)
	at com.yeastar.swebtest.tools.ysassert.YsAssert.failNotEquals(YsAssert.java:579)
	at com.yeastar.swebtest.tools.ysassert.YsAssert.assertEqualsImpl(YsAssert.java:142)
	at com.yeastar.swebtest.tools.ysassert.YsAssert.assertEquals(YsAssert.java:116)
	at com.yeastar.swebtest.tools.ysassert.YsAssert.assertEquals(YsAssert.java:199)
	at com.yeastar.swebtest.driver.YSMethod.YS_Extension.checkCDR(YS_Extension.java:254)
	at com.yeastar.swebtest.driver.YSMethod.YS_Extension.checkCDR(YS_Extension.java:242)
	at com.yeastar.swebtest.testcase.RegressionCase.pbxcore.Outbound.A_out6_bri(Outbound.java:100)
... Removed 27 stack frames]]>
    </failure>
  </testcase> <!-- A_out6_bri -->
  <testcase name="A_out7_E1" time="34.367" classname="com.yeastar.swebtest.testcase.RegressionCase.pbxcore.Outbound">
    <failure type="java.lang.AssertionError" message="CDR源中继检测 【预期：  实际：DIGIT1】">
      <![CDATA[java.lang.AssertionError: CDR源中继检测 【预期：  实际：DIGIT1】
	at com.yeastar.swebtest.tools.ysassert.YsAssert.fail(YsAssert.java:1086)
	at com.yeastar.swebtest.tools.ysassert.YsAssert.failNotEquals(YsAssert.java:579)
	at com.yeastar.swebtest.tools.ysassert.YsAssert.assertEqualsImpl(YsAssert.java:142)
	at com.yeastar.swebtest.tools.ysassert.YsAssert.assertEquals(YsAssert.java:116)
	at com.yeastar.swebtest.tools.ysassert.YsAssert.assertEquals(YsAssert.java:199)
	at com.yeastar.swebtest.driver.YSMethod.YS_Extension.checkCDR(YS_Extension.java:254)
	at com.yeastar.swebtest.driver.YSMethod.YS_Extension.checkCDR(YS_Extension.java:242)
	at com.yeastar.swebtest.testcase.RegressionCase.pbxcore.Outbound.A_out7_E1(Outbound.java:111)
... Removed 27 stack frames]]>
    </failure>
  </testcase> <!-- A_out7_E1 -->
  <testcase name="A_out8_gsm" time="41.081" classname="com.yeastar.swebtest.testcase.RegressionCase.pbxcore.Outbound">
    <failure type="java.lang.AssertionError" message="CDR源中继检测 【预期：  实际：UMTS3-3】">
      <![CDATA[java.lang.AssertionError: CDR源中继检测 【预期：  实际：UMTS3-3】
	at com.yeastar.swebtest.tools.ysassert.YsAssert.fail(YsAssert.java:1086)
	at com.yeastar.swebtest.tools.ysassert.YsAssert.failNotEquals(YsAssert.java:579)
	at com.yeastar.swebtest.tools.ysassert.YsAssert.assertEqualsImpl(YsAssert.java:142)
	at com.yeastar.swebtest.tools.ysassert.YsAssert.assertEquals(YsAssert.java:116)
	at com.yeastar.swebtest.tools.ysassert.YsAssert.assertEquals(YsAssert.java:199)
	at com.yeastar.swebtest.driver.YSMethod.YS_Extension.checkCDR(YS_Extension.java:254)
	at com.yeastar.swebtest.driver.YSMethod.YS_Extension.checkCDR(YS_Extension.java:242)
	at com.yeastar.swebtest.testcase.RegressionCase.pbxcore.Outbound.A_out8_gsm(Outbound.java:122)
... Removed 27 stack frames]]>
    </failure>
  </testcase> <!-- A_out8_gsm -->
  <testcase name="B_Prepend" time="63.833" classname="com.yeastar.swebtest.testcase.RegressionCase.pbxcore.Outbound"/>
  <testcase name="C_password" time="108.659" classname="com.yeastar.swebtest.testcase.RegressionCase.pbxcore.Outbound"/>
  <testcase name="D_rrmemory_hunt" time="163.392" classname="com.yeastar.swebtest.testcase.RegressionCase.pbxcore.Outbound"/>
  <testcase name="E_timecondition" time="65.613" classname="com.yeastar.swebtest.testcase.RegressionCase.pbxcore.Outbound">
    <failure type="java.lang.AssertionError" message="CDR被叫方检测 【预期：9299999 实际：933333】">
      <![CDATA[java.lang.AssertionError: CDR被叫方检测 【预期：9299999 实际：933333】
	at com.yeastar.swebtest.tools.ysassert.YsAssert.fail(YsAssert.java:1086)
	at com.yeastar.swebtest.tools.ysassert.YsAssert.failNotEquals(YsAssert.java:579)
	at com.yeastar.swebtest.tools.ysassert.YsAssert.assertEqualsImpl(YsAssert.java:142)
	at com.yeastar.swebtest.tools.ysassert.YsAssert.assertEquals(YsAssert.java:116)
	at com.yeastar.swebtest.tools.ysassert.YsAssert.assertEquals(YsAssert.java:199)
	at com.yeastar.swebtest.driver.YSMethod.YS_Extension.checkCDR(YS_Extension.java:251)
	at com.yeastar.swebtest.driver.YSMethod.YS_Extension.checkCDR(YS_Extension.java:242)
	at com.yeastar.swebtest.testcase.RegressionCase.pbxcore.Outbound.E_timecondition(Outbound.java:248)
... Removed 27 stack frames]]>
    </failure>
  </testcase> <!-- E_timecondition -->
  <testcase name="F_delete" time="87.877" classname="com.yeastar.swebtest.testcase.RegressionCase.pbxcore.Outbound"/>
  <testcase name="A_add_1" time="249.118" classname="com.yeastar.swebtest.testcase.RegressionCase.pbxcore.OutboundRestriction">
    <failure type="java.lang.AssertionError" message="CDR_Status检测 【预期：Failed 实际：Answered】">
      <![CDATA[java.lang.AssertionError: CDR_Status检测 【预期：Failed 实际：Answered】
	at com.yeastar.swebtest.tools.ysassert.YsAssert.fail(YsAssert.java:1086)
	at com.yeastar.swebtest.tools.ysassert.YsAssert.failNotEquals(YsAssert.java:579)
	at com.yeastar.swebtest.tools.ysassert.YsAssert.assertEqualsImpl(YsAssert.java:142)
	at com.yeastar.swebtest.tools.ysassert.YsAssert.assertEquals(YsAssert.java:116)
	at com.yeastar.swebtest.tools.ysassert.YsAssert.assertEquals(YsAssert.java:199)
	at com.yeastar.swebtest.driver.YSMethod.YS_Extension.checkCDR(YS_Extension.java:252)
	at com.yeastar.swebtest.driver.YSMethod.YS_Extension.checkCDR(YS_Extension.java:242)
	at com.yeastar.swebtest.testcase.RegressionCase.pbxcore.OutboundRestriction.A_add_1(OutboundRestriction.java:67)
... Removed 27 stack frames]]>
    </failure>
  </testcase> <!-- A_add_1 -->
  <testcase name="A_add_2" time="23.789" classname="com.yeastar.swebtest.testcase.RegressionCase.pbxcore.OutboundRestriction"/>
  <testcase name="A_add_3" time="33.157" classname="com.yeastar.swebtest.testcase.RegressionCase.pbxcore.OutboundRestriction"/>
  <testcase name="B_add_1" time="186.38" classname="com.yeastar.swebtest.testcase.RegressionCase.pbxcore.OutboundRestriction">
    <failure type="java.lang.AssertionError" message="CDR_Status检测 【预期：Failed 实际：Answered】">
      <![CDATA[java.lang.AssertionError: CDR_Status检测 【预期：Failed 实际：Answered】
	at com.yeastar.swebtest.tools.ysassert.YsAssert.fail(YsAssert.java:1086)
	at com.yeastar.swebtest.tools.ysassert.YsAssert.failNotEquals(YsAssert.java:579)
	at com.yeastar.swebtest.tools.ysassert.YsAssert.assertEqualsImpl(YsAssert.java:142)
	at com.yeastar.swebtest.tools.ysassert.YsAssert.assertEquals(YsAssert.java:116)
	at com.yeastar.swebtest.tools.ysassert.YsAssert.assertEquals(YsAssert.java:199)
	at com.yeastar.swebtest.driver.YSMethod.YS_Extension.checkCDR(YS_Extension.java:252)
	at com.yeastar.swebtest.driver.YSMethod.YS_Extension.checkCDR(YS_Extension.java:242)
	at com.yeastar.swebtest.testcase.RegressionCase.pbxcore.OutboundRestriction.B_add_1(OutboundRestriction.java:133)
... Removed 27 stack frames]]>
    </failure>
  </testcase> <!-- B_add_1 -->
  <testcase name="B_add_2" time="29.361" classname="com.yeastar.swebtest.testcase.RegressionCase.pbxcore.OutboundRestriction"/>
  <testcase name="B_add_3" time="33.183" classname="com.yeastar.swebtest.testcase.RegressionCase.pbxcore.OutboundRestriction"/>
  <testcase name="C_delete" time="60.793" classname="com.yeastar.swebtest.testcase.RegressionCase.pbxcore.OutboundRestriction"/>
  <testcase name="A_clip_default" time="27.464" classname="com.yeastar.swebtest.testcase.RegressionCase.pbxcore.AutoCLIP">
    <failure type="com.codeborne.selenide.ex.ElementShould" message="Element should be visible {By.xpath: .//div[starts-with(@id,&amp;apos;messagebox-&amp;apos;)]//span[text()=&amp;apos;Yes&amp;apos;]}
Element: &amp;apos;&amp;lt;span class=&amp;quot;x-btn-inner x-btn-inner-default-small&amp;quot; data-ref=&amp;quot;btnInnerEl&amp;quot; id=&amp;quot;button-1006-btnInnerEl&amp;quot; unselectable=&amp;quot;on&amp;quot; displayed:false&amp;gt;&amp;lt;/span&amp;gt;&amp;apos;">
      <![CDATA[Element should be visible {By.xpath: .//div[starts-with(@id,'messagebox-')]//span[text()='Yes']}
Element: '<span class="x-btn-inner x-btn-inner-default-small" data-ref="btnInnerEl" id="button-1006-btnInnerEl" unselectable="on" displayed:false></span>'
Screenshot: file:/E:/SwebTest/build/reports/tests/1508767345176.0.png
Timeout: 10 s.
	at com.codeborne.selenide.impl.WebElementSource.checkCondition(WebElementSource.java:66)
	at com.codeborne.selenide.impl.WebElementSource.findAndAssertElementIsVisible(WebElementSource.java:72)
	at com.codeborne.selenide.commands.Click.execute(Click.java:14)
	at com.codeborne.selenide.commands.Click.execute(Click.java:11)
	at com.codeborne.selenide.commands.Commands.execute(Commands.java:140)
	at com.codeborne.selenide.impl.SelenideElementProxy.dispatchAndRetry(SelenideElementProxy.java:86)
	at com.codeborne.selenide.impl.SelenideElementProxy.invoke(SelenideElementProxy.java:62)
	at com.sun.proxy.$Proxy4.click(Unknown Source)
	at com.yeastar.swebtest.testcase.RegressionCase.pbxcore.AutoCLIP.A_clip_default(AutoCLIP.java:58)
... Removed 27 stack frames]]>
    </failure>
  </testcase> <!-- A_clip_default -->
  <testcase name="B_deleteUsedRecords" time="10.465" classname="com.yeastar.swebtest.testcase.RegressionCase.pbxcore.AutoCLIP">
    <failure type="com.codeborne.selenide.ex.ElementNotFound" message="Element not found {By.xpath: .//*[@src=&amp;apos;images/taskbar-main.png&amp;apos;]}
Expected: exist">
      <![CDATA[Element not found {By.xpath: .//*[@src='images/taskbar-main.png']}
Expected: exist
Screenshot: file:/E:/SwebTest/build/reports/tests/1508767355693.1.png
Timeout: 10 s.
Caused by: WebDriverException: unknown error: Element <img src="images/taskbar-main.png" width="100%" height="100%" id="ext-element-8"> is not clickable at point (55, 23). Other element would receive the click: <div role="presentation" class="x-mask x-border-box" style="height: 768px; width: 1424px; z-index: 28996; right: auto; left: 0px; top: 0px;" id="ext-element-82"></div>
	at com.codeborne.selenide.impl.WebElementSource.createElementNotFoundError(WebElementSource.java:31)
	at com.codeborne.selenide.impl.ElementFinder.createElementNotFoundError(ElementFinder.java:82)
	at com.codeborne.selenide.impl.SelenideElementProxy.dispatchAndRetry(SelenideElementProxy.java:115)
	at com.codeborne.selenide.impl.SelenideElementProxy.invoke(SelenideElementProxy.java:62)
	at com.sun.proxy.$Proxy4.click(Unknown Source)
	at com.yeastar.swebtest.testcase.RegressionCase.pbxcore.AutoCLIP.B_deleteUsedRecords(AutoCLIP.java:108)
Caused by: org.openqa.selenium.WebDriverException: unknown error: Element <img src="images/taskbar-main.png" width="100%" height="100%" id="ext-element-8"> is not clickable at point (55, 23). Other element would receive the click: <div role="presentation" class="x-mask x-border-box" style="height: 768px; width: 1424px; z-index: 28996; right: auto; left: 0px; top: 0px;" id="ext-element-82"></div>
  (Session info: chrome=61.0.3163.100)
  (Driver info: chromedriver=2.29.461591 (62ebf098771772160f391d75e589dc567915b233),platform=Windows NT 6.1.7601 SP1 x86_64) (WARNING: The server did not provide any stacktrace information)
Command duration or timeout: 31 milliseconds
Build info: version: '2.53.1', revision: 'a36b8b1cd5757287168e54b817830adce9b0158d', time: '2016-06-30 19:26:09'
System info: host: 'AutoTest-PC', ip: '192.168.3.21', os.name: 'Windows 7', os.arch: 'x86', os.version: '6.1', java.version: '1.8.0_121'
Driver info: org.openqa.selenium.chrome.ChromeDriver
Capabilities [{applicationCacheEnabled=false, rotatable=false, mobileEmulationEnabled=false, networkConnectionEnabled=false, chrome={chromedriverVersion=2.29.461591 (62ebf098771772160f391d75e589dc567915b233), userDataDir=C:\Users\AutoTest\AppData\Local\Temp\scoped_dir97824_9070}, takesHeapSnapshot=true, pageLoadStrategy=normal, databaseEnabled=false, handlesAlerts=true, hasTouchScreen=false, version=61.0.3163.100, platform=XP, browserConnectionEnabled=false, nativeEvents=true, acceptSslCerts=true, locationContextEnabled=true, webStorageEnabled=true, browserName=chrome, takesScreenshot=true, javascriptEnabled=true, cssSelectorsEnabled=true, unexpectedAlertBehaviour=}]
Session ID: b8bde1a632c9a5499aaedcbc02cf7ad7
	at org.openqa.selenium.remote.ErrorHandler.createThrowable(ErrorHandler.java:206)
	at org.openqa.selenium.remote.ErrorHandler.throwIfResponseFailed(ErrorHandler.java:158)
	at org.openqa.selenium.remote.RemoteWebDriver.execute(RemoteWebDriver.java:678)
	at org.openqa.selenium.remote.RemoteWebElement.execute(RemoteWebElement.java:327)
	at org.openqa.selenium.remote.RemoteWebElement.click(RemoteWebElement.java:85)
	at com.codeborne.selenide.commands.Click.click(Click.java:22)
	at com.codeborne.selenide.commands.Click.execute(Click.java:14)
	at com.codeborne.selenide.commands.Click.execute(Click.java:11)
	at com.codeborne.selenide.commands.Commands.execute(Commands.java:140)
	at com.codeborne.selenide.impl.SelenideElementProxy.dispatchAndRetry(SelenideElementProxy.java:86)
	... 30 more
... Removed 30 stack frames]]>
    </failure>
  </testcase> <!-- B_deleteUsedRecords -->
  <testcase name="C_OnlyKeepMissedCallRecords" time="10.573" classname="com.yeastar.swebtest.testcase.RegressionCase.pbxcore.AutoCLIP">
    <failure type="com.codeborne.selenide.ex.ElementNotFound" message="Element not found {By.xpath: .//*[@src=&amp;apos;images/taskbar-main.png&amp;apos;]}
Expected: exist">
      <![CDATA[Element not found {By.xpath: .//*[@src='images/taskbar-main.png']}
Expected: exist
Screenshot: file:/E:/SwebTest/build/reports/tests/1508767366297.2.png
Timeout: 10 s.
Caused by: WebDriverException: unknown error: Element <img src="images/taskbar-main.png" width="100%" height="100%" id="ext-element-8"> is not clickable at point (55, 23). Other element would receive the click: <div role="presentation" class="x-mask x-border-box" style="height: 768px; width: 1424px; z-index: 28996; right: auto; left: 0px; top: 0px;" id="ext-element-82"></div>
	at com.codeborne.selenide.impl.WebElementSource.createElementNotFoundError(WebElementSource.java:31)
	at com.codeborne.selenide.impl.ElementFinder.createElementNotFoundError(ElementFinder.java:82)
	at com.codeborne.selenide.impl.SelenideElementProxy.dispatchAndRetry(SelenideElementProxy.java:115)
	at com.codeborne.selenide.impl.SelenideElementProxy.invoke(SelenideElementProxy.java:62)
	at com.sun.proxy.$Proxy4.click(Unknown Source)
	at com.yeastar.swebtest.testcase.RegressionCase.pbxcore.AutoCLIP.C_OnlyKeepMissedCallRecords(AutoCLIP.java:146)
Caused by: org.openqa.selenium.WebDriverException: unknown error: Element <img src="images/taskbar-main.png" width="100%" height="100%" id="ext-element-8"> is not clickable at point (55, 23). Other element would receive the click: <div role="presentation" class="x-mask x-border-box" style="height: 768px; width: 1424px; z-index: 28996; right: auto; left: 0px; top: 0px;" id="ext-element-82"></div>
  (Session info: chrome=61.0.3163.100)
  (Driver info: chromedriver=2.29.461591 (62ebf098771772160f391d75e589dc567915b233),platform=Windows NT 6.1.7601 SP1 x86_64) (WARNING: The server did not provide any stacktrace information)
Command duration or timeout: 15 milliseconds
Build info: version: '2.53.1', revision: 'a36b8b1cd5757287168e54b817830adce9b0158d', time: '2016-06-30 19:26:09'
System info: host: 'AutoTest-PC', ip: '192.168.3.21', os.name: 'Windows 7', os.arch: 'x86', os.version: '6.1', java.version: '1.8.0_121'
Driver info: org.openqa.selenium.chrome.ChromeDriver
Capabilities [{applicationCacheEnabled=false, rotatable=false, mobileEmulationEnabled=false, networkConnectionEnabled=false, chrome={chromedriverVersion=2.29.461591 (62ebf098771772160f391d75e589dc567915b233), userDataDir=C:\Users\AutoTest\AppData\Local\Temp\scoped_dir97824_9070}, takesHeapSnapshot=true, pageLoadStrategy=normal, databaseEnabled=false, handlesAlerts=true, hasTouchScreen=false, version=61.0.3163.100, platform=XP, browserConnectionEnabled=false, nativeEvents=true, acceptSslCerts=true, locationContextEnabled=true, webStorageEnabled=true, browserName=chrome, takesScreenshot=true, javascriptEnabled=true, cssSelectorsEnabled=true, unexpectedAlertBehaviour=}]
Session ID: b8bde1a632c9a5499aaedcbc02cf7ad7
	at org.openqa.selenium.remote.ErrorHandler.createThrowable(ErrorHandler.java:206)
	at org.openqa.selenium.remote.ErrorHandler.throwIfResponseFailed(ErrorHandler.java:158)
	at org.openqa.selenium.remote.RemoteWebDriver.execute(RemoteWebDriver.java:678)
	at org.openqa.selenium.remote.RemoteWebElement.execute(RemoteWebElement.java:327)
	at org.openqa.selenium.remote.RemoteWebElement.click(RemoteWebElement.java:85)
	at com.codeborne.selenide.commands.Click.click(Click.java:22)
	at com.codeborne.selenide.commands.Click.execute(Click.java:14)
	at com.codeborne.selenide.commands.Click.execute(Click.java:11)
	at com.codeborne.selenide.commands.Commands.execute(Commands.java:140)
	at com.codeborne.selenide.impl.SelenideElementProxy.dispatchAndRetry(SelenideElementProxy.java:86)
	... 30 more
... Removed 30 stack frames]]>
    </failure>
  </testcase> <!-- C_OnlyKeepMissedCallRecords -->
  <testcase name="D_MatchOutgoingTrunk" time="10.543" classname="com.yeastar.swebtest.testcase.RegressionCase.pbxcore.AutoCLIP">
    <failure type="com.codeborne.selenide.ex.ElementNotFound" message="Element not found {By.xpath: .//*[@src=&amp;apos;images/taskbar-main.png&amp;apos;]}
Expected: exist">
      <![CDATA[Element not found {By.xpath: .//*[@src='images/taskbar-main.png']}
Expected: exist
Screenshot: file:/E:/SwebTest/build/reports/tests/1508767376808.3.png
Timeout: 10 s.
Caused by: WebDriverException: unknown error: Element <img src="images/taskbar-main.png" width="100%" height="100%" id="ext-element-8"> is not clickable at point (55, 23). Other element would receive the click: <div role="presentation" class="x-mask x-border-box" style="height: 768px; width: 1424px; z-index: 28996; right: auto; left: 0px; top: 0px;" id="ext-element-82"></div>
	at com.codeborne.selenide.impl.WebElementSource.createElementNotFoundError(WebElementSource.java:31)
	at com.codeborne.selenide.impl.ElementFinder.createElementNotFoundError(ElementFinder.java:82)
	at com.codeborne.selenide.impl.SelenideElementProxy.dispatchAndRetry(SelenideElementProxy.java:115)
	at com.codeborne.selenide.impl.SelenideElementProxy.invoke(SelenideElementProxy.java:62)
	at com.sun.proxy.$Proxy4.click(Unknown Source)
	at com.yeastar.swebtest.testcase.RegressionCase.pbxcore.AutoCLIP.D_MatchOutgoingTrunk(AutoCLIP.java:194)
Caused by: org.openqa.selenium.WebDriverException: unknown error: Element <img src="images/taskbar-main.png" width="100%" height="100%" id="ext-element-8"> is not clickable at point (55, 23). Other element would receive the click: <div role="presentation" class="x-mask x-border-box" style="height: 768px; width: 1424px; z-index: 28996; right: auto; left: 0px; top: 0px;" id="ext-element-82"></div>
  (Session info: chrome=61.0.3163.100)
  (Driver info: chromedriver=2.29.461591 (62ebf098771772160f391d75e589dc567915b233),platform=Windows NT 6.1.7601 SP1 x86_64) (WARNING: The server did not provide any stacktrace information)
Command duration or timeout: 15 milliseconds
Build info: version: '2.53.1', revision: 'a36b8b1cd5757287168e54b817830adce9b0158d', time: '2016-06-30 19:26:09'
System info: host: 'AutoTest-PC', ip: '192.168.3.21', os.name: 'Windows 7', os.arch: 'x86', os.version: '6.1', java.version: '1.8.0_121'
Driver info: org.openqa.selenium.chrome.ChromeDriver
Capabilities [{applicationCacheEnabled=false, rotatable=false, mobileEmulationEnabled=false, networkConnectionEnabled=false, chrome={chromedriverVersion=2.29.461591 (62ebf098771772160f391d75e589dc567915b233), userDataDir=C:\Users\AutoTest\AppData\Local\Temp\scoped_dir97824_9070}, takesHeapSnapshot=true, pageLoadStrategy=normal, databaseEnabled=false, handlesAlerts=true, hasTouchScreen=false, version=61.0.3163.100, platform=XP, browserConnectionEnabled=false, nativeEvents=true, acceptSslCerts=true, locationContextEnabled=true, webStorageEnabled=true, browserName=chrome, takesScreenshot=true, javascriptEnabled=true, cssSelectorsEnabled=true, unexpectedAlertBehaviour=}]
Session ID: b8bde1a632c9a5499aaedcbc02cf7ad7
	at org.openqa.selenium.remote.ErrorHandler.createThrowable(ErrorHandler.java:206)
	at org.openqa.selenium.remote.ErrorHandler.throwIfResponseFailed(ErrorHandler.java:158)
	at org.openqa.selenium.remote.RemoteWebDriver.execute(RemoteWebDriver.java:678)
	at org.openqa.selenium.remote.RemoteWebElement.execute(RemoteWebElement.java:327)
	at org.openqa.selenium.remote.RemoteWebElement.click(RemoteWebElement.java:85)
	at com.codeborne.selenide.commands.Click.click(Click.java:22)
	at com.codeborne.selenide.commands.Click.execute(Click.java:14)
	at com.codeborne.selenide.commands.Click.execute(Click.java:11)
	at com.codeborne.selenide.commands.Commands.execute(Commands.java:140)
	at com.codeborne.selenide.impl.SelenideElementProxy.dispatchAndRetry(SelenideElementProxy.java:86)
	... 30 more
... Removed 30 stack frames]]>
    </failure>
  </testcase> <!-- D_MatchOutgoingTrunk -->
  <testcase name="E_Disable_AutoCLIP" time="10.584" classname="com.yeastar.swebtest.testcase.RegressionCase.pbxcore.AutoCLIP">
    <failure type="com.codeborne.selenide.ex.ElementNotFound" message="Element not found {By.xpath: .//*[@src=&amp;apos;images/taskbar-main.png&amp;apos;]}
Expected: exist">
      <![CDATA[Element not found {By.xpath: .//*[@src='images/taskbar-main.png']}
Expected: exist
Screenshot: file:/E:/SwebTest/build/reports/tests/1508767387377.4.png
Timeout: 10 s.
Caused by: WebDriverException: unknown error: Element <img src="images/taskbar-main.png" width="100%" height="100%" id="ext-element-8"> is not clickable at point (55, 23). Other element would receive the click: <div role="presentation" class="x-mask x-border-box" style="height: 768px; width: 1424px; z-index: 28996; right: auto; left: 0px; top: 0px;" id="ext-element-82"></div>
	at com.codeborne.selenide.impl.WebElementSource.createElementNotFoundError(WebElementSource.java:31)
	at com.codeborne.selenide.impl.ElementFinder.createElementNotFoundError(ElementFinder.java:82)
	at com.codeborne.selenide.impl.SelenideElementProxy.dispatchAndRetry(SelenideElementProxy.java:115)
	at com.codeborne.selenide.impl.SelenideElementProxy.invoke(SelenideElementProxy.java:62)
	at com.sun.proxy.$Proxy4.click(Unknown Source)
	at com.yeastar.swebtest.testcase.RegressionCase.pbxcore.AutoCLIP.E_Disable_AutoCLIP(AutoCLIP.java:229)
Caused by: org.openqa.selenium.WebDriverException: unknown error: Element <img src="images/taskbar-main.png" width="100%" height="100%" id="ext-element-8"> is not clickable at point (55, 23). Other element would receive the click: <div role="presentation" class="x-mask x-border-box" style="height: 768px; width: 1424px; z-index: 28996; right: auto; left: 0px; top: 0px;" id="ext-element-82"></div>
  (Session info: chrome=61.0.3163.100)
  (Driver info: chromedriver=2.29.461591 (62ebf098771772160f391d75e589dc567915b233),platform=Windows NT 6.1.7601 SP1 x86_64) (WARNING: The server did not provide any stacktrace information)
Command duration or timeout: 16 milliseconds
Build info: version: '2.53.1', revision: 'a36b8b1cd5757287168e54b817830adce9b0158d', time: '2016-06-30 19:26:09'
System info: host: 'AutoTest-PC', ip: '192.168.3.21', os.name: 'Windows 7', os.arch: 'x86', os.version: '6.1', java.version: '1.8.0_121'
Driver info: org.openqa.selenium.chrome.ChromeDriver
Capabilities [{applicationCacheEnabled=false, rotatable=false, mobileEmulationEnabled=false, networkConnectionEnabled=false, chrome={chromedriverVersion=2.29.461591 (62ebf098771772160f391d75e589dc567915b233), userDataDir=C:\Users\AutoTest\AppData\Local\Temp\scoped_dir97824_9070}, takesHeapSnapshot=true, pageLoadStrategy=normal, databaseEnabled=false, handlesAlerts=true, hasTouchScreen=false, version=61.0.3163.100, platform=XP, browserConnectionEnabled=false, nativeEvents=true, acceptSslCerts=true, locationContextEnabled=true, webStorageEnabled=true, browserName=chrome, takesScreenshot=true, javascriptEnabled=true, cssSelectorsEnabled=true, unexpectedAlertBehaviour=}]
Session ID: b8bde1a632c9a5499aaedcbc02cf7ad7
	at org.openqa.selenium.remote.ErrorHandler.createThrowable(ErrorHandler.java:206)
	at org.openqa.selenium.remote.ErrorHandler.throwIfResponseFailed(ErrorHandler.java:158)
	at org.openqa.selenium.remote.RemoteWebDriver.execute(RemoteWebDriver.java:678)
	at org.openqa.selenium.remote.RemoteWebElement.execute(RemoteWebElement.java:327)
	at org.openqa.selenium.remote.RemoteWebElement.click(RemoteWebElement.java:85)
	at com.codeborne.selenide.commands.Click.click(Click.java:22)
	at com.codeborne.selenide.commands.Click.execute(Click.java:14)
	at com.codeborne.selenide.commands.Click.execute(Click.java:11)
	at com.codeborne.selenide.commands.Commands.execute(Commands.java:140)
	at com.codeborne.selenide.impl.SelenideElementProxy.dispatchAndRetry(SelenideElementProxy.java:86)
	... 30 more
... Removed 30 stack frames]]>
    </failure>
  </testcase> <!-- E_Disable_AutoCLIP -->
  <testcase name="A_add_pickupgroup1" time="68.699" classname="com.yeastar.swebtest.testcase.RegressionCase.pbxcore.PickupGroup"/>
  <testcase name="A_add_pickupgroup2" time="32.478" classname="com.yeastar.swebtest.testcase.RegressionCase.pbxcore.PickupGroup"/>
  <testcase name="A_add_pickupgroup3" time="32.563" classname="com.yeastar.swebtest.testcase.RegressionCase.pbxcore.PickupGroup"/>
  <testcase name="B_add_pickupgroup2" time="56.216" classname="com.yeastar.swebtest.testcase.RegressionCase.pbxcore.PickupGroup"/>
  <testcase name="C_delete" time="56.021" classname="com.yeastar.swebtest.testcase.RegressionCase.pbxcore.PickupGroup"/>
  <testcase name="A_add_paging1" time="70.903" classname="com.yeastar.swebtest.testcase.RegressionCase.pbxcore.PagingIntercom"/>
  <testcase name="A_add_paging2" time="64.048" classname="com.yeastar.swebtest.testcase.RegressionCase.pbxcore.PagingIntercom">
    <failure type="java.lang.AssertionError" message="CDR被叫方检测 【预期：1100 [6301(1100)] 实际：1101 [6301(1101)]】">
      <![CDATA[java.lang.AssertionError: CDR被叫方检测 【预期：1100 [6301(1100)] 实际：1101 [6301(1101)]】
	at com.yeastar.swebtest.tools.ysassert.YsAssert.fail(YsAssert.java:1086)
	at com.yeastar.swebtest.tools.ysassert.YsAssert.failNotEquals(YsAssert.java:579)
	at com.yeastar.swebtest.tools.ysassert.YsAssert.assertEqualsImpl(YsAssert.java:142)
	at com.yeastar.swebtest.tools.ysassert.YsAssert.assertEquals(YsAssert.java:116)
	at com.yeastar.swebtest.tools.ysassert.YsAssert.assertEquals(YsAssert.java:199)
	at com.yeastar.swebtest.driver.YSMethod.YS_Extension.checkCDR(YS_Extension.java:251)
	at com.yeastar.swebtest.driver.YSMethod.YS_Extension.checkCDR(YS_Extension.java:242)
	at com.yeastar.swebtest.testcase.RegressionCase.pbxcore.PagingIntercom.A_add_paging2(PagingIntercom.java:109)
... Removed 27 stack frames]]>
    </failure>
  </testcase> <!-- A_add_paging2 -->
  <testcase name="B_intercom" time="37.966" classname="com.yeastar.swebtest.testcase.RegressionCase.pbxcore.PagingIntercom"/>
  <testcase name="C_delete" time="60.356" classname="com.yeastar.swebtest.testcase.RegressionCase.pbxcore.PagingIntercom"/>
  <testcase name="A_add_1" time="106.688" classname="com.yeastar.swebtest.testcase.RegressionCase.pbxcore.SpeedDial"/>
  <testcase name="A_add_2" time="33.559" classname="com.yeastar.swebtest.testcase.RegressionCase.pbxcore.SpeedDial"/>
  <testcase name="B_export" time="0.739" classname="com.yeastar.swebtest.testcase.RegressionCase.pbxcore.SpeedDial"/>
  <testcase name="C_delete" time="54.372" classname="com.yeastar.swebtest.testcase.RegressionCase.pbxcore.SpeedDial"/>
  <testcase name="D_import" time="10.963" classname="com.yeastar.swebtest.testcase.RegressionCase.pbxcore.SpeedDial"/>
  <testcase name="A_add_RingGroup1" time="58.602" classname="com.yeastar.swebtest.testcase.RegressionCase.pbxcore.RingGroup"/>
  <testcase name="B_edit_RingGroup1" time="77.422" classname="com.yeastar.swebtest.testcase.RegressionCase.pbxcore.RingGroup"/>
  <testcase name="C_add_RingGroup2" time="140.116" classname="com.yeastar.swebtest.testcase.RegressionCase.pbxcore.RingGroup"/>
  <testcase name="D_delete" time="57.554" classname="com.yeastar.swebtest.testcase.RegressionCase.pbxcore.RingGroup"/>
  <testcase name="A_record" time="46.91" classname="com.yeastar.swebtest.testcase.RegressionCase.pbxcore.CustomPrompts"/>
  <testcase name="B_play" time="52.692" classname="com.yeastar.swebtest.testcase.RegressionCase.pbxcore.CustomPrompts"/>
  <testcase name="C_reRecord" time="47.61" classname="com.yeastar.swebtest.testcase.RegressionCase.pbxcore.CustomPrompts"/>
  <testcase name="D_upload" time="12.128" classname="com.yeastar.swebtest.testcase.RegressionCase.pbxcore.CustomPrompts"/>
  <testcase name="A_add" time="65.459" classname="com.yeastar.swebtest.testcase.RegressionCase.pbxcore.IVR"/>
  <testcase name="B_editInbound1" time="31.948" classname="com.yeastar.swebtest.testcase.RegressionCase.pbxcore.IVR"/>
  <testcase name="C_dialextensions" time="48.95" classname="com.yeastar.swebtest.testcase.RegressionCase.pbxcore.IVR"/>
  <testcase name="D_dialoutbound" time="41.647" classname="com.yeastar.swebtest.testcase.RegressionCase.pbxcore.IVR"/>
  <testcase name="E_key0toExtension" time="47.004" classname="com.yeastar.swebtest.testcase.RegressionCase.pbxcore.IVR"/>
  <testcase name="F_key1toVoicemail" time="48.037" classname="com.yeastar.swebtest.testcase.RegressionCase.pbxcore.IVR"/>
  <testcase name="G_key5toDialName" time="61.252" classname="com.yeastar.swebtest.testcase.RegressionCase.pbxcore.IVR">
    <failure type="java.lang.AssertionError" message="CDR_Status检测 【预期：Answered 实际：No Answer】">
      <![CDATA[java.lang.AssertionError: CDR_Status检测 【预期：Answered 实际：No Answer】
	at com.yeastar.swebtest.tools.ysassert.YsAssert.fail(YsAssert.java:1086)
	at com.yeastar.swebtest.tools.ysassert.YsAssert.failNotEquals(YsAssert.java:579)
	at com.yeastar.swebtest.tools.ysassert.YsAssert.assertEqualsImpl(YsAssert.java:142)
	at com.yeastar.swebtest.tools.ysassert.YsAssert.assertEquals(YsAssert.java:116)
	at com.yeastar.swebtest.tools.ysassert.YsAssert.assertEquals(YsAssert.java:199)
	at com.yeastar.swebtest.driver.YSMethod.YS_Extension.checkCDR(YS_Extension.java:252)
	at com.yeastar.swebtest.driver.YSMethod.YS_Extension.checkCDR(YS_Extension.java:242)
	at com.yeastar.swebtest.testcase.RegressionCase.pbxcore.IVR.G_key5toDialName(IVR.java:188)
... Removed 27 stack frames]]>
    </failure>
  </testcase> <!-- G_key5toDialName -->
  <testcase name="H_keytoHangup" time="29.226" classname="com.yeastar.swebtest.testcase.RegressionCase.pbxcore.IVR"/>
  <testcase name="I_keytoSelectOption" time="43.48" classname="com.yeastar.swebtest.testcase.RegressionCase.pbxcore.IVR"/>
  <testcase name="J_keytoTimeout" time="7479.822" classname="com.yeastar.swebtest.testcase.RegressionCase.pbxcore.IVR"/>
  <testcase name="K_keytoInvalid" time="35.118" classname="com.yeastar.swebtest.testcase.RegressionCase.pbxcore.IVR"/>
  <testcase name="L_checkvoicemail" time="56.918" classname="com.yeastar.swebtest.testcase.RegressionCase.pbxcore.IVR"/>
  <testcase name="M_delete" time="59.111" classname="com.yeastar.swebtest.testcase.RegressionCase.pbxcore.IVR"/>
  <testcase name="N_editInbound2" time="30.99" classname="com.yeastar.swebtest.testcase.RegressionCase.pbxcore.IVR"/>
  <testcase name="A_add_queue6701" time="16.422" classname="com.yeastar.swebtest.testcase.RegressionCase.pbxcore.Queue"/>
  <testcase name="A_add_queue6702" time="28.012" classname="com.yeastar.swebtest.testcase.RegressionCase.pbxcore.Queue"/>
  <testcase name="A_editInbound" time="32.103" classname="com.yeastar.swebtest.testcase.RegressionCase.pbxcore.Queue"/>
  <testcase name="B_failtoextension" time="30.688" classname="com.yeastar.swebtest.testcase.RegressionCase.pbxcore.Queue"/>
  <testcase name="C_agent1" time="16.473" classname="com.yeastar.swebtest.testcase.RegressionCase.pbxcore.Queue"/>
  <testcase name="C_agent2" time="30.323" classname="com.yeastar.swebtest.testcase.RegressionCase.pbxcore.Queue"/>
  <testcase name="C_agent3" time="5.474" classname="com.yeastar.swebtest.testcase.RegressionCase.pbxcore.Queue"/>
  <testcase name="C_agent4" time="30.298" classname="com.yeastar.swebtest.testcase.RegressionCase.pbxcore.Queue"/>
  <testcase name="D_RingAll1" time="49.811" classname="com.yeastar.swebtest.testcase.RegressionCase.pbxcore.Queue"/>
  <testcase name="E_maxWaitTime" time="182.205" classname="com.yeastar.swebtest.testcase.RegressionCase.pbxcore.Queue"/>
</testsuite> <!-- pbxcore -->
