<?xml version="1.0" encoding="UTF-8"?>
<!-- Generated by org.testng.reporters.JUnitXMLReporter -->
<testsuite hostname="Yeastar-PC" name="syscore" tests="29" failures="3" timestamp="24 Aug 2017 10:31:51 GMT" time="685.796" errors="0">
  <testcase name="A_DualSetting" time="115.154" classname="com.yeastar.swebtest.testcase.smokecase.syscase.Network"/>
  <testcase name="B_DualSetting" time="23.735" classname="com.yeastar.swebtest.testcase.smokecase.syscase.Network"/>
  <testcase name="B_SetService" time="16.549" classname="com.yeastar.swebtest.testcase.smokecase.syscase.Security"/>
  <testcase name="C_ConnectToSSH" time="0.574" classname="com.yeastar.swebtest.testcase.smokecase.syscase.Security"/>
  <testcase name="A_AddUserPermissionAdmin" time="21.531" classname="com.yeastar.swebtest.testcase.smokecase.syscase.UserPermission"/>
  <testcase name="B_CheckUserPermisson" time="3.66" classname="com.yeastar.swebtest.testcase.smokecase.syscase.UserPermission"/>
  <testcase name="C_AddUserPermissionCustom" time="37.178" classname="com.yeastar.swebtest.testcase.smokecase.syscase.UserPermission"/>
  <testcase name="D_CheckUserPerssion" time="5.712" classname="com.yeastar.swebtest.testcase.smokecase.syscase.UserPermission"/>
  <testcase name="E_Delete" time="11.104" classname="com.yeastar.swebtest.testcase.smokecase.syscase.UserPermission"/>
  <testcase name="F_CheckUserPerssion" time="3.241" classname="com.yeastar.swebtest.testcase.smokecase.syscase.UserPermission"/>
  <testcase name="G_DeleteAll" time="11.174" classname="com.yeastar.swebtest.testcase.smokecase.syscase.UserPermission"/>
  <testcase name="A_SetTimeZone" time="27.686" classname="com.yeastar.swebtest.testcase.smokecase.syscase.DateTime">
    <failure type="com.codeborne.selenide.ex.ElementNotFound" message="Element not found {By.id: login-username-inputEl}
Expected: visible">
      <![CDATA[Element not found {By.id: login-username-inputEl}
Expected: visible
Screenshot: file:/F:/MyProject/0GitProject/swebtest/SwebTest/build/reports/tests/1503570390075.1.png
Timeout: 10 s.
Caused by: NoSuchElementException: no such element: Unable to locate element: {"method":"id","selector":"login-username-inputEl"}
	at com.codeborne.selenide.impl.WebElementSource.createElementNotFoundError(WebElementSource.java:31)
	at com.codeborne.selenide.impl.ElementFinder.createElementNotFoundError(ElementFinder.java:82)
	at com.codeborne.selenide.impl.WebElementSource.checkCondition(WebElementSource.java:59)
	at com.codeborne.selenide.impl.WebElementSource.findAndAssertElementIsVisible(WebElementSource.java:72)
	at com.codeborne.selenide.commands.SetValue.execute(SetValue.java:20)
	at com.codeborne.selenide.commands.SetValue.execute(SetValue.java:13)
	at com.codeborne.selenide.commands.Commands.execute(Commands.java:140)
	at com.codeborne.selenide.impl.SelenideElementProxy.dispatchAndRetry(SelenideElementProxy.java:86)
	at com.codeborne.selenide.impl.SelenideElementProxy.invoke(SelenideElementProxy.java:62)
	at com.sun.proxy.$Proxy5.setValue(Unknown Source)
	at com.yeastar.swebtest.driver.SwebDriver.login(SwebDriver.java:112)
	at com.yeastar.swebtest.driver.SwebDriver.login(SwebDriver.java:95)
	at com.yeastar.swebtest.testcase.smokecase.syscase.DateTime.A_SetTimeZone(DateTime.java:58)
Caused by: org.openqa.selenium.NoSuchElementException: no such element: Unable to locate element: {"method":"id","selector":"login-username-inputEl"}
  (Session info: chrome=57.0.2987.133)
  (Driver info: chromedriver=2.29.461591 (62ebf098771772160f391d75e589dc567915b233),platform=Windows NT 6.1.7601 SP1 x86_64) (WARNING: The server did not provide any stacktrace information)
Command duration or timeout: 27 milliseconds
For documentation on this error, please visit: http://seleniumhq.org/exceptions/no_such_element.html
Build info: version: '2.53.1', revision: 'a36b8b1cd5757287168e54b817830adce9b0158d', time: '2016-06-30 19:26:09'
System info: host: 'Yeastar-PC', ip: '192.168.7.14', os.name: 'Windows 7', os.arch: 'x86', os.version: '6.1', java.version: '1.8.0_121'
Driver info: org.openqa.selenium.chrome.ChromeDriver
Capabilities [{applicationCacheEnabled=false, rotatable=false, mobileEmulationEnabled=false, networkConnectionEnabled=false, chrome={chromedriverVersion=2.29.461591 (62ebf098771772160f391d75e589dc567915b233), userDataDir=C:\Users\Yeastar\AppData\Local\Temp\scoped_dir15752_18228}, takesHeapSnapshot=true, pageLoadStrategy=normal, databaseEnabled=false, handlesAlerts=true, hasTouchScreen=false, version=57.0.2987.133, platform=XP, browserConnectionEnabled=false, nativeEvents=true, acceptSslCerts=true, locationContextEnabled=true, webStorageEnabled=true, browserName=chrome, takesScreenshot=true, javascriptEnabled=true, cssSelectorsEnabled=true, unexpectedAlertBehaviour=}]
Session ID: b3444bb6d41f1022a267b91855636a51
*** Element info: {Using=id, value=login-username-inputEl}
	at org.openqa.selenium.remote.ErrorHandler.createThrowable(ErrorHandler.java:206)
	at org.openqa.selenium.remote.ErrorHandler.throwIfResponseFailed(ErrorHandler.java:158)
	at org.openqa.selenium.remote.RemoteWebDriver.execute(RemoteWebDriver.java:678)
	at org.openqa.selenium.remote.RemoteWebDriver.findElement(RemoteWebDriver.java:363)
	at org.openqa.selenium.remote.RemoteWebDriver.findElementById(RemoteWebDriver.java:413)
	at org.openqa.selenium.By$ById.findElement(By.java:218)
	at org.openqa.selenium.remote.RemoteWebDriver.findElement(RemoteWebDriver.java:355)
	at com.codeborne.selenide.impl.WebElementSelector.findElement(WebElementSelector.java:28)
	at com.codeborne.selenide.impl.ElementFinder.getWebElement(ElementFinder.java:56)
	at com.codeborne.selenide.impl.WebElementSource.checkCondition(WebElementSource.java:44)
	... 37 more
... Removed 30 stack frames]]>
    </failure>
  </testcase> <!-- A_SetTimeZone -->
  <testcase name="B_CallTest" time="40.926" classname="com.yeastar.swebtest.testcase.smokecase.syscase.DateTime">
    <failure type="java.lang.AssertionError" message="CDR呼叫时间检测 【预期： 实际：2017-08-24 10】">
      <![CDATA[java.lang.AssertionError: CDR呼叫时间检测 【预期： 实际：2017-08-24 10】
	at com.yeastar.swebtest.tools.ysassert.YsAssert.fail(YsAssert.java:1086)
	at com.yeastar.swebtest.tools.ysassert.YsAssert.failNotEquals(YsAssert.java:579)
	at com.yeastar.swebtest.tools.ysassert.YsAssert.assertEqualsImpl(YsAssert.java:142)
	at com.yeastar.swebtest.tools.ysassert.YsAssert.assertEquals(YsAssert.java:116)
	at com.yeastar.swebtest.tools.ysassert.YsAssert.assertEquals(YsAssert.java:199)
	at com.yeastar.swebtest.driver.YSMethod.YS_Extension.checkCDR(YS_Extension.java:302)
	at com.yeastar.swebtest.testcase.smokecase.syscase.DateTime.B_CallTest(DateTime.java:82)
... Removed 27 stack frames]]>
    </failure>
  </testcase> <!-- B_CallTest -->
  <testcase name="A_AddContact" time="18.531" classname="com.yeastar.swebtest.testcase.smokecase.syscase.EventCenter"/>
  <testcase name="B_EventSettings" time="6.305" classname="com.yeastar.swebtest.testcase.smokecase.syscase.EventCenter"/>
  <testcase name="C_Answer" time="24.657" classname="com.yeastar.swebtest.testcase.smokecase.syscase.EventCenter"/>
  <testcase name="D_CheckEventLog" time="11.799" classname="com.yeastar.swebtest.testcase.smokecase.syscase.EventCenter"/>
  <testcase name="E_DeleteNotification" time="8.24" classname="com.yeastar.swebtest.testcase.smokecase.syscase.EventCenter"/>
  <testcase name="F_CheckLog" time="22.916" classname="com.yeastar.swebtest.testcase.smokecase.syscase.EventCenter"/>
  <testcase name="G_CheckLog" time="11.85" classname="com.yeastar.swebtest.testcase.smokecase.syscase.EventCenter"/>
  <testcase name="A_BackupRestore" time="13.676" classname="com.yeastar.swebtest.testcase.smokecase.syscase.Maintain"/>
  <testcase name="B_DownloadBackUptar" time="6.227" classname="com.yeastar.swebtest.testcase.smokecase.syscase.Maintain"/>
  <testcase name="E_DeleteBackUp" time="17.319" classname="com.yeastar.swebtest.testcase.smokecase.syscase.Maintain"/>
  <testcase name="F_UploadBackUp" time="0.0" classname="com.yeastar.swebtest.testcase.smokecase.syscase.Maintain"/>
  <testcase name="H_BackupSchedule" time="7.629" classname="com.yeastar.swebtest.testcase.smokecase.syscase.Maintain"/>
  <testcase name="L_DeleteSystemLog" time="10.637" classname="com.yeastar.swebtest.testcase.smokecase.syscase.Maintain"/>
  <testcase name="M_DownloadSystemLog" time="6.173" classname="com.yeastar.swebtest.testcase.smokecase.syscase.Maintain"/>
  <testcase name="N_DeleteAllSystemLog" time="15.087" classname="com.yeastar.swebtest.testcase.smokecase.syscase.Maintain"/>
  <testcase name="O_OperateLog" time="30.048" classname="com.yeastar.swebtest.testcase.smokecase.syscase.Maintain">
    <failure type="java.lang.NullPointerException">
      <![CDATA[java.lang.NullPointerException
	at javax.imageio.ImageIO.write(ImageIO.java:1538)
	at com.yeastar.swebtest.tools.ScreenShot.screenShotAsFile(ScreenShot.java:48)
	at com.yeastar.swebtest.tools.ScreenShot.takeScreenshotByAll(ScreenShot.java:38)
	at com.yeastar.swebtest.tools.ysassert.YsAssert.fail(YsAssert.java:1083)
	at com.yeastar.swebtest.tools.ysassert.YsAssert.failNotEquals(YsAssert.java:579)
	at com.yeastar.swebtest.tools.ysassert.YsAssert.assertEqualsImpl(YsAssert.java:142)
	at com.yeastar.swebtest.tools.ysassert.YsAssert.assertEquals(YsAssert.java:116)
	at com.yeastar.swebtest.tools.ysassert.YsAssert.assertEquals(YsAssert.java:199)
	at com.yeastar.swebtest.tools.ysassert.YsAssert.assertEquals(YsAssert.java:210)
	at com.yeastar.swebtest.testcase.smokecase.syscase.Maintain.O_OperateLog(Maintain.java:194)
... Removed 27 stack frames]]>
    </failure>
  </testcase> <!-- O_OperateLog -->
</testsuite> <!-- syscore -->
