<?xml version="1.0" encoding="utf-8" ?>
<!DOCTYPE html PUBLIC "-//W3C//DTD XHTML 1.0 Strict//EN"
        "http://www.w3.org/TR/xhtml1/DTD/xhtml1-strict.dtd">
<html xmlns="http://www.w3.org/1999/xhtml" xml:lang="" lang="">
<head>
  <title>Test Results Report - syscore</title>
  <meta http-equiv="Content-Type" content="text/html;charset=utf-8" />
  <meta name="description" content="TestNG unit test results." />
  <link href="reportng.css" rel="stylesheet" type="text/css" />
    <script type="text/javascript" src="reportng.js"></script>
</head>
<body>
<h1>syscore</h1>
<p>
  Test duration: 77.950s
</p>



  <table class="resultsTable">
    <tr><th colspan="3" class="header failed">Failed Tests</th></tr>
          <tr>
        <td colspan="3" class="group">com.yeastar.swebtest.testcase.extendcase.MyTest</td>
      </tr>
            
<tr>
  <td class="method">
                  DCaseName
      </td>
  <td class="duration">
    15.830s
  </td>
  <td class="result">
        
    
            <div class="testOutput">
                        &nbsp; 【执行操作】执行的操作<br />
                  </div>
    

        <a href="javascript:toggleElement('exception-0', 'block')" title="Click to expand/collapse"><b>Element not found {By.xpath: .//div[starts-with(@id,'callfeature')]//span[ text()='Conference']}<br/>
Expected: visible<br/>
Screenshot: file:/F:/MyProject/0GitProject/swebtest/SwebTest/pic/1508401637443.2.png<br/>
Timeout: 15 s.<br/>
Caused by: NoSuchElementException: no such element: Unable to locate element: {"method":"xpath","selector":".//div[starts-with(@id,'callfeature')]//span[ text()='Conference']"}</b></a><br />
    <div class="stackTrace" id="exception-0">
              com.codeborne.selenide.impl.WebElementSource.createElementNotFoundError(WebElementSource.java:31)<br />
              com.codeborne.selenide.impl.ElementFinder.createElementNotFoundError(ElementFinder.java:82)<br />
              com.codeborne.selenide.impl.WebElementSource.checkCondition(WebElementSource.java:59)<br />
              com.codeborne.selenide.impl.WebElementSource.findAndAssertElementIsVisible(WebElementSource.java:72)<br />
              com.codeborne.selenide.commands.Click.execute(Click.java:14)<br />
              com.codeborne.selenide.commands.Click.execute(Click.java:11)<br />
              com.codeborne.selenide.commands.Commands.execute(Commands.java:140)<br />
              com.codeborne.selenide.impl.SelenideElementProxy.dispatchAndRetry(SelenideElementProxy.java:86)<br />
              com.codeborne.selenide.impl.SelenideElementProxy.invoke(SelenideElementProxy.java:62)<br />
              com.sun.proxy.$Proxy4.click(Unknown Source)<br />
              com.yeastar.swebtest.testcase.extendcase.MyTest.DCaseName(MyTest.java:194)<br />
              sun.reflect.NativeMethodAccessorImpl.invoke0(Native Method)<br />
              sun.reflect.NativeMethodAccessorImpl.invoke(NativeMethodAccessorImpl.java:62)<br />
              sun.reflect.DelegatingMethodAccessorImpl.invoke(DelegatingMethodAccessorImpl.java:43)<br />
              java.lang.reflect.Method.invoke(Method.java:498)<br />
              org.testng.internal.MethodInvocationHelper.invokeMethod(MethodInvocationHelper.java:85)<br />
              org.testng.internal.Invoker.invokeMethod(Invoker.java:639)<br />
              org.testng.internal.Invoker.retryFailed(Invoker.java:963)<br />
              org.testng.internal.Invoker.invokeTestMethods(Invoker.java:1142)<br />
              org.testng.internal.TestMethodWorker.invokeTestMethods(TestMethodWorker.java:125)<br />
              org.testng.internal.TestMethodWorker.run(TestMethodWorker.java:108)<br />
              org.testng.TestRunner.privateRun(TestRunner.java:774)<br />
              org.testng.TestRunner.run(TestRunner.java:624)<br />
              org.testng.SuiteRunner.runTest(SuiteRunner.java:359)<br />
              org.testng.SuiteRunner.runSequentially(SuiteRunner.java:354)<br />
              org.testng.SuiteRunner.privateRun(SuiteRunner.java:312)<br />
              org.testng.SuiteRunner.run(SuiteRunner.java:261)<br />
              org.testng.SuiteRunnerWorker.runSuite(SuiteRunnerWorker.java:52)<br />
              org.testng.SuiteRunnerWorker.run(SuiteRunnerWorker.java:86)<br />
              org.testng.TestNG.runSuitesSequentially(TestNG.java:1215)<br />
              org.testng.TestNG.runSuitesLocally(TestNG.java:1140)<br />
              org.testng.TestNG.run(TestNG.java:1048)<br />
              org.apache.maven.surefire.testng.TestNGExecutor.run(TestNGExecutor.java:293)<br />
              org.apache.maven.surefire.testng.TestNGXmlTestSuite.execute(TestNGXmlTestSuite.java:84)<br />
              org.apache.maven.surefire.testng.TestNGProvider.invoke(TestNGProvider.java:91)<br />
              org.apache.maven.surefire.booter.ForkedBooter.invokeProviderInSameClassLoader(ForkedBooter.java:200)<br />
              org.apache.maven.surefire.booter.ForkedBooter.runSuitesInProcess(ForkedBooter.java:153)<br />
              org.apache.maven.surefire.booter.ForkedBooter.main(ForkedBooter.java:103)<br />
                    <b>Caused by: </b> <a href="javascript:toggleElement('exception-1', 'block')" title="Click to expand/collapse">org.openqa.selenium.NoSuchElementException: no such element: Unable to locate element: {"method":"xpath","selector":".//div[starts-with(@id,'callfeature')]//span[ text()='Conference']"}<br/>
&nbsp; (Session info: chrome=57.0.2987.133)<br/>
&nbsp; (Driver info: chromedriver=2.29.461591 (62ebf098771772160f391d75e589dc567915b233),platform=Windows NT 6.1.7601 SP1 x86_64) (WARNING: The server did not provide any stacktrace information)<br/>
Command duration or timeout: 8 milliseconds<br/>
For documentation on this error, please visit: http://seleniumhq.org/exceptions/no_such_element.html<br/>
Build info: version: '2.53.1', revision: 'a36b8b1cd5757287168e54b817830adce9b0158d', time: '2016-06-30 19:26:09'<br/>
System info: host: 'Yeastar-PC', ip: '192.168.4.54', os.name: 'Windows 7', os.arch: 'x86', os.version: '6.1', java.version: '1.8.0_121'<br/>
Driver info: org.openqa.selenium.chrome.ChromeDriver<br/>
Capabilities [{applicationCacheEnabled=false, rotatable=false, mobileEmulationEnabled=false, networkConnectionEnabled=false, chrome={chromedriverVersion=2.29.461591 (62ebf098771772160f391d75e589dc567915b233), userDataDir=C:\Users\Yeastar\AppData\Local\Temp\scoped_dir21948_5164}, takesHeapSnapshot=true, pageLoadStrategy=normal, databaseEnabled=false, handlesAlerts=true, hasTouchScreen=false, version=57.0.2987.133, platform=XP, browserConnectionEnabled=false, nativeEvents=true, acceptSslCerts=true, locationContextEnabled=true, webStorageEnabled=true, browserName=chrome, takesScreenshot=true, javascriptEnabled=true, cssSelectorsEnabled=true, unexpectedAlertBehaviour=}]<br/>
Session ID: 5e61f8ea01d571a541879ba90a8234e8<br/>
*** Element info: {Using=xpath, value=.//div[starts-with(@id,'callfeature')]//span[ text()='Conference']}</a><br />
        <div class="stackTrace" id="exception-1">
                      sun.reflect.GeneratedConstructorAccessor9.newInstance(Unknown Source)<br />
                      sun.reflect.DelegatingConstructorAccessorImpl.newInstance(DelegatingConstructorAccessorImpl.java:45)<br />
                      java.lang.reflect.Constructor.newInstance(Constructor.java:423)<br />
                      org.openqa.selenium.remote.ErrorHandler.createThrowable(ErrorHandler.java:206)<br />
                      org.openqa.selenium.remote.ErrorHandler.throwIfResponseFailed(ErrorHandler.java:158)<br />
                      org.openqa.selenium.remote.RemoteWebDriver.execute(RemoteWebDriver.java:678)<br />
                      org.openqa.selenium.remote.RemoteWebDriver.findElement(RemoteWebDriver.java:363)<br />
                      org.openqa.selenium.remote.RemoteWebDriver.findElementByXPath(RemoteWebDriver.java:500)<br />
                      org.openqa.selenium.By$ByXPath.findElement(By.java:361)<br />
                      org.openqa.selenium.remote.RemoteWebDriver.findElement(RemoteWebDriver.java:355)<br />
                      com.codeborne.selenide.impl.WebElementSelector.findElement(WebElementSelector.java:28)<br />
                      com.codeborne.selenide.impl.ElementFinder.getWebElement(ElementFinder.java:56)<br />
                      com.codeborne.selenide.impl.WebElementSource.checkCondition(WebElementSource.java:44)<br />
                      com.codeborne.selenide.impl.WebElementSource.findAndAssertElementIsVisible(WebElementSource.java:72)<br />
                      com.codeborne.selenide.commands.Click.execute(Click.java:14)<br />
                      com.codeborne.selenide.commands.Click.execute(Click.java:11)<br />
                      com.codeborne.selenide.commands.Commands.execute(Commands.java:140)<br />
                      com.codeborne.selenide.impl.SelenideElementProxy.dispatchAndRetry(SelenideElementProxy.java:86)<br />
                      com.codeborne.selenide.impl.SelenideElementProxy.invoke(SelenideElementProxy.java:62)<br />
                      com.sun.proxy.$Proxy4.click(Unknown Source)<br />
                      com.yeastar.swebtest.testcase.extendcase.MyTest.DCaseName(MyTest.java:194)<br />
                      sun.reflect.NativeMethodAccessorImpl.invoke0(Native Method)<br />
                      sun.reflect.NativeMethodAccessorImpl.invoke(NativeMethodAccessorImpl.java:62)<br />
                      sun.reflect.DelegatingMethodAccessorImpl.invoke(DelegatingMethodAccessorImpl.java:43)<br />
                      java.lang.reflect.Method.invoke(Method.java:498)<br />
                      org.testng.internal.MethodInvocationHelper.invokeMethod(MethodInvocationHelper.java:85)<br />
                      org.testng.internal.Invoker.invokeMethod(Invoker.java:639)<br />
                      org.testng.internal.Invoker.retryFailed(Invoker.java:963)<br />
                      org.testng.internal.Invoker.invokeTestMethods(Invoker.java:1142)<br />
                      org.testng.internal.TestMethodWorker.invokeTestMethods(TestMethodWorker.java:125)<br />
                      org.testng.internal.TestMethodWorker.run(TestMethodWorker.java:108)<br />
                      org.testng.TestRunner.privateRun(TestRunner.java:774)<br />
                      org.testng.TestRunner.run(TestRunner.java:624)<br />
                      org.testng.SuiteRunner.runTest(SuiteRunner.java:359)<br />
                      org.testng.SuiteRunner.runSequentially(SuiteRunner.java:354)<br />
                      org.testng.SuiteRunner.privateRun(SuiteRunner.java:312)<br />
                      org.testng.SuiteRunner.run(SuiteRunner.java:261)<br />
                      org.testng.SuiteRunnerWorker.runSuite(SuiteRunnerWorker.java:52)<br />
                      org.testng.SuiteRunnerWorker.run(SuiteRunnerWorker.java:86)<br />
                      org.testng.TestNG.runSuitesSequentially(TestNG.java:1215)<br />
                      org.testng.TestNG.runSuitesLocally(TestNG.java:1140)<br />
                      org.testng.TestNG.run(TestNG.java:1048)<br />
                      org.apache.maven.surefire.testng.TestNGExecutor.run(TestNGExecutor.java:293)<br />
                      org.apache.maven.surefire.testng.TestNGXmlTestSuite.execute(TestNGXmlTestSuite.java:84)<br />
                      org.apache.maven.surefire.testng.TestNGProvider.invoke(TestNGProvider.java:91)<br />
                      org.apache.maven.surefire.booter.ForkedBooter.invokeProviderInSameClassLoader(ForkedBooter.java:200)<br />
                      org.apache.maven.surefire.booter.ForkedBooter.runSuitesInProcess(ForkedBooter.java:153)<br />
                      org.apache.maven.surefire.booter.ForkedBooter.main(ForkedBooter.java:103)<br />
                  </div>
          </div>
      </td>
</tr>
      </table>

  <table class="resultsTable" width="100%">
    <tr><th colspan="3" class="header skipped">Skipped Tests</th></tr>
          <tr>
        <td colspan="3" class="group">com.yeastar.swebtest.testcase.extendcase.MyTest</td>
      </tr>
            
<tr>
  <td class="method">
                  DCaseName
      </td>
  <td class="duration">
    15.814s
  </td>
  <td class="result">
                               
    
            <div class="testOutput">
                        &nbsp; 【执行操作】执行的操作<br />
                                RunCount=2<br />
                  </div>
    

      </td>
</tr>
<tr>
  <td class="method">
                  DCaseName
      </td>
  <td class="duration">
    15.777s
  </td>
  <td class="result">
                               
    
            <div class="testOutput">
                        &nbsp; 【执行操作】执行的操作<br />
                                RunCount=3<br />
                  </div>
    

      </td>
</tr>
      </table>

  <table class="resultsTable">
    <tr><th colspan="3" class="header passed">Passed Tests</th></tr>
          <tr>
        <td colspan="3" class="group">com.yeastar.swebtest.testcase.extendcase.MyTest</td>
      </tr>
            
<tr>
  <td class="method">
                  CaseNameRetry
      </td>
  <td class="duration">
    0.005s
  </td>
  <td class="result">
        
    
            <div class="testOutput">
                        &nbsp; 【执行操作】执行的操作<br />
                                &nbsp;&nbsp;&nbsp; Pass: 出错了<br />
                  </div>
    

      </td>
</tr>
      </table>
  
</body>
</html>
