<?xml version="1.0" encoding="UTF-8"?>
<testsuite name="pbxcore"
           tests="102"
           failures="9"
           errors="0"
           skipped="0"
           time="4439.205">
  <properties />
            <testcase name="F4_dynamic_call6701" time="22.639" classname="com.yeastar.swebtest.testcase.DetailCase.pbxcase.Queue">
                <failure type="java.lang.AssertionError"
                  message="预期1100会同时Ring 【预期：2 实际：4】"
              >
<![CDATA[java.lang.AssertionError: 预期1100会同时Ring 【预期：2 实际：4】
  com.yeastar.swebtest.tools.ysassert.YsAssert.fail(YsAssert.java:1086)
  com.yeastar.swebtest.tools.ysassert.YsAssert.failNotEquals(YsAssert.java:579)
  com.yeastar.swebtest.tools.ysassert.YsAssert.assertEqualsImpl(YsAssert.java:142)
  com.yeastar.swebtest.tools.ysassert.YsAssert.assertEquals(YsAssert.java:116)
  com.yeastar.swebtest.tools.ysassert.YsAssert.assertEquals(YsAssert.java:425)
  com.yeastar.swebtest.testcase.DetailCase.pbxcase.Queue.F4_dynamic_call6701(Queue.java:648)
  sun.reflect.NativeMethodAccessorImpl.invoke0(Native Method)
  sun.reflect.NativeMethodAccessorImpl.invoke(NativeMethodAccessorImpl.java:62)
  sun.reflect.DelegatingMethodAccessorImpl.invoke(DelegatingMethodAccessorImpl.java:43)
  java.lang.reflect.Method.invoke(Method.java:498)
  org.testng.internal.MethodInvocationHelper.invokeMethod(MethodInvocationHelper.java:85)
  org.testng.internal.Invoker.invokeMethod(Invoker.java:639)
  org.testng.internal.Invoker.invokeTestMethod(Invoker.java:816)
  org.testng.internal.Invoker.invokeTestMethods(Invoker.java:1124)
  org.testng.internal.TestMethodWorker.invokeTestMethods(TestMethodWorker.java:125)
  org.testng.internal.TestMethodWorker.run(TestMethodWorker.java:108)
  org.testng.TestRunner.privateRun(TestRunner.java:774)
  org.testng.TestRunner.run(TestRunner.java:624)
  org.testng.SuiteRunner.runTest(SuiteRunner.java:359)
  org.testng.SuiteRunner.runSequentially(SuiteRunner.java:354)
  org.testng.SuiteRunner.privateRun(SuiteRunner.java:312)
  org.testng.SuiteRunner.run(SuiteRunner.java:261)
  org.testng.SuiteRunnerWorker.runSuite(SuiteRunnerWorker.java:52)
  org.testng.SuiteRunnerWorker.run(SuiteRunnerWorker.java:86)
  org.testng.TestNG.runSuitesSequentially(TestNG.java:1215)
  org.testng.TestNG.runSuitesLocally(TestNG.java:1140)
  org.testng.TestNG.run(TestNG.java:1048)
  org.apache.maven.surefire.testng.TestNGExecutor.run(TestNGExecutor.java:293)
  org.apache.maven.surefire.testng.TestNGXmlTestSuite.execute(TestNGXmlTestSuite.java:84)
  org.apache.maven.surefire.testng.TestNGProvider.invoke(TestNGProvider.java:91)
  org.apache.maven.surefire.booter.ForkedBooter.invokeProviderInSameClassLoader(ForkedBooter.java:200)
  org.apache.maven.surefire.booter.ForkedBooter.runSuitesInProcess(ForkedBooter.java:153)
  org.apache.maven.surefire.booter.ForkedBooter.main(ForkedBooter.java:103)
]]>
      </failure>

          </testcase>
            <testcase name="F5_dynamic_login6710" time="117.654" classname="com.yeastar.swebtest.testcase.DetailCase.pbxcase.Queue">
                <failure type="java.lang.AssertionError"
                  message="动态坐席1103输入密码123 【预期：true 实际：false】"
              >
<![CDATA[java.lang.AssertionError: 动态坐席1103输入密码123 【预期：true 实际：false】
  com.yeastar.swebtest.tools.ysassert.YsAssert.fail(YsAssert.java:1086)
  com.yeastar.swebtest.tools.ysassert.YsAssert.failNotEquals(YsAssert.java:579)
  com.yeastar.swebtest.tools.ysassert.YsAssert.assertEqualsImpl(YsAssert.java:142)
  com.yeastar.swebtest.tools.ysassert.YsAssert.assertEquals(YsAssert.java:116)
  com.yeastar.swebtest.tools.ysassert.YsAssert.assertEquals(YsAssert.java:333)
  com.yeastar.swebtest.testcase.DetailCase.pbxcase.Queue.F5_dynamic_login6710(Queue.java:671)
  sun.reflect.NativeMethodAccessorImpl.invoke0(Native Method)
  sun.reflect.NativeMethodAccessorImpl.invoke(NativeMethodAccessorImpl.java:62)
  sun.reflect.DelegatingMethodAccessorImpl.invoke(DelegatingMethodAccessorImpl.java:43)
  java.lang.reflect.Method.invoke(Method.java:498)
  org.testng.internal.MethodInvocationHelper.invokeMethod(MethodInvocationHelper.java:85)
  org.testng.internal.Invoker.invokeMethod(Invoker.java:639)
  org.testng.internal.Invoker.invokeTestMethod(Invoker.java:816)
  org.testng.internal.Invoker.invokeTestMethods(Invoker.java:1124)
  org.testng.internal.TestMethodWorker.invokeTestMethods(TestMethodWorker.java:125)
  org.testng.internal.TestMethodWorker.run(TestMethodWorker.java:108)
  org.testng.TestRunner.privateRun(TestRunner.java:774)
  org.testng.TestRunner.run(TestRunner.java:624)
  org.testng.SuiteRunner.runTest(SuiteRunner.java:359)
  org.testng.SuiteRunner.runSequentially(SuiteRunner.java:354)
  org.testng.SuiteRunner.privateRun(SuiteRunner.java:312)
  org.testng.SuiteRunner.run(SuiteRunner.java:261)
  org.testng.SuiteRunnerWorker.runSuite(SuiteRunnerWorker.java:52)
  org.testng.SuiteRunnerWorker.run(SuiteRunnerWorker.java:86)
  org.testng.TestNG.runSuitesSequentially(TestNG.java:1215)
  org.testng.TestNG.runSuitesLocally(TestNG.java:1140)
  org.testng.TestNG.run(TestNG.java:1048)
  org.apache.maven.surefire.testng.TestNGExecutor.run(TestNGExecutor.java:293)
  org.apache.maven.surefire.testng.TestNGXmlTestSuite.execute(TestNGXmlTestSuite.java:84)
  org.apache.maven.surefire.testng.TestNGProvider.invoke(TestNGProvider.java:91)
  org.apache.maven.surefire.booter.ForkedBooter.invokeProviderInSameClassLoader(ForkedBooter.java:200)
  org.apache.maven.surefire.booter.ForkedBooter.runSuitesInProcess(ForkedBooter.java:153)
  org.apache.maven.surefire.booter.ForkedBooter.main(ForkedBooter.java:103)
]]>
      </failure>

          </testcase>
            <testcase name="M1_ringall" time="28.452" classname="com.yeastar.swebtest.testcase.DetailCase.pbxcase.Queue">
                <failure type="java.lang.AssertionError"
                  message="预期1101会同时Ring 【预期：2 实际：4】"
              >
<![CDATA[java.lang.AssertionError: 预期1101会同时Ring 【预期：2 实际：4】
  com.yeastar.swebtest.tools.ysassert.YsAssert.fail(YsAssert.java:1086)
  com.yeastar.swebtest.tools.ysassert.YsAssert.failNotEquals(YsAssert.java:579)
  com.yeastar.swebtest.tools.ysassert.YsAssert.assertEqualsImpl(YsAssert.java:142)
  com.yeastar.swebtest.tools.ysassert.YsAssert.assertEquals(YsAssert.java:116)
  com.yeastar.swebtest.tools.ysassert.YsAssert.assertEquals(YsAssert.java:425)
  com.yeastar.swebtest.testcase.DetailCase.pbxcase.Queue.M1_ringall(Queue.java:1164)
  sun.reflect.NativeMethodAccessorImpl.invoke0(Native Method)
  sun.reflect.NativeMethodAccessorImpl.invoke(NativeMethodAccessorImpl.java:62)
  sun.reflect.DelegatingMethodAccessorImpl.invoke(DelegatingMethodAccessorImpl.java:43)
  java.lang.reflect.Method.invoke(Method.java:498)
  org.testng.internal.MethodInvocationHelper.invokeMethod(MethodInvocationHelper.java:85)
  org.testng.internal.Invoker.invokeMethod(Invoker.java:639)
  org.testng.internal.Invoker.invokeTestMethod(Invoker.java:816)
  org.testng.internal.Invoker.invokeTestMethods(Invoker.java:1124)
  org.testng.internal.TestMethodWorker.invokeTestMethods(TestMethodWorker.java:125)
  org.testng.internal.TestMethodWorker.run(TestMethodWorker.java:108)
  org.testng.TestRunner.privateRun(TestRunner.java:774)
  org.testng.TestRunner.run(TestRunner.java:624)
  org.testng.SuiteRunner.runTest(SuiteRunner.java:359)
  org.testng.SuiteRunner.runSequentially(SuiteRunner.java:354)
  org.testng.SuiteRunner.privateRun(SuiteRunner.java:312)
  org.testng.SuiteRunner.run(SuiteRunner.java:261)
  org.testng.SuiteRunnerWorker.runSuite(SuiteRunnerWorker.java:52)
  org.testng.SuiteRunnerWorker.run(SuiteRunnerWorker.java:86)
  org.testng.TestNG.runSuitesSequentially(TestNG.java:1215)
  org.testng.TestNG.runSuitesLocally(TestNG.java:1140)
  org.testng.TestNG.run(TestNG.java:1048)
  org.apache.maven.surefire.testng.TestNGExecutor.run(TestNGExecutor.java:293)
  org.apache.maven.surefire.testng.TestNGXmlTestSuite.execute(TestNGXmlTestSuite.java:84)
  org.apache.maven.surefire.testng.TestNGProvider.invoke(TestNGProvider.java:91)
  org.apache.maven.surefire.booter.ForkedBooter.invokeProviderInSameClassLoader(ForkedBooter.java:200)
  org.apache.maven.surefire.booter.ForkedBooter.runSuitesInProcess(ForkedBooter.java:153)
  org.apache.maven.surefire.booter.ForkedBooter.main(ForkedBooter.java:103)
]]>
      </failure>

          </testcase>
            <testcase name="G3_MusicOnHold1" time="120.777" classname="com.yeastar.swebtest.testcase.DetailCase.pbxcase.Queue">
                <failure type="java.lang.AssertionError"
                  message="2000呼入时播放Music on hold ：Autotest 【预期：true 实际：false】"
              >
<![CDATA[java.lang.AssertionError: 2000呼入时播放Music on hold ：Autotest 【预期：true 实际：false】
  com.yeastar.swebtest.tools.ysassert.YsAssert.fail(YsAssert.java:1086)
  com.yeastar.swebtest.tools.ysassert.YsAssert.failNotEquals(YsAssert.java:579)
  com.yeastar.swebtest.tools.ysassert.YsAssert.assertEqualsImpl(YsAssert.java:142)
  com.yeastar.swebtest.tools.ysassert.YsAssert.assertEquals(YsAssert.java:116)
  com.yeastar.swebtest.tools.ysassert.YsAssert.assertEquals(YsAssert.java:333)
  com.yeastar.swebtest.testcase.DetailCase.pbxcase.Queue.G3_MusicOnHold1(Queue.java:814)
  sun.reflect.NativeMethodAccessorImpl.invoke0(Native Method)
  sun.reflect.NativeMethodAccessorImpl.invoke(NativeMethodAccessorImpl.java:62)
  sun.reflect.DelegatingMethodAccessorImpl.invoke(DelegatingMethodAccessorImpl.java:43)
  java.lang.reflect.Method.invoke(Method.java:498)
  org.testng.internal.MethodInvocationHelper.invokeMethod(MethodInvocationHelper.java:85)
  org.testng.internal.Invoker.invokeMethod(Invoker.java:639)
  org.testng.internal.Invoker.invokeTestMethod(Invoker.java:816)
  org.testng.internal.Invoker.invokeTestMethods(Invoker.java:1124)
  org.testng.internal.TestMethodWorker.invokeTestMethods(TestMethodWorker.java:125)
  org.testng.internal.TestMethodWorker.run(TestMethodWorker.java:108)
  org.testng.TestRunner.privateRun(TestRunner.java:774)
  org.testng.TestRunner.run(TestRunner.java:624)
  org.testng.SuiteRunner.runTest(SuiteRunner.java:359)
  org.testng.SuiteRunner.runSequentially(SuiteRunner.java:354)
  org.testng.SuiteRunner.privateRun(SuiteRunner.java:312)
  org.testng.SuiteRunner.run(SuiteRunner.java:261)
  org.testng.SuiteRunnerWorker.runSuite(SuiteRunnerWorker.java:52)
  org.testng.SuiteRunnerWorker.run(SuiteRunnerWorker.java:86)
  org.testng.TestNG.runSuitesSequentially(TestNG.java:1215)
  org.testng.TestNG.runSuitesLocally(TestNG.java:1140)
  org.testng.TestNG.run(TestNG.java:1048)
  org.apache.maven.surefire.testng.TestNGExecutor.run(TestNGExecutor.java:293)
  org.apache.maven.surefire.testng.TestNGXmlTestSuite.execute(TestNGXmlTestSuite.java:84)
  org.apache.maven.surefire.testng.TestNGProvider.invoke(TestNGProvider.java:91)
  org.apache.maven.surefire.booter.ForkedBooter.invokeProviderInSameClassLoader(ForkedBooter.java:200)
  org.apache.maven.surefire.booter.ForkedBooter.runSuitesInProcess(ForkedBooter.java:153)
  org.apache.maven.surefire.booter.ForkedBooter.main(ForkedBooter.java:103)
]]>
      </failure>

          </testcase>
            <testcase name="D2_fail_extension" time="37.202" classname="com.yeastar.swebtest.testcase.DetailCase.pbxcase.Queue">
                <failure type="java.lang.AssertionError"
                  message="CDR被叫方检测 【预期：1000 [6703(1000)] 实际：1000 [6701(1000)]】"
              >
<![CDATA[java.lang.AssertionError: CDR被叫方检测 【预期：1000 [6703(1000)] 实际：1000 [6701(1000)]】
  com.yeastar.swebtest.tools.ysassert.YsAssert.fail(YsAssert.java:1086)
  com.yeastar.swebtest.tools.ysassert.YsAssert.failNotEquals(YsAssert.java:579)
  com.yeastar.swebtest.tools.ysassert.YsAssert.assertEqualsImpl(YsAssert.java:142)
  com.yeastar.swebtest.tools.ysassert.YsAssert.assertEquals(YsAssert.java:116)
  com.yeastar.swebtest.tools.ysassert.YsAssert.assertEquals(YsAssert.java:199)
  com.yeastar.swebtest.driver.YSMethod.YS_Extension.checkCDR(YS_Extension.java:263)
  com.yeastar.swebtest.driver.YSMethod.YS_Extension.checkCDR(YS_Extension.java:252)
  com.yeastar.swebtest.testcase.DetailCase.pbxcase.Queue.D2_fail_extension(Queue.java:343)
  sun.reflect.NativeMethodAccessorImpl.invoke0(Native Method)
  sun.reflect.NativeMethodAccessorImpl.invoke(NativeMethodAccessorImpl.java:62)
  sun.reflect.DelegatingMethodAccessorImpl.invoke(DelegatingMethodAccessorImpl.java:43)
  java.lang.reflect.Method.invoke(Method.java:498)
  org.testng.internal.MethodInvocationHelper.invokeMethod(MethodInvocationHelper.java:85)
  org.testng.internal.Invoker.invokeMethod(Invoker.java:639)
  org.testng.internal.Invoker.invokeTestMethod(Invoker.java:816)
  org.testng.internal.Invoker.invokeTestMethods(Invoker.java:1124)
  org.testng.internal.TestMethodWorker.invokeTestMethods(TestMethodWorker.java:125)
  org.testng.internal.TestMethodWorker.run(TestMethodWorker.java:108)
  org.testng.TestRunner.privateRun(TestRunner.java:774)
  org.testng.TestRunner.run(TestRunner.java:624)
  org.testng.SuiteRunner.runTest(SuiteRunner.java:359)
  org.testng.SuiteRunner.runSequentially(SuiteRunner.java:354)
  org.testng.SuiteRunner.privateRun(SuiteRunner.java:312)
  org.testng.SuiteRunner.run(SuiteRunner.java:261)
  org.testng.SuiteRunnerWorker.runSuite(SuiteRunnerWorker.java:52)
  org.testng.SuiteRunnerWorker.run(SuiteRunnerWorker.java:86)
  org.testng.TestNG.runSuitesSequentially(TestNG.java:1215)
  org.testng.TestNG.runSuitesLocally(TestNG.java:1140)
  org.testng.TestNG.run(TestNG.java:1048)
  org.apache.maven.surefire.testng.TestNGExecutor.run(TestNGExecutor.java:293)
  org.apache.maven.surefire.testng.TestNGXmlTestSuite.execute(TestNGXmlTestSuite.java:84)
  org.apache.maven.surefire.testng.TestNGProvider.invoke(TestNGProvider.java:91)
  org.apache.maven.surefire.booter.ForkedBooter.invokeProviderInSameClassLoader(ForkedBooter.java:200)
  org.apache.maven.surefire.booter.ForkedBooter.runSuitesInProcess(ForkedBooter.java:153)
  org.apache.maven.surefire.booter.ForkedBooter.main(ForkedBooter.java:103)
]]>
      </failure>

          </testcase>
            <testcase name="C6_bri_6701" time="18.125" classname="com.yeastar.swebtest.testcase.DetailCase.pbxcase.Queue">
                <failure type="java.lang.AssertionError"
                  message="预期1105会同时Ring 【预期：2 实际：4】"
              >
<![CDATA[java.lang.AssertionError: 预期1105会同时Ring 【预期：2 实际：4】
  com.yeastar.swebtest.tools.ysassert.YsAssert.fail(YsAssert.java:1086)
  com.yeastar.swebtest.tools.ysassert.YsAssert.failNotEquals(YsAssert.java:579)
  com.yeastar.swebtest.tools.ysassert.YsAssert.assertEqualsImpl(YsAssert.java:142)
  com.yeastar.swebtest.tools.ysassert.YsAssert.assertEquals(YsAssert.java:116)
  com.yeastar.swebtest.tools.ysassert.YsAssert.assertEquals(YsAssert.java:425)
  com.yeastar.swebtest.testcase.DetailCase.pbxcase.Queue.C6_bri_6701(Queue.java:275)
  sun.reflect.NativeMethodAccessorImpl.invoke0(Native Method)
  sun.reflect.NativeMethodAccessorImpl.invoke(NativeMethodAccessorImpl.java:62)
  sun.reflect.DelegatingMethodAccessorImpl.invoke(DelegatingMethodAccessorImpl.java:43)
  java.lang.reflect.Method.invoke(Method.java:498)
  org.testng.internal.MethodInvocationHelper.invokeMethod(MethodInvocationHelper.java:85)
  org.testng.internal.Invoker.invokeMethod(Invoker.java:639)
  org.testng.internal.Invoker.invokeTestMethod(Invoker.java:816)
  org.testng.internal.Invoker.invokeTestMethods(Invoker.java:1124)
  org.testng.internal.TestMethodWorker.invokeTestMethods(TestMethodWorker.java:125)
  org.testng.internal.TestMethodWorker.run(TestMethodWorker.java:108)
  org.testng.TestRunner.privateRun(TestRunner.java:774)
  org.testng.TestRunner.run(TestRunner.java:624)
  org.testng.SuiteRunner.runTest(SuiteRunner.java:359)
  org.testng.SuiteRunner.runSequentially(SuiteRunner.java:354)
  org.testng.SuiteRunner.privateRun(SuiteRunner.java:312)
  org.testng.SuiteRunner.run(SuiteRunner.java:261)
  org.testng.SuiteRunnerWorker.runSuite(SuiteRunnerWorker.java:52)
  org.testng.SuiteRunnerWorker.run(SuiteRunnerWorker.java:86)
  org.testng.TestNG.runSuitesSequentially(TestNG.java:1215)
  org.testng.TestNG.runSuitesLocally(TestNG.java:1140)
  org.testng.TestNG.run(TestNG.java:1048)
  org.apache.maven.surefire.testng.TestNGExecutor.run(TestNGExecutor.java:293)
  org.apache.maven.surefire.testng.TestNGXmlTestSuite.execute(TestNGXmlTestSuite.java:84)
  org.apache.maven.surefire.testng.TestNGProvider.invoke(TestNGProvider.java:91)
  org.apache.maven.surefire.booter.ForkedBooter.invokeProviderInSameClassLoader(ForkedBooter.java:200)
  org.apache.maven.surefire.booter.ForkedBooter.runSuitesInProcess(ForkedBooter.java:153)
  org.apache.maven.surefire.booter.ForkedBooter.main(ForkedBooter.java:103)
]]>
      </failure>

          </testcase>
            <testcase name="G5_Satisfaction" time="138.103" classname="com.yeastar.swebtest.testcase.DetailCase.pbxcase.Queue">
                <failure type="java.lang.AssertionError"
                  message="坐席挂断时播放满意度调查提示音satisfaction 【预期：true 实际：false】"
              >
<![CDATA[java.lang.AssertionError: 坐席挂断时播放满意度调查提示音satisfaction 【预期：true 实际：false】
  com.yeastar.swebtest.tools.ysassert.YsAssert.fail(YsAssert.java:1086)
  com.yeastar.swebtest.tools.ysassert.YsAssert.failNotEquals(YsAssert.java:579)
  com.yeastar.swebtest.tools.ysassert.YsAssert.assertEqualsImpl(YsAssert.java:142)
  com.yeastar.swebtest.tools.ysassert.YsAssert.assertEquals(YsAssert.java:116)
  com.yeastar.swebtest.tools.ysassert.YsAssert.assertEquals(YsAssert.java:333)
  com.yeastar.swebtest.testcase.DetailCase.pbxcase.Queue.G5_Satisfaction(Queue.java:850)
  sun.reflect.NativeMethodAccessorImpl.invoke0(Native Method)
  sun.reflect.NativeMethodAccessorImpl.invoke(NativeMethodAccessorImpl.java:62)
  sun.reflect.DelegatingMethodAccessorImpl.invoke(DelegatingMethodAccessorImpl.java:43)
  java.lang.reflect.Method.invoke(Method.java:498)
  org.testng.internal.MethodInvocationHelper.invokeMethod(MethodInvocationHelper.java:85)
  org.testng.internal.Invoker.invokeMethod(Invoker.java:639)
  org.testng.internal.Invoker.invokeTestMethod(Invoker.java:816)
  org.testng.internal.Invoker.invokeTestMethods(Invoker.java:1124)
  org.testng.internal.TestMethodWorker.invokeTestMethods(TestMethodWorker.java:125)
  org.testng.internal.TestMethodWorker.run(TestMethodWorker.java:108)
  org.testng.TestRunner.privateRun(TestRunner.java:774)
  org.testng.TestRunner.run(TestRunner.java:624)
  org.testng.SuiteRunner.runTest(SuiteRunner.java:359)
  org.testng.SuiteRunner.runSequentially(SuiteRunner.java:354)
  org.testng.SuiteRunner.privateRun(SuiteRunner.java:312)
  org.testng.SuiteRunner.run(SuiteRunner.java:261)
  org.testng.SuiteRunnerWorker.runSuite(SuiteRunnerWorker.java:52)
  org.testng.SuiteRunnerWorker.run(SuiteRunnerWorker.java:86)
  org.testng.TestNG.runSuitesSequentially(TestNG.java:1215)
  org.testng.TestNG.runSuitesLocally(TestNG.java:1140)
  org.testng.TestNG.run(TestNG.java:1048)
  org.apache.maven.surefire.testng.TestNGExecutor.run(TestNGExecutor.java:293)
  org.apache.maven.surefire.testng.TestNGXmlTestSuite.execute(TestNGXmlTestSuite.java:84)
  org.apache.maven.surefire.testng.TestNGProvider.invoke(TestNGProvider.java:91)
  org.apache.maven.surefire.booter.ForkedBooter.invokeProviderInSameClassLoader(ForkedBooter.java:200)
  org.apache.maven.surefire.booter.ForkedBooter.runSuitesInProcess(ForkedBooter.java:153)
  org.apache.maven.surefire.booter.ForkedBooter.main(ForkedBooter.java:103)
]]>
      </failure>

          </testcase>
            <testcase name="N8_leave_join_empty" time="10.627" classname="com.yeastar.swebtest.testcase.DetailCase.pbxcase.Queue">
                <failure type="java.lang.AssertionError"
                  message="预期1102不会被直接挂断 【预期：3 实际：4】"
              >
<![CDATA[java.lang.AssertionError: 预期1102不会被直接挂断 【预期：3 实际：4】
  com.yeastar.swebtest.tools.ysassert.YsAssert.fail(YsAssert.java:1086)
  com.yeastar.swebtest.tools.ysassert.YsAssert.failNotEquals(YsAssert.java:579)
  com.yeastar.swebtest.tools.ysassert.YsAssert.assertEqualsImpl(YsAssert.java:142)
  com.yeastar.swebtest.tools.ysassert.YsAssert.assertEquals(YsAssert.java:116)
  com.yeastar.swebtest.tools.ysassert.YsAssert.assertEquals(YsAssert.java:425)
  com.yeastar.swebtest.testcase.DetailCase.pbxcase.Queue.N8_leave_join_empty(Queue.java:1326)
  sun.reflect.NativeMethodAccessorImpl.invoke0(Native Method)
  sun.reflect.NativeMethodAccessorImpl.invoke(NativeMethodAccessorImpl.java:62)
  sun.reflect.DelegatingMethodAccessorImpl.invoke(DelegatingMethodAccessorImpl.java:43)
  java.lang.reflect.Method.invoke(Method.java:498)
  org.testng.internal.MethodInvocationHelper.invokeMethod(MethodInvocationHelper.java:85)
  org.testng.internal.Invoker.invokeMethod(Invoker.java:639)
  org.testng.internal.Invoker.invokeTestMethod(Invoker.java:816)
  org.testng.internal.Invoker.invokeTestMethods(Invoker.java:1124)
  org.testng.internal.TestMethodWorker.invokeTestMethods(TestMethodWorker.java:125)
  org.testng.internal.TestMethodWorker.run(TestMethodWorker.java:108)
  org.testng.TestRunner.privateRun(TestRunner.java:774)
  org.testng.TestRunner.run(TestRunner.java:624)
  org.testng.SuiteRunner.runTest(SuiteRunner.java:359)
  org.testng.SuiteRunner.runSequentially(SuiteRunner.java:354)
  org.testng.SuiteRunner.privateRun(SuiteRunner.java:312)
  org.testng.SuiteRunner.run(SuiteRunner.java:261)
  org.testng.SuiteRunnerWorker.runSuite(SuiteRunnerWorker.java:52)
  org.testng.SuiteRunnerWorker.run(SuiteRunnerWorker.java:86)
  org.testng.TestNG.runSuitesSequentially(TestNG.java:1215)
  org.testng.TestNG.runSuitesLocally(TestNG.java:1140)
  org.testng.TestNG.run(TestNG.java:1048)
  org.apache.maven.surefire.testng.TestNGExecutor.run(TestNGExecutor.java:293)
  org.apache.maven.surefire.testng.TestNGXmlTestSuite.execute(TestNGXmlTestSuite.java:84)
  org.apache.maven.surefire.testng.TestNGProvider.invoke(TestNGProvider.java:91)
  org.apache.maven.surefire.booter.ForkedBooter.invokeProviderInSameClassLoader(ForkedBooter.java:200)
  org.apache.maven.surefire.booter.ForkedBooter.runSuitesInProcess(ForkedBooter.java:153)
  org.apache.maven.surefire.booter.ForkedBooter.main(ForkedBooter.java:103)
]]>
      </failure>

          </testcase>
            <testcase name="G2_JoinAnnouncement" time="102.989" classname="com.yeastar.swebtest.testcase.DetailCase.pbxcase.Queue">
                <failure type="java.lang.AssertionError"
                  message="2000呼入时播放提示音“Join” 【预期：true 实际：false】"
              >
<![CDATA[java.lang.AssertionError: 2000呼入时播放提示音“Join” 【预期：true 实际：false】
  com.yeastar.swebtest.tools.ysassert.YsAssert.fail(YsAssert.java:1086)
  com.yeastar.swebtest.tools.ysassert.YsAssert.failNotEquals(YsAssert.java:579)
  com.yeastar.swebtest.tools.ysassert.YsAssert.assertEqualsImpl(YsAssert.java:142)
  com.yeastar.swebtest.tools.ysassert.YsAssert.assertEquals(YsAssert.java:116)
  com.yeastar.swebtest.tools.ysassert.YsAssert.assertEquals(YsAssert.java:333)
  com.yeastar.swebtest.testcase.DetailCase.pbxcase.Queue.G2_JoinAnnouncement(Queue.java:799)
  sun.reflect.NativeMethodAccessorImpl.invoke0(Native Method)
  sun.reflect.NativeMethodAccessorImpl.invoke(NativeMethodAccessorImpl.java:62)
  sun.reflect.DelegatingMethodAccessorImpl.invoke(DelegatingMethodAccessorImpl.java:43)
  java.lang.reflect.Method.invoke(Method.java:498)
  org.testng.internal.MethodInvocationHelper.invokeMethod(MethodInvocationHelper.java:85)
  org.testng.internal.Invoker.invokeMethod(Invoker.java:639)
  org.testng.internal.Invoker.invokeTestMethod(Invoker.java:816)
  org.testng.internal.Invoker.invokeTestMethods(Invoker.java:1124)
  org.testng.internal.TestMethodWorker.invokeTestMethods(TestMethodWorker.java:125)
  org.testng.internal.TestMethodWorker.run(TestMethodWorker.java:108)
  org.testng.TestRunner.privateRun(TestRunner.java:774)
  org.testng.TestRunner.run(TestRunner.java:624)
  org.testng.SuiteRunner.runTest(SuiteRunner.java:359)
  org.testng.SuiteRunner.runSequentially(SuiteRunner.java:354)
  org.testng.SuiteRunner.privateRun(SuiteRunner.java:312)
  org.testng.SuiteRunner.run(SuiteRunner.java:261)
  org.testng.SuiteRunnerWorker.runSuite(SuiteRunnerWorker.java:52)
  org.testng.SuiteRunnerWorker.run(SuiteRunnerWorker.java:86)
  org.testng.TestNG.runSuitesSequentially(TestNG.java:1215)
  org.testng.TestNG.runSuitesLocally(TestNG.java:1140)
  org.testng.TestNG.run(TestNG.java:1048)
  org.apache.maven.surefire.testng.TestNGExecutor.run(TestNGExecutor.java:293)
  org.apache.maven.surefire.testng.TestNGXmlTestSuite.execute(TestNGXmlTestSuite.java:84)
  org.apache.maven.surefire.testng.TestNGProvider.invoke(TestNGProvider.java:91)
  org.apache.maven.surefire.booter.ForkedBooter.invokeProviderInSameClassLoader(ForkedBooter.java:200)
  org.apache.maven.surefire.booter.ForkedBooter.runSuitesInProcess(ForkedBooter.java:153)
  org.apache.maven.surefire.booter.ForkedBooter.main(ForkedBooter.java:103)
]]>
      </failure>

          </testcase>
  
  
            <testcase name="C2_sip_6701" time="57.341" classname="com.yeastar.swebtest.testcase.DetailCase.pbxcase.Queue" />
                <testcase name="F3_dynamic_logoff6701" time="13.658" classname="com.yeastar.swebtest.testcase.DetailCase.pbxcase.Queue" />
                <testcase name="C7_e1_6701" time="0.001" classname="com.yeastar.swebtest.testcase.DetailCase.pbxcase.Queue" />
                <testcase name="F6_dynamic_login6711" time="27.752" classname="com.yeastar.swebtest.testcase.DetailCase.pbxcase.Queue" />
                <testcase name="F1_dynamic_login6701" time="25.936" classname="com.yeastar.swebtest.testcase.DetailCase.pbxcase.Queue" />
                <testcase name="E3_key2_voicemail3_login" time="21.190" classname="com.yeastar.swebtest.testcase.DetailCase.pbxcase.Queue" />
                <testcase name="O1_delete" time="70.295" classname="com.yeastar.swebtest.testcase.DetailCase.pbxcase.Queue" />
                <testcase name="A2_AddQueues" time="50.597" classname="com.yeastar.swebtest.testcase.DetailCase.pbxcase.Queue" />
                <testcase name="B2_AddInbound" time="31.105" classname="com.yeastar.swebtest.testcase.DetailCase.pbxcase.Queue" />
                <testcase name="F2_dynamic_call6701" time="44.297" classname="com.yeastar.swebtest.testcase.DetailCase.pbxcase.Queue" />
                <testcase name="A2_AddQueues" time="44.073" classname="com.yeastar.swebtest.testcase.DetailCase.pbxcase.Queue" />
                <testcase name="E6_key5_queue" time="43.060" classname="com.yeastar.swebtest.testcase.DetailCase.pbxcase.Queue" />
                <testcase name="B2_AddInbound" time="31.297" classname="com.yeastar.swebtest.testcase.DetailCase.pbxcase.Queue" />
                <testcase name="L1_linear" time="195.667" classname="com.yeastar.swebtest.testcase.DetailCase.pbxcase.Queue" />
                <testcase name="A2_AddQueues" time="46.812" classname="com.yeastar.swebtest.testcase.DetailCase.pbxcase.Queue" />
                <testcase name="H3_leastRecent" time="36.020" classname="com.yeastar.swebtest.testcase.DetailCase.pbxcase.Queue" />
                <testcase name="C5_fxo_6701" time="54.885" classname="com.yeastar.swebtest.testcase.DetailCase.pbxcase.Queue" />
                <testcase name="F7_dynamic_login6712" time="44.205" classname="com.yeastar.swebtest.testcase.DetailCase.pbxcase.Queue" />
                <testcase name="I1_fewestcalls" time="72.967" classname="com.yeastar.swebtest.testcase.DetailCase.pbxcase.Queue" />
                <testcase name="B2_AddInbound" time="31.281" classname="com.yeastar.swebtest.testcase.DetailCase.pbxcase.Queue" />
                <testcase name="N4_leave_join_empty" time="1.004" classname="com.yeastar.swebtest.testcase.DetailCase.pbxcase.Queue" />
                <testcase name="D3_fail_voicemail3_login" time="21.437" classname="com.yeastar.swebtest.testcase.DetailCase.pbxcase.Queue" />
                <testcase name="A2_AddQueues" time="48.049" classname="com.yeastar.swebtest.testcase.DetailCase.pbxcase.Queue" />
                <testcase name="N5_leave_join_empty" time="28.961" classname="com.yeastar.swebtest.testcase.DetailCase.pbxcase.Queue" />
                <testcase name="A2_AddQueues" time="37.836" classname="com.yeastar.swebtest.testcase.DetailCase.pbxcase.Queue" />
                <testcase name="A2_AddQueues" time="40.634" classname="com.yeastar.swebtest.testcase.DetailCase.pbxcase.Queue" />
                <testcase name="B2_AddInbound" time="30.338" classname="com.yeastar.swebtest.testcase.DetailCase.pbxcase.Queue" />
                <testcase name="E3_key2_voicemail2_check" time="25.813" classname="com.yeastar.swebtest.testcase.DetailCase.pbxcase.Queue" />
                <testcase name="N2_leave_join_empty" time="10.006" classname="com.yeastar.swebtest.testcase.DetailCase.pbxcase.Queue" />
                <testcase name="A1_Init" time="30.461" classname="com.yeastar.swebtest.testcase.DetailCase.pbxcase.Queue" />
                <testcase name="G8_AgentTimeout_Retry" time="113.294" classname="com.yeastar.swebtest.testcase.DetailCase.pbxcase.Queue" />
                <testcase name="D1_fail_hangup" time="11.004" classname="com.yeastar.swebtest.testcase.DetailCase.pbxcase.Queue" />
                <testcase name="N1_leave_join_empty" time="31.480" classname="com.yeastar.swebtest.testcase.DetailCase.pbxcase.Queue" />
                <testcase name="L2_linear" time="143.584" classname="com.yeastar.swebtest.testcase.DetailCase.pbxcase.Queue" />
                <testcase name="B2_AddInbound" time="30.096" classname="com.yeastar.swebtest.testcase.DetailCase.pbxcase.Queue" />
                <testcase name="B2_AddInbound" time="30.836" classname="com.yeastar.swebtest.testcase.DetailCase.pbxcase.Queue" />
                <testcase name="D8_fail_DialbyName" time="55.192" classname="com.yeastar.swebtest.testcase.DetailCase.pbxcase.Queue" />
                <testcase name="B2_AddInbound" time="30.898" classname="com.yeastar.swebtest.testcase.DetailCase.pbxcase.Queue" />
                <testcase name="H2_leastRecent" time="39.973" classname="com.yeastar.swebtest.testcase.DetailCase.pbxcase.Queue" />
                <testcase name="E7_key6_conference" time="51.176" classname="com.yeastar.swebtest.testcase.DetailCase.pbxcase.Queue" />
                <testcase name="E8_key7_DialbyName" time="53.840" classname="com.yeastar.swebtest.testcase.DetailCase.pbxcase.Queue" />
                <testcase name="C3_iax_6701" time="54.948" classname="com.yeastar.swebtest.testcase.DetailCase.pbxcase.Queue" />
                <testcase name="D4_fail_ivr" time="49.258" classname="com.yeastar.swebtest.testcase.DetailCase.pbxcase.Queue" />
                <testcase name="F9_dynamic_login6714" time="27.772" classname="com.yeastar.swebtest.testcase.DetailCase.pbxcase.Queue" />
                <testcase name="B3_Apply" time="8.101" classname="com.yeastar.swebtest.testcase.DetailCase.pbxcase.Queue" />
                <testcase name="K2_rrmemory" time="43.102" classname="com.yeastar.swebtest.testcase.DetailCase.pbxcase.Queue" />
                <testcase name="D6_fail_queue" time="49.172" classname="com.yeastar.swebtest.testcase.DetailCase.pbxcase.Queue" />
                <testcase name="G7_PeriodicAnnouncements" time="0.000" classname="com.yeastar.swebtest.testcase.DetailCase.pbxcase.Queue" />
                <testcase name="N7_leave_join_empty" time="28.989" classname="com.yeastar.swebtest.testcase.DetailCase.pbxcase.Queue" />
                <testcase name="A2_AddQueues" time="49.511" classname="com.yeastar.swebtest.testcase.DetailCase.pbxcase.Queue" />
                <testcase name="D3_fail_voicemail2_check" time="27.003" classname="com.yeastar.swebtest.testcase.DetailCase.pbxcase.Queue" />
                <testcase name="K1_rrmemory" time="92.999" classname="com.yeastar.swebtest.testcase.DetailCase.pbxcase.Queue" />
                <testcase name="B2_AddInbound" time="31.143" classname="com.yeastar.swebtest.testcase.DetailCase.pbxcase.Queue" />
                <testcase name="J1_random" time="0.000" classname="com.yeastar.swebtest.testcase.DetailCase.pbxcase.Queue" />
                <testcase name="C4_spx_6701" time="57.454" classname="com.yeastar.swebtest.testcase.DetailCase.pbxcase.Queue" />
                <testcase name="I3_fewestcalls" time="46.998" classname="com.yeastar.swebtest.testcase.DetailCase.pbxcase.Queue" />
                <testcase name="B1_AddInbound" time="20.570" classname="com.yeastar.swebtest.testcase.DetailCase.pbxcase.Queue" />
                <testcase name="A2_AddQueues" time="49.856" classname="com.yeastar.swebtest.testcase.DetailCase.pbxcase.Queue" />
                <testcase name="P1_recovery" time="37.786" classname="com.yeastar.swebtest.testcase.DetailCase.pbxcase.Queue" />
                <testcase name="B2_AddInbound" time="31.217" classname="com.yeastar.swebtest.testcase.DetailCase.pbxcase.Queue" />
                <testcase name="A2_AddQueues" time="37.287" classname="com.yeastar.swebtest.testcase.DetailCase.pbxcase.Queue" />
                <testcase name="A2_AddQueues" time="43.196" classname="com.yeastar.swebtest.testcase.DetailCase.pbxcase.Queue" />
                <testcase name="G4_AgentID" time="0.001" classname="com.yeastar.swebtest.testcase.DetailCase.pbxcase.Queue" />
                <testcase name="A2_AddQueues" time="50.429" classname="com.yeastar.swebtest.testcase.DetailCase.pbxcase.Queue" />
                <testcase name="Fa_dynamic_login6714" time="18.843" classname="com.yeastar.swebtest.testcase.DetailCase.pbxcase.Queue" />
                <testcase name="D7_fail_conference" time="53.065" classname="com.yeastar.swebtest.testcase.DetailCase.pbxcase.Queue" />
                <testcase name="E3_key2_voicemail1" time="59.653" classname="com.yeastar.swebtest.testcase.DetailCase.pbxcase.Queue" />
                <testcase name="G6_CallerPosition" time="0.000" classname="com.yeastar.swebtest.testcase.DetailCase.pbxcase.Queue" />
                <testcase name="D5_fail_ringgroup" time="45.712" classname="com.yeastar.swebtest.testcase.DetailCase.pbxcase.Queue" />
                <testcase name="H1_leastRecent" time="71.096" classname="com.yeastar.swebtest.testcase.DetailCase.pbxcase.Queue" />
                <testcase name="A2_AddQueues" time="45.536" classname="com.yeastar.swebtest.testcase.DetailCase.pbxcase.Queue" />
                <testcase name="B2_AddInbound" time="30.882" classname="com.yeastar.swebtest.testcase.DetailCase.pbxcase.Queue" />
                <testcase name="A2_AddQueues" time="46.229" classname="com.yeastar.swebtest.testcase.DetailCase.pbxcase.Queue" />
                <testcase name="N3_leave_join_empty" time="28.922" classname="com.yeastar.swebtest.testcase.DetailCase.pbxcase.Queue" />
                <testcase name="E5_key4_ringgroup" time="45.502" classname="com.yeastar.swebtest.testcase.DetailCase.pbxcase.Queue" />
                <testcase name="E4_key3_ivr" time="45.882" classname="com.yeastar.swebtest.testcase.DetailCase.pbxcase.Queue" />
                <testcase name="B2_AddInbound" time="31.172" classname="com.yeastar.swebtest.testcase.DetailCase.pbxcase.Queue" />
                <testcase name="A2_AddQueues" time="47.656" classname="com.yeastar.swebtest.testcase.DetailCase.pbxcase.Queue" />
                <testcase name="I2_fewestcalls" time="51.190" classname="com.yeastar.swebtest.testcase.DetailCase.pbxcase.Queue" />
                <testcase name="E1_key0_hangup" time="34.566" classname="com.yeastar.swebtest.testcase.DetailCase.pbxcase.Queue" />
                <testcase name="B2_AddInbound" time="31.779" classname="com.yeastar.swebtest.testcase.DetailCase.pbxcase.Queue" />
                <testcase name="G9_warp_time0" time="49.518" classname="com.yeastar.swebtest.testcase.DetailCase.pbxcase.Queue" />
                <testcase name="N6_leave_join_empty" time="6.004" classname="com.yeastar.swebtest.testcase.DetailCase.pbxcase.Queue" />
                <testcase name="E2_key1_extension" time="41.170" classname="com.yeastar.swebtest.testcase.DetailCase.pbxcase.Queue" />
                <testcase name="C1_sps_6701" time="51.108" classname="com.yeastar.swebtest.testcase.DetailCase.pbxcase.Queue" />
                <testcase name="P2_recovery" time="59.499" classname="com.yeastar.swebtest.testcase.DetailCase.pbxcase.Queue" />
                <testcase name="B2_AddInbound" time="31.038" classname="com.yeastar.swebtest.testcase.DetailCase.pbxcase.Queue" />
                <testcase name="G9_warp_time20" time="100.066" classname="com.yeastar.swebtest.testcase.DetailCase.pbxcase.Queue" />
                <testcase name="B2_AddInbound" time="30.848" classname="com.yeastar.swebtest.testcase.DetailCase.pbxcase.Queue" />
                <testcase name="G3_MusicOnHold2" time="51.304" classname="com.yeastar.swebtest.testcase.DetailCase.pbxcase.Queue" />
                <testcase name="F8_dynamic_login6713" time="28.136" classname="com.yeastar.swebtest.testcase.DetailCase.pbxcase.Queue" />
                <testcase name="D3_fail_voicemail1" time="61.118" classname="com.yeastar.swebtest.testcase.DetailCase.pbxcase.Queue" />
                <testcase name="C8_gsm_6701" time="0.000" classname="com.yeastar.swebtest.testcase.DetailCase.pbxcase.Queue" />
      
</testsuite>
