<?xml version="1.0" encoding="UTF-8"?>
<testsuite name="pbxcore"
           tests="88"
           failures="2"
           errors="0"
           skipped="0"
           time="5601.094">
  <properties />
            <testcase name="B1_checkTrunk" time="42.271" classname="com.yeastar.swebtest.testcase.DetailCase.pbxcase.InboundRoutes">
                <failure type="java.lang.AssertionError"
                  message=" 录音失败"
              >
<![CDATA[java.lang.AssertionError:  录音失败
  com.yeastar.swebtest.tools.ysassert.YsAssert.fail(YsAssert.java:1086)
  com.yeastar.swebtest.testcase.RegressionCase.pbxcase.Inbound.A_callfrom1_sip(Inbound.java:66)
  com.yeastar.swebtest.testcase.DetailCase.pbxcase.InboundRoutes.B1_checkTrunk(InboundRoutes.java:105)
  sun.reflect.NativeMethodAccessorImpl.invoke0(Native Method)
  sun.reflect.NativeMethodAccessorImpl.invoke(NativeMethodAccessorImpl.java:62)
  sun.reflect.DelegatingMethodAccessorImpl.invoke(DelegatingMethodAccessorImpl.java:43)
  java.lang.reflect.Method.invoke(Method.java:498)
  org.testng.internal.MethodInvocationHelper.invokeMethod(MethodInvocationHelper.java:85)
  org.testng.internal.Invoker.invokeMethod(Invoker.java:639)
  org.testng.internal.Invoker.invokeTestMethod(Invoker.java:816)
  org.testng.internal.Invoker.invokeTestMethods(Invoker.java:1124)
  org.testng.internal.TestMethodWorker.invokeTestMethods(TestMethodWorker.java:125)
  org.testng.internal.TestMethodWorker.run(TestMethodWorker.java:108)
  org.testng.TestRunner.privateRun(TestRunner.java:774)
  org.testng.TestRunner.run(TestRunner.java:624)
  org.testng.SuiteRunner.runTest(SuiteRunner.java:359)
  org.testng.SuiteRunner.runSequentially(SuiteRunner.java:354)
  org.testng.SuiteRunner.privateRun(SuiteRunner.java:312)
  org.testng.SuiteRunner.run(SuiteRunner.java:261)
  org.testng.SuiteRunnerWorker.runSuite(SuiteRunnerWorker.java:52)
  org.testng.SuiteRunnerWorker.run(SuiteRunnerWorker.java:86)
  org.testng.TestNG.runSuitesSequentially(TestNG.java:1215)
  org.testng.TestNG.runSuitesLocally(TestNG.java:1140)
  org.testng.TestNG.run(TestNG.java:1048)
  org.apache.maven.surefire.testng.TestNGExecutor.run(TestNGExecutor.java:293)
  org.apache.maven.surefire.testng.TestNGXmlTestSuite.execute(TestNGXmlTestSuite.java:84)
  org.apache.maven.surefire.testng.TestNGProvider.invoke(TestNGProvider.java:91)
  org.apache.maven.surefire.booter.ForkedBooter.invokeProviderInSameClassLoader(ForkedBooter.java:200)
  org.apache.maven.surefire.booter.ForkedBooter.runSuitesInProcess(ForkedBooter.java:153)
  org.apache.maven.surefire.booter.ForkedBooter.main(ForkedBooter.java:103)
]]>
      </failure>

          </testcase>
            <testcase name="Q_recovery5" time="23.392" classname="com.yeastar.swebtest.testcase.DetailCase.pbxcase.InboundRoutes">
                <failure type="com.codeborne.selenide.ex.ElementNotFound"
                  message="Element not found {By.xpath: .//div[@id='st-feature-extenspermission']//a[@data-qtip='Remove All from Selected']}
Expected: exist"
              >
<![CDATA[Element not found {By.xpath: .//div[@id='st-feature-extenspermission']//a[@data-qtip='Remove All from Selected']}
Expected: exist
Screenshot: file:/F:/MyProject/SwebTest/build/reports/tests/1524255021971.2.png
Timeout: 15 s.
Caused by: WebDriverException: unknown error: Element <a class="x-btn x-form-itemselector-btn x-unselectable x-box-item x-toolbar-item x-btn-default-small" style="margin: 0px; right: auto; left: 0px; top: 149px;" hidefocus="on" unselectable="on" role="button" aria-hidden="false" aria-disabled="false" aria-label="Remove All from Selected" id="button-14338" tabindex="-1" data-qtip="Remove All from Selected" data-componentid="button-14338">...</a> is not clickable at point (941, 573). Other element would receive the click: <div class="x-css-shadow" role="presentation" id="ext-element-82" style="box-shadow: rgb(136, 136, 136) 0px 0px 6px; right: auto; left: 602px; top: 315px; width: 700px; height: 396px; z-index: 29000;"></div>
  com.codeborne.selenide.impl.WebElementSource.createElementNotFoundError(WebElementSource.java:31)
  com.codeborne.selenide.impl.ElementFinder.createElementNotFoundError(ElementFinder.java:82)
  com.codeborne.selenide.impl.SelenideElementProxy.dispatchAndRetry(SelenideElementProxy.java:115)
  com.codeborne.selenide.impl.SelenideElementProxy.invoke(SelenideElementProxy.java:62)
  com.sun.proxy.$Proxy6.click(Unknown Source)
  com.yeastar.swebtest.testcase.DetailCase.pbxcase.InboundRoutes.Q_recovery5(InboundRoutes.java:2431)
  sun.reflect.NativeMethodAccessorImpl.invoke0(Native Method)
  sun.reflect.NativeMethodAccessorImpl.invoke(NativeMethodAccessorImpl.java:62)
  sun.reflect.DelegatingMethodAccessorImpl.invoke(DelegatingMethodAccessorImpl.java:43)
  java.lang.reflect.Method.invoke(Method.java:498)
  org.testng.internal.MethodInvocationHelper.invokeMethod(MethodInvocationHelper.java:85)
  org.testng.internal.Invoker.invokeMethod(Invoker.java:639)
  org.testng.internal.Invoker.invokeTestMethod(Invoker.java:816)
  org.testng.internal.Invoker.invokeTestMethods(Invoker.java:1124)
  org.testng.internal.TestMethodWorker.invokeTestMethods(TestMethodWorker.java:125)
  org.testng.internal.TestMethodWorker.run(TestMethodWorker.java:108)
  org.testng.TestRunner.privateRun(TestRunner.java:774)
  org.testng.TestRunner.run(TestRunner.java:624)
  org.testng.SuiteRunner.runTest(SuiteRunner.java:359)
  org.testng.SuiteRunner.runSequentially(SuiteRunner.java:354)
  org.testng.SuiteRunner.privateRun(SuiteRunner.java:312)
  org.testng.SuiteRunner.run(SuiteRunner.java:261)
  org.testng.SuiteRunnerWorker.runSuite(SuiteRunnerWorker.java:52)
  org.testng.SuiteRunnerWorker.run(SuiteRunnerWorker.java:86)
  org.testng.TestNG.runSuitesSequentially(TestNG.java:1215)
  org.testng.TestNG.runSuitesLocally(TestNG.java:1140)
  org.testng.TestNG.run(TestNG.java:1048)
  org.apache.maven.surefire.testng.TestNGExecutor.run(TestNGExecutor.java:293)
  org.apache.maven.surefire.testng.TestNGXmlTestSuite.execute(TestNGXmlTestSuite.java:84)
  org.apache.maven.surefire.testng.TestNGProvider.invoke(TestNGProvider.java:91)
  org.apache.maven.surefire.booter.ForkedBooter.invokeProviderInSameClassLoader(ForkedBooter.java:200)
  org.apache.maven.surefire.booter.ForkedBooter.runSuitesInProcess(ForkedBooter.java:153)
  org.apache.maven.surefire.booter.ForkedBooter.main(ForkedBooter.java:103)
Caused by: org.openqa.selenium.WebDriverException: unknown error: Element <a class="x-btn x-form-itemselector-btn x-unselectable x-box-item x-toolbar-item x-btn-default-small" style="margin: 0px; right: auto; left: 0px; top: 149px;" hidefocus="on" unselectable="on" role="button" aria-hidden="false" aria-disabled="false" aria-label="Remove All from Selected" id="button-14338" tabindex="-1" data-qtip="Remove All from Selected" data-componentid="button-14338">...</a> is not clickable at point (941, 573). Other element would receive the click: <div class="x-css-shadow" role="presentation" id="ext-element-82" style="box-shadow: rgb(136, 136, 136) 0px 0px 6px; right: auto; left: 602px; top: 315px; width: 700px; height: 396px; z-index: 29000;"></div>
  (Session info: chrome=64.0.3282.140)
  (Driver info: chromedriver=2.33.506120 (e3e53437346286c0bc2d2dc9aa4915ba81d9023f),platform=Windows NT 6.1.7601 SP1 x86_64) (WARNING: The server did not provide any stacktrace information)
Command duration or timeout: 52 milliseconds
Build info: version: '2.53.1', revision: 'a36b8b1cd5757287168e54b817830adce9b0158d', time: '2016-06-30 19:26:09'
System info: host: 'Yeastar-PC', ip: '192.168.11.194', os.name: 'Windows 7', os.arch: 'x86', os.version: '6.1', java.version: '1.8.0_121'
Driver info: org.openqa.selenium.chrome.ChromeDriver
Capabilities [{applicationCacheEnabled=false, rotatable=false, mobileEmulationEnabled=false, networkConnectionEnabled=false, chrome={chromedriverVersion=2.33.506120 (e3e53437346286c0bc2d2dc9aa4915ba81d9023f), userDataDir=C:\Users\Yeastar\AppData\Local\Temp\scoped_dir11284_23626}, takesHeapSnapshot=true, pageLoadStrategy=normal, databaseEnabled=false, handlesAlerts=true, hasTouchScreen=false, version=64.0.3282.140, platform=XP, browserConnectionEnabled=false, nativeEvents=true, acceptSslCerts=true, locationContextEnabled=true, webStorageEnabled=true, browserName=chrome, takesScreenshot=true, javascriptEnabled=true, cssSelectorsEnabled=true, setWindowRect=true, unexpectedAlertBehaviour=}]
Session ID: 633fa64d9399581edadc3989bbb82169
  sun.reflect.GeneratedConstructorAccessor46.newInstance(Unknown Source)
  sun.reflect.DelegatingConstructorAccessorImpl.newInstance(DelegatingConstructorAccessorImpl.java:45)
  java.lang.reflect.Constructor.newInstance(Constructor.java:423)
  org.openqa.selenium.remote.ErrorHandler.createThrowable(ErrorHandler.java:206)
  org.openqa.selenium.remote.ErrorHandler.throwIfResponseFailed(ErrorHandler.java:158)
  org.openqa.selenium.remote.RemoteWebDriver.execute(RemoteWebDriver.java:678)
  org.openqa.selenium.remote.RemoteWebElement.execute(RemoteWebElement.java:327)
  org.openqa.selenium.remote.RemoteWebElement.click(RemoteWebElement.java:85)
  com.codeborne.selenide.commands.Click.click(Click.java:22)
  com.codeborne.selenide.commands.Click.execute(Click.java:14)
  com.codeborne.selenide.commands.Click.execute(Click.java:11)
  com.codeborne.selenide.commands.Commands.execute(Commands.java:140)
  com.codeborne.selenide.impl.SelenideElementProxy.dispatchAndRetry(SelenideElementProxy.java:86)
  com.codeborne.selenide.impl.SelenideElementProxy.invoke(SelenideElementProxy.java:62)
  com.sun.proxy.$Proxy6.click(Unknown Source)
  com.yeastar.swebtest.testcase.DetailCase.pbxcase.InboundRoutes.Q_recovery5(InboundRoutes.java:2431)
  sun.reflect.NativeMethodAccessorImpl.invoke0(Native Method)
  sun.reflect.NativeMethodAccessorImpl.invoke(NativeMethodAccessorImpl.java:62)
  sun.reflect.DelegatingMethodAccessorImpl.invoke(DelegatingMethodAccessorImpl.java:43)
  java.lang.reflect.Method.invoke(Method.java:498)
  org.testng.internal.MethodInvocationHelper.invokeMethod(MethodInvocationHelper.java:85)
  org.testng.internal.Invoker.invokeMethod(Invoker.java:639)
  org.testng.internal.Invoker.invokeTestMethod(Invoker.java:816)
  org.testng.internal.Invoker.invokeTestMethods(Invoker.java:1124)
  org.testng.internal.TestMethodWorker.invokeTestMethods(TestMethodWorker.java:125)
  org.testng.internal.TestMethodWorker.run(TestMethodWorker.java:108)
  org.testng.TestRunner.privateRun(TestRunner.java:774)
  org.testng.TestRunner.run(TestRunner.java:624)
  org.testng.SuiteRunner.runTest(SuiteRunner.java:359)
  org.testng.SuiteRunner.runSequentially(SuiteRunner.java:354)
  org.testng.SuiteRunner.privateRun(SuiteRunner.java:312)
  org.testng.SuiteRunner.run(SuiteRunner.java:261)
  org.testng.SuiteRunnerWorker.runSuite(SuiteRunnerWorker.java:52)
  org.testng.SuiteRunnerWorker.run(SuiteRunnerWorker.java:86)
  org.testng.TestNG.runSuitesSequentially(TestNG.java:1215)
  org.testng.TestNG.runSuitesLocally(TestNG.java:1140)
  org.testng.TestNG.run(TestNG.java:1048)
  org.apache.maven.surefire.testng.TestNGExecutor.run(TestNGExecutor.java:293)
  org.apache.maven.surefire.testng.TestNGXmlTestSuite.execute(TestNGXmlTestSuite.java:84)
  org.apache.maven.surefire.testng.TestNGProvider.invoke(TestNGProvider.java:91)
  org.apache.maven.surefire.booter.ForkedBooter.invokeProviderInSameClassLoader(ForkedBooter.java:200)
  org.apache.maven.surefire.booter.ForkedBooter.runSuitesInProcess(ForkedBooter.java:153)
  org.apache.maven.surefire.booter.ForkedBooter.main(ForkedBooter.java:103)
]]>
      </failure>

          </testcase>
  
  
            <testcase name="A_addExtensions" time="46.089" classname="com.yeastar.swebtest.testcase.DetailCase.pbxcase.InboundRoutes" />
                <testcase name="K2_deletePartRoute_yes" time="13.425" classname="com.yeastar.swebtest.testcase.DetailCase.pbxcase.InboundRoutes" />
                <testcase name="I1_Disa" time="37.352" classname="com.yeastar.swebtest.testcase.DetailCase.pbxcase.InboundRoutes" />
                <testcase name="J3_checkConference" time="14.083" classname="com.yeastar.swebtest.testcase.DetailCase.pbxcase.InboundRoutes" />
                <testcase name="G4_holiday" time="82.933" classname="com.yeastar.swebtest.testcase.DetailCase.pbxcase.InboundRoutes" />
                <testcase name="Q_recovery3" time="17.691" classname="com.yeastar.swebtest.testcase.DetailCase.pbxcase.InboundRoutes" />
                <testcase name="G5_addTime2_noHoliday" time="28.252" classname="com.yeastar.swebtest.testcase.DetailCase.pbxcase.InboundRoutes" />
                <testcase name="Q_recovery" time="57.315" classname="com.yeastar.swebtest.testcase.DetailCase.pbxcase.InboundRoutes" />
                <testcase name="K1_deletePartRoute_no" time="53.629" classname="com.yeastar.swebtest.testcase.DetailCase.pbxcase.InboundRoutes" />
                <testcase name="B2_checkDID" time="78.633" classname="com.yeastar.swebtest.testcase.DetailCase.pbxcase.InboundRoutes" />
                <testcase name="B2_checkDID" time="78.691" classname="com.yeastar.swebtest.testcase.DetailCase.pbxcase.InboundRoutes" />
                <testcase name="H2_checkFeatureCode3" time="48.399" classname="com.yeastar.swebtest.testcase.DetailCase.pbxcase.InboundRoutes" />
                <testcase name="E3_Outbound_spx" time="70.141" classname="com.yeastar.swebtest.testcase.DetailCase.pbxcase.InboundRoutes" />
                <testcase name="B2_checkDID" time="78.873" classname="com.yeastar.swebtest.testcase.DetailCase.pbxcase.InboundRoutes" />
                <testcase name="B2_checkDID" time="78.965" classname="com.yeastar.swebtest.testcase.DetailCase.pbxcase.InboundRoutes" />
                <testcase name="C2_checkPriority2" time="84.814" classname="com.yeastar.swebtest.testcase.DetailCase.pbxcase.InboundRoutes" />
                <testcase name="L4_checkDIDPriority3" time="31.875" classname="com.yeastar.swebtest.testcase.DetailCase.pbxcase.InboundRoutes" />
                <testcase name="L1_import" time="16.927" classname="com.yeastar.swebtest.testcase.DetailCase.pbxcase.InboundRoutes" />
                <testcase name="C2_checkPriority3" time="103.744" classname="com.yeastar.swebtest.testcase.DetailCase.pbxcase.InboundRoutes" />
                <testcase name="E1_Outbound_sip" time="67.159" classname="com.yeastar.swebtest.testcase.DetailCase.pbxcase.InboundRoutes" />
                <testcase name="I9_timecondition_extensionRange" time="119.390" classname="com.yeastar.swebtest.testcase.DetailCase.pbxcase.InboundRoutes" />
                <testcase name="B5_checkDIDAndCaller" time="105.283" classname="com.yeastar.swebtest.testcase.DetailCase.pbxcase.InboundRoutes" />
                <testcase name="K4_deleteAllRoute_yes" time="13.341" classname="com.yeastar.swebtest.testcase.DetailCase.pbxcase.InboundRoutes" />
                <testcase name="B2_checkDID" time="77.637" classname="com.yeastar.swebtest.testcase.DetailCase.pbxcase.InboundRoutes" />
                <testcase name="G9_timeOrder2" time="68.691" classname="com.yeastar.swebtest.testcase.DetailCase.pbxcase.InboundRoutes" />
                <testcase name="I7_timecondition_outbound_bri" time="67.464" classname="com.yeastar.swebtest.testcase.DetailCase.pbxcase.InboundRoutes" />
                <testcase name="M1_deleteOneRoute_no" time="19.764" classname="com.yeastar.swebtest.testcase.DetailCase.pbxcase.InboundRoutes" />
                <testcase name="G2_otherTime2" time="239.890" classname="com.yeastar.swebtest.testcase.DetailCase.pbxcase.InboundRoutes" />
                <testcase name="G2_otherTime1" time="85.496" classname="com.yeastar.swebtest.testcase.DetailCase.pbxcase.InboundRoutes" />
                <testcase name="Q_recovery4" time="16.331" classname="com.yeastar.swebtest.testcase.DetailCase.pbxcase.InboundRoutes" />
                <testcase name="B2_checkDID" time="77.545" classname="com.yeastar.swebtest.testcase.DetailCase.pbxcase.InboundRoutes" />
                <testcase name="G9_timeOrder1" time="75.510" classname="com.yeastar.swebtest.testcase.DetailCase.pbxcase.InboundRoutes" />
                <testcase name="I8_timecondition_outbound_e1" time="0.000" classname="com.yeastar.swebtest.testcase.DetailCase.pbxcase.InboundRoutes" />
                <testcase name="M2_deleteOneRoute_yes" time="27.861" classname="com.yeastar.swebtest.testcase.DetailCase.pbxcase.InboundRoutes" />
                <testcase name="D3_ExtensionRange" time="246.529" classname="com.yeastar.swebtest.testcase.DetailCase.pbxcase.InboundRoutes" />
                <testcase name="E4_Outbound_bri" time="103.821" classname="com.yeastar.swebtest.testcase.DetailCase.pbxcase.InboundRoutes" />
                <testcase name="G8_timeDelay" time="335.449" classname="com.yeastar.swebtest.testcase.DetailCase.pbxcase.InboundRoutes" />
                <testcase name="B2_checkDID" time="97.283" classname="com.yeastar.swebtest.testcase.DetailCase.pbxcase.InboundRoutes" />
                <testcase name="G6_checkPriority_NoHoliday" time="32.251" classname="com.yeastar.swebtest.testcase.DetailCase.pbxcase.InboundRoutes" />
                <testcase name="J2_deleteConference" time="21.393" classname="com.yeastar.swebtest.testcase.DetailCase.pbxcase.InboundRoutes" />
                <testcase name="E2_Outbound_iax" time="68.679" classname="com.yeastar.swebtest.testcase.DetailCase.pbxcase.InboundRoutes" />
                <testcase name="I4_timecondition_outbound_sip" time="60.603" classname="com.yeastar.swebtest.testcase.DetailCase.pbxcase.InboundRoutes" />
                <testcase name="L2_checkDIDPriority1" time="29.950" classname="com.yeastar.swebtest.testcase.DetailCase.pbxcase.InboundRoutes" />
                <testcase name="K3_deleteAllRoute_no" time="9.802" classname="com.yeastar.swebtest.testcase.DetailCase.pbxcase.InboundRoutes" />
                <testcase name="D4_Voicemail" time="56.420" classname="com.yeastar.swebtest.testcase.DetailCase.pbxcase.InboundRoutes" />
                <testcase name="G3_workday" time="75.853" classname="com.yeastar.swebtest.testcase.DetailCase.pbxcase.InboundRoutes" />
                <testcase name="O_deleteAllRoute" time="17.048" classname="com.yeastar.swebtest.testcase.DetailCase.pbxcase.InboundRoutes" />
                <testcase name="H3_editDestination" time="60.955" classname="com.yeastar.swebtest.testcase.DetailCase.pbxcase.InboundRoutes" />
                <testcase name="B2_checkDID" time="80.158" classname="com.yeastar.swebtest.testcase.DetailCase.pbxcase.InboundRoutes" />
                <testcase name="M3_editRoute" time="65.219" classname="com.yeastar.swebtest.testcase.DetailCase.pbxcase.InboundRoutes" />
                <testcase name="D1_Hangup" time="41.821" classname="com.yeastar.swebtest.testcase.DetailCase.pbxcase.InboundRoutes" />
                <testcase name="G5_addTime1_noWorkday" time="33.652" classname="com.yeastar.swebtest.testcase.DetailCase.pbxcase.InboundRoutes" />
                <testcase name="J1_disTimeCondition" time="65.850" classname="com.yeastar.swebtest.testcase.DetailCase.pbxcase.InboundRoutes" />
                <testcase name="G9_timeOrder3" time="76.748" classname="com.yeastar.swebtest.testcase.DetailCase.pbxcase.InboundRoutes" />
                <testcase name="H2_checkFeatureCode2" time="57.118" classname="com.yeastar.swebtest.testcase.DetailCase.pbxcase.InboundRoutes" />
                <testcase name="I5_timecondition_outbound_iax" time="67.553" classname="com.yeastar.swebtest.testcase.DetailCase.pbxcase.InboundRoutes" />
                <testcase name="C1_addRoute" time="445.727" classname="com.yeastar.swebtest.testcase.DetailCase.pbxcase.InboundRoutes" />
                <testcase name="B3_checkCaller1" time="77.739" classname="com.yeastar.swebtest.testcase.DetailCase.pbxcase.InboundRoutes" />
                <testcase name="C2_checkPriority1" time="61.930" classname="com.yeastar.swebtest.testcase.DetailCase.pbxcase.InboundRoutes" />
                <testcase name="N_checkCallerIDPriority1" time="29.094" classname="com.yeastar.swebtest.testcase.DetailCase.pbxcase.InboundRoutes" />
                <testcase name="H2_checkFeatureCode4" time="55.239" classname="com.yeastar.swebtest.testcase.DetailCase.pbxcase.InboundRoutes" />
                <testcase name="Q_recovery2" time="27.915" classname="com.yeastar.swebtest.testcase.DetailCase.pbxcase.InboundRoutes" />
                <testcase name="P2_checkSPX" time="28.913" classname="com.yeastar.swebtest.testcase.DetailCase.pbxcase.InboundRoutes" />
                <testcase name="L3_checkDIDPriority2" time="47.775" classname="com.yeastar.swebtest.testcase.DetailCase.pbxcase.InboundRoutes" />
                <testcase name="C2_checkPriority4_deleteRoute" time="22.921" classname="com.yeastar.swebtest.testcase.DetailCase.pbxcase.InboundRoutes" />
                <testcase name="H2_checkFeatureCode1" time="19.735" classname="com.yeastar.swebtest.testcase.DetailCase.pbxcase.InboundRoutes" />
                <testcase name="I2_callBack" time="72.755" classname="com.yeastar.swebtest.testcase.DetailCase.pbxcase.InboundRoutes" />
                <testcase name="B4_checkCaller2" time="74.272" classname="com.yeastar.swebtest.testcase.DetailCase.pbxcase.InboundRoutes" />
                <testcase name="B2_checkDID" time="78.788" classname="com.yeastar.swebtest.testcase.DetailCase.pbxcase.InboundRoutes" />
                <testcase name="H1_FeatureCode1" time="24.998" classname="com.yeastar.swebtest.testcase.DetailCase.pbxcase.InboundRoutes" />
                <testcase name="B2_checkDID" time="77.436" classname="com.yeastar.swebtest.testcase.DetailCase.pbxcase.InboundRoutes" />
                <testcase name="P1_checkSPS" time="31.916" classname="com.yeastar.swebtest.testcase.DetailCase.pbxcase.InboundRoutes" />
                <testcase name="I8_timecondition_outbound_account" time="0.000" classname="com.yeastar.swebtest.testcase.DetailCase.pbxcase.InboundRoutes" />
                <testcase name="I6_timecondition_outbound_spx" time="84.997" classname="com.yeastar.swebtest.testcase.DetailCase.pbxcase.InboundRoutes" />
                <testcase name="E6_Outbound_account" time="0.000" classname="com.yeastar.swebtest.testcase.DetailCase.pbxcase.InboundRoutes" />
                <testcase name="C2_checkPriority5" time="64.269" classname="com.yeastar.swebtest.testcase.DetailCase.pbxcase.InboundRoutes" />
                <testcase name="D2_FxsExtensions" time="53.350" classname="com.yeastar.swebtest.testcase.DetailCase.pbxcase.InboundRoutes" />
                <testcase name="I3_FxsExtension" time="60.402" classname="com.yeastar.swebtest.testcase.DetailCase.pbxcase.InboundRoutes" />
                <testcase name="B2_checkDID" time="77.716" classname="com.yeastar.swebtest.testcase.DetailCase.pbxcase.InboundRoutes" />
                <testcase name="G7_checkPriority_NoWorkday" time="65.948" classname="com.yeastar.swebtest.testcase.DetailCase.pbxcase.InboundRoutes" />
                <testcase name="G1_addTimeCondition" time="51.758" classname="com.yeastar.swebtest.testcase.DetailCase.pbxcase.InboundRoutes" />
                <testcase name="B6_editDIDAndCaller" time="31.542" classname="com.yeastar.swebtest.testcase.DetailCase.pbxcase.InboundRoutes" />
                <testcase name="C3_recoveryRingGroup" time="30.700" classname="com.yeastar.swebtest.testcase.DetailCase.pbxcase.InboundRoutes" />
                <testcase name="N_checkCallerIDPriority2" time="28.746" classname="com.yeastar.swebtest.testcase.DetailCase.pbxcase.InboundRoutes" />
                <testcase name="H1_FeatureCode2" time="21.502" classname="com.yeastar.swebtest.testcase.DetailCase.pbxcase.InboundRoutes" />
                <testcase name="E5_Outbound_e1" time="0.000" classname="com.yeastar.swebtest.testcase.DetailCase.pbxcase.InboundRoutes" />
      
</testsuite>
