<?xml version="1.0" encoding="UTF-8"?>
<testsuite name="pbxcore"
           tests="18"
           failures="2"
           errors="0"
           skipped="0"
           time="715.779">
  <properties />
            <testcase name="D2_2way" time="28.173" classname="com.yeastar.swebtest.testcase.DetailCase.pbxcase.Paging_Intercom">
                <failure type="java.lang.AssertionError"
                  message="预期：AMI会打印,d 【预期：true 实际：false】"
              >
<![CDATA[java.lang.AssertionError: 预期：AMI会打印,d 【预期：true 实际：false】
  com.yeastar.swebtest.tools.ysassert.YsAssert.fail(YsAssert.java:1092)
  com.yeastar.swebtest.tools.ysassert.YsAssert.failNotEquals(YsAssert.java:583)
  com.yeastar.swebtest.tools.ysassert.YsAssert.assertEqualsImpl(YsAssert.java:146)
  com.yeastar.swebtest.tools.ysassert.YsAssert.assertEquals(YsAssert.java:120)
  com.yeastar.swebtest.tools.ysassert.YsAssert.assertEquals(YsAssert.java:337)
  com.yeastar.swebtest.testcase.DetailCase.pbxcase.Paging_Intercom.D2_2way(Paging_Intercom.java:150)
  sun.reflect.NativeMethodAccessorImpl.invoke0(Native Method)
  sun.reflect.NativeMethodAccessorImpl.invoke(NativeMethodAccessorImpl.java:62)
  sun.reflect.DelegatingMethodAccessorImpl.invoke(DelegatingMethodAccessorImpl.java:43)
  java.lang.reflect.Method.invoke(Method.java:498)
  org.testng.internal.MethodInvocationHelper.invokeMethod(MethodInvocationHelper.java:85)
  org.testng.internal.Invoker.invokeMethod(Invoker.java:639)
  org.testng.internal.Invoker.invokeTestMethod(Invoker.java:816)
  org.testng.internal.Invoker.invokeTestMethods(Invoker.java:1124)
  org.testng.internal.TestMethodWorker.invokeTestMethods(TestMethodWorker.java:125)
  org.testng.internal.TestMethodWorker.run(TestMethodWorker.java:108)
  org.testng.TestRunner.privateRun(TestRunner.java:774)
  org.testng.TestRunner.run(TestRunner.java:624)
  org.testng.SuiteRunner.runTest(SuiteRunner.java:359)
  org.testng.SuiteRunner.runSequentially(SuiteRunner.java:354)
  org.testng.SuiteRunner.privateRun(SuiteRunner.java:312)
  org.testng.SuiteRunner.run(SuiteRunner.java:261)
  org.testng.SuiteRunnerWorker.runSuite(SuiteRunnerWorker.java:52)
  org.testng.SuiteRunnerWorker.run(SuiteRunnerWorker.java:86)
  org.testng.TestNG.runSuitesSequentially(TestNG.java:1215)
  org.testng.TestNG.runSuitesLocally(TestNG.java:1140)
  org.testng.TestNG.run(TestNG.java:1048)
  org.apache.maven.surefire.testng.TestNGExecutor.run(TestNGExecutor.java:293)
  org.apache.maven.surefire.testng.TestNGXmlTestSuite.execute(TestNGXmlTestSuite.java:84)
  org.apache.maven.surefire.testng.TestNGProvider.invoke(TestNGProvider.java:91)
  org.apache.maven.surefire.booter.ForkedBooter.invokeProviderInSameClassLoader(ForkedBooter.java:200)
  org.apache.maven.surefire.booter.ForkedBooter.runSuitesInProcess(ForkedBooter.java:153)
  org.apache.maven.surefire.booter.ForkedBooter.main(ForkedBooter.java:103)
]]>
      </failure>

          </testcase>
            <testcase name="I_Recovery" time="6.123" classname="com.yeastar.swebtest.testcase.DetailCase.pbxcase.Paging_Intercom">
                <failure type="java.lang.Error"
                  message="Invalid memory access"
              >
<![CDATA[java.lang.Error: Invalid memory access
  com.sun.jna.Native.invokeInt(Native Method)
  com.sun.jna.Function.invoke(Function.java:383)
  com.sun.jna.Function.invoke(Function.java:315)
  com.sun.jna.Library$Handler.invoke(Library.java:212)
  com.sun.proxy.$Proxy7.ys_hangup_all_call(Unknown Source)
  com.yeastar.swebtest.tools.pjsip.PjsipApp.Pj_Hangup_All(PjsipApp.java:294)
  com.yeastar.swebtest.testcase.DetailCase.pbxcase.Paging_Intercom.I_Recovery(Paging_Intercom.java:336)
  sun.reflect.NativeMethodAccessorImpl.invoke0(Native Method)
  sun.reflect.NativeMethodAccessorImpl.invoke(NativeMethodAccessorImpl.java:62)
  sun.reflect.DelegatingMethodAccessorImpl.invoke(DelegatingMethodAccessorImpl.java:43)
  java.lang.reflect.Method.invoke(Method.java:498)
  org.testng.internal.MethodInvocationHelper.invokeMethod(MethodInvocationHelper.java:85)
  org.testng.internal.Invoker.invokeMethod(Invoker.java:639)
  org.testng.internal.Invoker.invokeTestMethod(Invoker.java:816)
  org.testng.internal.Invoker.invokeTestMethods(Invoker.java:1124)
  org.testng.internal.TestMethodWorker.invokeTestMethods(TestMethodWorker.java:125)
  org.testng.internal.TestMethodWorker.run(TestMethodWorker.java:108)
  org.testng.TestRunner.privateRun(TestRunner.java:774)
  org.testng.TestRunner.run(TestRunner.java:624)
  org.testng.SuiteRunner.runTest(SuiteRunner.java:359)
  org.testng.SuiteRunner.runSequentially(SuiteRunner.java:354)
  org.testng.SuiteRunner.privateRun(SuiteRunner.java:312)
  org.testng.SuiteRunner.run(SuiteRunner.java:261)
  org.testng.SuiteRunnerWorker.runSuite(SuiteRunnerWorker.java:52)
  org.testng.SuiteRunnerWorker.run(SuiteRunnerWorker.java:86)
  org.testng.TestNG.runSuitesSequentially(TestNG.java:1215)
  org.testng.TestNG.runSuitesLocally(TestNG.java:1140)
  org.testng.TestNG.run(TestNG.java:1048)
  org.apache.maven.surefire.testng.TestNGExecutor.run(TestNGExecutor.java:293)
  org.apache.maven.surefire.testng.TestNGXmlTestSuite.execute(TestNGXmlTestSuite.java:84)
  org.apache.maven.surefire.testng.TestNGProvider.invoke(TestNGProvider.java:91)
  org.apache.maven.surefire.booter.ForkedBooter.invokeProviderInSameClassLoader(ForkedBooter.java:200)
  org.apache.maven.surefire.booter.ForkedBooter.runSuitesInProcess(ForkedBooter.java:153)
  org.apache.maven.surefire.booter.ForkedBooter.main(ForkedBooter.java:103)
]]>
      </failure>

          </testcase>
  
  
            <testcase name="B3_add_NewPage6302" time="19.888" classname="com.yeastar.swebtest.testcase.DetailCase.pbxcase.Paging_Intercom" />
                <testcase name="B2_add_AutoPag6301" time="17.715" classname="com.yeastar.swebtest.testcase.DetailCase.pbxcase.Paging_Intercom" />
                <testcase name="H_delete" time="118.064" classname="com.yeastar.swebtest.testcase.DetailCase.pbxcase.Paging_Intercom" />
                <testcase name="G1_intercom" time="63.224" classname="com.yeastar.swebtest.testcase.DetailCase.pbxcase.Paging_Intercom" />
                <testcase name="A1_InitIntercom" time="8.943" classname="com.yeastar.swebtest.testcase.DetailCase.pbxcase.Paging_Intercom" />
                <testcase name="C1_callforward" time="6.045" classname="com.yeastar.swebtest.testcase.DetailCase.pbxcase.Paging_Intercom" />
                <testcase name="G2_EditFeatureCode" time="49.539" classname="com.yeastar.swebtest.testcase.DetailCase.pbxcase.Paging_Intercom" />
                <testcase name="B4_add_Paging6303" time="18.728" classname="com.yeastar.swebtest.testcase.DetailCase.pbxcase.Paging_Intercom" />
                <testcase name="F1_followToPaging" time="62.971" classname="com.yeastar.swebtest.testcase.DetailCase.pbxcase.Paging_Intercom" />
                <testcase name="D1_1way" time="55.524" classname="com.yeastar.swebtest.testcase.DetailCase.pbxcase.Paging_Intercom" />
                <testcase name="E1_EnableAnswer" time="57.461" classname="com.yeastar.swebtest.testcase.DetailCase.pbxcase.Paging_Intercom" />
                <testcase name="A2_InitPaging" time="32.111" classname="com.yeastar.swebtest.testcase.DetailCase.pbxcase.Paging_Intercom" />
                <testcase name="B1_add_Paging6300" time="19.172" classname="com.yeastar.swebtest.testcase.DetailCase.pbxcase.Paging_Intercom" />
                <testcase name="B5_Apply" time="8.098" classname="com.yeastar.swebtest.testcase.DetailCase.pbxcase.Paging_Intercom" />
                <testcase name="E2_DisableAnswer" time="79.553" classname="com.yeastar.swebtest.testcase.DetailCase.pbxcase.Paging_Intercom" />
                <testcase name="G3_newIntercom" time="64.447" classname="com.yeastar.swebtest.testcase.DetailCase.pbxcase.Paging_Intercom" />
      
</testsuite>
