<?xml version="1.0" encoding="UTF-8"?>
<testsuite name="pbxcore"
           tests="17"
           failures="2"
           errors="0"
           skipped="0"
           time="402.688">
  <properties />
            <testcase name="E_checkPin" time="43.482" classname="com.yeastar.swebtest.testcase.DetailCase.pbxcase.PINList">
                <failure type="java.lang.AssertionError"
                  message="外线呼出进入pinList 【预期：true 实际：false】"
              >
<![CDATA[java.lang.AssertionError: 外线呼出进入pinList 【预期：true 实际：false】
  com.yeastar.swebtest.tools.ysassert.YsAssert.fail(YsAssert.java:1086)
  com.yeastar.swebtest.tools.ysassert.YsAssert.failNotEquals(YsAssert.java:579)
  com.yeastar.swebtest.tools.ysassert.YsAssert.assertEqualsImpl(YsAssert.java:142)
  com.yeastar.swebtest.tools.ysassert.YsAssert.assertEquals(YsAssert.java:116)
  com.yeastar.swebtest.tools.ysassert.YsAssert.assertEquals(YsAssert.java:333)
  com.yeastar.swebtest.testcase.DetailCase.pbxcase.PINList.E_checkPin(PINList.java:93)
  sun.reflect.NativeMethodAccessorImpl.invoke0(Native Method)
  sun.reflect.NativeMethodAccessorImpl.invoke(NativeMethodAccessorImpl.java:62)
  sun.reflect.DelegatingMethodAccessorImpl.invoke(DelegatingMethodAccessorImpl.java:43)
  java.lang.reflect.Method.invoke(Method.java:498)
  org.testng.internal.MethodInvocationHelper.invokeMethod(MethodInvocationHelper.java:85)
  org.testng.internal.Invoker.invokeMethod(Invoker.java:639)
  org.testng.internal.Invoker.invokeTestMethod(Invoker.java:816)
  org.testng.internal.Invoker.invokeTestMethods(Invoker.java:1124)
  org.testng.internal.TestMethodWorker.invokeTestMethods(TestMethodWorker.java:125)
  org.testng.internal.TestMethodWorker.run(TestMethodWorker.java:108)
  org.testng.TestRunner.privateRun(TestRunner.java:774)
  org.testng.TestRunner.run(TestRunner.java:624)
  org.testng.SuiteRunner.runTest(SuiteRunner.java:359)
  org.testng.SuiteRunner.runSequentially(SuiteRunner.java:354)
  org.testng.SuiteRunner.privateRun(SuiteRunner.java:312)
  org.testng.SuiteRunner.run(SuiteRunner.java:261)
  org.testng.SuiteRunnerWorker.runSuite(SuiteRunnerWorker.java:52)
  org.testng.SuiteRunnerWorker.run(SuiteRunnerWorker.java:86)
  org.testng.TestNG.runSuitesSequentially(TestNG.java:1215)
  org.testng.TestNG.runSuitesLocally(TestNG.java:1140)
  org.testng.TestNG.run(TestNG.java:1048)
  org.apache.maven.surefire.testng.TestNGExecutor.run(TestNGExecutor.java:293)
  org.apache.maven.surefire.testng.TestNGXmlTestSuite.execute(TestNGXmlTestSuite.java:84)
  org.apache.maven.surefire.testng.TestNGProvider.invoke(TestNGProvider.java:91)
  org.apache.maven.surefire.booter.ForkedBooter.invokeProviderInSameClassLoader(ForkedBooter.java:200)
  org.apache.maven.surefire.booter.ForkedBooter.runSuitesInProcess(ForkedBooter.java:153)
  org.apache.maven.surefire.booter.ForkedBooter.main(ForkedBooter.java:103)
]]>
      </failure>

          </testcase>
            <testcase name="G_checkPin" time="42.467" classname="com.yeastar.swebtest.testcase.DetailCase.pbxcase.PINList">
                <failure type="java.lang.AssertionError"
                  message="外线呼出进入pinList 【预期：true 实际：false】"
              >
<![CDATA[java.lang.AssertionError: 外线呼出进入pinList 【预期：true 实际：false】
  com.yeastar.swebtest.tools.ysassert.YsAssert.fail(YsAssert.java:1086)
  com.yeastar.swebtest.tools.ysassert.YsAssert.failNotEquals(YsAssert.java:579)
  com.yeastar.swebtest.tools.ysassert.YsAssert.assertEqualsImpl(YsAssert.java:142)
  com.yeastar.swebtest.tools.ysassert.YsAssert.assertEquals(YsAssert.java:116)
  com.yeastar.swebtest.tools.ysassert.YsAssert.assertEquals(YsAssert.java:333)
  com.yeastar.swebtest.testcase.DetailCase.pbxcase.PINList.G_checkPin(PINList.java:124)
  sun.reflect.NativeMethodAccessorImpl.invoke0(Native Method)
  sun.reflect.NativeMethodAccessorImpl.invoke(NativeMethodAccessorImpl.java:62)
  sun.reflect.DelegatingMethodAccessorImpl.invoke(DelegatingMethodAccessorImpl.java:43)
  java.lang.reflect.Method.invoke(Method.java:498)
  org.testng.internal.MethodInvocationHelper.invokeMethod(MethodInvocationHelper.java:85)
  org.testng.internal.Invoker.invokeMethod(Invoker.java:639)
  org.testng.internal.Invoker.invokeTestMethod(Invoker.java:816)
  org.testng.internal.Invoker.invokeTestMethods(Invoker.java:1124)
  org.testng.internal.TestMethodWorker.invokeTestMethods(TestMethodWorker.java:125)
  org.testng.internal.TestMethodWorker.run(TestMethodWorker.java:108)
  org.testng.TestRunner.privateRun(TestRunner.java:774)
  org.testng.TestRunner.run(TestRunner.java:624)
  org.testng.SuiteRunner.runTest(SuiteRunner.java:359)
  org.testng.SuiteRunner.runSequentially(SuiteRunner.java:354)
  org.testng.SuiteRunner.privateRun(SuiteRunner.java:312)
  org.testng.SuiteRunner.run(SuiteRunner.java:261)
  org.testng.SuiteRunnerWorker.runSuite(SuiteRunnerWorker.java:52)
  org.testng.SuiteRunnerWorker.run(SuiteRunnerWorker.java:86)
  org.testng.TestNG.runSuitesSequentially(TestNG.java:1215)
  org.testng.TestNG.runSuitesLocally(TestNG.java:1140)
  org.testng.TestNG.run(TestNG.java:1048)
  org.apache.maven.surefire.testng.TestNGExecutor.run(TestNGExecutor.java:293)
  org.apache.maven.surefire.testng.TestNGXmlTestSuite.execute(TestNGXmlTestSuite.java:84)
  org.apache.maven.surefire.testng.TestNGProvider.invoke(TestNGProvider.java:91)
  org.apache.maven.surefire.booter.ForkedBooter.invokeProviderInSameClassLoader(ForkedBooter.java:200)
  org.apache.maven.surefire.booter.ForkedBooter.runSuitesInProcess(ForkedBooter.java:153)
  org.apache.maven.surefire.booter.ForkedBooter.main(ForkedBooter.java:103)
]]>
      </failure>

          </testcase>
  
  
            <testcase name="I_checkPin" time="37.474" classname="com.yeastar.swebtest.testcase.DetailCase.pbxcase.PINList" />
                <testcase name="J3_deleteAllPin_no" time="9.868" classname="com.yeastar.swebtest.testcase.DetailCase.pbxcase.PINList" />
                <testcase name="J2_deletePartPin_yes" time="13.407" classname="com.yeastar.swebtest.testcase.DetailCase.pbxcase.PINList" />
                <testcase name="F_deletePinNumber" time="22.848" classname="com.yeastar.swebtest.testcase.DetailCase.pbxcase.PINList" />
                <testcase name="J1_deletePartPin_no" time="14.412" classname="com.yeastar.swebtest.testcase.DetailCase.pbxcase.PINList" />
                <testcase name="K2_recovery_Pin" time="10.102" classname="com.yeastar.swebtest.testcase.DetailCase.pbxcase.PINList" />
                <testcase name="K1_recovery_InRoute" time="28.889" classname="com.yeastar.swebtest.testcase.DetailCase.pbxcase.PINList" />
                <testcase name="H2_deleteOnePin_yes" time="27.822" classname="com.yeastar.swebtest.testcase.DetailCase.pbxcase.PINList" />
                <testcase name="B_addPin" time="18.328" classname="com.yeastar.swebtest.testcase.DetailCase.pbxcase.PINList" />
                <testcase name="A_addExtension" time="12.298" classname="com.yeastar.swebtest.testcase.DetailCase.pbxcase.PINList" />
                <testcase name="D_editInRoute" time="34.267" classname="com.yeastar.swebtest.testcase.DetailCase.pbxcase.PINList" />
                <testcase name="H1_deleteOnePin_no" time="19.873" classname="com.yeastar.swebtest.testcase.DetailCase.pbxcase.PINList" />
                <testcase name="C_editDISA" time="29.247" classname="com.yeastar.swebtest.testcase.DetailCase.pbxcase.PINList" />
                <testcase name="J4_deleteAllPin_yes" time="13.332" classname="com.yeastar.swebtest.testcase.DetailCase.pbxcase.PINList" />
                <testcase name="K3_recovery_Disa" time="24.572" classname="com.yeastar.swebtest.testcase.DetailCase.pbxcase.PINList" />
      
</testsuite>
