<?xml version="1.0" encoding="UTF-8"?>
<!-- Generated by org.testng.reporters.JUnitReportReporter -->
<testsuite hostname="Yeastar-PC" name="com.yeastar.swebtest.testcase.DetailCase.pbxcase.Queue" tests="102" failures="9" timestamp="20 Apr 2018 22:46:21 GMT" time="4443.266" errors="0">
  <testcase name="A2_AddQueues" time="44.094" classname="com.yeastar.swebtest.testcase.DetailCase.pbxcase.Queue"/>
  <testcase name="E4_key3_ivr" time="45.897" classname="com.yeastar.swebtest.testcase.DetailCase.pbxcase.Queue"/>
  <testcase name="B2_AddInbound" time="31.194" classname="com.yeastar.swebtest.testcase.DetailCase.pbxcase.Queue"/>
  <testcase name="C2_sip_6701" time="57.352" classname="com.yeastar.swebtest.testcase.DetailCase.pbxcase.Queue"/>
  <testcase name="B2_AddInbound" time="31.064" classname="com.yeastar.swebtest.testcase.DetailCase.pbxcase.Queue"/>
  <testcase name="B2_AddInbound" time="30.350" classname="com.yeastar.swebtest.testcase.DetailCase.pbxcase.Queue"/>
  <testcase name="E8_key7_DialbyName" time="53.861" classname="com.yeastar.swebtest.testcase.DetailCase.pbxcase.Queue"/>
  <testcase name="C3_iax_6701" time="54.959" classname="com.yeastar.swebtest.testcase.DetailCase.pbxcase.Queue"/>
  <testcase name="E3_key2_voicemail2_check" time="25.825" classname="com.yeastar.swebtest.testcase.DetailCase.pbxcase.Queue"/>
  <testcase name="G9_warp_time20" time="100.089" classname="com.yeastar.swebtest.testcase.DetailCase.pbxcase.Queue"/>
  <testcase name="A2_AddQueues" time="37.304" classname="com.yeastar.swebtest.testcase.DetailCase.pbxcase.Queue"/>
  <testcase name="B2_AddInbound" time="30.863" classname="com.yeastar.swebtest.testcase.DetailCase.pbxcase.Queue"/>
  <testcase name="M1_ringall" time="28.471" classname="com.yeastar.swebtest.testcase.DetailCase.pbxcase.Queue">
    <failure type="java.lang.AssertionError" message="预期1101会同时Ring 【预期：2 实际：4】">
      <![CDATA[java.lang.AssertionError: 预期1101会同时Ring 【预期：2 实际：4】
	at com.yeastar.swebtest.tools.ysassert.YsAssert.fail(YsAssert.java:1086)
	at com.yeastar.swebtest.tools.ysassert.YsAssert.failNotEquals(YsAssert.java:579)
	at com.yeastar.swebtest.tools.ysassert.YsAssert.assertEqualsImpl(YsAssert.java:142)
	at com.yeastar.swebtest.tools.ysassert.YsAssert.assertEquals(YsAssert.java:116)
	at com.yeastar.swebtest.tools.ysassert.YsAssert.assertEquals(YsAssert.java:425)
	at com.yeastar.swebtest.testcase.DetailCase.pbxcase.Queue.M1_ringall(Queue.java:1164)
	at sun.reflect.NativeMethodAccessorImpl.invoke0(Native Method)
	at sun.reflect.NativeMethodAccessorImpl.invoke(NativeMethodAccessorImpl.java:62)
	at sun.reflect.DelegatingMethodAccessorImpl.invoke(DelegatingMethodAccessorImpl.java:43)
	at java.lang.reflect.Method.invoke(Method.java:498)
	at org.testng.internal.MethodInvocationHelper.invokeMethod(MethodInvocationHelper.java:85)
	at org.testng.internal.Invoker.invokeMethod(Invoker.java:639)
	at org.testng.internal.Invoker.invokeTestMethod(Invoker.java:816)
	at org.testng.internal.Invoker.invokeTestMethods(Invoker.java:1124)
	at org.testng.internal.TestMethodWorker.invokeTestMethods(TestMethodWorker.java:125)
	at org.testng.internal.TestMethodWorker.run(TestMethodWorker.java:108)
	at org.testng.TestRunner.privateRun(TestRunner.java:774)
	at org.testng.TestRunner.run(TestRunner.java:624)
	at org.testng.SuiteRunner.runTest(SuiteRunner.java:359)
	at org.testng.SuiteRunner.runSequentially(SuiteRunner.java:354)
	at org.testng.SuiteRunner.privateRun(SuiteRunner.java:312)
	at org.testng.SuiteRunner.run(SuiteRunner.java:261)
	at org.testng.SuiteRunnerWorker.runSuite(SuiteRunnerWorker.java:52)
	at org.testng.SuiteRunnerWorker.run(SuiteRunnerWorker.java:86)
	at org.testng.TestNG.runSuitesSequentially(TestNG.java:1215)
	at org.testng.TestNG.runSuitesLocally(TestNG.java:1140)
	at org.testng.TestNG.run(TestNG.java:1048)
	at org.apache.maven.surefire.testng.TestNGExecutor.run(TestNGExecutor.java:293)
	at org.apache.maven.surefire.testng.TestNGXmlTestSuite.execute(TestNGXmlTestSuite.java:84)
	at org.apache.maven.surefire.testng.TestNGProvider.invoke(TestNGProvider.java:91)
	at org.apache.maven.surefire.booter.ForkedBooter.invokeProviderInSameClassLoader(ForkedBooter.java:200)
	at org.apache.maven.surefire.booter.ForkedBooter.runSuitesInProcess(ForkedBooter.java:153)
	at org.apache.maven.surefire.booter.ForkedBooter.main(ForkedBooter.java:103)
]]>
    </failure>
  </testcase> <!-- M1_ringall -->
  <testcase name="E6_key5_queue" time="43.076" classname="com.yeastar.swebtest.testcase.DetailCase.pbxcase.Queue"/>
  <testcase name="N2_leave_join_empty" time="10.030" classname="com.yeastar.swebtest.testcase.DetailCase.pbxcase.Queue"/>
  <testcase name="A2_AddQueues" time="47.672" classname="com.yeastar.swebtest.testcase.DetailCase.pbxcase.Queue"/>
  <testcase name="B2_AddInbound" time="31.309" classname="com.yeastar.swebtest.testcase.DetailCase.pbxcase.Queue"/>
  <testcase name="D2_fail_extension" time="37.219" classname="com.yeastar.swebtest.testcase.DetailCase.pbxcase.Queue">
    <failure type="java.lang.AssertionError" message="CDR被叫方检测 【预期：1000 [6703(1000)] 实际：1000 [6701(1000)]】">
      <![CDATA[java.lang.AssertionError: CDR被叫方检测 【预期：1000 [6703(1000)] 实际：1000 [6701(1000)]】
	at com.yeastar.swebtest.tools.ysassert.YsAssert.fail(YsAssert.java:1086)
	at com.yeastar.swebtest.tools.ysassert.YsAssert.failNotEquals(YsAssert.java:579)
	at com.yeastar.swebtest.tools.ysassert.YsAssert.assertEqualsImpl(YsAssert.java:142)
	at com.yeastar.swebtest.tools.ysassert.YsAssert.assertEquals(YsAssert.java:116)
	at com.yeastar.swebtest.tools.ysassert.YsAssert.assertEquals(YsAssert.java:199)
	at com.yeastar.swebtest.driver.YSMethod.YS_Extension.checkCDR(YS_Extension.java:263)
	at com.yeastar.swebtest.driver.YSMethod.YS_Extension.checkCDR(YS_Extension.java:252)
	at com.yeastar.swebtest.testcase.DetailCase.pbxcase.Queue.D2_fail_extension(Queue.java:343)
	at sun.reflect.NativeMethodAccessorImpl.invoke0(Native Method)
	at sun.reflect.NativeMethodAccessorImpl.invoke(NativeMethodAccessorImpl.java:62)
	at sun.reflect.DelegatingMethodAccessorImpl.invoke(DelegatingMethodAccessorImpl.java:43)
	at java.lang.reflect.Method.invoke(Method.java:498)
	at org.testng.internal.MethodInvocationHelper.invokeMethod(MethodInvocationHelper.java:85)
	at org.testng.internal.Invoker.invokeMethod(Invoker.java:639)
	at org.testng.internal.Invoker.invokeTestMethod(Invoker.java:816)
	at org.testng.internal.Invoker.invokeTestMethods(Invoker.java:1124)
	at org.testng.internal.TestMethodWorker.invokeTestMethods(TestMethodWorker.java:125)
	at org.testng.internal.TestMethodWorker.run(TestMethodWorker.java:108)
	at org.testng.TestRunner.privateRun(TestRunner.java:774)
	at org.testng.TestRunner.run(TestRunner.java:624)
	at org.testng.SuiteRunner.runTest(SuiteRunner.java:359)
	at org.testng.SuiteRunner.runSequentially(SuiteRunner.java:354)
	at org.testng.SuiteRunner.privateRun(SuiteRunner.java:312)
	at org.testng.SuiteRunner.run(SuiteRunner.java:261)
	at org.testng.SuiteRunnerWorker.runSuite(SuiteRunnerWorker.java:52)
	at org.testng.SuiteRunnerWorker.run(SuiteRunnerWorker.java:86)
	at org.testng.TestNG.runSuitesSequentially(TestNG.java:1215)
	at org.testng.TestNG.runSuitesLocally(TestNG.java:1140)
	at org.testng.TestNG.run(TestNG.java:1048)
	at org.apache.maven.surefire.testng.TestNGExecutor.run(TestNGExecutor.java:293)
	at org.apache.maven.surefire.testng.TestNGXmlTestSuite.execute(TestNGXmlTestSuite.java:84)
	at org.apache.maven.surefire.testng.TestNGProvider.invoke(TestNGProvider.java:91)
	at org.apache.maven.surefire.booter.ForkedBooter.invokeProviderInSameClassLoader(ForkedBooter.java:200)
	at org.apache.maven.surefire.booter.ForkedBooter.runSuitesInProcess(ForkedBooter.java:153)
	at org.apache.maven.surefire.booter.ForkedBooter.main(ForkedBooter.java:103)
]]>
    </failure>
  </testcase> <!-- D2_fail_extension -->
  <testcase name="F3_dynamic_logoff6701" time="13.685" classname="com.yeastar.swebtest.testcase.DetailCase.pbxcase.Queue"/>
  <testcase name="G3_MusicOnHold2" time="51.316" classname="com.yeastar.swebtest.testcase.DetailCase.pbxcase.Queue"/>
  <testcase name="L1_linear" time="195.694" classname="com.yeastar.swebtest.testcase.DetailCase.pbxcase.Queue"/>
  <testcase name="A2_AddQueues" time="43.208" classname="com.yeastar.swebtest.testcase.DetailCase.pbxcase.Queue"/>
  <testcase name="D4_fail_ivr" time="49.273" classname="com.yeastar.swebtest.testcase.DetailCase.pbxcase.Queue"/>
  <testcase name="F9_dynamic_login6714" time="27.783" classname="com.yeastar.swebtest.testcase.DetailCase.pbxcase.Queue"/>
  <testcase name="D3_fail_voicemail2_check" time="27.027" classname="com.yeastar.swebtest.testcase.DetailCase.pbxcase.Queue"/>
  <testcase name="K1_rrmemory" time="93.024" classname="com.yeastar.swebtest.testcase.DetailCase.pbxcase.Queue"/>
  <testcase name="A2_AddQueues" time="46.843" classname="com.yeastar.swebtest.testcase.DetailCase.pbxcase.Queue"/>
  <testcase name="H3_leastRecent" time="36.044" classname="com.yeastar.swebtest.testcase.DetailCase.pbxcase.Queue"/>
  <testcase name="B2_AddInbound" time="31.157" classname="com.yeastar.swebtest.testcase.DetailCase.pbxcase.Queue"/>
  <testcase name="C6_bri_6701" time="18.151" classname="com.yeastar.swebtest.testcase.DetailCase.pbxcase.Queue">
    <failure type="java.lang.AssertionError" message="预期1105会同时Ring 【预期：2 实际：4】">
      <![CDATA[java.lang.AssertionError: 预期1105会同时Ring 【预期：2 实际：4】
	at com.yeastar.swebtest.tools.ysassert.YsAssert.fail(YsAssert.java:1086)
	at com.yeastar.swebtest.tools.ysassert.YsAssert.failNotEquals(YsAssert.java:579)
	at com.yeastar.swebtest.tools.ysassert.YsAssert.assertEqualsImpl(YsAssert.java:142)
	at com.yeastar.swebtest.tools.ysassert.YsAssert.assertEquals(YsAssert.java:116)
	at com.yeastar.swebtest.tools.ysassert.YsAssert.assertEquals(YsAssert.java:425)
	at com.yeastar.swebtest.testcase.DetailCase.pbxcase.Queue.C6_bri_6701(Queue.java:275)
	at sun.reflect.NativeMethodAccessorImpl.invoke0(Native Method)
	at sun.reflect.NativeMethodAccessorImpl.invoke(NativeMethodAccessorImpl.java:62)
	at sun.reflect.DelegatingMethodAccessorImpl.invoke(DelegatingMethodAccessorImpl.java:43)
	at java.lang.reflect.Method.invoke(Method.java:498)
	at org.testng.internal.MethodInvocationHelper.invokeMethod(MethodInvocationHelper.java:85)
	at org.testng.internal.Invoker.invokeMethod(Invoker.java:639)
	at org.testng.internal.Invoker.invokeTestMethod(Invoker.java:816)
	at org.testng.internal.Invoker.invokeTestMethods(Invoker.java:1124)
	at org.testng.internal.TestMethodWorker.invokeTestMethods(TestMethodWorker.java:125)
	at org.testng.internal.TestMethodWorker.run(TestMethodWorker.java:108)
	at org.testng.TestRunner.privateRun(TestRunner.java:774)
	at org.testng.TestRunner.run(TestRunner.java:624)
	at org.testng.SuiteRunner.runTest(SuiteRunner.java:359)
	at org.testng.SuiteRunner.runSequentially(SuiteRunner.java:354)
	at org.testng.SuiteRunner.privateRun(SuiteRunner.java:312)
	at org.testng.SuiteRunner.run(SuiteRunner.java:261)
	at org.testng.SuiteRunnerWorker.runSuite(SuiteRunnerWorker.java:52)
	at org.testng.SuiteRunnerWorker.run(SuiteRunnerWorker.java:86)
	at org.testng.TestNG.runSuitesSequentially(TestNG.java:1215)
	at org.testng.TestNG.runSuitesLocally(TestNG.java:1140)
	at org.testng.TestNG.run(TestNG.java:1048)
	at org.apache.maven.surefire.testng.TestNGExecutor.run(TestNGExecutor.java:293)
	at org.apache.maven.surefire.testng.TestNGXmlTestSuite.execute(TestNGXmlTestSuite.java:84)
	at org.apache.maven.surefire.testng.TestNGProvider.invoke(TestNGProvider.java:91)
	at org.apache.maven.surefire.booter.ForkedBooter.invokeProviderInSameClassLoader(ForkedBooter.java:200)
	at org.apache.maven.surefire.booter.ForkedBooter.runSuitesInProcess(ForkedBooter.java:153)
	at org.apache.maven.surefire.booter.ForkedBooter.main(ForkedBooter.java:103)
]]>
    </failure>
  </testcase> <!-- C6_bri_6701 -->
  <testcase name="C7_e1_6701" time="0.019" classname="com.yeastar.swebtest.testcase.DetailCase.pbxcase.Queue"/>
  <testcase name="A1_Init" time="30.482" classname="com.yeastar.swebtest.testcase.DetailCase.pbxcase.Queue"/>
  <testcase name="F6_dynamic_login6711" time="27.769" classname="com.yeastar.swebtest.testcase.DetailCase.pbxcase.Queue"/>
  <testcase name="C5_fxo_6701" time="54.901" classname="com.yeastar.swebtest.testcase.DetailCase.pbxcase.Queue"/>
  <testcase name="I2_fewestcalls" time="51.206" classname="com.yeastar.swebtest.testcase.DetailCase.pbxcase.Queue"/>
  <testcase name="F7_dynamic_login6712" time="44.217" classname="com.yeastar.swebtest.testcase.DetailCase.pbxcase.Queue"/>
  <testcase name="G5_Satisfaction" time="138.123" classname="com.yeastar.swebtest.testcase.DetailCase.pbxcase.Queue">
    <failure type="java.lang.AssertionError" message="坐席挂断时播放满意度调查提示音satisfaction 【预期：true 实际：false】">
      <![CDATA[java.lang.AssertionError: 坐席挂断时播放满意度调查提示音satisfaction 【预期：true 实际：false】
	at com.yeastar.swebtest.tools.ysassert.YsAssert.fail(YsAssert.java:1086)
	at com.yeastar.swebtest.tools.ysassert.YsAssert.failNotEquals(YsAssert.java:579)
	at com.yeastar.swebtest.tools.ysassert.YsAssert.assertEqualsImpl(YsAssert.java:142)
	at com.yeastar.swebtest.tools.ysassert.YsAssert.assertEquals(YsAssert.java:116)
	at com.yeastar.swebtest.tools.ysassert.YsAssert.assertEquals(YsAssert.java:333)
	at com.yeastar.swebtest.testcase.DetailCase.pbxcase.Queue.G5_Satisfaction(Queue.java:850)
	at sun.reflect.NativeMethodAccessorImpl.invoke0(Native Method)
	at sun.reflect.NativeMethodAccessorImpl.invoke(NativeMethodAccessorImpl.java:62)
	at sun.reflect.DelegatingMethodAccessorImpl.invoke(DelegatingMethodAccessorImpl.java:43)
	at java.lang.reflect.Method.invoke(Method.java:498)
	at org.testng.internal.MethodInvocationHelper.invokeMethod(MethodInvocationHelper.java:85)
	at org.testng.internal.Invoker.invokeMethod(Invoker.java:639)
	at org.testng.internal.Invoker.invokeTestMethod(Invoker.java:816)
	at org.testng.internal.Invoker.invokeTestMethods(Invoker.java:1124)
	at org.testng.internal.TestMethodWorker.invokeTestMethods(TestMethodWorker.java:125)
	at org.testng.internal.TestMethodWorker.run(TestMethodWorker.java:108)
	at org.testng.TestRunner.privateRun(TestRunner.java:774)
	at org.testng.TestRunner.run(TestRunner.java:624)
	at org.testng.SuiteRunner.runTest(SuiteRunner.java:359)
	at org.testng.SuiteRunner.runSequentially(SuiteRunner.java:354)
	at org.testng.SuiteRunner.privateRun(SuiteRunner.java:312)
	at org.testng.SuiteRunner.run(SuiteRunner.java:261)
	at org.testng.SuiteRunnerWorker.runSuite(SuiteRunnerWorker.java:52)
	at org.testng.SuiteRunnerWorker.run(SuiteRunnerWorker.java:86)
	at org.testng.TestNG.runSuitesSequentially(TestNG.java:1215)
	at org.testng.TestNG.runSuitesLocally(TestNG.java:1140)
	at org.testng.TestNG.run(TestNG.java:1048)
	at org.apache.maven.surefire.testng.TestNGExecutor.run(TestNGExecutor.java:293)
	at org.apache.maven.surefire.testng.TestNGXmlTestSuite.execute(TestNGXmlTestSuite.java:84)
	at org.apache.maven.surefire.testng.TestNGProvider.invoke(TestNGProvider.java:91)
	at org.apache.maven.surefire.booter.ForkedBooter.invokeProviderInSameClassLoader(ForkedBooter.java:200)
	at org.apache.maven.surefire.booter.ForkedBooter.runSuitesInProcess(ForkedBooter.java:153)
	at org.apache.maven.surefire.booter.ForkedBooter.main(ForkedBooter.java:103)
]]>
    </failure>
  </testcase> <!-- G5_Satisfaction -->
  <testcase name="F8_dynamic_login6713" time="28.148" classname="com.yeastar.swebtest.testcase.DetailCase.pbxcase.Queue"/>
  <testcase name="G4_AgentID" time="0.026" classname="com.yeastar.swebtest.testcase.DetailCase.pbxcase.Queue"/>
  <testcase name="A2_AddQueues" time="50.453" classname="com.yeastar.swebtest.testcase.DetailCase.pbxcase.Queue"/>
  <testcase name="E1_key0_hangup" time="34.594" classname="com.yeastar.swebtest.testcase.DetailCase.pbxcase.Queue"/>
  <testcase name="D3_fail_voicemail1" time="61.130" classname="com.yeastar.swebtest.testcase.DetailCase.pbxcase.Queue"/>
  <testcase name="F1_dynamic_login6701" time="25.950" classname="com.yeastar.swebtest.testcase.DetailCase.pbxcase.Queue"/>
  <testcase name="I1_fewestcalls" time="72.991" classname="com.yeastar.swebtest.testcase.DetailCase.pbxcase.Queue"/>
  <testcase name="G2_JoinAnnouncement" time="103.015" classname="com.yeastar.swebtest.testcase.DetailCase.pbxcase.Queue">
    <failure type="java.lang.AssertionError" message="2000呼入时播放提示音“Join” 【预期：true 实际：false】">
      <![CDATA[java.lang.AssertionError: 2000呼入时播放提示音“Join” 【预期：true 实际：false】
	at com.yeastar.swebtest.tools.ysassert.YsAssert.fail(YsAssert.java:1086)
	at com.yeastar.swebtest.tools.ysassert.YsAssert.failNotEquals(YsAssert.java:579)
	at com.yeastar.swebtest.tools.ysassert.YsAssert.assertEqualsImpl(YsAssert.java:142)
	at com.yeastar.swebtest.tools.ysassert.YsAssert.assertEquals(YsAssert.java:116)
	at com.yeastar.swebtest.tools.ysassert.YsAssert.assertEquals(YsAssert.java:333)
	at com.yeastar.swebtest.testcase.DetailCase.pbxcase.Queue.G2_JoinAnnouncement(Queue.java:799)
	at sun.reflect.NativeMethodAccessorImpl.invoke0(Native Method)
	at sun.reflect.NativeMethodAccessorImpl.invoke(NativeMethodAccessorImpl.java:62)
	at sun.reflect.DelegatingMethodAccessorImpl.invoke(DelegatingMethodAccessorImpl.java:43)
	at java.lang.reflect.Method.invoke(Method.java:498)
	at org.testng.internal.MethodInvocationHelper.invokeMethod(MethodInvocationHelper.java:85)
	at org.testng.internal.Invoker.invokeMethod(Invoker.java:639)
	at org.testng.internal.Invoker.invokeTestMethod(Invoker.java:816)
	at org.testng.internal.Invoker.invokeTestMethods(Invoker.java:1124)
	at org.testng.internal.TestMethodWorker.invokeTestMethods(TestMethodWorker.java:125)
	at org.testng.internal.TestMethodWorker.run(TestMethodWorker.java:108)
	at org.testng.TestRunner.privateRun(TestRunner.java:774)
	at org.testng.TestRunner.run(TestRunner.java:624)
	at org.testng.SuiteRunner.runTest(SuiteRunner.java:359)
	at org.testng.SuiteRunner.runSequentially(SuiteRunner.java:354)
	at org.testng.SuiteRunner.privateRun(SuiteRunner.java:312)
	at org.testng.SuiteRunner.run(SuiteRunner.java:261)
	at org.testng.SuiteRunnerWorker.runSuite(SuiteRunnerWorker.java:52)
	at org.testng.SuiteRunnerWorker.run(SuiteRunnerWorker.java:86)
	at org.testng.TestNG.runSuitesSequentially(TestNG.java:1215)
	at org.testng.TestNG.runSuitesLocally(TestNG.java:1140)
	at org.testng.TestNG.run(TestNG.java:1048)
	at org.apache.maven.surefire.testng.TestNGExecutor.run(TestNGExecutor.java:293)
	at org.apache.maven.surefire.testng.TestNGXmlTestSuite.execute(TestNGXmlTestSuite.java:84)
	at org.apache.maven.surefire.testng.TestNGProvider.invoke(TestNGProvider.java:91)
	at org.apache.maven.surefire.booter.ForkedBooter.invokeProviderInSameClassLoader(ForkedBooter.java:200)
	at org.apache.maven.surefire.booter.ForkedBooter.runSuitesInProcess(ForkedBooter.java:153)
	at org.apache.maven.surefire.booter.ForkedBooter.main(ForkedBooter.java:103)
]]>
    </failure>
  </testcase> <!-- G2_JoinAnnouncement -->
  <testcase name="G8_AgentTimeout_Retry" time="113.307" classname="com.yeastar.swebtest.testcase.DetailCase.pbxcase.Queue"/>
  <testcase name="B3_Apply" time="8.114" classname="com.yeastar.swebtest.testcase.DetailCase.pbxcase.Queue"/>
  <testcase name="D1_fail_hangup" time="11.021" classname="com.yeastar.swebtest.testcase.DetailCase.pbxcase.Queue"/>
  <testcase name="F4_dynamic_call6701" time="22.651" classname="com.yeastar.swebtest.testcase.DetailCase.pbxcase.Queue">
    <failure type="java.lang.AssertionError" message="预期1100会同时Ring 【预期：2 实际：4】">
      <![CDATA[java.lang.AssertionError: 预期1100会同时Ring 【预期：2 实际：4】
	at com.yeastar.swebtest.tools.ysassert.YsAssert.fail(YsAssert.java:1086)
	at com.yeastar.swebtest.tools.ysassert.YsAssert.failNotEquals(YsAssert.java:579)
	at com.yeastar.swebtest.tools.ysassert.YsAssert.assertEqualsImpl(YsAssert.java:142)
	at com.yeastar.swebtest.tools.ysassert.YsAssert.assertEquals(YsAssert.java:116)
	at com.yeastar.swebtest.tools.ysassert.YsAssert.assertEquals(YsAssert.java:425)
	at com.yeastar.swebtest.testcase.DetailCase.pbxcase.Queue.F4_dynamic_call6701(Queue.java:648)
	at sun.reflect.NativeMethodAccessorImpl.invoke0(Native Method)
	at sun.reflect.NativeMethodAccessorImpl.invoke(NativeMethodAccessorImpl.java:62)
	at sun.reflect.DelegatingMethodAccessorImpl.invoke(DelegatingMethodAccessorImpl.java:43)
	at java.lang.reflect.Method.invoke(Method.java:498)
	at org.testng.internal.MethodInvocationHelper.invokeMethod(MethodInvocationHelper.java:85)
	at org.testng.internal.Invoker.invokeMethod(Invoker.java:639)
	at org.testng.internal.Invoker.invokeTestMethod(Invoker.java:816)
	at org.testng.internal.Invoker.invokeTestMethods(Invoker.java:1124)
	at org.testng.internal.TestMethodWorker.invokeTestMethods(TestMethodWorker.java:125)
	at org.testng.internal.TestMethodWorker.run(TestMethodWorker.java:108)
	at org.testng.TestRunner.privateRun(TestRunner.java:774)
	at org.testng.TestRunner.run(TestRunner.java:624)
	at org.testng.SuiteRunner.runTest(SuiteRunner.java:359)
	at org.testng.SuiteRunner.runSequentially(SuiteRunner.java:354)
	at org.testng.SuiteRunner.privateRun(SuiteRunner.java:312)
	at org.testng.SuiteRunner.run(SuiteRunner.java:261)
	at org.testng.SuiteRunnerWorker.runSuite(SuiteRunnerWorker.java:52)
	at org.testng.SuiteRunnerWorker.run(SuiteRunnerWorker.java:86)
	at org.testng.TestNG.runSuitesSequentially(TestNG.java:1215)
	at org.testng.TestNG.runSuitesLocally(TestNG.java:1140)
	at org.testng.TestNG.run(TestNG.java:1048)
	at org.apache.maven.surefire.testng.TestNGExecutor.run(TestNGExecutor.java:293)
	at org.apache.maven.surefire.testng.TestNGXmlTestSuite.execute(TestNGXmlTestSuite.java:84)
	at org.apache.maven.surefire.testng.TestNGProvider.invoke(TestNGProvider.java:91)
	at org.apache.maven.surefire.booter.ForkedBooter.invokeProviderInSameClassLoader(ForkedBooter.java:200)
	at org.apache.maven.surefire.booter.ForkedBooter.runSuitesInProcess(ForkedBooter.java:153)
	at org.apache.maven.surefire.booter.ForkedBooter.main(ForkedBooter.java:103)
]]>
    </failure>
  </testcase> <!-- F4_dynamic_call6701 -->
  <testcase name="E3_key2_voicemail3_login" time="21.210" classname="com.yeastar.swebtest.testcase.DetailCase.pbxcase.Queue"/>
  <testcase name="Fa_dynamic_login6714" time="18.859" classname="com.yeastar.swebtest.testcase.DetailCase.pbxcase.Queue"/>
  <testcase name="O1_delete" time="70.316" classname="com.yeastar.swebtest.testcase.DetailCase.pbxcase.Queue"/>
  <testcase name="F5_dynamic_login6710" time="117.668" classname="com.yeastar.swebtest.testcase.DetailCase.pbxcase.Queue">
    <failure type="java.lang.AssertionError" message="动态坐席1103输入密码123 【预期：true 实际：false】">
      <![CDATA[java.lang.AssertionError: 动态坐席1103输入密码123 【预期：true 实际：false】
	at com.yeastar.swebtest.tools.ysassert.YsAssert.fail(YsAssert.java:1086)
	at com.yeastar.swebtest.tools.ysassert.YsAssert.failNotEquals(YsAssert.java:579)
	at com.yeastar.swebtest.tools.ysassert.YsAssert.assertEqualsImpl(YsAssert.java:142)
	at com.yeastar.swebtest.tools.ysassert.YsAssert.assertEquals(YsAssert.java:116)
	at com.yeastar.swebtest.tools.ysassert.YsAssert.assertEquals(YsAssert.java:333)
	at com.yeastar.swebtest.testcase.DetailCase.pbxcase.Queue.F5_dynamic_login6710(Queue.java:671)
	at sun.reflect.NativeMethodAccessorImpl.invoke0(Native Method)
	at sun.reflect.NativeMethodAccessorImpl.invoke(NativeMethodAccessorImpl.java:62)
	at sun.reflect.DelegatingMethodAccessorImpl.invoke(DelegatingMethodAccessorImpl.java:43)
	at java.lang.reflect.Method.invoke(Method.java:498)
	at org.testng.internal.MethodInvocationHelper.invokeMethod(MethodInvocationHelper.java:85)
	at org.testng.internal.Invoker.invokeMethod(Invoker.java:639)
	at org.testng.internal.Invoker.invokeTestMethod(Invoker.java:816)
	at org.testng.internal.Invoker.invokeTestMethods(Invoker.java:1124)
	at org.testng.internal.TestMethodWorker.invokeTestMethods(TestMethodWorker.java:125)
	at org.testng.internal.TestMethodWorker.run(TestMethodWorker.java:108)
	at org.testng.TestRunner.privateRun(TestRunner.java:774)
	at org.testng.TestRunner.run(TestRunner.java:624)
	at org.testng.SuiteRunner.runTest(SuiteRunner.java:359)
	at org.testng.SuiteRunner.runSequentially(SuiteRunner.java:354)
	at org.testng.SuiteRunner.privateRun(SuiteRunner.java:312)
	at org.testng.SuiteRunner.run(SuiteRunner.java:261)
	at org.testng.SuiteRunnerWorker.runSuite(SuiteRunnerWorker.java:52)
	at org.testng.SuiteRunnerWorker.run(SuiteRunnerWorker.java:86)
	at org.testng.TestNG.runSuitesSequentially(TestNG.java:1215)
	at org.testng.TestNG.runSuitesLocally(TestNG.java:1140)
	at org.testng.TestNG.run(TestNG.java:1048)
	at org.apache.maven.surefire.testng.TestNGExecutor.run(TestNGExecutor.java:293)
	at org.apache.maven.surefire.testng.TestNGXmlTestSuite.execute(TestNGXmlTestSuite.java:84)
	at org.apache.maven.surefire.testng.TestNGProvider.invoke(TestNGProvider.java:91)
	at org.apache.maven.surefire.booter.ForkedBooter.invokeProviderInSameClassLoader(ForkedBooter.java:200)
	at org.apache.maven.surefire.booter.ForkedBooter.runSuitesInProcess(ForkedBooter.java:153)
	at org.apache.maven.surefire.booter.ForkedBooter.main(ForkedBooter.java:103)
]]>
    </failure>
  </testcase> <!-- F5_dynamic_login6710 -->
  <testcase name="D7_fail_conference" time="53.086" classname="com.yeastar.swebtest.testcase.DetailCase.pbxcase.Queue"/>
  <testcase name="E3_key2_voicemail1" time="61.776" classname="com.yeastar.swebtest.testcase.DetailCase.pbxcase.Queue"/>
  <testcase name="J1_random" time="0.030" classname="com.yeastar.swebtest.testcase.DetailCase.pbxcase.Queue"/>
  <testcase name="G3_MusicOnHold1" time="120.801" classname="com.yeastar.swebtest.testcase.DetailCase.pbxcase.Queue">
    <failure type="java.lang.AssertionError" message="2000呼入时播放Music on hold ：Autotest 【预期：true 实际：false】">
      <![CDATA[java.lang.AssertionError: 2000呼入时播放Music on hold ：Autotest 【预期：true 实际：false】
	at com.yeastar.swebtest.tools.ysassert.YsAssert.fail(YsAssert.java:1086)
	at com.yeastar.swebtest.tools.ysassert.YsAssert.failNotEquals(YsAssert.java:579)
	at com.yeastar.swebtest.tools.ysassert.YsAssert.assertEqualsImpl(YsAssert.java:142)
	at com.yeastar.swebtest.tools.ysassert.YsAssert.assertEquals(YsAssert.java:116)
	at com.yeastar.swebtest.tools.ysassert.YsAssert.assertEquals(YsAssert.java:333)
	at com.yeastar.swebtest.testcase.DetailCase.pbxcase.Queue.G3_MusicOnHold1(Queue.java:814)
	at sun.reflect.NativeMethodAccessorImpl.invoke0(Native Method)
	at sun.reflect.NativeMethodAccessorImpl.invoke(NativeMethodAccessorImpl.java:62)
	at sun.reflect.DelegatingMethodAccessorImpl.invoke(DelegatingMethodAccessorImpl.java:43)
	at java.lang.reflect.Method.invoke(Method.java:498)
	at org.testng.internal.MethodInvocationHelper.invokeMethod(MethodInvocationHelper.java:85)
	at org.testng.internal.Invoker.invokeMethod(Invoker.java:639)
	at org.testng.internal.Invoker.invokeTestMethod(Invoker.java:816)
	at org.testng.internal.Invoker.invokeTestMethods(Invoker.java:1124)
	at org.testng.internal.TestMethodWorker.invokeTestMethods(TestMethodWorker.java:125)
	at org.testng.internal.TestMethodWorker.run(TestMethodWorker.java:108)
	at org.testng.TestRunner.privateRun(TestRunner.java:774)
	at org.testng.TestRunner.run(TestRunner.java:624)
	at org.testng.SuiteRunner.runTest(SuiteRunner.java:359)
	at org.testng.SuiteRunner.runSequentially(SuiteRunner.java:354)
	at org.testng.SuiteRunner.privateRun(SuiteRunner.java:312)
	at org.testng.SuiteRunner.run(SuiteRunner.java:261)
	at org.testng.SuiteRunnerWorker.runSuite(SuiteRunnerWorker.java:52)
	at org.testng.SuiteRunnerWorker.run(SuiteRunnerWorker.java:86)
	at org.testng.TestNG.runSuitesSequentially(TestNG.java:1215)
	at org.testng.TestNG.runSuitesLocally(TestNG.java:1140)
	at org.testng.TestNG.run(TestNG.java:1048)
	at org.apache.maven.surefire.testng.TestNGExecutor.run(TestNGExecutor.java:293)
	at org.apache.maven.surefire.testng.TestNGXmlTestSuite.execute(TestNGXmlTestSuite.java:84)
	at org.apache.maven.surefire.testng.TestNGProvider.invoke(TestNGProvider.java:91)
	at org.apache.maven.surefire.booter.ForkedBooter.invokeProviderInSameClassLoader(ForkedBooter.java:200)
	at org.apache.maven.surefire.booter.ForkedBooter.runSuitesInProcess(ForkedBooter.java:153)
	at org.apache.maven.surefire.booter.ForkedBooter.main(ForkedBooter.java:103)
]]>
    </failure>
  </testcase> <!-- G3_MusicOnHold1 -->
  <testcase name="B2_AddInbound" time="31.796" classname="com.yeastar.swebtest.testcase.DetailCase.pbxcase.Queue"/>
  <testcase name="G6_CallerPosition" time="0.020" classname="com.yeastar.swebtest.testcase.DetailCase.pbxcase.Queue"/>
  <testcase name="K2_rrmemory" time="43.177" classname="com.yeastar.swebtest.testcase.DetailCase.pbxcase.Queue"/>
  <testcase name="N1_leave_join_empty" time="31.502" classname="com.yeastar.swebtest.testcase.DetailCase.pbxcase.Queue"/>
  <testcase name="D5_fail_ringgroup" time="45.767" classname="com.yeastar.swebtest.testcase.DetailCase.pbxcase.Queue"/>
  <testcase name="B2_AddInbound" time="31.297" classname="com.yeastar.swebtest.testcase.DetailCase.pbxcase.Queue"/>
  <testcase name="N4_leave_join_empty" time="1.024" classname="com.yeastar.swebtest.testcase.DetailCase.pbxcase.Queue"/>
  <testcase name="G9_warp_time0" time="49.532" classname="com.yeastar.swebtest.testcase.DetailCase.pbxcase.Queue"/>
  <testcase name="D6_fail_queue" time="49.185" classname="com.yeastar.swebtest.testcase.DetailCase.pbxcase.Queue"/>
  <testcase name="D3_fail_voicemail3_login" time="21.454" classname="com.yeastar.swebtest.testcase.DetailCase.pbxcase.Queue"/>
  <testcase name="A2_AddQueues" time="50.625" classname="com.yeastar.swebtest.testcase.DetailCase.pbxcase.Queue"/>
  <testcase name="A2_AddQueues" time="48.066" classname="com.yeastar.swebtest.testcase.DetailCase.pbxcase.Queue"/>
  <testcase name="N5_leave_join_empty" time="28.976" classname="com.yeastar.swebtest.testcase.DetailCase.pbxcase.Queue"/>
  <testcase name="H1_leastRecent" time="71.111" classname="com.yeastar.swebtest.testcase.DetailCase.pbxcase.Queue"/>
  <testcase name="C4_spx_6701" time="57.468" classname="com.yeastar.swebtest.testcase.DetailCase.pbxcase.Queue"/>
  <testcase name="A2_AddQueues" time="45.555" classname="com.yeastar.swebtest.testcase.DetailCase.pbxcase.Queue"/>
  <testcase name="N6_leave_join_empty" time="6.022" classname="com.yeastar.swebtest.testcase.DetailCase.pbxcase.Queue"/>
  <testcase name="E2_key1_extension" time="41.196" classname="com.yeastar.swebtest.testcase.DetailCase.pbxcase.Queue"/>
  <testcase name="I3_fewestcalls" time="47.012" classname="com.yeastar.swebtest.testcase.DetailCase.pbxcase.Queue"/>
  <testcase name="L2_linear" time="143.599" classname="com.yeastar.swebtest.testcase.DetailCase.pbxcase.Queue"/>
  <testcase name="C8_gsm_6701" time="0.019" classname="com.yeastar.swebtest.testcase.DetailCase.pbxcase.Queue"/>
  <testcase name="B1_AddInbound" time="20.591" classname="com.yeastar.swebtest.testcase.DetailCase.pbxcase.Queue"/>
  <testcase name="B2_AddInbound" time="30.108" classname="com.yeastar.swebtest.testcase.DetailCase.pbxcase.Queue"/>
  <testcase name="G7_PeriodicAnnouncements" time="0.012" classname="com.yeastar.swebtest.testcase.DetailCase.pbxcase.Queue"/>
  <testcase name="B2_AddInbound" time="30.896" classname="com.yeastar.swebtest.testcase.DetailCase.pbxcase.Queue"/>
  <testcase name="B2_AddInbound" time="30.851" classname="com.yeastar.swebtest.testcase.DetailCase.pbxcase.Queue"/>
  <testcase name="D8_fail_DialbyName" time="55.210" classname="com.yeastar.swebtest.testcase.DetailCase.pbxcase.Queue"/>
  <testcase name="A2_AddQueues" time="37.858" classname="com.yeastar.swebtest.testcase.DetailCase.pbxcase.Queue"/>
  <testcase name="B2_AddInbound" time="30.911" classname="com.yeastar.swebtest.testcase.DetailCase.pbxcase.Queue"/>
  <testcase name="C1_sps_6701" time="51.130" classname="com.yeastar.swebtest.testcase.DetailCase.pbxcase.Queue"/>
  <testcase name="P2_recovery" time="59.510" classname="com.yeastar.swebtest.testcase.DetailCase.pbxcase.Queue"/>
  <testcase name="N8_leave_join_empty" time="10.648" classname="com.yeastar.swebtest.testcase.DetailCase.pbxcase.Queue">
    <failure type="java.lang.AssertionError" message="预期1102不会被直接挂断 【预期：3 实际：4】">
      <![CDATA[java.lang.AssertionError: 预期1102不会被直接挂断 【预期：3 实际：4】
	at com.yeastar.swebtest.tools.ysassert.YsAssert.fail(YsAssert.java:1086)
	at com.yeastar.swebtest.tools.ysassert.YsAssert.failNotEquals(YsAssert.java:579)
	at com.yeastar.swebtest.tools.ysassert.YsAssert.assertEqualsImpl(YsAssert.java:142)
	at com.yeastar.swebtest.tools.ysassert.YsAssert.assertEquals(YsAssert.java:116)
	at com.yeastar.swebtest.tools.ysassert.YsAssert.assertEquals(YsAssert.java:425)
	at com.yeastar.swebtest.testcase.DetailCase.pbxcase.Queue.N8_leave_join_empty(Queue.java:1326)
	at sun.reflect.NativeMethodAccessorImpl.invoke0(Native Method)
	at sun.reflect.NativeMethodAccessorImpl.invoke(NativeMethodAccessorImpl.java:62)
	at sun.reflect.DelegatingMethodAccessorImpl.invoke(DelegatingMethodAccessorImpl.java:43)
	at java.lang.reflect.Method.invoke(Method.java:498)
	at org.testng.internal.MethodInvocationHelper.invokeMethod(MethodInvocationHelper.java:85)
	at org.testng.internal.Invoker.invokeMethod(Invoker.java:639)
	at org.testng.internal.Invoker.invokeTestMethod(Invoker.java:816)
	at org.testng.internal.Invoker.invokeTestMethods(Invoker.java:1124)
	at org.testng.internal.TestMethodWorker.invokeTestMethods(TestMethodWorker.java:125)
	at org.testng.internal.TestMethodWorker.run(TestMethodWorker.java:108)
	at org.testng.TestRunner.privateRun(TestRunner.java:774)
	at org.testng.TestRunner.run(TestRunner.java:624)
	at org.testng.SuiteRunner.runTest(SuiteRunner.java:359)
	at org.testng.SuiteRunner.runSequentially(SuiteRunner.java:354)
	at org.testng.SuiteRunner.privateRun(SuiteRunner.java:312)
	at org.testng.SuiteRunner.run(SuiteRunner.java:261)
	at org.testng.SuiteRunnerWorker.runSuite(SuiteRunnerWorker.java:52)
	at org.testng.SuiteRunnerWorker.run(SuiteRunnerWorker.java:86)
	at org.testng.TestNG.runSuitesSequentially(TestNG.java:1215)
	at org.testng.TestNG.runSuitesLocally(TestNG.java:1140)
	at org.testng.TestNG.run(TestNG.java:1048)
	at org.apache.maven.surefire.testng.TestNGExecutor.run(TestNGExecutor.java:293)
	at org.apache.maven.surefire.testng.TestNGXmlTestSuite.execute(TestNGXmlTestSuite.java:84)
	at org.apache.maven.surefire.testng.TestNGProvider.invoke(TestNGProvider.java:91)
	at org.apache.maven.surefire.booter.ForkedBooter.invokeProviderInSameClassLoader(ForkedBooter.java:200)
	at org.apache.maven.surefire.booter.ForkedBooter.runSuitesInProcess(ForkedBooter.java:153)
	at org.apache.maven.surefire.booter.ForkedBooter.main(ForkedBooter.java:103)
]]>
    </failure>
  </testcase> <!-- N8_leave_join_empty -->
  <testcase name="B2_AddInbound" time="31.125" classname="com.yeastar.swebtest.testcase.DetailCase.pbxcase.Queue"/>
  <testcase name="H2_leastRecent" time="39.986" classname="com.yeastar.swebtest.testcase.DetailCase.pbxcase.Queue"/>
  <testcase name="A2_AddQueues" time="46.253" classname="com.yeastar.swebtest.testcase.DetailCase.pbxcase.Queue"/>
  <testcase name="N7_leave_join_empty" time="29.002" classname="com.yeastar.swebtest.testcase.DetailCase.pbxcase.Queue"/>
  <testcase name="F2_dynamic_call6701" time="44.317" classname="com.yeastar.swebtest.testcase.DetailCase.pbxcase.Queue"/>
  <testcase name="A2_AddQueues" time="49.526" classname="com.yeastar.swebtest.testcase.DetailCase.pbxcase.Queue"/>
  <testcase name="A2_AddQueues" time="40.661" classname="com.yeastar.swebtest.testcase.DetailCase.pbxcase.Queue"/>
  <testcase name="E7_key6_conference" time="51.200" classname="com.yeastar.swebtest.testcase.DetailCase.pbxcase.Queue"/>
  <testcase name="A2_AddQueues" time="49.867" classname="com.yeastar.swebtest.testcase.DetailCase.pbxcase.Queue"/>
  <testcase name="P1_recovery" time="37.800" classname="com.yeastar.swebtest.testcase.DetailCase.pbxcase.Queue"/>
  <testcase name="B2_AddInbound" time="31.235" classname="com.yeastar.swebtest.testcase.DetailCase.pbxcase.Queue"/>
  <testcase name="N3_leave_join_empty" time="28.948" classname="com.yeastar.swebtest.testcase.DetailCase.pbxcase.Queue"/>
  <testcase name="E5_key4_ringgroup" time="45.521" classname="com.yeastar.swebtest.testcase.DetailCase.pbxcase.Queue"/>
</testsuite> <!-- com.yeastar.swebtest.testcase.DetailCase.pbxcase.Queue -->
