<?xml version="1.0" encoding="UTF-8"?>
<!-- Generated by org.testng.reporters.JUnitReportReporter -->
<testsuite hostname="Yeastar-PC" name="com.yeastar.swebtest.testcase.DetailCase.pbxcase.PickupGroup" tests="30" failures="1" timestamp="20 Apr 2018 22:46:21 GMT" time="1041.885" errors="0">
  <testcase name="G1_delete" time="60.841" classname="com.yeastar.swebtest.testcase.DetailCase.pbxcase.PickupGroup"/>
  <testcase name="B4_apply" time="8.133" classname="com.yeastar.swebtest.testcase.DetailCase.pbxcase.PickupGroup"/>
  <testcase name="C8_bri" time="55.965" classname="com.yeastar.swebtest.testcase.DetailCase.pbxcase.PickupGroup"/>
  <testcase name="C1_sip_4" time="56.804" classname="com.yeastar.swebtest.testcase.DetailCase.pbxcase.PickupGroup"/>
  <testcase name="D2_ringgroup" time="34.353" classname="com.yeastar.swebtest.testcase.DetailCase.pbxcase.PickupGroup"/>
  <testcase name="C3_sip_04_1" time="56.164" classname="com.yeastar.swebtest.testcase.DetailCase.pbxcase.PickupGroup"/>
  <testcase name="B3_EditPickupGroup1" time="22.035" classname="com.yeastar.swebtest.testcase.DetailCase.pbxcase.PickupGroup"/>
  <testcase name="Ca_gsm" time="0.016" classname="com.yeastar.swebtest.testcase.DetailCase.pbxcase.PickupGroup"/>
  <testcase name="C2_sip_4_1" time="29.818" classname="com.yeastar.swebtest.testcase.DetailCase.pbxcase.PickupGroup"/>
  <testcase name="F3_pickup_ex" time="33.039" classname="com.yeastar.swebtest.testcase.DetailCase.pbxcase.PickupGroup"/>
  <testcase name="C7_fxo" time="59.076" classname="com.yeastar.swebtest.testcase.DetailCase.pbxcase.PickupGroup"/>
  <testcase name="C3_sip_04_2" time="55.945" classname="com.yeastar.swebtest.testcase.DetailCase.pbxcase.PickupGroup"/>
  <testcase name="A1_InitFeatureCode" time="12.179" classname="com.yeastar.swebtest.testcase.DetailCase.pbxcase.PickupGroup"/>
  <testcase name="C5_iax" time="55.823" classname="com.yeastar.swebtest.testcase.DetailCase.pbxcase.PickupGroup"/>
  <testcase name="F1_edit_disablefeaturecode" time="21.234" classname="com.yeastar.swebtest.testcase.DetailCase.pbxcase.PickupGroup">
    <failure type="com.codeborne.selenide.ex.InvalidStateException" message="InvalidElementStateException: invalid element state: Element is not currently interactable and may not be manipulated
  (Session info: chrome=64.0.3282.140)
  (Driver info: chromedriver=2.33.506120 (e3e53437346286c0bc2d2dc9aa4915ba81d9023f),platform=Windows NT 6.1.7601 SP1 x86_64) (WARNING: The server did not provide any stacktrace information)
Command duration or timeout: 13 milliseconds
Build info: version: &#039;2.53.1&#039;, revision: &#039;a36b8b1cd5757287168e54b817830adce9b0158d&#039;, time: &#039;2016-06-30 19:26:09&#039;
System info: host: &#039;Yeastar-PC&#039;, ip: &#039;192.168.11.194&#039;, os.name: &#039;Windows 7&#039;, os.arch: &#039;x86&#039;, os.version: &#039;6.1&#039;, java.version: &#039;1.8.0_121&#039;
Driver info: org.openqa.selenium.chrome.ChromeDriver
Capabilities [{applicationCacheEnabled=false, rotatable=false, mobileEmulationEnabled=false, networkConnectionEnabled=false, chrome={chromedriverVersion=2.33.506120 (e3e53437346286c0bc2d2dc9aa4915ba81d9023f), userDataDir=C:\Users\Yeastar\AppData\Local\Temp\scoped_dir13088_16707}, takesHeapSnapshot=true, pageLoadStrategy=normal, databaseEnabled=false, handlesAlerts=true, hasTouchScreen=false, version=64.0.3282.140, platform=XP, browserConnectionEnabled=false, nativeEvents=true, acceptSslCerts=true, locationContextEnabled=true, webStorageEnabled=true, browserName=chrome, takesScreenshot=true, javascriptEnabled=true, cssSelectorsEnabled=true, setWindowRect=true, unexpectedAlertBehaviour=}]
Session ID: 80971a0dcac92401b9f1bddb90df45cf">
      <![CDATA[org.openqa.selenium.InvalidElementStateException: invalid element state: Element is not currently interactable and may not be manipulated
  (Session info: chrome=64.0.3282.140)
  (Driver info: chromedriver=2.33.506120 (e3e53437346286c0bc2d2dc9aa4915ba81d9023f),platform=Windows NT 6.1.7601 SP1 x86_64) (WARNING: The server did not provide any stacktrace information)
Command duration or timeout: 13 milliseconds
Build info: version: '2.53.1', revision: 'a36b8b1cd5757287168e54b817830adce9b0158d', time: '2016-06-30 19:26:09'
System info: host: 'Yeastar-PC', ip: '192.168.11.194', os.name: 'Windows 7', os.arch: 'x86', os.version: '6.1', java.version: '1.8.0_121'
Driver info: org.openqa.selenium.chrome.ChromeDriver
Capabilities [{applicationCacheEnabled=false, rotatable=false, mobileEmulationEnabled=false, networkConnectionEnabled=false, chrome={chromedriverVersion=2.33.506120 (e3e53437346286c0bc2d2dc9aa4915ba81d9023f), userDataDir=C:\Users\Yeastar\AppData\Local\Temp\scoped_dir13088_16707}, takesHeapSnapshot=true, pageLoadStrategy=normal, databaseEnabled=false, handlesAlerts=true, hasTouchScreen=false, version=64.0.3282.140, platform=XP, browserConnectionEnabled=false, nativeEvents=true, acceptSslCerts=true, locationContextEnabled=true, webStorageEnabled=true, browserName=chrome, takesScreenshot=true, javascriptEnabled=true, cssSelectorsEnabled=true, setWindowRect=true, unexpectedAlertBehaviour=}]
Session ID: 80971a0dcac92401b9f1bddb90df45cf
Screenshot: file:/F:/MyProject/SwebTest/build/reports/tests/1524221936350.0.png
Timeout: 15 s.
Caused by: InvalidElementStateException: invalid element state: Element is not currently interactable and may not be manipulated
	at com.codeborne.selenide.impl.SelenideElementProxy.dispatchAndRetry(SelenideElementProxy.java:112)
	at com.codeborne.selenide.impl.SelenideElementProxy.invoke(SelenideElementProxy.java:62)
	at com.sun.proxy.$Proxy6.clear(Unknown Source)
	at com.yeastar.swebtest.driver.YSMethod.YS_General.setPickup(YS_General.java:86)
	at com.yeastar.swebtest.testcase.DetailCase.pbxcase.PickupGroup.F1_edit_disablefeaturecode(PickupGroup.java:450)
	at sun.reflect.NativeMethodAccessorImpl.invoke0(Native Method)
	at sun.reflect.NativeMethodAccessorImpl.invoke(NativeMethodAccessorImpl.java:62)
	at sun.reflect.DelegatingMethodAccessorImpl.invoke(DelegatingMethodAccessorImpl.java:43)
	at java.lang.reflect.Method.invoke(Method.java:498)
	at org.testng.internal.MethodInvocationHelper.invokeMethod(MethodInvocationHelper.java:85)
	at org.testng.internal.Invoker.invokeMethod(Invoker.java:639)
	at org.testng.internal.Invoker.invokeTestMethod(Invoker.java:816)
	at org.testng.internal.Invoker.invokeTestMethods(Invoker.java:1124)
	at org.testng.internal.TestMethodWorker.invokeTestMethods(TestMethodWorker.java:125)
	at org.testng.internal.TestMethodWorker.run(TestMethodWorker.java:108)
	at org.testng.TestRunner.privateRun(TestRunner.java:774)
	at org.testng.TestRunner.run(TestRunner.java:624)
	at org.testng.SuiteRunner.runTest(SuiteRunner.java:359)
	at org.testng.SuiteRunner.runSequentially(SuiteRunner.java:354)
	at org.testng.SuiteRunner.privateRun(SuiteRunner.java:312)
	at org.testng.SuiteRunner.run(SuiteRunner.java:261)
	at org.testng.SuiteRunnerWorker.runSuite(SuiteRunnerWorker.java:52)
	at org.testng.SuiteRunnerWorker.run(SuiteRunnerWorker.java:86)
	at org.testng.TestNG.runSuitesSequentially(TestNG.java:1215)
	at org.testng.TestNG.runSuitesLocally(TestNG.java:1140)
	at org.testng.TestNG.run(TestNG.java:1048)
	at org.apache.maven.surefire.testng.TestNGExecutor.run(TestNGExecutor.java:293)
	at org.apache.maven.surefire.testng.TestNGXmlTestSuite.execute(TestNGXmlTestSuite.java:84)
	at org.apache.maven.surefire.testng.TestNGProvider.invoke(TestNGProvider.java:91)
	at org.apache.maven.surefire.booter.ForkedBooter.invokeProviderInSameClassLoader(ForkedBooter.java:200)
	at org.apache.maven.surefire.booter.ForkedBooter.runSuitesInProcess(ForkedBooter.java:153)
	at org.apache.maven.surefire.booter.ForkedBooter.main(ForkedBooter.java:103)
Caused by: org.openqa.selenium.InvalidElementStateException: invalid element state: Element is not currently interactable and may not be manipulated
  (Session info: chrome=64.0.3282.140)
  (Driver info: chromedriver=2.33.506120 (e3e53437346286c0bc2d2dc9aa4915ba81d9023f),platform=Windows NT 6.1.7601 SP1 x86_64) (WARNING: The server did not provide any stacktrace information)
Command duration or timeout: 13 milliseconds
Build info: version: '2.53.1', revision: 'a36b8b1cd5757287168e54b817830adce9b0158d', time: '2016-06-30 19:26:09'
System info: host: 'Yeastar-PC', ip: '192.168.11.194', os.name: 'Windows 7', os.arch: 'x86', os.version: '6.1', java.version: '1.8.0_121'
Driver info: org.openqa.selenium.chrome.ChromeDriver
Capabilities [{applicationCacheEnabled=false, rotatable=false, mobileEmulationEnabled=false, networkConnectionEnabled=false, chrome={chromedriverVersion=2.33.506120 (e3e53437346286c0bc2d2dc9aa4915ba81d9023f), userDataDir=C:\Users\Yeastar\AppData\Local\Temp\scoped_dir13088_16707}, takesHeapSnapshot=true, pageLoadStrategy=normal, databaseEnabled=false, handlesAlerts=true, hasTouchScreen=false, version=64.0.3282.140, platform=XP, browserConnectionEnabled=false, nativeEvents=true, acceptSslCerts=true, locationContextEnabled=true, webStorageEnabled=true, browserName=chrome, takesScreenshot=true, javascriptEnabled=true, cssSelectorsEnabled=true, setWindowRect=true, unexpectedAlertBehaviour=}]
Session ID: 80971a0dcac92401b9f1bddb90df45cf
	at sun.reflect.GeneratedConstructorAccessor16.newInstance(Unknown Source)
	at sun.reflect.DelegatingConstructorAccessorImpl.newInstance(DelegatingConstructorAccessorImpl.java:45)
	at java.lang.reflect.Constructor.newInstance(Constructor.java:423)
	at org.openqa.selenium.remote.ErrorHandler.createThrowable(ErrorHandler.java:206)
	at org.openqa.selenium.remote.ErrorHandler.throwIfResponseFailed(ErrorHandler.java:158)
	at org.openqa.selenium.remote.RemoteWebDriver.execute(RemoteWebDriver.java:678)
	at org.openqa.selenium.remote.RemoteWebElement.execute(RemoteWebElement.java:327)
	at org.openqa.selenium.remote.RemoteWebElement.clear(RemoteWebElement.java:140)
	at sun.reflect.GeneratedMethodAccessor4.invoke(Unknown Source)
	at sun.reflect.DelegatingMethodAccessorImpl.invoke(DelegatingMethodAccessorImpl.java:43)
	at java.lang.reflect.Method.invoke(Method.java:498)
	at com.codeborne.selenide.impl.SelenideElementProxy.dispatchAndRetry(SelenideElementProxy.java:89)
	... 31 more
]]>
    </failure>
  </testcase> <!-- F1_edit_disablefeaturecode -->
  <testcase name="D3_queue" time="36.020" classname="com.yeastar.swebtest.testcase.DetailCase.pbxcase.PickupGroup"/>
  <testcase name="E2_pickup" time="35.681" classname="com.yeastar.swebtest.testcase.DetailCase.pbxcase.PickupGroup"/>
  <testcase name="C4_sps" time="55.716" classname="com.yeastar.swebtest.testcase.DetailCase.pbxcase.PickupGroup"/>
  <testcase name="D1_ivr" time="39.537" classname="com.yeastar.swebtest.testcase.DetailCase.pbxcase.PickupGroup"/>
  <testcase name="Cb_fxs" time="44.548" classname="com.yeastar.swebtest.testcase.DetailCase.pbxcase.PickupGroup"/>
  <testcase name="F2_pickup" time="30.141" classname="com.yeastar.swebtest.testcase.DetailCase.pbxcase.PickupGroup"/>
  <testcase name="E3_pickup_ex" time="35.804" classname="com.yeastar.swebtest.testcase.DetailCase.pbxcase.PickupGroup"/>
  <testcase name="C6_spx" time="56.087" classname="com.yeastar.swebtest.testcase.DetailCase.pbxcase.PickupGroup"/>
  <testcase name="E1_editfeaturecode" time="21.295" classname="com.yeastar.swebtest.testcase.DetailCase.pbxcase.PickupGroup"/>
  <testcase name="B1_AddPickupGroup1" time="14.312" classname="com.yeastar.swebtest.testcase.DetailCase.pbxcase.PickupGroup"/>
  <testcase name="A2_InitPickupGroup" time="24.905" classname="com.yeastar.swebtest.testcase.DetailCase.pbxcase.PickupGroup"/>
  <testcase name="B2_AddPickupGroup2" time="14.219" classname="com.yeastar.swebtest.testcase.DetailCase.pbxcase.PickupGroup"/>
  <testcase name="C2_sip_4_2" time="56.141" classname="com.yeastar.swebtest.testcase.DetailCase.pbxcase.PickupGroup"/>
  <testcase name="G_recovery_featurecode" time="16.037" classname="com.yeastar.swebtest.testcase.DetailCase.pbxcase.PickupGroup"/>
  <testcase name="C9_e1" time="0.017" classname="com.yeastar.swebtest.testcase.DetailCase.pbxcase.PickupGroup"/>
</testsuite> <!-- com.yeastar.swebtest.testcase.DetailCase.pbxcase.PickupGroup -->
